Error,31/07/2018 18:06:39,Microsoft-Windows-DistributedCOM,10010,None,The server {995C996E-D918-4A8C-A302-45719A6F4EA7} did not register with DCOM within the required timeout.
Error,31/07/2018 18:04:15,Microsoft-Windows-DistributedCOM,10010,None,The server {995C996E-D918-4A8C-A302-45719A6F4EA7} did not register with DCOM within the required timeout.
Error,31/07/2018 17:50:47,Microsoft-Windows-DistributedCOM,10016,None,"The application-specific permission settings do not grant Local Activation permission for the COM Server application with CLSID 
{D63B10C5-BB46-4990-A94F-E40B9D520160}
 and APPID 
{9CA88EE3-ACB7-47C8-AFC4-AB702511C276}
 to the user NT AUTHORITY\LOCAL SERVICE SID (S-1-5-19) from address LocalHost (Using LRPC) running in the application container Unavailable SID (Unavailable). This security permission can be modified using the Component Services administrative tool."
Warning,31/07/2018 17:50:47,Win32k,700,None,Power Manager has requested suppresion of all input (INPUT_SUPPRESS_REQUEST=1)
Warning,31/07/2018 17:50:47,Win32k,700,None,Power Manager has requested suppresion of all input (INPUT_SUPPRESS_REQUEST=1)
Information,31/07/2018 17:50:47,Microsoft-Windows-Kernel-Power,506,(157),"The system is entering connected standby 

Reason: Lid."
Error,31/07/2018 17:42:40,Microsoft-Windows-DistributedCOM,10016,None,"The application-specific permission settings do not grant Local Activation permission for the COM Server application with CLSID 
{D63B10C5-BB46-4990-A94F-E40B9D520160}
 and APPID 
{9CA88EE3-ACB7-47C8-AFC4-AB702511C276}
 to the user DESKTOP-JRHB8O7\Philipp Wise SID (S-1-5-21-3472773844-1026657542-2222872734-1001) from address LocalHost (Using LRPC) running in the application container Unavailable SID (Unavailable). This security permission can be modified using the Component Services administrative tool."
Warning,31/07/2018 16:53:12,Microsoft-Windows-DNS-Client,1014,(1014),Name resolution for the name www.google.com timed out after none of the configured DNS servers responded.
Warning,31/07/2018 16:52:13,Microsoft-Windows-DNS-Client,1014,(1014),Name resolution for the name news.google.com timed out after none of the configured DNS servers responded.
Error,31/07/2018 16:34:20,Microsoft-Windows-DistributedCOM,10016,None,"The application-specific permission settings do not grant Local Activation permission for the COM Server application with CLSID 
{D63B10C5-BB46-4990-A94F-E40B9D520160}
 and APPID 
{9CA88EE3-ACB7-47C8-AFC4-AB702511C276}
 to the user NT AUTHORITY\LOCAL SERVICE SID (S-1-5-19) from address LocalHost (Using LRPC) running in the application container Unavailable SID (Unavailable). This security permission can be modified using the Component Services administrative tool."
Error,31/07/2018 16:29:40,Microsoft-Windows-DistributedCOM,10016,None,"The application-specific permission settings do not grant Local Activation permission for the COM Server application with CLSID 
{D63B10C5-BB46-4990-A94F-E40B9D520160}
 and APPID 
{9CA88EE3-ACB7-47C8-AFC4-AB702511C276}
 to the user DESKTOP-JRHB8O7\Philipp Wise SID (S-1-5-21-3472773844-1026657542-2222872734-1001) from address LocalHost (Using LRPC) running in the application container Unavailable SID (Unavailable). This security permission can be modified using the Component Services administrative tool."
Information,31/07/2018 16:29:34,Win32k,267,None,Touch/Touchpad Hardware Quality Assurance verification succeeded.
Information,31/07/2018 16:29:34,Microsoft-Windows-Kernel-Power,521,(220),Active battery count change.
Information,31/07/2018 16:29:21,Microsoft-Windows-Kernel-Power,105,(100),Power source change.
Information,31/07/2018 16:29:13,Service Control Manager,7040,None,The start type of the Background Intelligent Transfer Service service was changed from demand start to auto start.
Information,31/07/2018 16:10:46,Microsoft-Windows-Kernel-Power,105,(100),Power source change.
Information,31/07/2018 16:04:04,Microsoft-Windows-WindowsUpdateClient,19,Windows Update Agent,Installation Successful: Windows successfully installed the following update: Definition Update for Windows Defender Antivirus - KB2267602 (Definition 1.273.595.0)
Information,31/07/2018 16:03:38,Microsoft-Windows-WindowsUpdateClient,43,Windows Update Agent,Installation Started: Windows has started installing the following update: Definition Update for Windows Defender Antivirus - KB2267602 (Definition 1.273.595.0)
Information,31/07/2018 16:03:38,Microsoft-Windows-WindowsUpdateClient,44,Windows Update Agent,Windows Update started downloading an update.
Information,31/07/2018 16:02:31,Service Control Manager,7040,None,The start type of the Background Intelligent Transfer Service service was changed from auto start to demand start.
Error,31/07/2018 16:00:31,Microsoft-Windows-DistributedCOM,10016,None,"The application-specific permission settings do not grant Local Launch permission for the COM Server application with CLSID 
Windows.SecurityCenter.WscDataProtection
 and APPID 
Unavailable
 to the user NT AUTHORITY\SYSTEM SID (S-1-5-18) from address LocalHost (Using LRPC) running in the application container Unavailable SID (Unavailable). This security permission can be modified using the Component Services administrative tool."
Error,31/07/2018 16:00:31,Microsoft-Windows-DistributedCOM,10016,None,"The application-specific permission settings do not grant Local Launch permission for the COM Server application with CLSID 
Windows.SecurityCenter.WscBrokerManager
 and APPID 
Unavailable
 to the user NT AUTHORITY\SYSTEM SID (S-1-5-18) from address LocalHost (Using LRPC) running in the application container Unavailable SID (Unavailable). This security permission can be modified using the Component Services administrative tool."
Warning,31/07/2018 15:59:25,Microsoft-Windows-Kernel-Processor-Power,37,(7),The speed of processor 3 in group 0 is being limited by system firmware. The processor has been in this reduced performance state for 71 seconds since the last report.
Error,31/07/2018 15:58:49,Microsoft-Windows-DistributedCOM,10016,None,"The application-specific permission settings do not grant Local Activation permission for the COM Server application with CLSID 
{D63B10C5-BB46-4990-A94F-E40B9D520160}
 and APPID 
{9CA88EE3-ACB7-47C8-AFC4-AB702511C276}
 to the user DESKTOP-JRHB8O7\Philipp Wise SID (S-1-5-21-3472773844-1026657542-2222872734-1001) from address LocalHost (Using LRPC) running in the application container Unavailable SID (Unavailable). This security permission can be modified using the Component Services administrative tool."
Information,31/07/2018 15:58:43,Microsoft-Windows-TPM-WMI,1025,None,The TPM was successfully provisioned and is now ready for use.
Information,31/07/2018 15:58:41,Microsoft-Windows-TPM-WMI,1025,None,The TPM was successfully provisioned and is now ready for use.
Information,31/07/2018 15:58:29,TPM,18,None,This event triggers the Trusted Platform Module (TPM) provisioning/status check to run.
Error,31/07/2018 15:58:25,Microsoft-Windows-DistributedCOM,10016,None,"The application-specific permission settings do not grant Local Activation permission for the COM Server application with CLSID 
{6B3B8D23-FA8D-40B9-8DBD-B950333E2C52}
 and APPID 
{4839DDB7-58C2-48F5-8283-E1D1807D0D7D}
 to the user NT AUTHORITY\LOCAL SERVICE SID (S-1-5-19) from address LocalHost (Using LRPC) running in the application container Unavailable SID (Unavailable). This security permission can be modified using the Component Services administrative tool."
Error,31/07/2018 15:58:25,Microsoft-Windows-DistributedCOM,10016,None,"The application-specific permission settings do not grant Local Activation permission for the COM Server application with CLSID 
{6B3B8D23-FA8D-40B9-8DBD-B950333E2C52}
 and APPID 
{4839DDB7-58C2-48F5-8283-E1D1807D0D7D}
 to the user NT AUTHORITY\LOCAL SERVICE SID (S-1-5-19) from address LocalHost (Using LRPC) running in the application container Unavailable SID (Unavailable). This security permission can be modified using the Component Services administrative tool."
Information,31/07/2018 15:58:25,Microsoft-Windows-Kernel-Power,520,(218),The brightness on this system is managed by high-precision brightness aware service.
Information,31/07/2018 15:58:24,Microsoft-Windows-WLAN-AutoConfig,4000,None,"WLAN AutoConfig service has successfully started.
"
Information,31/07/2018 15:58:23,Microsoft-Windows-Winlogon,7001,(1101),User Log-on Notification for Customer Experience Improvement Program
Information,31/07/2018 15:58:23,Microsoft-Windows-DHCPv6-Client,51046,Service State Event,DHCPv6 client service is started
Information,31/07/2018 15:58:23,Microsoft-Windows-FilterManager,6,None,"File System Filter 'storqosflt' (10.0, ‎2011‎-‎01‎-‎05T19:54:03.000000000Z) has successfully loaded and registered with Filter Manager."
Information,31/07/2018 15:58:23,Microsoft-Windows-FilterManager,6,None,"File System Filter 'CldFlt' (10.0, ‎2005‎-‎05‎-‎17T04:25:49.000000000Z) has successfully loaded and registered with Filter Manager."
Information,31/07/2018 15:58:23,Microsoft-Windows-FilterManager,1,None,"File System Filter 'CldFlt' (Version 10.0, ‎2005‎-‎05‎-‎17T04:25:49.000000000Z) unloaded successfully."
Information,31/07/2018 15:58:23,Microsoft-Windows-FilterManager,6,None,"File System Filter 'CldFlt' (10.0, ‎2005‎-‎05‎-‎17T04:25:49.000000000Z) has successfully loaded and registered with Filter Manager."
Information,31/07/2018 15:58:23,Microsoft-Windows-Dhcp-Client,50103,Service State Event,DHCPv4 client registered for shutdown notification
Information,31/07/2018 15:58:23,Microsoft-Windows-Dhcp-Client,50036,Service State Event,DHCPv4 client service is started
Information,31/07/2018 15:58:23,Microsoft-Windows-FilterManager,6,None,"File System Filter 'luafv' (10.0, ‎2043‎-‎06‎-‎20T21:30:28.000000000Z) has successfully loaded and registered with Filter Manager."
Information,31/07/2018 15:58:23,Microsoft-Windows-FilterManager,6,None,"File System Filter 'wcifs' (10.0, ‎2024‎-‎12‎-‎17T03:40:30.000000000Z) has successfully loaded and registered with Filter Manager."
Information,31/07/2018 15:58:23,Win32k,267,None,Touch/Touchpad Hardware Quality Assurance verification succeeded.
Information,31/07/2018 15:58:22,Win32k,267,None,Touch/Touchpad Hardware Quality Assurance verification succeeded.
Information,31/07/2018 15:58:22,Microsoft-Windows-Directory-Services-SAM,16962,None,"Remote calls to the SAM database are being restricted using the default security descriptor: O:SYG:SYD:(A;;RC;;;BA).
For more information please see http://go.microsoft.com/fwlink/?LinkId=787651."
Information,31/07/2018 15:58:22,Microsoft-Windows-Wininit,14,None,"Credential Guard (LsaIso.exe) configuration: 0x0, 0"
Warning,31/07/2018 15:58:20,BTHUSB,34,None,The local adapter does not support an important Low Energy controller state to support peripheral mode. The minimum required supported state mask is 0x491f7fffff; got 0x1fffffff. Low Energy peripheral role functionality will not be available.
Information,31/07/2018 15:58:20,BTHUSB,18,None,Windows cannot store Bluetooth authentication codes (link keys) on the local adapter. Bluetooth keyboards might not work in the system BIOS during start-up.
Warning,31/07/2018 15:58:18,Microsoft-Windows-Kernel-PnP,219,(212),The driver \Driver\WudfRd failed to load for the device {6c8abe47-dac0-4b99-affa-4fff050e3cdc}\SurfaceDigitizerPenPairing\5&141f7bd2&0&0.
Information,31/07/2018 15:58:18,Microsoft-Windows-DriverFrameworks-UserMode,10118,Startup of the UMDF reflector,"UMDF reflector is unable to connect to service control manager (SCM). This is expected during boot, when SCM has not started yet. Will retry when it starts."
Warning,31/07/2018 15:58:18,Microsoft-Windows-Kernel-PnP,219,(212),The driver \Driver\WudfRd failed to load for the device HID\MSHW0030&Col01\5&294f3b18&0&0000.
Information,31/07/2018 15:58:18,Microsoft-Windows-DriverFrameworks-UserMode,10118,Startup of the UMDF reflector,"UMDF reflector is unable to connect to service control manager (SCM). This is expected during boot, when SCM has not started yet. Will retry when it starts."
Information,31/07/2018 15:58:17,Microsoft-Windows-Kernel-Power,521,(220),Active battery count change.
Information,31/07/2018 15:58:17,Microsoft-Windows-Kernel-Power,105,(100),Power source change.
Information,31/07/2018 15:58:16,MEIx64,2,None,Intel(R) Management Engine Interface driver has started successfully.
Information,31/07/2018 15:58:16,SurfaceStorageFwUpdate,4,None,Storage Firmware install failed.
Information,31/07/2018 15:58:14,Microsoft-Windows-Kernel-Processor-Power,55,(47),"Processor 3 in group 0 exposes the following power management capabilities:

Idle state type: Micro Power Engine Plugin (11 state(s))

Performance state type: ACPI Collaborative Processor Performance Control
Nominal Frequency (MHz): 2808
Maximum performance percentage: 121
Minimum performance percentage: 32
Minimum throttle percentage: 3"
Information,31/07/2018 15:58:14,Microsoft-Windows-Kernel-Processor-Power,55,(47),"Processor 1 in group 0 exposes the following power management capabilities:

Idle state type: Micro Power Engine Plugin (11 state(s))

Performance state type: ACPI Collaborative Processor Performance Control
Nominal Frequency (MHz): 2808
Maximum performance percentage: 121
Minimum performance percentage: 32
Minimum throttle percentage: 3"
Information,31/07/2018 15:58:14,Microsoft-Windows-Kernel-Processor-Power,55,(47),"Processor 2 in group 0 exposes the following power management capabilities:

Idle state type: Micro Power Engine Plugin (11 state(s))

Performance state type: ACPI Collaborative Processor Performance Control
Nominal Frequency (MHz): 2808
Maximum performance percentage: 121
Minimum performance percentage: 32
Minimum throttle percentage: 3"
Information,31/07/2018 15:58:14,Microsoft-Windows-Kernel-Processor-Power,55,(47),"Processor 0 in group 0 exposes the following power management capabilities:

Idle state type: Micro Power Engine Plugin (11 state(s))

Performance state type: ACPI Collaborative Processor Performance Control
Nominal Frequency (MHz): 2808
Maximum performance percentage: 121
Minimum performance percentage: 14
Minimum throttle percentage: 3"
Information,31/07/2018 15:58:14,Microsoft-Windows-Ntfs,98,None,Volume \\?\Volume{e6460861-32f5-4c57-b316-572b84be1b60} (\Device\HarddiskVolume4) is healthy.  No action is needed.
Warning,31/07/2018 15:58:14,Microsoft-Windows-Kernel-PnP,219,(212),The driver \Driver\WudfRd failed to load for the device ACPI\MSHW0041\2&daba3ff&1.
Information,31/07/2018 15:58:14,Microsoft-Windows-DriverFrameworks-UserMode,10118,Startup of the UMDF reflector,"UMDF reflector is unable to connect to service control manager (SCM). This is expected during boot, when SCM has not started yet. Will retry when it starts."
Information,31/07/2018 15:58:13,Microsoft-Windows-FilterManager,6,None,"File System Filter 'npsvctrig' (10.0, ‎2094‎-‎02‎-‎20T12:14:30.000000000Z) has successfully loaded and registered with Filter Manager."
Information,31/07/2018 15:58:13,Microsoft-Windows-FilterManager,6,None,"File System Filter 'FileCrypt' (10.0, ‎2070‎-‎12‎-‎16T01:13:56.000000000Z) has successfully loaded and registered with Filter Manager."
Information,31/07/2018 15:58:13,Microsoft-Windows-Ntfs,98,None,Volume C: (\Device\HarddiskVolume3) is healthy.  No action is needed.
Information,31/07/2018 15:58:12,Microsoft-Windows-FilterManager,6,None,"File System Filter 'WdFilter' (10.0, ‎2070‎-‎12‎-‎04T21:41:44.000000000Z) has successfully loaded and registered with Filter Manager."
Information,31/07/2018 15:58:12,Microsoft-Windows-FilterManager,6,None,"File System Filter 'Wof' (10.0, ‎2036‎-‎09‎-‎29T15:47:10.000000000Z) has successfully loaded and registered with Filter Manager."
Information,31/07/2018 15:58:12,Microsoft-Windows-FilterManager,6,None,"File System Filter 'FileInfo' (10.0, ‎2083‎-‎04‎-‎08T17:57:41.000000000Z) has successfully loaded and registered with Filter Manager."
Information,31/07/2018 15:58:11,Microsoft-Windows-Kernel-Boot,30,(21),The firmware reported boot metrics.
Information,31/07/2018 15:58:11,Microsoft-Windows-Kernel-Boot,25,(32),The boot menu policy was 0x1.
Information,31/07/2018 15:58:11,Microsoft-Windows-Kernel-Boot,27,(33),The boot type was 0x0.
Information,31/07/2018 15:58:11,Microsoft-Windows-Kernel-Boot,20,(31),The last shutdown's success status was true. The last boot's success status was true.
Information,31/07/2018 15:58:11,Microsoft-Windows-Kernel-Boot,32,(58),The bootmgr spent 0 ms waiting for user input.
Information,31/07/2018 15:58:11,Microsoft-Windows-Kernel-Boot,18,(57),There are 0x1 boot options on this system.
Information,31/07/2018 15:58:11,Microsoft-Windows-Kernel-Boot,153,(62),Virtualization-based security (policies: 0) is disabled.
Information,31/07/2018 15:58:11,Microsoft-Windows-Kernel-General,12,(1),The operating system started at system time ‎2018‎-‎07‎-‎31T13:58:11.498277300Z.
Information,31/07/2018 15:58:05,Microsoft-Windows-Kernel-General,13,(2),The operating system is shutting down at system time ‎2018‎-‎07‎-‎31T13:58:05.551924400Z.
Information,31/07/2018 15:58:04,Microsoft-Windows-Kernel-Power,109,(103),"The kernel power manager has initiated a shutdown transition.

Shutdown Reason: Kernel API"
Information,31/07/2018 15:58:00,Microsoft-Windows-WLAN-AutoConfig,4001,None,"WLAN AutoConfig service has successfully stopped.
"
Information,31/07/2018 15:58:23,EventLog,6013,None,The system uptime is 12 seconds.
Information,31/07/2018 15:58:23,EventLog,6005,None,The Event log service was started.
Information,31/07/2018 15:58:23,EventLog,6009,None,Microsoft (R) Windows (R) 10.00. 17134  Multiprocessor Free.
Information,31/07/2018 15:58:00,Microsoft-Windows-Dhcp-Client,50037,Service State Event,DHCPv4 client service is stopped. ShutDown Flag value is 1
Information,31/07/2018 15:58:00,Microsoft-Windows-Dhcp-Client,50106,Service State Event,DHCPv4 is waiting on DHCPv6 service to stop
Information,31/07/2018 15:58:00,Microsoft-Windows-DHCPv6-Client,51057,Service State Event,DHCPv6 client service stop is almost done.DHCP Context Ref count is 1
Information,31/07/2018 15:58:00,Microsoft-Windows-DHCPv6-Client,51047,Service State Event,DHCPv6 client service is stopped. ShutDown Flag value is 1
Information,31/07/2018 15:58:00,Microsoft-Windows-Dhcp-Client,50105,Service State Event,DHCPv4 client ProcessDHCPRequestForever received TERMINATE_EVENT
Information,31/07/2018 15:58:00,Microsoft-Windows-Dhcp-Client,50104,Service State Event,DHCPv4 client received shutdown notification
Information,31/07/2018 15:57:59,Microsoft-Windows-Winlogon,7002,(1102),User Log-off Notification for Customer Experience Improvement Program
Information,31/07/2018 15:58:00,EventLog,6006,None,The Event log service was stopped.
Error,31/07/2018 15:57:58,Microsoft-Windows-DistributedCOM,10010,None,The server {AB8902B4-09CA-4BB6-B78D-A8F59079A8D5} did not register with DCOM within the required timeout.
Information,31/07/2018 15:57:51,Service Control Manager,7040,None,The start type of the Background Intelligent Transfer Service service was changed from demand start to auto start.
Information,31/07/2018 15:57:38,Microsoft-Windows-UserPnp,20001,(7005),Driver Management concluded the process to install driver bthleenum.inf_amd64_d3624efe54cb4499 for Device Instance ID BTHLEDEVICE\{00001801-0000-1000-8000-00805F9B34FB}_DEV_VID&02045E_PID&090E_REV&002F_C4ADC082C593\8&1BB6C013&1&0008 with the following status: 0x0.
Information,31/07/2018 15:57:38,Microsoft-Windows-UserPnp,20003,(7005),Driver Management has concluded the process to add Service UmPass for Device Instance ID BTHLEDEVICE\{00001801-0000-1000-8000-00805F9B34FB}_DEV_VID&02045E_PID&090E_REV&002F_C4ADC082C593\8&1BB6C013&1&0008 with the following status: 0.
Information,31/07/2018 15:57:38,Microsoft-Windows-UserPnp,20001,(7005),Driver Management concluded the process to install driver bthleenum.inf_amd64_d3624efe54cb4499 for Device Instance ID BTHLEDEVICE\{0000180F-0000-1000-8000-00805F9B34FB}_DEV_VID&02045E_PID&090E_REV&002F_C4ADC082C593\8&1BB6C013&1&0017 with the following status: 0x0.
Information,31/07/2018 15:57:38,Microsoft-Windows-UserPnp,20003,(7005),Driver Management has concluded the process to add Service UmPass for Device Instance ID BTHLEDEVICE\{0000180F-0000-1000-8000-00805F9B34FB}_DEV_VID&02045E_PID&090E_REV&002F_C4ADC082C593\8&1BB6C013&1&0017 with the following status: 0.
Information,31/07/2018 15:57:38,Microsoft-Windows-UserPnp,20001,(7005),Driver Management concluded the process to install driver bthleenum.inf_amd64_d3624efe54cb4499 for Device Instance ID BTHLEDEVICE\{0000180A-0000-1000-8000-00805F9B34FB}_DEV_VID&02045E_PID&090E_REV&002F_C4ADC082C593\8&1BB6C013&1&000C with the following status: 0x0.
Information,31/07/2018 15:57:38,Microsoft-Windows-UserPnp,20003,(7005),Driver Management has concluded the process to add Service UmPass for Device Instance ID BTHLEDEVICE\{0000180A-0000-1000-8000-00805F9B34FB}_DEV_VID&02045E_PID&090E_REV&002F_C4ADC082C593\8&1BB6C013&1&000C with the following status: 0.
Information,31/07/2018 15:57:38,Microsoft-Windows-UserPnp,20001,(7005),Driver Management concluded the process to install driver bthleenum.inf_amd64_d3624efe54cb4499 for Device Instance ID BTHLEDEVICE\{00001800-0000-1000-8000-00805F9B34FB}_DEV_VID&02045E_PID&090E_REV&002F_C4ADC082C593\8&1BB6C013&1&0001 with the following status: 0x0.
Information,31/07/2018 15:57:38,Microsoft-Windows-UserPnp,20003,(7005),Driver Management has concluded the process to add Service UmPass for Device Instance ID BTHLEDEVICE\{00001800-0000-1000-8000-00805F9B34FB}_DEV_VID&02045E_PID&090E_REV&002F_C4ADC082C593\8&1BB6C013&1&0001 with the following status: 0.
Information,31/07/2018 15:57:32,Microsoft-Windows-UserPnp,20001,(7005),Driver Management concluded the process to install driver bthleenum.inf_amd64_d3624efe54cb4499 for Device Instance ID BTHLE\DEV_C4ADC082C593\7&1FE13B14&0&C4ADC082C593 with the following status: 0x0.
Information,31/07/2018 15:57:32,Microsoft-Windows-UserPnp,20003,(7005),Driver Management has concluded the process to add Service BthLEEnum for Device Instance ID BTHLE\DEV_C4ADC082C593\7&1FE13B14&0&C4ADC082C593 with the following status: 0.
Information,31/07/2018 15:57:15,BTHUSB,11,None,The remote adapter (c4:ad:c0:82:c5:93) was removed from the list of personal devices.
Information,31/07/2018 15:56:42,Microsoft-Windows-Kernel-General,16,None,The access history in hive \??\C:\Users\Philipp Wise\AppData\Local\Packages\Microsoft.MicrosoftStickyNotes_8wekyb3d8bbwe\Settings\settings.dat was cleared updating 1 keys and creating 1 modified pages.
Information,31/07/2018 15:44:25,Microsoft-Windows-Kernel-Power,507,(158),"The system is exiting connected standby 

Reason: Input Mouse."
Error,31/07/2018 15:42:20,Microsoft-Windows-DistributedCOM,10016,None,"The application-specific permission settings do not grant Local Activation permission for the COM Server application with CLSID 
{D63B10C5-BB46-4990-A94F-E40B9D520160}
 and APPID 
{9CA88EE3-ACB7-47C8-AFC4-AB702511C276}
 to the user NT AUTHORITY\LOCAL SERVICE SID (S-1-5-19) from address LocalHost (Using LRPC) running in the application container Unavailable SID (Unavailable). This security permission can be modified using the Component Services administrative tool."
Information,31/07/2018 15:42:19,Microsoft-Windows-Kernel-Power,506,(157),"The system is entering connected standby 

Reason: Power Button."
Information,31/07/2018 15:04:42,Microsoft-Windows-Kernel-Power,105,(100),Power source change.
Information,31/07/2018 14:31:37,Microsoft-Windows-WindowsUpdateClient,19,Windows Update Agent,Installation Successful: Windows successfully installed the following update: Definition Update for Windows Defender Antivirus - KB2267602 (Definition 1.273.591.0)
Information,31/07/2018 14:31:26,Microsoft-Windows-WindowsUpdateClient,43,Windows Update Agent,Installation Started: Windows has started installing the following update: Definition Update for Windows Defender Antivirus - KB2267602 (Definition 1.273.591.0)
Information,31/07/2018 14:21:21,Microsoft-Windows-WindowsUpdateClient,19,Windows Update Agent,Installation Successful: Windows successfully installed the following update: Update for Windows Defender Antivirus antimalware platform - KB4052623 (Version 4.18.1807.18075)
Information,31/07/2018 14:21:16,Microsoft-Windows-FilterManager,6,None,"File System Filter 'WdFilter' (10.0, ‎2070‎-‎12‎-‎04T21:41:44.000000000Z) has successfully loaded and registered with Filter Manager."
Information,31/07/2018 14:21:13,Microsoft-Windows-FilterManager,1,None,"File System Filter 'WdFilter' (Version 10.0, ‎1972‎-‎06‎-‎04T07:04:34.000000000Z) unloaded successfully."
Information,31/07/2018 14:21:13,Microsoft-Windows-WindowsUpdateClient,43,Windows Update Agent,Installation Started: Windows has started installing the following update: Update for Windows Defender Antivirus antimalware platform - KB4052623 (Version 4.18.1807.18075)
Information,31/07/2018 14:21:13,Microsoft-Windows-WindowsUpdateClient,44,Windows Update Agent,Windows Update started downloading an update.
Information,31/07/2018 14:21:08,Microsoft-Windows-WindowsUpdateClient,44,Windows Update Agent,Windows Update started downloading an update.
Information,31/07/2018 14:13:31,Service Control Manager,7040,None,The start type of the Background Intelligent Transfer Service service was changed from auto start to demand start.
Information,31/07/2018 14:04:19,Microsoft-Windows-Kernel-General,16,None,The access history in hive \??\C:\Users\Philipp Wise\AppData\Local\Packages\InputApp_cw5n1h2txyewy\Settings\settings.dat was cleared updating 1 keys and creating 1 modified pages.
Information,31/07/2018 14:04:08,Microsoft-Windows-Kernel-Power,105,(100),Power source change.
Error,31/07/2018 14:03:57,Microsoft-Windows-DistributedCOM,10016,None,"The application-specific permission settings do not grant Local Activation permission for the COM Server application with CLSID 
{D63B10C5-BB46-4990-A94F-E40B9D520160}
 and APPID 
{9CA88EE3-ACB7-47C8-AFC4-AB702511C276}
 to the user DESKTOP-JRHB8O7\Philipp Wise SID (S-1-5-21-3472773844-1026657542-2222872734-1001) from address LocalHost (Using LRPC) running in the application container Unavailable SID (Unavailable). This security permission can be modified using the Component Services administrative tool."
Error,31/07/2018 14:03:56,Microsoft-Windows-DistributedCOM,10016,None,"The application-specific permission settings do not grant Local Activation permission for the COM Server application with CLSID 
{D63B10C5-BB46-4990-A94F-E40B9D520160}
 and APPID 
{9CA88EE3-ACB7-47C8-AFC4-AB702511C276}
 to the user DESKTOP-JRHB8O7\Philipp Wise SID (S-1-5-21-3472773844-1026657542-2222872734-1001) from address LocalHost (Using LRPC) running in the application container Unavailable SID (Unavailable). This security permission can be modified using the Component Services administrative tool."
Information,31/07/2018 14:03:39,Microsoft-Windows-Kernel-Power,521,(220),Active battery count change.
Information,31/07/2018 14:03:31,Microsoft-Windows-Power-Troubleshooter,1,None,"The system has returned from a low power state.

Sleep Time: ‎2018‎-‎07‎-‎31T12:01:18.183244400Z
Wake Time: ‎2018‎-‎07‎-‎31T12:03:29.094036200Z

Wake Source: Unknown"
Error,31/07/2018 14:03:30,Microsoft-Windows-DistributedCOM,10016,None,"The application-specific permission settings do not grant Local Activation permission for the COM Server application with CLSID 
{6B3B8D23-FA8D-40B9-8DBD-B950333E2C52}
 and APPID 
{4839DDB7-58C2-48F5-8283-E1D1807D0D7D}
 to the user NT AUTHORITY\LOCAL SERVICE SID (S-1-5-19) from address LocalHost (Using LRPC) running in the application container Unavailable SID (Unavailable). This security permission can be modified using the Component Services administrative tool."
Error,31/07/2018 14:03:30,Microsoft-Windows-DistributedCOM,10016,None,"The application-specific permission settings do not grant Local Activation permission for the COM Server application with CLSID 
{6B3B8D23-FA8D-40B9-8DBD-B950333E2C52}
 and APPID 
{4839DDB7-58C2-48F5-8283-E1D1807D0D7D}
 to the user NT AUTHORITY\LOCAL SERVICE SID (S-1-5-19) from address LocalHost (Using LRPC) running in the application container Unavailable SID (Unavailable). This security permission can be modified using the Component Services administrative tool."
Error,31/07/2018 14:03:30,Microsoft-Windows-DistributedCOM,10016,None,"The application-specific permission settings do not grant Local Activation permission for the COM Server application with CLSID 
{D63B10C5-BB46-4990-A94F-E40B9D520160}
 and APPID 
{9CA88EE3-ACB7-47C8-AFC4-AB702511C276}
 to the user NT AUTHORITY\LOCAL SERVICE SID (S-1-5-19) from address LocalHost (Using LRPC) running in the application container Unavailable SID (Unavailable). This security permission can be modified using the Component Services administrative tool."
Warning,31/07/2018 14:03:29,BTHUSB,34,None,The local adapter does not support an important Low Energy controller state to support peripheral mode. The minimum required supported state mask is 0x491f7fffff; got 0x1fffffff. Low Energy peripheral role functionality will not be available.
Information,31/07/2018 14:03:29,BTHUSB,18,None,Windows cannot store Bluetooth authentication codes (link keys) on the local adapter. Bluetooth keyboards might not work in the system BIOS during start-up.
Information,31/07/2018 14:03:29,Microsoft-Windows-Winlogon,7001,(1101),User Log-on Notification for Customer Experience Improvement Program
Information,31/07/2018 14:03:29,Microsoft-Windows-Kernel-Boot,27,(33),The boot type was 0x1.
Information,31/07/2018 14:03:29,Microsoft-Windows-Kernel-Boot,25,(32),The boot menu policy was 0x1.
Information,31/07/2018 14:03:29,Microsoft-Windows-Kernel-Boot,32,(58),The bootmgr spent 0 ms waiting for user input.
Information,31/07/2018 14:03:29,Microsoft-Windows-Kernel-Boot,18,(57),There are 0x1 boot options on this system.
Information,31/07/2018 14:03:29,Microsoft-Windows-Kernel-Boot,30,(21),The firmware reported boot metrics.
Information,31/07/2018 14:03:27,Microsoft-Windows-Kernel-General,1,(5),"The system time has changed to ‎2018‎-‎07‎-‎31T12:03:27.500000000Z from ‎2018‎-‎07‎-‎31T12:01:20.191352400Z.

Change Reason: System time synchronized with the hardware clock."
Information,31/07/2018 14:01:20,Microsoft-Windows-Kernel-Power,107,(102),The system has resumed from sleep.
Information,31/07/2018 14:01:18,Microsoft-Windows-Kernel-Power,42,(64),"The system is entering sleep.

Sleep Reason: Application API"
Information,31/07/2018 14:01:17,Win32k,267,None,Touch/Touchpad Hardware Quality Assurance verification succeeded.
Information,31/07/2018 14:01:17,Win32k,267,None,Touch/Touchpad Hardware Quality Assurance verification succeeded.
Information,31/07/2018 14:01:17,Microsoft-Windows-Winlogon,7002,(1102),User Log-off Notification for Customer Experience Improvement Program
Information,31/07/2018 14:01:15,User32,1074,None,"The process C:\Windows\System32\RuntimeBroker.exe (DESKTOP-JRHB8O7) has initiated the power off of computer DESKTOP-JRHB8O7 on behalf of user DESKTOP-JRHB8O7\Philipp Wise for the following reason: Other (Unplanned)
 Reason Code: 0x0
 Shut-down Type: power off
 Comment: "
Error,31/07/2018 14:00:57,Microsoft-Windows-DistributedCOM,10016,None,"The application-specific permission settings do not grant Local Launch permission for the COM Server application with CLSID 
Windows.SecurityCenter.WscDataProtection
 and APPID 
Unavailable
 to the user NT AUTHORITY\SYSTEM SID (S-1-5-18) from address LocalHost (Using LRPC) running in the application container Unavailable SID (Unavailable). This security permission can be modified using the Component Services administrative tool."
Error,31/07/2018 14:00:57,Microsoft-Windows-DistributedCOM,10016,None,"The application-specific permission settings do not grant Local Launch permission for the COM Server application with CLSID 
Windows.SecurityCenter.WscBrokerManager
 and APPID 
Unavailable
 to the user NT AUTHORITY\SYSTEM SID (S-1-5-18) from address LocalHost (Using LRPC) running in the application container Unavailable SID (Unavailable). This security permission can be modified using the Component Services administrative tool."
Error,31/07/2018 14:00:21,Microsoft-Windows-DistributedCOM,10016,None,"The application-specific permission settings do not grant Local Activation permission for the COM Server application with CLSID 
{D63B10C5-BB46-4990-A94F-E40B9D520160}
 and APPID 
{9CA88EE3-ACB7-47C8-AFC4-AB702511C276}
 to the user DESKTOP-JRHB8O7\Philipp Wise SID (S-1-5-21-3472773844-1026657542-2222872734-1001) from address LocalHost (Using LRPC) running in the application container Unavailable SID (Unavailable). This security permission can be modified using the Component Services administrative tool."
Warning,31/07/2018 13:59:51,Microsoft-Windows-Kernel-Processor-Power,37,(7),The speed of processor 3 in group 0 is being limited by system firmware. The processor has been in this reduced performance state for 71 seconds since the last report.
Error,31/07/2018 13:59:19,Microsoft-Windows-DistributedCOM,10016,None,"The application-specific permission settings do not grant Local Activation permission for the COM Server application with CLSID 
{D63B10C5-BB46-4990-A94F-E40B9D520160}
 and APPID 
{9CA88EE3-ACB7-47C8-AFC4-AB702511C276}
 to the user DESKTOP-JRHB8O7\Philipp Wise SID (S-1-5-21-3472773844-1026657542-2222872734-1001) from address LocalHost (Using LRPC) running in the application container Unavailable SID (Unavailable). This security permission can be modified using the Component Services administrative tool."
Error,31/07/2018 13:59:16,Microsoft-Windows-DistributedCOM,10016,None,"The application-specific permission settings do not grant Local Activation permission for the COM Server application with CLSID 
{D63B10C5-BB46-4990-A94F-E40B9D520160}
 and APPID 
{9CA88EE3-ACB7-47C8-AFC4-AB702511C276}
 to the user DESKTOP-JRHB8O7\Philipp Wise SID (S-1-5-21-3472773844-1026657542-2222872734-1001) from address LocalHost (Using LRPC) running in the application container Unavailable SID (Unavailable). This security permission can be modified using the Component Services administrative tool."
Information,31/07/2018 13:59:11,Microsoft-Windows-TPM-WMI,1025,None,The TPM was successfully provisioned and is now ready for use.
Information,31/07/2018 13:59:07,Microsoft-Windows-TPM-WMI,1025,None,The TPM was successfully provisioned and is now ready for use.
Information,31/07/2018 13:58:58,Microsoft-Windows-UserModePowerService,12,(10),Process C:\Windows\System32\SurfaceUsbHubFwUpdateService.exe (process ID:4592) reset policy scheme from {381B4222-F694-41F0-9685-FF5BB260DF2E} to {381B4222-F694-41F0-9685-FF5BB260DF2E}
Information,31/07/2018 13:58:57,TPM,18,None,This event triggers the Trusted Platform Module (TPM) provisioning/status check to run.
Error,31/07/2018 13:58:52,Microsoft-Windows-DistributedCOM,10016,None,"The application-specific permission settings do not grant Local Activation permission for the COM Server application with CLSID 
{6B3B8D23-FA8D-40B9-8DBD-B950333E2C52}
 and APPID 
{4839DDB7-58C2-48F5-8283-E1D1807D0D7D}
 to the user NT AUTHORITY\LOCAL SERVICE SID (S-1-5-19) from address LocalHost (Using LRPC) running in the application container Unavailable SID (Unavailable). This security permission can be modified using the Component Services administrative tool."
Error,31/07/2018 13:58:52,Microsoft-Windows-DistributedCOM,10016,None,"The application-specific permission settings do not grant Local Activation permission for the COM Server application with CLSID 
{6B3B8D23-FA8D-40B9-8DBD-B950333E2C52}
 and APPID 
{4839DDB7-58C2-48F5-8283-E1D1807D0D7D}
 to the user NT AUTHORITY\LOCAL SERVICE SID (S-1-5-19) from address LocalHost (Using LRPC) running in the application container Unavailable SID (Unavailable). This security permission can be modified using the Component Services administrative tool."
Information,31/07/2018 13:58:52,Microsoft-Windows-UserModePowerService,12,(10),Process C:\Windows\System32\SurfaceUsbHubFwUpdateService.exe (process ID:4592) reset policy scheme from {381B4222-F694-41F0-9685-FF5BB260DF2E} to {381B4222-F694-41F0-9685-FF5BB260DF2E}
Error,31/07/2018 13:58:52,Service Control Manager,7024,None,"The IntelAudioService service terminated with the following service-specific error: 
The operation completed successfully."
Information,31/07/2018 13:58:51,Microsoft-Windows-Kernel-Power,520,(218),The brightness on this system is managed by high-precision brightness aware service.
Information,31/07/2018 13:58:50,Microsoft-Windows-WLAN-AutoConfig,4000,None,"WLAN AutoConfig service has successfully started.
"
Information,31/07/2018 13:58:50,Microsoft-Windows-Winlogon,7001,(1101),User Log-on Notification for Customer Experience Improvement Program
Information,31/07/2018 13:58:50,Microsoft-Windows-FilterManager,6,None,"File System Filter 'storqosflt' (10.0, ‎2011‎-‎01‎-‎05T19:54:03.000000000Z) has successfully loaded and registered with Filter Manager."
Information,31/07/2018 13:58:50,Microsoft-Windows-FilterManager,6,None,"File System Filter 'CldFlt' (10.0, ‎2005‎-‎05‎-‎17T04:25:49.000000000Z) has successfully loaded and registered with Filter Manager."
Information,31/07/2018 13:58:50,Microsoft-Windows-FilterManager,1,None,"File System Filter 'CldFlt' (Version 10.0, ‎2005‎-‎05‎-‎17T04:25:49.000000000Z) unloaded successfully."
Information,31/07/2018 13:58:50,Microsoft-Windows-FilterManager,6,None,"File System Filter 'CldFlt' (10.0, ‎2005‎-‎05‎-‎17T04:25:49.000000000Z) has successfully loaded and registered with Filter Manager."
Information,31/07/2018 13:58:50,Microsoft-Windows-FilterManager,6,None,"File System Filter 'luafv' (10.0, ‎2043‎-‎06‎-‎20T21:30:28.000000000Z) has successfully loaded and registered with Filter Manager."
Information,31/07/2018 13:58:50,Microsoft-Windows-FilterManager,6,None,"File System Filter 'wcifs' (10.0, ‎2024‎-‎12‎-‎17T03:40:30.000000000Z) has successfully loaded and registered with Filter Manager."
Information,31/07/2018 13:58:49,Microsoft-Windows-DHCPv6-Client,51046,Service State Event,DHCPv6 client service is started
Information,31/07/2018 13:58:49,Microsoft-Windows-Dhcp-Client,50103,Service State Event,DHCPv4 client registered for shutdown notification
Information,31/07/2018 13:58:49,Microsoft-Windows-Dhcp-Client,50036,Service State Event,DHCPv4 client service is started
Information,31/07/2018 13:58:49,Win32k,267,None,Touch/Touchpad Hardware Quality Assurance verification succeeded.
Information,31/07/2018 13:58:49,Win32k,267,None,Touch/Touchpad Hardware Quality Assurance verification succeeded.
Information,31/07/2018 13:58:49,Win32k,267,None,Touch/Touchpad Hardware Quality Assurance verification succeeded.
Information,31/07/2018 13:58:49,Microsoft-Windows-Directory-Services-SAM,16962,None,"Remote calls to the SAM database are being restricted using the default security descriptor: O:SYG:SYD:(A;;RC;;;BA).
For more information please see http://go.microsoft.com/fwlink/?LinkId=787651."
Information,31/07/2018 13:58:49,Win32k,267,None,Touch/Touchpad Hardware Quality Assurance verification succeeded.
Information,31/07/2018 13:58:48,Microsoft-Windows-Wininit,14,None,"Credential Guard (LsaIso.exe) configuration: 0x0, 0"
Warning,31/07/2018 13:58:47,Microsoft-Windows-Kernel-PnP,219,(212),The driver \Driver\WudfRd failed to load for the device {5E9A8CDC-14AB-4609-A017-68BCE594AB68}\SurfaceBaseFwUpdate\8&18c2e47d&0&1.
Information,31/07/2018 13:58:47,Microsoft-Windows-DriverFrameworks-UserMode,10118,Startup of the UMDF reflector,"UMDF reflector is unable to connect to service control manager (SCM). This is expected during boot, when SCM has not started yet. Will retry when it starts."
Warning,31/07/2018 13:58:47,Microsoft-Windows-Kernel-PnP,219,(212),The driver \Driver\WudfRd failed to load for the device {4E781CFC-87EE-459B-A319-9B0531EB7485}\SurfaceKeyboardAmbientBacklight\8&18c2e47d&0&0.
Information,31/07/2018 13:58:47,Microsoft-Windows-DriverFrameworks-UserMode,10118,Startup of the UMDF reflector,"UMDF reflector is unable to connect to service control manager (SCM). This is expected during boot, when SCM has not started yet. Will retry when it starts."
Warning,31/07/2018 13:58:45,BTHUSB,34,None,The local adapter does not support an important Low Energy controller state to support peripheral mode. The minimum required supported state mask is 0x491f7fffff; got 0x1fffffff. Low Energy peripheral role functionality will not be available.
Information,31/07/2018 13:58:45,BTHUSB,18,None,Windows cannot store Bluetooth authentication codes (link keys) on the local adapter. Bluetooth keyboards might not work in the system BIOS during start-up.
Warning,31/07/2018 13:58:44,Microsoft-Windows-Kernel-PnP,219,(212),The driver \Driver\WudfRd failed to load for the device {6c8abe47-dac0-4b99-affa-4fff050e3cdc}\SurfaceDigitizerPenPairing\5&141f7bd2&0&0.
Information,31/07/2018 13:58:44,Microsoft-Windows-DriverFrameworks-UserMode,10118,Startup of the UMDF reflector,"UMDF reflector is unable to connect to service control manager (SCM). This is expected during boot, when SCM has not started yet. Will retry when it starts."
Warning,31/07/2018 13:58:43,Microsoft-Windows-Kernel-PnP,219,(212),The driver \Driver\WudfRd failed to load for the device HID\MSHW0030&Col01\5&294f3b18&0&0000.
Information,31/07/2018 13:58:43,Microsoft-Windows-DriverFrameworks-UserMode,10118,Startup of the UMDF reflector,"UMDF reflector is unable to connect to service control manager (SCM). This is expected during boot, when SCM has not started yet. Will retry when it starts."
Information,31/07/2018 13:58:43,Microsoft-Windows-Kernel-Power,521,(220),Active battery count change.
Information,31/07/2018 13:58:43,Microsoft-Windows-Kernel-Power,521,(220),Active battery count change.
Information,31/07/2018 13:58:43,Microsoft-Windows-Kernel-Power,105,(100),Power source change.
Information,31/07/2018 13:58:42,MEIx64,2,None,Intel(R) Management Engine Interface driver has started successfully.
Information,31/07/2018 13:58:41,SurfaceStorageFwUpdate,4,None,Storage Firmware install failed.
Information,31/07/2018 13:58:39,Microsoft-Windows-Kernel-Processor-Power,55,(47),"Processor 3 in group 0 exposes the following power management capabilities:

Idle state type: Micro Power Engine Plugin (11 state(s))

Performance state type: ACPI Collaborative Processor Performance Control
Nominal Frequency (MHz): 2808
Maximum performance percentage: 121
Minimum performance percentage: 28
Minimum throttle percentage: 3"
Information,31/07/2018 13:58:39,Microsoft-Windows-Kernel-Processor-Power,55,(47),"Processor 1 in group 0 exposes the following power management capabilities:

Idle state type: Micro Power Engine Plugin (11 state(s))

Performance state type: ACPI Collaborative Processor Performance Control
Nominal Frequency (MHz): 2808
Maximum performance percentage: 121
Minimum performance percentage: 28
Minimum throttle percentage: 3"
Information,31/07/2018 13:58:39,Microsoft-Windows-Kernel-Processor-Power,55,(47),"Processor 2 in group 0 exposes the following power management capabilities:

Idle state type: Micro Power Engine Plugin (11 state(s))

Performance state type: ACPI Collaborative Processor Performance Control
Nominal Frequency (MHz): 2808
Maximum performance percentage: 121
Minimum performance percentage: 28
Minimum throttle percentage: 3"
Information,31/07/2018 13:58:39,Microsoft-Windows-Kernel-Processor-Power,55,(47),"Processor 0 in group 0 exposes the following power management capabilities:

Idle state type: Micro Power Engine Plugin (11 state(s))

Performance state type: ACPI Collaborative Processor Performance Control
Nominal Frequency (MHz): 2808
Maximum performance percentage: 121
Minimum performance percentage: 14
Minimum throttle percentage: 3"
Information,31/07/2018 13:58:39,Microsoft-Windows-Ntfs,98,None,Volume \\?\Volume{e6460861-32f5-4c57-b316-572b84be1b60} (\Device\HarddiskVolume4) is healthy.  No action is needed.
Warning,31/07/2018 13:58:39,Microsoft-Windows-Kernel-PnP,219,(212),The driver \Driver\WudfRd failed to load for the device ACPI\MSHW0041\2&daba3ff&1.
Information,31/07/2018 13:58:39,Microsoft-Windows-DriverFrameworks-UserMode,10118,Startup of the UMDF reflector,"UMDF reflector is unable to connect to service control manager (SCM). This is expected during boot, when SCM has not started yet. Will retry when it starts."
Information,31/07/2018 13:58:38,Microsoft-Windows-FilterManager,6,None,"File System Filter 'npsvctrig' (10.0, ‎2094‎-‎02‎-‎20T12:14:30.000000000Z) has successfully loaded and registered with Filter Manager."
Information,31/07/2018 13:58:38,Microsoft-Windows-FilterManager,6,None,"File System Filter 'FileCrypt' (10.0, ‎2070‎-‎12‎-‎16T01:13:56.000000000Z) has successfully loaded and registered with Filter Manager."
Information,31/07/2018 13:58:38,Microsoft-Windows-Ntfs,98,None,Volume C: (\Device\HarddiskVolume3) is healthy.  No action is needed.
Information,31/07/2018 13:58:37,Microsoft-Windows-FilterManager,6,None,"File System Filter 'WdFilter' (10.0, ‎1972‎-‎06‎-‎04T07:04:34.000000000Z) has successfully loaded and registered with Filter Manager."
Information,31/07/2018 13:58:37,Microsoft-Windows-FilterManager,6,None,"File System Filter 'Wof' (10.0, ‎2036‎-‎09‎-‎29T15:47:10.000000000Z) has successfully loaded and registered with Filter Manager."
Information,31/07/2018 13:58:37,Microsoft-Windows-FilterManager,6,None,"File System Filter 'FileInfo' (10.0, ‎2083‎-‎04‎-‎08T17:57:41.000000000Z) has successfully loaded and registered with Filter Manager."
Information,31/07/2018 13:58:36,Microsoft-Windows-Kernel-Boot,30,(21),The firmware reported boot metrics.
Information,31/07/2018 13:58:36,Microsoft-Windows-Kernel-Boot,25,(32),The boot menu policy was 0x1.
Information,31/07/2018 13:58:36,Microsoft-Windows-Kernel-Boot,27,(33),The boot type was 0x0.
Information,31/07/2018 13:58:36,Microsoft-Windows-Kernel-Boot,20,(31),The last shutdown's success status was true. The last boot's success status was true.
Information,31/07/2018 13:58:36,Microsoft-Windows-Kernel-Boot,32,(58),The bootmgr spent 0 ms waiting for user input.
Information,31/07/2018 13:58:36,Microsoft-Windows-Kernel-Boot,18,(57),There are 0x1 boot options on this system.
Information,31/07/2018 13:58:36,Microsoft-Windows-Kernel-Boot,153,(62),Virtualization-based security (policies: 0) is disabled.
Information,31/07/2018 13:58:36,Microsoft-Windows-Kernel-General,12,(1),The operating system started at system time ‎2018‎-‎07‎-‎31T11:58:36.498368100Z.
Information,31/07/2018 13:58:32,Microsoft-Windows-Kernel-General,13,(2),The operating system is shutting down at system time ‎2018‎-‎07‎-‎31T11:58:32.223303900Z.
Information,31/07/2018 13:58:30,Microsoft-Windows-Kernel-Power,109,(103),"The kernel power manager has initiated a shutdown transition.

Shutdown Reason: Kernel API"
Information,31/07/2018 13:58:25,Microsoft-Windows-WLAN-AutoConfig,4001,None,"WLAN AutoConfig service has successfully stopped.
"
Information,31/07/2018 13:58:49,EventLog,6013,None,The system uptime is 13 seconds.
Information,31/07/2018 13:58:49,EventLog,6005,None,The Event log service was started.
Information,31/07/2018 13:58:49,EventLog,6009,None,Microsoft (R) Windows (R) 10.00. 17134  Multiprocessor Free.
Information,31/07/2018 13:58:25,Microsoft-Windows-Dhcp-Client,50037,Service State Event,DHCPv4 client service is stopped. ShutDown Flag value is 1
Information,31/07/2018 13:58:25,Microsoft-Windows-Dhcp-Client,50106,Service State Event,DHCPv4 is waiting on DHCPv6 service to stop
Information,31/07/2018 13:58:25,Microsoft-Windows-DHCPv6-Client,51057,Service State Event,DHCPv6 client service stop is almost done.DHCP Context Ref count is 1
Information,31/07/2018 13:58:25,Microsoft-Windows-DHCPv6-Client,51047,Service State Event,DHCPv6 client service is stopped. ShutDown Flag value is 1
Information,31/07/2018 13:58:24,Microsoft-Windows-Dhcp-Client,50105,Service State Event,DHCPv4 client ProcessDHCPRequestForever received TERMINATE_EVENT
Information,31/07/2018 13:58:24,Microsoft-Windows-Dhcp-Client,50104,Service State Event,DHCPv4 client received shutdown notification
Information,31/07/2018 13:58:24,Microsoft-Windows-Winlogon,7002,(1102),User Log-off Notification for Customer Experience Improvement Program
Information,31/07/2018 13:58:25,EventLog,6006,None,The Event log service was stopped.
Error,31/07/2018 13:58:20,Microsoft-Windows-DistributedCOM,10010,None,The server {AB8902B4-09CA-4BB6-B78D-A8F59079A8D5} did not register with DCOM within the required timeout.
Information,31/07/2018 13:58:00,Microsoft-Windows-UserPnp,20001,(7005),Driver Management concluded the process to install driver bthleenum.inf_amd64_d3624efe54cb4499 for Device Instance ID BTHLEDEVICE\{00001800-0000-1000-8000-00805F9B34FB}_DEV_VID&02045E_PID&090E_REV&002F_C4ADC082C593\8&1BB6C013&0&0001 with the following status: 0x0.
Information,31/07/2018 13:58:00,Microsoft-Windows-UserPnp,20003,(7005),Driver Management has concluded the process to add Service UmPass for Device Instance ID BTHLEDEVICE\{00001800-0000-1000-8000-00805F9B34FB}_DEV_VID&02045E_PID&090E_REV&002F_C4ADC082C593\8&1BB6C013&0&0001 with the following status: 0.
Information,31/07/2018 13:58:00,Microsoft-Windows-UserPnp,20001,(7005),Driver Management concluded the process to install driver bthleenum.inf_amd64_d3624efe54cb4499 for Device Instance ID BTHLEDEVICE\{00001801-0000-1000-8000-00805F9B34FB}_DEV_VID&02045E_PID&090E_REV&002F_C4ADC082C593\8&1BB6C013&0&0008 with the following status: 0x0.
Information,31/07/2018 13:58:00,Microsoft-Windows-UserPnp,20003,(7005),Driver Management has concluded the process to add Service UmPass for Device Instance ID BTHLEDEVICE\{00001801-0000-1000-8000-00805F9B34FB}_DEV_VID&02045E_PID&090E_REV&002F_C4ADC082C593\8&1BB6C013&0&0008 with the following status: 0.
