Error,02/08/2018 10:47:47,Microsoft-Windows-DistributedCOM,10016,None,"The application-specific permission settings do not grant Local Activation permission for the COM Server application with CLSID 
{D63B10C5-BB46-4990-A94F-E40B9D520160}
 and APPID 
{9CA88EE3-ACB7-47C8-AFC4-AB702511C276}
 to the user DESKTOP-JRHB8O7\Philipp Wise SID (S-1-5-21-3472773844-1026657542-2222872734-1001) from address LocalHost (Using LRPC) running in the application container Unavailable SID (Unavailable). This security permission can be modified using the Component Services administrative tool."
Information,02/08/2018 10:47:36,Microsoft-Windows-Kernel-General,16,None,The access history in hive \??\C:\Users\Philipp Wise\AppData\Local\Packages\Microsoft.WindowsFeedbackHub_8wekyb3d8bbwe\Settings\settings.dat was cleared updating 2 keys and creating 1 modified pages.
Information,02/08/2018 10:47:35,Microsoft-Windows-Kernel-General,16,None,The access history in hive \??\C:\Users\Philipp Wise\AppData\Local\Packages\Microsoft.OneConnect_8wekyb3d8bbwe\Settings\settings.dat was cleared updating 2 keys and creating 1 modified pages.
Information,02/08/2018 10:47:35,Microsoft-Windows-Kernel-General,16,None,The access history in hive \??\C:\Users\Philipp Wise\AppData\Local\Packages\Microsoft.WindowsStore_8wekyb3d8bbwe\Settings\settings.dat was cleared updating 14 keys and creating 3 modified pages.
Information,02/08/2018 10:47:34,Microsoft-Windows-Kernel-General,16,None,The access history in hive \??\C:\Users\Philipp Wise\AppData\Local\Packages\microsoft.windowscommunicationsapps_8wekyb3d8bbwe\Settings\settings.dat was cleared updating 61 keys and creating 14 modified pages.
Information,02/08/2018 10:47:33,Microsoft-Windows-Kernel-General,16,None,The access history in hive \??\C:\Users\Philipp Wise\AppData\Local\Packages\Microsoft.SkypeApp_kzf8qxf38zg5c\Settings\settings.dat was cleared updating 11 keys and creating 3 modified pages.
Information,02/08/2018 10:47:33,Microsoft-Windows-Kernel-General,16,None,The access history in hive \??\C:\Users\Philipp Wise\AppData\Local\Packages\Microsoft.Windows.ContentDeliveryManager_cw5n1h2txyewy\Settings\settings.dat was cleared updating 784 keys and creating 82 modified pages.
Information,02/08/2018 10:47:30,Microsoft-Windows-Kernel-General,16,None,The access history in hive \??\C:\Users\Philipp Wise\AppData\Local\Packages\Microsoft.Windows.Cortana_cw5n1h2txyewy\Settings\settings.dat was cleared updating 36 keys and creating 9 modified pages.
Information,02/08/2018 10:47:30,Microsoft-Windows-Kernel-General,16,None,The access history in hive \??\C:\Users\Philipp Wise\AppData\Local\Packages\Microsoft.Windows.ShellExperienceHost_cw5n1h2txyewy\Settings\settings.dat was cleared updating 4 keys and creating 1 modified pages.
Information,02/08/2018 10:47:24,Microsoft-Windows-Power-Troubleshooter,1,None,"The system has returned from a low power state.

Sleep Time: ‎2018‎-‎08‎-‎01T19:04:57.658093900Z
Wake Time: ‎2018‎-‎08‎-‎02T08:47:22.659939500Z

Wake Source: Unknown"
Warning,02/08/2018 10:47:24,BTHUSB,34,None,The local adapter does not support an important Low Energy controller state to support peripheral mode. The minimum required supported state mask is 0x491f7fffff; got 0x1fffffff. Low Energy peripheral role functionality will not be available.
Information,02/08/2018 10:47:24,BTHUSB,18,None,Windows cannot store Bluetooth authentication codes (link keys) on the local adapter. Bluetooth keyboards might not work in the system BIOS during start-up.
Error,02/08/2018 10:47:24,Microsoft-Windows-DistributedCOM,10016,None,"The application-specific permission settings do not grant Local Activation permission for the COM Server application with CLSID 
{6B3B8D23-FA8D-40B9-8DBD-B950333E2C52}
 and APPID 
{4839DDB7-58C2-48F5-8283-E1D1807D0D7D}
 to the user NT AUTHORITY\LOCAL SERVICE SID (S-1-5-19) from address LocalHost (Using LRPC) running in the application container Unavailable SID (Unavailable). This security permission can be modified using the Component Services administrative tool."
Error,02/08/2018 10:47:24,Microsoft-Windows-DistributedCOM,10016,None,"The application-specific permission settings do not grant Local Activation permission for the COM Server application with CLSID 
{6B3B8D23-FA8D-40B9-8DBD-B950333E2C52}
 and APPID 
{4839DDB7-58C2-48F5-8283-E1D1807D0D7D}
 to the user NT AUTHORITY\LOCAL SERVICE SID (S-1-5-19) from address LocalHost (Using LRPC) running in the application container Unavailable SID (Unavailable). This security permission can be modified using the Component Services administrative tool."
Error,02/08/2018 10:47:23,Microsoft-Windows-DistributedCOM,10016,None,"The application-specific permission settings do not grant Local Activation permission for the COM Server application with CLSID 
{D63B10C5-BB46-4990-A94F-E40B9D520160}
 and APPID 
{9CA88EE3-ACB7-47C8-AFC4-AB702511C276}
 to the user NT AUTHORITY\LOCAL SERVICE SID (S-1-5-19) from address LocalHost (Using LRPC) running in the application container Unavailable SID (Unavailable). This security permission can be modified using the Component Services administrative tool."
Information,02/08/2018 10:47:23,Microsoft-Windows-Kernel-General,16,None,The access history in hive \??\C:\Users\Philipp Wise\AppData\Local\Microsoft\Windows\UsrClass.dat was cleared updating 15804 keys and creating 1473 modified pages.
Information,02/08/2018 10:47:23,Microsoft-Windows-Kernel-General,16,None,The access history in hive \??\C:\Users\Philipp Wise\ntuser.dat was cleared updating 3929 keys and creating 689 modified pages.
Information,02/08/2018 10:47:23,Microsoft-Windows-Winlogon,7001,(1101),User Log-on Notification for Customer Experience Improvement Program
Error,02/08/2018 10:47:22,BTHUSB,17,None,The local Bluetooth adapter has failed in an undetermined manner and will not be used. The driver has been unloaded.
Information,02/08/2018 10:47:22,Microsoft-Windows-Kernel-General,16,None,The access history in hive \Device\HarddiskVolume1\EFI\Microsoft\Boot\BCD was cleared updating 83 keys and creating 6 modified pages.
Information,02/08/2018 10:47:22,Microsoft-Windows-Kernel-Boot,27,(33),The boot type was 0x1.
Information,02/08/2018 10:47:22,Microsoft-Windows-Kernel-Boot,25,(32),The boot menu policy was 0x1.
Information,02/08/2018 10:47:22,Microsoft-Windows-Kernel-Boot,32,(58),The bootmgr spent 0 ms waiting for user input.
Information,02/08/2018 10:47:22,Microsoft-Windows-Kernel-Boot,18,(57),There are 0x1 boot options on this system.
Information,02/08/2018 10:47:22,Microsoft-Windows-Kernel-Boot,30,(21),The firmware reported boot metrics.
Warning,02/08/2018 10:47:21,Win32k,701,None,Power Manager has not requested suppresion of all input (INPUT_SUPPRESS_REQUEST=0)
Warning,02/08/2018 10:47:21,Win32k,701,None,Power Manager has not requested suppresion of all input (INPUT_SUPPRESS_REQUEST=0)
Information,02/08/2018 10:47:20,Microsoft-Windows-Kernel-General,1,(5),"The system time has changed to ‎2018‎-‎08‎-‎02T08:47:20.500000000Z from ‎2018‎-‎08‎-‎01T19:05:00.035307700Z.

Change Reason: System time synchronized with the hardware clock."
Information,01/08/2018 21:05:00,Microsoft-Windows-Kernel-Power,107,(102),The system has resumed from sleep.
Warning,01/08/2018 21:04:58,Win32k,700,None,Power Manager has requested suppresion of all input (INPUT_SUPPRESS_REQUEST=1)
Warning,01/08/2018 21:04:58,Win32k,700,None,Power Manager has requested suppresion of all input (INPUT_SUPPRESS_REQUEST=1)
Information,01/08/2018 21:04:58,Microsoft-Windows-Kernel-Power,42,(64),"The system is entering sleep.

Sleep Reason: Application API"
Information,01/08/2018 21:04:57,Win32k,267,None,Touch/Touchpad Hardware Quality Assurance verification succeeded.
Information,01/08/2018 21:04:57,Win32k,267,None,Touch/Touchpad Hardware Quality Assurance verification succeeded.
Information,01/08/2018 21:04:56,Microsoft-Windows-Winlogon,7002,(1102),User Log-off Notification for Customer Experience Improvement Program
Information,01/08/2018 21:04:55,Service Control Manager,7040,None,The start type of the Touch Keyboard and Handwriting Panel Service service was changed from auto start to demand start.
Information,01/08/2018 21:04:54,User32,1074,None,"The process C:\Windows\System32\RuntimeBroker.exe (DESKTOP-JRHB8O7) has initiated the power off of computer DESKTOP-JRHB8O7 on behalf of user DESKTOP-JRHB8O7\Philipp Wise for the following reason: Other (Unplanned)
 Reason Code: 0x0
 Shut-down Type: power off
 Comment: "
Information,01/08/2018 20:42:04,Service Control Manager,7040,None,The start type of the Background Intelligent Transfer Service service was changed from demand start to auto start.
Information,01/08/2018 19:52:44,Microsoft-Windows-Kernel-Power,507,(158),"The system is exiting connected standby 

Reason: Input Mouse."
Error,01/08/2018 19:52:44,Microsoft-Windows-DistributedCOM,10016,None,"The application-specific permission settings do not grant Local Activation permission for the COM Server application with CLSID 
{D63B10C5-BB46-4990-A94F-E40B9D520160}
 and APPID 
{9CA88EE3-ACB7-47C8-AFC4-AB702511C276}
 to the user NT AUTHORITY\LOCAL SERVICE SID (S-1-5-19) from address LocalHost (Using LRPC) running in the application container Unavailable SID (Unavailable). This security permission can be modified using the Component Services administrative tool."
Error,01/08/2018 19:52:00,Microsoft-Windows-DistributedCOM,10016,None,"The application-specific permission settings do not grant Local Activation permission for the COM Server application with CLSID 
{D63B10C5-BB46-4990-A94F-E40B9D520160}
 and APPID 
{9CA88EE3-ACB7-47C8-AFC4-AB702511C276}
 to the user NT AUTHORITY\LOCAL SERVICE SID (S-1-5-19) from address LocalHost (Using LRPC) running in the application container Unavailable SID (Unavailable). This security permission can be modified using the Component Services administrative tool."
Information,01/08/2018 19:51:59,Microsoft-Windows-Kernel-Power,506,(157),"The system is entering connected standby 

Reason: Idle Timeout."
Information,01/08/2018 19:34:30,Microsoft-Windows-Kernel-Power,507,(158),"The system is exiting connected standby 

Reason: Input Keyboard."
Error,01/08/2018 19:34:30,Microsoft-Windows-DistributedCOM,10016,None,"The application-specific permission settings do not grant Local Activation permission for the COM Server application with CLSID 
{D63B10C5-BB46-4990-A94F-E40B9D520160}
 and APPID 
{9CA88EE3-ACB7-47C8-AFC4-AB702511C276}
 to the user NT AUTHORITY\LOCAL SERVICE SID (S-1-5-19) from address LocalHost (Using LRPC) running in the application container Unavailable SID (Unavailable). This security permission can be modified using the Component Services administrative tool."
Error,01/08/2018 19:28:40,Microsoft-Windows-DistributedCOM,10016,None,"The application-specific permission settings do not grant Local Activation permission for the COM Server application with CLSID 
{D63B10C5-BB46-4990-A94F-E40B9D520160}
 and APPID 
{9CA88EE3-ACB7-47C8-AFC4-AB702511C276}
 to the user NT AUTHORITY\LOCAL SERVICE SID (S-1-5-19) from address LocalHost (Using LRPC) running in the application container Unavailable SID (Unavailable). This security permission can be modified using the Component Services administrative tool."
Information,01/08/2018 19:28:38,Microsoft-Windows-Kernel-Power,506,(157),"The system is entering connected standby 

Reason: Idle Timeout."
Information,01/08/2018 19:23:31,Microsoft-Windows-Kernel-General,16,None,The access history in hive \??\C:\ProgramData\Microsoft\Provisioning\Microsoft-Desktop-Provisioning-Sequence.dat was cleared updating 0 keys and creating 0 modified pages.
Warning,01/08/2018 18:13:36,Microsoft-Windows-DNS-Client,1014,(1014),Name resolution for the name play.google.com timed out after none of the configured DNS servers responded.
Information,01/08/2018 18:10:58,Service Control Manager,7040,None,The start type of the Background Intelligent Transfer Service service was changed from auto start to demand start.
Error,01/08/2018 18:08:31,Microsoft-Windows-DistributedCOM,10016,None,"The application-specific permission settings do not grant Local Activation permission for the COM Server application with CLSID 
{D63B10C5-BB46-4990-A94F-E40B9D520160}
 and APPID 
{9CA88EE3-ACB7-47C8-AFC4-AB702511C276}
 to the user NT AUTHORITY\LOCAL SERVICE SID (S-1-5-19) from address LocalHost (Using LRPC) running in the application container Unavailable SID (Unavailable). This security permission can be modified using the Component Services administrative tool."
Information,01/08/2018 18:04:45,Microsoft-Windows-WindowsUpdateClient,19,Windows Update Agent,Installation Successful: Windows successfully installed the following update: Definition Update for Windows Defender Antivirus - KB2267602 (Definition 1.273.665.0)
Information,01/08/2018 18:04:21,Microsoft-Windows-WindowsUpdateClient,43,Windows Update Agent,Installation Started: Windows has started installing the following update: Definition Update for Windows Defender Antivirus - KB2267602 (Definition 1.273.665.0)
Information,01/08/2018 17:48:03,Microsoft-Windows-WindowsUpdateClient,44,Windows Update Agent,Windows Update started downloading an update.
Error,01/08/2018 17:41:19,Microsoft-Windows-DistributedCOM,10016,None,"The application-specific permission settings do not grant Local Activation permission for the COM Server application with CLSID 
{D63B10C5-BB46-4990-A94F-E40B9D520160}
 and APPID 
{9CA88EE3-ACB7-47C8-AFC4-AB702511C276}
 to the user DESKTOP-JRHB8O7\Philipp Wise SID (S-1-5-21-3472773844-1026657542-2222872734-1001) from address LocalHost (Using LRPC) running in the application container Unavailable SID (Unavailable). This security permission can be modified using the Component Services administrative tool."
Error,01/08/2018 17:40:47,nvlddmkm,14,None,"The description for Event ID 14 from source nvlddmkm cannot be found. Either the component that raises this event is not installed on your local computer or the installation is corrupted. You can install or repair the component on the local computer.

If the event originated on another computer, the display information had to be saved with the event.

The following information was included with the event: 

ffffffff(ffffffff) ffffffff ffffffff

The message resource is present but the message was not found in the message table
"
Error,01/08/2018 17:40:47,nvlddmkm,14,None,"The description for Event ID 14 from source nvlddmkm cannot be found. Either the component that raises this event is not installed on your local computer or the installation is corrupted. You can install or repair the component on the local computer.

If the event originated on another computer, the display information had to be saved with the event.

The following information was included with the event: 

ffffffff(ffffffff) ffffffff ffffffff

The message resource is present but the message was not found in the message table
"
Error,01/08/2018 17:40:47,nvlddmkm,14,None,"The description for Event ID 14 from source nvlddmkm cannot be found. Either the component that raises this event is not installed on your local computer or the installation is corrupted. You can install or repair the component on the local computer.

If the event originated on another computer, the display information had to be saved with the event.

The following information was included with the event: 

ffffffff(ffffffff) ffffffff ffffffff

The message resource is present but the message was not found in the message table
"
Error,01/08/2018 17:40:47,nvlddmkm,14,None,"The description for Event ID 14 from source nvlddmkm cannot be found. Either the component that raises this event is not installed on your local computer or the installation is corrupted. You can install or repair the component on the local computer.

If the event originated on another computer, the display information had to be saved with the event.

The following information was included with the event: 

ffffffff(ffffffff) ffffffff ffffffff

The message resource is present but the message was not found in the message table
"
Error,01/08/2018 17:40:47,nvlddmkm,14,None,"The description for Event ID 14 from source nvlddmkm cannot be found. Either the component that raises this event is not installed on your local computer or the installation is corrupted. You can install or repair the component on the local computer.

If the event originated on another computer, the display information had to be saved with the event.

The following information was included with the event: 

ffffffff(ffffffff) ffffffff ffffffff

The message resource is present but the message was not found in the message table
"
Error,01/08/2018 17:40:47,nvlddmkm,14,None,"The description for Event ID 14 from source nvlddmkm cannot be found. Either the component that raises this event is not installed on your local computer or the installation is corrupted. You can install or repair the component on the local computer.

If the event originated on another computer, the display information had to be saved with the event.

The following information was included with the event: 

ffffffff(ffffffff) ffffffff ffffffff

The message resource is present but the message was not found in the message table
"
Error,01/08/2018 17:40:47,nvlddmkm,14,None,"The description for Event ID 14 from source nvlddmkm cannot be found. Either the component that raises this event is not installed on your local computer or the installation is corrupted. You can install or repair the component on the local computer.

If the event originated on another computer, the display information had to be saved with the event.

The following information was included with the event: 

ffffffff(ffffffff) ffffffff ffffffff

The message resource is present but the message was not found in the message table
"
Error,01/08/2018 17:40:03,Microsoft-Windows-DistributedCOM,10016,None,"The application-specific permission settings do not grant Local Activation permission for the COM Server application with CLSID 
{D63B10C5-BB46-4990-A94F-E40B9D520160}
 and APPID 
{9CA88EE3-ACB7-47C8-AFC4-AB702511C276}
 to the user DESKTOP-JRHB8O7\Philipp Wise SID (S-1-5-21-3472773844-1026657542-2222872734-1001) from address LocalHost (Using LRPC) running in the application container Unavailable SID (Unavailable). This security permission can be modified using the Component Services administrative tool."
Error,01/08/2018 17:39:39,Microsoft-Windows-DistributedCOM,10016,None,"The application-specific permission settings do not grant Local Activation permission for the COM Server application with CLSID 
{6B3B8D23-FA8D-40B9-8DBD-B950333E2C52}
 and APPID 
{4839DDB7-58C2-48F5-8283-E1D1807D0D7D}
 to the user NT AUTHORITY\LOCAL SERVICE SID (S-1-5-19) from address LocalHost (Using LRPC) running in the application container Unavailable SID (Unavailable). This security permission can be modified using the Component Services administrative tool."
Error,01/08/2018 17:39:39,Microsoft-Windows-DistributedCOM,10016,None,"The application-specific permission settings do not grant Local Activation permission for the COM Server application with CLSID 
{6B3B8D23-FA8D-40B9-8DBD-B950333E2C52}
 and APPID 
{4839DDB7-58C2-48F5-8283-E1D1807D0D7D}
 to the user NT AUTHORITY\LOCAL SERVICE SID (S-1-5-19) from address LocalHost (Using LRPC) running in the application container Unavailable SID (Unavailable). This security permission can be modified using the Component Services administrative tool."
Information,01/08/2018 17:39:38,Microsoft-Windows-Winlogon,7001,(1101),User Log-on Notification for Customer Experience Improvement Program
Information,01/08/2018 17:38:01,Microsoft-Windows-Kernel-Power,507,(158),"The system is exiting connected standby 

Reason: Lid."
Warning,01/08/2018 17:38:01,Win32k,701,None,Power Manager has not requested suppresion of all input (INPUT_SUPPRESS_REQUEST=0)
Warning,01/08/2018 17:38:01,Win32k,701,None,Power Manager has not requested suppresion of all input (INPUT_SUPPRESS_REQUEST=0)
Warning,01/08/2018 15:27:08,Win32k,700,None,Power Manager has requested suppresion of all input (INPUT_SUPPRESS_REQUEST=1)
Warning,01/08/2018 15:27:08,Win32k,700,None,Power Manager has requested suppresion of all input (INPUT_SUPPRESS_REQUEST=1)
Information,01/08/2018 15:27:08,Microsoft-Windows-Kernel-Power,506,(157),"The system is entering connected standby 

Reason: Idle Timeout."
Information,01/08/2018 15:24:13,Microsoft-Windows-Kernel-Power,105,(100),Power source change.
Information,01/08/2018 15:23:51,Microsoft-Windows-Kernel-Power,105,(100),Power source change.
Warning,01/08/2018 15:22:07,Win32k,701,None,Power Manager has not requested suppresion of all input (INPUT_SUPPRESS_REQUEST=0)
Warning,01/08/2018 15:22:07,Win32k,701,None,Power Manager has not requested suppresion of all input (INPUT_SUPPRESS_REQUEST=0)
Information,01/08/2018 15:22:07,Microsoft-Windows-Kernel-Power,507,(158),"The system is exiting connected standby 

Reason: Power Button."
Warning,01/08/2018 15:09:54,Win32k,700,None,Power Manager has requested suppresion of all input (INPUT_SUPPRESS_REQUEST=1)
Warning,01/08/2018 15:09:54,Win32k,700,None,Power Manager has requested suppresion of all input (INPUT_SUPPRESS_REQUEST=1)
Information,01/08/2018 15:09:54,Microsoft-Windows-Kernel-Power,506,(157),"The system is entering connected standby 

Reason: Idle Timeout."
Warning,01/08/2018 15:04:54,Win32k,701,None,Power Manager has not requested suppresion of all input (INPUT_SUPPRESS_REQUEST=0)
Warning,01/08/2018 15:04:54,Win32k,701,None,Power Manager has not requested suppresion of all input (INPUT_SUPPRESS_REQUEST=0)
Information,01/08/2018 15:04:54,Microsoft-Windows-Kernel-Power,507,(158),"The system is exiting connected standby 

Reason: Power Button."
Warning,01/08/2018 14:53:09,Win32k,700,None,Power Manager has requested suppresion of all input (INPUT_SUPPRESS_REQUEST=1)
Warning,01/08/2018 14:53:09,Win32k,700,None,Power Manager has requested suppresion of all input (INPUT_SUPPRESS_REQUEST=1)
Information,01/08/2018 14:53:09,Microsoft-Windows-Kernel-Power,506,(157),"The system is entering connected standby 

Reason: Idle Timeout."
Warning,01/08/2018 14:48:09,Win32k,701,None,Power Manager has not requested suppresion of all input (INPUT_SUPPRESS_REQUEST=0)
Warning,01/08/2018 14:48:09,Win32k,701,None,Power Manager has not requested suppresion of all input (INPUT_SUPPRESS_REQUEST=0)
Information,01/08/2018 14:48:09,Microsoft-Windows-Kernel-Power,507,(158),"The system is exiting connected standby 

Reason: Power Button."
Information,01/08/2018 12:00:00,EventLog,6013,None,The system uptime is 2297 seconds.
Warning,01/08/2018 11:56:58,Win32k,700,None,Power Manager has requested suppresion of all input (INPUT_SUPPRESS_REQUEST=1)
Warning,01/08/2018 11:56:58,Win32k,700,None,Power Manager has requested suppresion of all input (INPUT_SUPPRESS_REQUEST=1)
Information,01/08/2018 11:56:58,Microsoft-Windows-Kernel-Power,506,(157),"The system is entering connected standby 

Reason: Power Button."
Warning,01/08/2018 11:53:45,Win32k,701,None,Power Manager has not requested suppresion of all input (INPUT_SUPPRESS_REQUEST=0)
Warning,01/08/2018 11:53:45,Win32k,701,None,Power Manager has not requested suppresion of all input (INPUT_SUPPRESS_REQUEST=0)
Information,01/08/2018 11:53:45,Microsoft-Windows-Kernel-Power,507,(158),"The system is exiting connected standby 

Reason: Power Button."
Warning,01/08/2018 11:26:56,Win32k,700,None,Power Manager has requested suppresion of all input (INPUT_SUPPRESS_REQUEST=1)
Warning,01/08/2018 11:26:56,Win32k,700,None,Power Manager has requested suppresion of all input (INPUT_SUPPRESS_REQUEST=1)
Information,01/08/2018 11:26:56,Microsoft-Windows-Kernel-Power,506,(157),"The system is entering connected standby 

Reason: Idle Timeout."
Error,01/08/2018 11:24:03,Microsoft-Windows-DistributedCOM,10016,None,"The application-specific permission settings do not grant Local Launch permission for the COM Server application with CLSID 
Windows.SecurityCenter.WscDataProtection
 and APPID 
Unavailable
 to the user NT AUTHORITY\SYSTEM SID (S-1-5-18) from address LocalHost (Using LRPC) running in the application container Unavailable SID (Unavailable). This security permission can be modified using the Component Services administrative tool."
Warning,01/08/2018 11:22:56,Microsoft-Windows-Kernel-Processor-Power,37,(7),The speed of processor 3 in group 0 is being limited by system firmware. The processor has been in this reduced performance state for 71 seconds since the last report.
Information,01/08/2018 11:22:07,Microsoft-Windows-TPM-WMI,1025,None,The TPM was successfully provisioned and is now ready for use.
Information,01/08/2018 11:22:05,Microsoft-Windows-TPM-WMI,1025,None,The TPM was successfully provisioned and is now ready for use.
Information,01/08/2018 11:22:03,TPM,18,None,This event triggers the Trusted Platform Module (TPM) provisioning/status check to run.
Information,01/08/2018 11:22:03,Microsoft-Windows-UserModePowerService,12,(10),Process C:\Windows\System32\SurfaceUsbHubFwUpdateService.exe (process ID:3492) reset policy scheme from {381B4222-F694-41F0-9685-FF5BB260DF2E} to {381B4222-F694-41F0-9685-FF5BB260DF2E}
Information,01/08/2018 11:21:58,Microsoft-Windows-UserModePowerService,12,(10),Process C:\Windows\System32\SurfaceUsbHubFwUpdateService.exe (process ID:3492) reset policy scheme from {381B4222-F694-41F0-9685-FF5BB260DF2E} to {381B4222-F694-41F0-9685-FF5BB260DF2E}
Information,01/08/2018 11:21:57,Microsoft-Windows-Kernel-Power,520,(218),The brightness on this system is managed by high-precision brightness aware service.
Information,01/08/2018 11:21:56,Microsoft-Windows-WLAN-AutoConfig,4000,None,"WLAN AutoConfig service has successfully started.
"
Information,01/08/2018 11:21:55,Microsoft-Windows-FilterManager,6,None,"File System Filter 'storqosflt' (10.0, ‎2011‎-‎01‎-‎05T19:54:03.000000000Z) has successfully loaded and registered with Filter Manager."
Information,01/08/2018 11:21:55,Microsoft-Windows-FilterManager,6,None,"File System Filter 'CldFlt' (10.0, ‎2005‎-‎05‎-‎17T04:25:49.000000000Z) has successfully loaded and registered with Filter Manager."
Information,01/08/2018 11:21:55,Microsoft-Windows-FilterManager,1,None,"File System Filter 'CldFlt' (Version 10.0, ‎2005‎-‎05‎-‎17T04:25:49.000000000Z) unloaded successfully."
Information,01/08/2018 11:21:55,Microsoft-Windows-FilterManager,6,None,"File System Filter 'CldFlt' (10.0, ‎2005‎-‎05‎-‎17T04:25:49.000000000Z) has successfully loaded and registered with Filter Manager."
Information,01/08/2018 11:21:55,Microsoft-Windows-FilterManager,6,None,"File System Filter 'luafv' (10.0, ‎2043‎-‎06‎-‎20T21:30:28.000000000Z) has successfully loaded and registered with Filter Manager."
Information,01/08/2018 11:21:55,Microsoft-Windows-FilterManager,6,None,"File System Filter 'wcifs' (10.0, ‎2024‎-‎12‎-‎17T03:40:30.000000000Z) has successfully loaded and registered with Filter Manager."
Information,01/08/2018 11:21:55,Microsoft-Windows-DHCPv6-Client,51046,Service State Event,DHCPv6 client service is started
Information,01/08/2018 11:21:55,Microsoft-Windows-Dhcp-Client,50103,Service State Event,DHCPv4 client registered for shutdown notification
Information,01/08/2018 11:21:55,Microsoft-Windows-Dhcp-Client,50036,Service State Event,DHCPv4 client service is started
Information,01/08/2018 11:21:55,Win32k,267,None,Touch/Touchpad Hardware Quality Assurance verification succeeded.
Information,01/08/2018 11:21:55,Win32k,267,None,Touch/Touchpad Hardware Quality Assurance verification succeeded.
Information,01/08/2018 11:21:54,Win32k,267,None,Touch/Touchpad Hardware Quality Assurance verification succeeded.
Information,01/08/2018 11:21:54,Win32k,267,None,Touch/Touchpad Hardware Quality Assurance verification succeeded.
Information,01/08/2018 11:21:54,Microsoft-Windows-Directory-Services-SAM,16962,None,"Remote calls to the SAM database are being restricted using the default security descriptor: O:SYG:SYD:(A;;RC;;;BA).
For more information please see http://go.microsoft.com/fwlink/?LinkId=787651."
Information,01/08/2018 11:21:54,Microsoft-Windows-Wininit,14,None,"Credential Guard (LsaIso.exe) configuration: 0x0, 0"
Warning,01/08/2018 11:21:53,Microsoft-Windows-Kernel-PnP,219,(212),The driver \Driver\WudfRd failed to load for the device {5E9A8CDC-14AB-4609-A017-68BCE594AB68}\SurfaceBaseFwUpdate\8&18c2e47d&0&1.
Information,01/08/2018 11:21:53,Microsoft-Windows-DriverFrameworks-UserMode,10118,Startup of the UMDF reflector,"UMDF reflector is unable to connect to service control manager (SCM). This is expected during boot, when SCM has not started yet. Will retry when it starts."
Warning,01/08/2018 11:21:53,Microsoft-Windows-Kernel-PnP,219,(212),The driver \Driver\WudfRd failed to load for the device {4E781CFC-87EE-459B-A319-9B0531EB7485}\SurfaceKeyboardAmbientBacklight\8&18c2e47d&0&0.
Information,01/08/2018 11:21:53,Microsoft-Windows-DriverFrameworks-UserMode,10118,Startup of the UMDF reflector,"UMDF reflector is unable to connect to service control manager (SCM). This is expected during boot, when SCM has not started yet. Will retry when it starts."
Warning,01/08/2018 11:21:51,BTHUSB,34,None,The local adapter does not support an important Low Energy controller state to support peripheral mode. The minimum required supported state mask is 0x491f7fffff; got 0x1fffffff. Low Energy peripheral role functionality will not be available.
Information,01/08/2018 11:21:51,BTHUSB,18,None,Windows cannot store Bluetooth authentication codes (link keys) on the local adapter. Bluetooth keyboards might not work in the system BIOS during start-up.
Warning,01/08/2018 11:21:49,Microsoft-Windows-Kernel-PnP,219,(212),The driver \Driver\WudfRd failed to load for the device {6c8abe47-dac0-4b99-affa-4fff050e3cdc}\SurfaceDigitizerPenPairing\5&141f7bd2&0&0.
Information,01/08/2018 11:21:49,Microsoft-Windows-DriverFrameworks-UserMode,10118,Startup of the UMDF reflector,"UMDF reflector is unable to connect to service control manager (SCM). This is expected during boot, when SCM has not started yet. Will retry when it starts."
Warning,01/08/2018 11:21:49,Microsoft-Windows-Kernel-PnP,219,(212),The driver \Driver\WudfRd failed to load for the device HID\MSHW0030&Col01\5&294f3b18&0&0000.
Information,01/08/2018 11:21:49,Microsoft-Windows-DriverFrameworks-UserMode,10118,Startup of the UMDF reflector,"UMDF reflector is unable to connect to service control manager (SCM). This is expected during boot, when SCM has not started yet. Will retry when it starts."
Information,01/08/2018 11:21:49,Microsoft-Windows-Kernel-Power,521,(220),Active battery count change.
Information,01/08/2018 11:21:49,Microsoft-Windows-Kernel-Power,521,(220),Active battery count change.
Information,01/08/2018 11:21:49,Microsoft-Windows-Kernel-Power,105,(100),Power source change.
Information,01/08/2018 11:21:47,MEIx64,2,None,Intel(R) Management Engine Interface driver has started successfully.
Information,01/08/2018 11:21:47,SurfaceStorageFwUpdate,4,None,Storage Firmware install failed.
Information,01/08/2018 11:21:45,Microsoft-Windows-Kernel-Processor-Power,55,(47),"Processor 3 in group 0 exposes the following power management capabilities:

Idle state type: Micro Power Engine Plugin (11 state(s))

Performance state type: ACPI Collaborative Processor Performance Control
Nominal Frequency (MHz): 2808
Maximum performance percentage: 121
Minimum performance percentage: 28
Minimum throttle percentage: 3"
Information,01/08/2018 11:21:45,Microsoft-Windows-Kernel-Processor-Power,55,(47),"Processor 1 in group 0 exposes the following power management capabilities:

Idle state type: Micro Power Engine Plugin (11 state(s))

Performance state type: ACPI Collaborative Processor Performance Control
Nominal Frequency (MHz): 2808
Maximum performance percentage: 121
Minimum performance percentage: 28
Minimum throttle percentage: 3"
Information,01/08/2018 11:21:45,Microsoft-Windows-Kernel-Processor-Power,55,(47),"Processor 2 in group 0 exposes the following power management capabilities:

Idle state type: Micro Power Engine Plugin (11 state(s))

Performance state type: ACPI Collaborative Processor Performance Control
Nominal Frequency (MHz): 2808
Maximum performance percentage: 121
Minimum performance percentage: 28
Minimum throttle percentage: 3"
Information,01/08/2018 11:21:45,Microsoft-Windows-Kernel-Processor-Power,55,(47),"Processor 0 in group 0 exposes the following power management capabilities:

Idle state type: Micro Power Engine Plugin (11 state(s))

Performance state type: ACPI Collaborative Processor Performance Control
Nominal Frequency (MHz): 2808
Maximum performance percentage: 121
Minimum performance percentage: 14
Minimum throttle percentage: 3"
Information,01/08/2018 11:21:45,Microsoft-Windows-Ntfs,98,None,Volume \\?\Volume{e6460861-32f5-4c57-b316-572b84be1b60} (\Device\HarddiskVolume4) is healthy.  No action is needed.
Warning,01/08/2018 11:21:45,Microsoft-Windows-Kernel-PnP,219,(212),The driver \Driver\WudfRd failed to load for the device ACPI\MSHW0041\2&daba3ff&1.
Information,01/08/2018 11:21:45,Microsoft-Windows-DriverFrameworks-UserMode,10118,Startup of the UMDF reflector,"UMDF reflector is unable to connect to service control manager (SCM). This is expected during boot, when SCM has not started yet. Will retry when it starts."
Critical,01/08/2018 11:21:44,Microsoft-Windows-Kernel-Power,41,(63),"The system has rebooted without cleanly shutting down first. This error could be caused if the system stopped responding, crashed, or lost power unexpectedly."
Information,01/08/2018 11:21:44,Microsoft-Windows-FilterManager,6,None,"File System Filter 'npsvctrig' (10.0, ‎2094‎-‎02‎-‎20T12:14:30.000000000Z) has successfully loaded and registered with Filter Manager."
Information,01/08/2018 11:21:44,Microsoft-Windows-FilterManager,6,None,"File System Filter 'FileCrypt' (10.0, ‎2070‎-‎12‎-‎16T01:13:56.000000000Z) has successfully loaded and registered with Filter Manager."
Information,01/08/2018 11:21:44,Microsoft-Windows-Ntfs,98,None,Volume C: (\Device\HarddiskVolume3) is healthy.  No action is needed.
Information,01/08/2018 11:21:55,EventLog,6013,None,The system uptime is 12 seconds.
Information,01/08/2018 11:21:55,EventLog,6005,None,The Event log service was started.
Information,01/08/2018 11:21:55,EventLog,6009,None,Microsoft (R) Windows (R) 10.00. 17134  Multiprocessor Free.
Error,01/08/2018 11:21:55,EventLog,6008,None,The previous system shutdown at 03:46:26 on ‎01/‎08/‎2018 was unexpected.
Information,01/08/2018 11:21:43,Microsoft-Windows-FilterManager,6,None,"File System Filter 'WdFilter' (10.0, ‎2070‎-‎12‎-‎04T21:41:44.000000000Z) has successfully loaded and registered with Filter Manager."
Information,01/08/2018 11:21:43,Microsoft-Windows-FilterManager,6,None,"File System Filter 'Wof' (10.0, ‎2036‎-‎09‎-‎29T15:47:10.000000000Z) has successfully loaded and registered with Filter Manager."
Information,01/08/2018 11:21:43,Microsoft-Windows-FilterManager,6,None,"File System Filter 'FileInfo' (10.0, ‎2083‎-‎04‎-‎08T17:57:41.000000000Z) has successfully loaded and registered with Filter Manager."
Information,01/08/2018 11:21:42,Microsoft-Windows-Kernel-Boot,30,(21),The firmware reported boot metrics.
Information,01/08/2018 11:21:42,Microsoft-Windows-Kernel-Boot,25,(32),The boot menu policy was 0x1.
Information,01/08/2018 11:21:42,Microsoft-Windows-Kernel-Boot,27,(33),The boot type was 0x0.
Information,01/08/2018 11:21:42,Microsoft-Windows-Kernel-Boot,20,(31),The last shutdown's success status was false. The last boot's success status was true.
Information,01/08/2018 11:21:42,Microsoft-Windows-Kernel-Boot,32,(58),The bootmgr spent 0 ms waiting for user input.
Information,01/08/2018 11:21:42,Microsoft-Windows-Kernel-Boot,18,(57),There are 0x1 boot options on this system.
Information,01/08/2018 11:21:42,Microsoft-Windows-Kernel-Boot,153,(62),Virtualization-based security (policies: 0) is disabled.
Information,01/08/2018 11:21:42,Microsoft-Windows-Kernel-General,12,(1),The operating system started at system time ‎2018‎-‎08‎-‎01T09:21:42.498906800Z.
Warning,01/08/2018 11:19:47,Win32k,700,None,Power Manager has requested suppresion of all input (INPUT_SUPPRESS_REQUEST=1)
Warning,01/08/2018 11:19:47,Win32k,700,None,Power Manager has requested suppresion of all input (INPUT_SUPPRESS_REQUEST=1)
Information,01/08/2018 11:19:47,Microsoft-Windows-Kernel-Power,506,(157),"The system is entering connected standby 

Reason: Idle Timeout."
Warning,01/08/2018 11:19:17,BTHUSB,34,None,The local adapter does not support an important Low Energy controller state to support peripheral mode. The minimum required supported state mask is 0x491f7fffff; got 0x1fffffff. Low Energy peripheral role functionality will not be available.
Information,01/08/2018 11:19:17,BTHUSB,18,None,Windows cannot store Bluetooth authentication codes (link keys) on the local adapter. Bluetooth keyboards might not work in the system BIOS during start-up.
Information,01/08/2018 11:19:16,Microsoft-Windows-Power-Troubleshooter,1,None,"The system has returned from a low power state.

Sleep Time: ‎2018‎-‎08‎-‎01T02:00:11.096239300Z
Wake Time: ‎2018‎-‎08‎-‎01T09:19:14.279123500Z

Wake Source: Unknown"
Error,01/08/2018 11:19:15,Microsoft-Windows-DistributedCOM,10016,None,"The application-specific permission settings do not grant Local Activation permission for the COM Server application with CLSID 
{D63B10C5-BB46-4990-A94F-E40B9D520160}
 and APPID 
{9CA88EE3-ACB7-47C8-AFC4-AB702511C276}
 to the user NT AUTHORITY\LOCAL SERVICE SID (S-1-5-19) from address LocalHost (Using LRPC) running in the application container Unavailable SID (Unavailable). This security permission can be modified using the Component Services administrative tool."
Error,01/08/2018 11:19:15,Microsoft-Windows-NDIS,10317,PnP,"Miniport Microsoft Wi-Fi Direct Virtual Adapter #2, {F9D56E57-600D-4A91-ACF6-D434836E61B9}, had event Fatal error: The miniport has failed a power transition to operational power"
Error,01/08/2018 11:19:14,BTHUSB,17,None,The local Bluetooth adapter has failed in an undetermined manner and will not be used. The driver has been unloaded.
Warning,01/08/2018 11:19:14,Win32k,701,None,Power Manager has not requested suppresion of all input (INPUT_SUPPRESS_REQUEST=0)
Warning,01/08/2018 11:19:14,Win32k,701,None,Power Manager has not requested suppresion of all input (INPUT_SUPPRESS_REQUEST=0)
Information,01/08/2018 11:19:14,Microsoft-Windows-Kernel-Boot,27,(33),The boot type was 0x2.
Information,01/08/2018 11:19:14,Microsoft-Windows-Kernel-Boot,25,(32),The boot menu policy was 0x8BE32000.
Information,01/08/2018 11:19:14,Microsoft-Windows-Kernel-Boot,32,(58),The bootmgr spent 0 ms waiting for user input.
Information,01/08/2018 11:19:14,Microsoft-Windows-Kernel-Boot,18,(57),There are 0x1 boot options on this system.
Information,01/08/2018 11:19:14,Microsoft-Windows-Kernel-Boot,30,(21),The firmware reported boot metrics.
Information,01/08/2018 11:19:12,Microsoft-Windows-Kernel-General,1,(5),"The system time has changed to ‎2018‎-‎08‎-‎01T09:19:12.500000000Z from ‎2018‎-‎08‎-‎01T02:00:14.703836800Z.

Change Reason: System time synchronized with the hardware clock."
Information,01/08/2018 04:00:14,Microsoft-Windows-Kernel-Power,107,(102),The system has resumed from sleep.
Information,01/08/2018 04:00:13,Microsoft-Windows-Kernel-Power,507,(158),"The system is exiting connected standby 

Reason: Transition to System Sleep State S4/S5."
Information,01/08/2018 04:00:13,Microsoft-Windows-Kernel-Power,42,(64),"The system is entering sleep.

Sleep Reason: Hibernate from Sleep - Fixed Timeout"
Error,01/08/2018 03:52:39,Service Control Manager,7011,None,A timeout (30000 milliseconds) was reached while waiting for a transaction response from the WSearch service.
Information,31/07/2018 22:00:11,Microsoft-Windows-Kernel-Power,506,(157),"The system is entering connected standby 

Reason: AC/DC Display Burst Suppressed."
Information,31/07/2018 22:00:11,Microsoft-Windows-Kernel-Power,507,(158),"The system is exiting connected standby 

Reason: AC/DC Display Burst Suppressed."
Warning,31/07/2018 22:00:10,Win32k,700,None,Power Manager has requested suppresion of all input (INPUT_SUPPRESS_REQUEST=1)
Warning,31/07/2018 22:00:10,Win32k,700,None,Power Manager has requested suppresion of all input (INPUT_SUPPRESS_REQUEST=1)
Information,31/07/2018 22:00:10,Microsoft-Windows-Kernel-Power,105,(100),Power source change.
Information,31/07/2018 21:48:46,Microsoft-Windows-WindowsUpdateClient,19,Windows Update Agent,Installation Successful: Windows successfully installed the following update: 9WZDNCRFHVQM-MICROSOFT.WINDOWSCOMMUNICATIONSAPPS
Information,31/07/2018 21:48:46,Microsoft-Windows-WindowsUpdateClient,43,Windows Update Agent,Installation Started: Windows has started installing the following update: 9WZDNCRFHVQM-MICROSOFT.WINDOWSCOMMUNICATIONSAPPS
Information,31/07/2018 21:48:10,Microsoft-Windows-Kernel-General,16,None,The access history in hive \??\C:\ProgramData\Microsoft\Windows\AppRepository\Packages\microsoft.windowscommunicationsapps_16005.10325.20091.0_x64__8wekyb3d8bbwe\ActivationStore.dat was cleared updating 0 keys and creating 0 modified pages.
Information,31/07/2018 21:47:04,Microsoft-Windows-WindowsUpdateClient,19,Windows Update Agent,Installation Successful: Windows successfully installed the following update: 9NBLGGH537C2-Microsoft.XboxGameOverlay
Information,31/07/2018 21:47:04,Microsoft-Windows-WindowsUpdateClient,43,Windows Update Agent,Installation Started: Windows has started installing the following update: 9NBLGGH537C2-Microsoft.XboxGameOverlay
Information,31/07/2018 21:47:00,Microsoft-Windows-Kernel-General,16,None,The access history in hive \??\C:\Users\Philipp Wise\AppData\Local\Packages\Microsoft.XboxGameOverlay_8wekyb3d8bbwe\Settings\settings.dat was cleared updating 1 keys and creating 1 modified pages.
Information,31/07/2018 21:46:59,Microsoft-Windows-Kernel-General,16,None,The access history in hive \??\C:\ProgramData\Microsoft\Windows\AppRepository\Packages\Microsoft.XboxGameOverlay_1.31.31002.0_x64__8wekyb3d8bbwe\ActivationStore.dat was cleared updating 0 keys and creating 0 modified pages.
Information,31/07/2018 21:46:59,Microsoft-Windows-WindowsUpdateClient,19,Windows Update Agent,Installation Successful: Windows successfully installed the following update: 9NBLGGH42THS-Microsoft.Microsoft3DViewer
Information,31/07/2018 21:46:59,Microsoft-Windows-WindowsUpdateClient,43,Windows Update Agent,Installation Started: Windows has started installing the following update: 9NBLGGH42THS-Microsoft.Microsoft3DViewer
Information,31/07/2018 21:46:54,Microsoft-Windows-Kernel-General,16,None,The access history in hive \??\C:\Users\Philipp Wise\AppData\Local\Packages\Microsoft.Microsoft3DViewer_8wekyb3d8bbwe\Settings\settings.dat was cleared updating 1 keys and creating 1 modified pages.
Information,31/07/2018 21:46:53,Microsoft-Windows-Kernel-General,16,None,The access history in hive \??\C:\ProgramData\Microsoft\Windows\AppRepository\Packages\Microsoft.Microsoft3DViewer_5.1807.6012.0_x64__8wekyb3d8bbwe\ActivationStore.dat was cleared updating 0 keys and creating 0 modified pages.
Information,31/07/2018 21:46:48,Microsoft-Windows-WindowsUpdateClient,44,Windows Update Agent,Windows Update started downloading an update.
Information,31/07/2018 21:46:48,Microsoft-Windows-WindowsUpdateClient,19,Windows Update Agent,Installation Successful: Windows successfully installed the following update: 9WZDNCRFJBMP-MICROSOFT.WINDOWSSTORE
Information,31/07/2018 21:46:48,Microsoft-Windows-WindowsUpdateClient,43,Windows Update Agent,Installation Started: Windows has started installing the following update: 9WZDNCRFJBMP-MICROSOFT.WINDOWSSTORE
Information,31/07/2018 21:46:40,Microsoft-Windows-Kernel-General,16,None,The access history in hive \??\C:\ProgramData\Microsoft\Windows\AppRepository\Packages\Microsoft.WindowsStore_11807.1001.13.0_x64__8wekyb3d8bbwe\ActivationStore.dat was cleared updating 0 keys and creating 0 modified pages.
Information,31/07/2018 21:46:15,Microsoft-Windows-WindowsUpdateClient,44,Windows Update Agent,Windows Update started downloading an update.
Information,31/07/2018 21:46:15,Microsoft-Windows-WindowsUpdateClient,44,Windows Update Agent,Windows Update started downloading an update.
Information,31/07/2018 21:46:15,Microsoft-Windows-WindowsUpdateClient,44,Windows Update Agent,Windows Update started downloading an update.
Information,31/07/2018 21:46:05,Microsoft-Windows-Kernel-General,1,(5),"The system time has changed to ‎2018‎-‎07‎-‎31T19:46:05.947724900Z from ‎2018‎-‎07‎-‎31T19:46:05.947737000Z.

Change Reason: An application or system component changed the time."
Information,31/07/2018 21:46:05,Microsoft-Windows-Kernel-General,1,(5),"The system time has changed to ‎2018‎-‎07‎-‎31T19:46:05.947413900Z from ‎2018‎-‎07‎-‎31T19:46:05.947422600Z.

Change Reason: An application or system component changed the time."
Information,31/07/2018 21:46:05,Microsoft-Windows-Time-Service,35,None,"The time service is now synchronizing the system time with the time source time.windows.com,0x9 (ntp.m|0x9|0.0.0.0:123->51.140.65.84:123) with reference id 1413581875. Current local stratum number is 3."
Information,31/07/2018 21:46:05,Microsoft-Windows-Kernel-General,1,(5),"The system time has changed to ‎2018‎-‎07‎-‎31T19:46:05.946792900Z from ‎2018‎-‎07‎-‎31T19:46:02.918029700Z.

Change Reason: An application or system component changed the time."
Information,31/07/2018 21:45:48,Microsoft-Windows-Time-Service,37,None,"The time provider NtpClient is currently receiving valid time data from time.windows.com,0x9 (ntp.m|0x9|0.0.0.0:123->51.140.65.84:123)."
Information,31/07/2018 21:45:46,Microsoft-Windows-Time-Service,158,None,The time provider 'VMICTimeProvider' has indicated that the current hardware and operating environment is not supported and has stopped. This behavior is expected for VMICTimeProvider on non-HyperV-guest environments. This may be the expected behavior for the current provider in the current operating environment as well.
Information,31/07/2018 21:45:44,Microsoft-Windows-Kernel-Power,506,(157),"The system is entering connected standby 

Reason: AC/DC Display Burst Suppressed."
Information,31/07/2018 21:45:44,Microsoft-Windows-Kernel-Power,507,(158),"The system is exiting connected standby 

Reason: AC/DC Display Burst Suppressed."
Warning,31/07/2018 21:45:43,Win32k,701,None,Power Manager has not requested suppresion of all input (INPUT_SUPPRESS_REQUEST=0)
Warning,31/07/2018 21:45:43,Win32k,701,None,Power Manager has not requested suppresion of all input (INPUT_SUPPRESS_REQUEST=0)
Information,31/07/2018 21:45:43,Microsoft-Windows-Kernel-Power,105,(100),Power source change.
Error,31/07/2018 20:48:34,Service Control Manager,7011,None,A timeout (30000 milliseconds) was reached while waiting for a transaction response from the WSearch service.
Warning,31/07/2018 20:24:20,Win32k,700,None,Power Manager has requested suppresion of all input (INPUT_SUPPRESS_REQUEST=1)
Warning,31/07/2018 20:24:20,Win32k,700,None,Power Manager has requested suppresion of all input (INPUT_SUPPRESS_REQUEST=1)
Information,31/07/2018 20:24:20,Microsoft-Windows-Kernel-Power,506,(157),"The system is entering connected standby 

Reason: Lid."
Error,31/07/2018 20:24:12,Microsoft-Windows-DistributedCOM,10016,None,"The application-specific permission settings do not grant Local Activation permission for the COM Server application with CLSID 
{D63B10C5-BB46-4990-A94F-E40B9D520160}
 and APPID 
{9CA88EE3-ACB7-47C8-AFC4-AB702511C276}
 to the user NT AUTHORITY\LOCAL SERVICE SID (S-1-5-19) from address LocalHost (Using LRPC) running in the application container Unavailable SID (Unavailable). This security permission can be modified using the Component Services administrative tool."
Information,31/07/2018 20:24:11,Microsoft-Windows-Kernel-Power,507,(158),"The system is exiting connected standby 

Reason: Lid."
Warning,31/07/2018 20:24:10,Win32k,701,None,Power Manager has not requested suppresion of all input (INPUT_SUPPRESS_REQUEST=0)
Warning,31/07/2018 20:24:10,Win32k,701,None,Power Manager has not requested suppresion of all input (INPUT_SUPPRESS_REQUEST=0)
Error,31/07/2018 18:50:09,Microsoft-Windows-DistributedCOM,10010,None,The server {995C996E-D918-4A8C-A302-45719A6F4EA7} did not register with DCOM within the required timeout.
Error,31/07/2018 18:47:45,Microsoft-Windows-DistributedCOM,10010,None,The server {995C996E-D918-4A8C-A302-45719A6F4EA7} did not register with DCOM within the required timeout.
Error,31/07/2018 18:45:16,Microsoft-Windows-DistributedCOM,10010,None,The server {995C996E-D918-4A8C-A302-45719A6F4EA7} did not register with DCOM within the required timeout.
Error,31/07/2018 18:42:23,Microsoft-Windows-DistributedCOM,10010,None,The server {995C996E-D918-4A8C-A302-45719A6F4EA7} did not register with DCOM within the required timeout.
Error,31/07/2018 18:40:00,Microsoft-Windows-DistributedCOM,10010,None,The server {995C996E-D918-4A8C-A302-45719A6F4EA7} did not register with DCOM within the required timeout.
Error,31/07/2018 18:37:36,Microsoft-Windows-DistributedCOM,10010,None,The server {995C996E-D918-4A8C-A302-45719A6F4EA7} did not register with DCOM within the required timeout.
Error,31/07/2018 18:16:18,Microsoft-Windows-DistributedCOM,10010,None,The server {995C996E-D918-4A8C-A302-45719A6F4EA7} did not register with DCOM within the required timeout.
Error,31/07/2018 18:13:54,Microsoft-Windows-DistributedCOM,10010,None,The server {995C996E-D918-4A8C-A302-45719A6F4EA7} did not register with DCOM within the required timeout.
Error,31/07/2018 18:11:31,Microsoft-Windows-DistributedCOM,10010,None,The server {995C996E-D918-4A8C-A302-45719A6F4EA7} did not register with DCOM within the required timeout.
Error,31/07/2018 18:09:24,Microsoft-Windows-DistributedCOM,10010,None,The server {995C996E-D918-4A8C-A302-45719A6F4EA7} did not register with DCOM within the required timeout.
