Information,06/06/2018 10:30:56,Microsoft-Windows-UserPnp,20001,(7005),Driver Management concluded the process to install driver bthleenum.inf_amd64_d3624efe54cb4499 for Device Instance ID BTHLEDEVICE\{0000180A-0000-1000-8000-00805F9B34FB}_DEV_VID&02045E_PID&090E_REV&002F_EA65D4911D6F\8&30FC1B48&1&000C with the following status: 0x0.
Information,06/06/2018 10:30:56,Microsoft-Windows-UserPnp,20003,(7005),Driver Management has concluded the process to add Service UmPass for Device Instance ID BTHLEDEVICE\{0000180A-0000-1000-8000-00805F9B34FB}_DEV_VID&02045E_PID&090E_REV&002F_EA65D4911D6F\8&30FC1B48&1&000C with the following status: 0.
Information,06/06/2018 10:30:56,Microsoft-Windows-UserPnp,20001,(7005),Driver Management concluded the process to install driver bthleenum.inf_amd64_d3624efe54cb4499 for Device Instance ID BTHLEDEVICE\{00010000-0000-1000-8000-011F2000046D}_DEV_VID&02046D_PID&B34C_REV&0007_D691FACB7710\8&24FFCA3F&0&0042 with the following status: 0x0.
Information,06/06/2018 10:30:56,Microsoft-Windows-UserPnp,20003,(7005),Driver Management has concluded the process to add Service UmPass for Device Instance ID BTHLEDEVICE\{00010000-0000-1000-8000-011F2000046D}_DEV_VID&02046D_PID&B34C_REV&0007_D691FACB7710\8&24FFCA3F&0&0042 with the following status: 0.
Information,06/06/2018 10:30:56,Microsoft-Windows-UserPnp,20001,(7005),Driver Management concluded the process to install driver bthleenum.inf_amd64_d3624efe54cb4499 for Device Instance ID BTHLEDEVICE\{0000180F-0000-1000-8000-00805F9B34FB}_DEV_VID&02046D_PID&B34C_REV&0007_D691FACB7710\8&24FFCA3F&0&001B with the following status: 0x0.
Information,06/06/2018 10:30:56,Microsoft-Windows-UserPnp,20003,(7005),Driver Management has concluded the process to add Service UmPass for Device Instance ID BTHLEDEVICE\{0000180F-0000-1000-8000-00805F9B34FB}_DEV_VID&02046D_PID&B34C_REV&0007_D691FACB7710\8&24FFCA3F&0&001B with the following status: 0.
Information,06/06/2018 10:30:56,Microsoft-Windows-UserPnp,20001,(7005),Driver Management concluded the process to install driver bthleenum.inf_amd64_d3624efe54cb4499 for Device Instance ID BTHLEDEVICE\{0000180A-0000-1000-8000-00805F9B34FB}_DEV_VID&02046D_PID&B34C_REV&0007_D691FACB7710\8&24FFCA3F&0&000C with the following status: 0x0.
Information,06/06/2018 10:30:55,Microsoft-Windows-UserPnp,20003,(7005),Driver Management has concluded the process to add Service UmPass for Device Instance ID BTHLEDEVICE\{0000180A-0000-1000-8000-00805F9B34FB}_DEV_VID&02046D_PID&B34C_REV&0007_D691FACB7710\8&24FFCA3F&0&000C with the following status: 0.
Information,06/06/2018 10:30:55,Microsoft-Windows-UserPnp,20001,(7005),Driver Management concluded the process to install driver bthleenum.inf_amd64_d3624efe54cb4499 for Device Instance ID BTHLEDEVICE\{00001801-0000-1000-8000-00805F9B34FB}_DEV_VID&02046D_PID&B34C_REV&0007_D691FACB7710\8&24FFCA3F&0&0008 with the following status: 0x0.
Information,06/06/2018 10:30:55,Microsoft-Windows-UserPnp,20003,(7005),Driver Management has concluded the process to add Service UmPass for Device Instance ID BTHLEDEVICE\{00001801-0000-1000-8000-00805F9B34FB}_DEV_VID&02046D_PID&B34C_REV&0007_D691FACB7710\8&24FFCA3F&0&0008 with the following status: 0.
Information,06/06/2018 10:30:55,Microsoft-Windows-UserPnp,20001,(7005),Driver Management concluded the process to install driver bthleenum.inf_amd64_d3624efe54cb4499 for Device Instance ID BTHLEDEVICE\{00001800-0000-1000-8000-00805F9B34FB}_DEV_VID&02046D_PID&B34C_REV&0007_D691FACB7710\8&24FFCA3F&0&0001 with the following status: 0x0.
Information,06/06/2018 10:30:55,Microsoft-Windows-UserPnp,20003,(7005),Driver Management has concluded the process to add Service UmPass for Device Instance ID BTHLEDEVICE\{00001800-0000-1000-8000-00805F9B34FB}_DEV_VID&02046D_PID&B34C_REV&0007_D691FACB7710\8&24FFCA3F&0&0001 with the following status: 0.
Information,06/06/2018 10:30:55,Microsoft-Windows-UserPnp,20001,(7005),Driver Management concluded the process to install driver bthleenum.inf_amd64_d3624efe54cb4499 for Device Instance ID BTHLEDEVICE\{0000180F-0000-1000-8000-00805F9B34FB}_DEV_VID&02045E_PID&0919_REV&0110_E6330962E238\8&2880EB97&0&000E with the following status: 0x0.
Information,06/06/2018 10:30:55,Microsoft-Windows-UserPnp,20003,(7005),Driver Management has concluded the process to add Service UmPass for Device Instance ID BTHLEDEVICE\{0000180F-0000-1000-8000-00805F9B34FB}_DEV_VID&02045E_PID&0919_REV&0110_E6330962E238\8&2880EB97&0&000E with the following status: 0.
Information,06/06/2018 10:30:55,Microsoft-Windows-UserPnp,20001,(7005),Driver Management concluded the process to install driver bthleenum.inf_amd64_d3624efe54cb4499 for Device Instance ID BTHLEDEVICE\{0000180A-0000-1000-8000-00805F9B34FB}_DEV_VID&02045E_PID&0919_REV&0110_E6330962E238\8&2880EB97&0&0009 with the following status: 0x0.
Information,06/06/2018 10:30:55,Microsoft-Windows-UserPnp,20003,(7005),Driver Management has concluded the process to add Service UmPass for Device Instance ID BTHLEDEVICE\{0000180A-0000-1000-8000-00805F9B34FB}_DEV_VID&02045E_PID&0919_REV&0110_E6330962E238\8&2880EB97&0&0009 with the following status: 0.
Information,06/06/2018 10:30:54,Microsoft-Windows-UserPnp,20001,(7005),Driver Management concluded the process to install driver bthleenum.inf_amd64_d3624efe54cb4499 for Device Instance ID BTHLEDEVICE\{00001800-0000-1000-8000-00805F9B34FB}_DEV_VID&02045E_PID&0919_REV&0110_E6330962E238\8&2880EB97&0&0001 with the following status: 0x0.
Information,06/06/2018 10:30:54,Microsoft-Windows-UserPnp,20003,(7005),Driver Management has concluded the process to add Service UmPass for Device Instance ID BTHLEDEVICE\{00001800-0000-1000-8000-00805F9B34FB}_DEV_VID&02045E_PID&0919_REV&0110_E6330962E238\8&2880EB97&0&0001 with the following status: 0.
Information,06/06/2018 10:30:54,Microsoft-Windows-UserPnp,20001,(7005),Driver Management concluded the process to install driver bthleenum.inf_amd64_d3624efe54cb4499 for Device Instance ID BTHLEDEVICE\{00001801-0000-1000-8000-00805F9B34FB}_DEV_VID&02045E_PID&0919_REV&0110_E6330962E238\8&2880EB97&0&0008 with the following status: 0x0.
Information,06/06/2018 10:30:54,Microsoft-Windows-UserPnp,20003,(7005),Driver Management has concluded the process to add Service UmPass for Device Instance ID BTHLEDEVICE\{00001801-0000-1000-8000-00805F9B34FB}_DEV_VID&02045E_PID&0919_REV&0110_E6330962E238\8&2880EB97&0&0008 with the following status: 0.
Information,06/06/2018 10:30:54,Microsoft-Windows-UserPnp,20001,(7005),Driver Management concluded the process to install driver wdma_bt.inf_amd64_b77323602769272d for Device Instance ID BTHHFENUM\BTHHFPAUDIO\8&74EBF92&3&97 with the following status: 0x0.
Information,06/06/2018 10:30:54,Microsoft-Windows-UserPnp,20003,(7005),Driver Management has concluded the process to add Service BthHFAud for Device Instance ID BTHHFENUM\BTHHFPAUDIO\8&74EBF92&3&97 with the following status: 0.
Information,06/06/2018 10:30:54,Microsoft-Windows-UserPnp,20001,(7005),Driver Management concluded the process to install driver wdma_bt.inf_amd64_b77323602769272d for Device Instance ID BTHHFENUM\BTHHFPAUDIO\8&14C0782F&0&97 with the following status: 0x0.
Information,06/06/2018 10:30:54,Microsoft-Windows-UserPnp,20003,(7005),Driver Management has concluded the process to add Service BthHFAud for Device Instance ID BTHHFENUM\BTHHFPAUDIO\8&14C0782F&0&97 with the following status: 0.
Information,06/06/2018 10:30:54,Service Control Manager,7045,None,"A service was installed in the system.

Service Name:  Bluetooth Hands-Free
Service File Name:  \SystemRoot\system32\DRIVERS\BthHfAud.sys
Service Type:  kernel mode driver
Service Start Type:  demand start
Service Account:  "
Information,06/06/2018 10:30:53,Microsoft-Windows-UserPnp,20001,(7005),Driver Management concluded the process to install driver bth.inf_amd64_8da204911a2a1287 for Device Instance ID BTHENUM\DEV_0452C78F9C1D\7&297C82F3&0&BLUETOOTHDEVICE_0452C78F9C1D with the following status: 0x0.
Information,06/06/2018 10:30:53,Microsoft-Windows-UserPnp,20001,(7005),Driver Management concluded the process to install driver bth.inf_amd64_8da204911a2a1287 for Device Instance ID BTHENUM\DEV_001122334845\7&297C82F3&0&BLUETOOTHDEVICE_001122334845 with the following status: 0x0.
Information,06/06/2018 10:30:53,Microsoft-Windows-UserPnp,20001,(7005),Driver Management concluded the process to install driver microsoft_bluetooth_avrcptransport.inf_amd64_040eb831d8fcb9e4 for Device Instance ID BTHENUM\{0000110E-0000-1000-8000-00805F9B34FB}_VID&0001009E_PID&4012\7&297C82F3&0&0452C78F9C1D_C00000000 with the following status: 0x0.
Information,06/06/2018 10:30:53,Microsoft-Windows-UserPnp,20003,(7005),Driver Management has concluded the process to add Service Microsoft_Bluetooth_AvrcpTransport for Device Instance ID BTHENUM\{0000110E-0000-1000-8000-00805F9B34FB}_VID&0001009E_PID&4012\7&297C82F3&0&0452C78F9C1D_C00000000 with the following status: 0.
Information,06/06/2018 10:30:53,Microsoft-Windows-UserPnp,20001,(7005),Driver Management concluded the process to install driver microsoft_bluetooth_avrcptransport.inf_amd64_040eb831d8fcb9e4 for Device Instance ID BTHENUM\{0000110E-0000-1000-8000-00805F9B34FB}_LOCALMFG&0048\7&297C82F3&0&001122334845_C00000000 with the following status: 0x0.
Information,06/06/2018 10:30:53,Microsoft-Windows-UserPnp,20003,(7005),Driver Management has concluded the process to add Service Microsoft_Bluetooth_AvrcpTransport for Device Instance ID BTHENUM\{0000110E-0000-1000-8000-00805F9B34FB}_LOCALMFG&0048\7&297C82F3&0&001122334845_C00000000 with the following status: 0.
Information,06/06/2018 10:30:53,Microsoft-Windows-UserPnp,20001,(7005),Driver Management concluded the process to install driver microsoft_bluetooth_avrcptransport.inf_amd64_040eb831d8fcb9e4 for Device Instance ID BTHENUM\{0000110C-0000-1000-8000-00805F9B34FB}_VID&0001009E_PID&4012\7&297C82F3&0&0452C78F9C1D_C00000000 with the following status: 0x0.
Information,06/06/2018 10:30:53,Microsoft-Windows-UserPnp,20003,(7005),Driver Management has concluded the process to add Service Microsoft_Bluetooth_AvrcpTransport for Device Instance ID BTHENUM\{0000110C-0000-1000-8000-00805F9B34FB}_VID&0001009E_PID&4012\7&297C82F3&0&0452C78F9C1D_C00000000 with the following status: 0.
Information,06/06/2018 10:30:53,Microsoft-Windows-UserPnp,20001,(7005),Driver Management concluded the process to install driver microsoft_bluetooth_avrcptransport.inf_amd64_040eb831d8fcb9e4 for Device Instance ID BTHENUM\{0000110C-0000-1000-8000-00805F9B34FB}_LOCALMFG&0048\7&297C82F3&0&001122334845_C00000000 with the following status: 0x0.
Information,06/06/2018 10:30:53,Microsoft-Windows-UserPnp,20003,(7005),Driver Management has concluded the process to add Service Microsoft_Bluetooth_AvrcpTransport for Device Instance ID BTHENUM\{0000110C-0000-1000-8000-00805F9B34FB}_LOCALMFG&0048\7&297C82F3&0&001122334845_C00000000 with the following status: 0.
Information,06/06/2018 10:30:53,Service Control Manager,7045,None,"A service was installed in the system.

Service Name:  Microsoft Bluetooth Avrcp Transport Driver
Service File Name:  \SystemRoot\system32\DRIVERS\Microsoft.Bluetooth.AvrcpTransport.sys
Service Type:  kernel mode driver
Service Start Type:  demand start
Service Account:  "
Information,06/06/2018 10:30:53,Microsoft-Windows-UserPnp,20001,(7005),Driver Management concluded the process to install driver wdma_bt.inf_amd64_b77323602769272d for Device Instance ID BTHENUM\{0000110B-0000-1000-8000-00805F9B34FB}_VID&0001009E_PID&4012\7&297C82F3&0&0452C78F9C1D_C00000000 with the following status: 0x0.
Information,06/06/2018 10:30:52,Microsoft-Windows-UserPnp,20003,(7005),Driver Management has concluded the process to add Service BthA2DP for Device Instance ID BTHENUM\{0000110B-0000-1000-8000-00805F9B34FB}_VID&0001009E_PID&4012\7&297C82F3&0&0452C78F9C1D_C00000000 with the following status: 0.
Information,06/06/2018 10:30:52,Microsoft-Windows-UserPnp,20001,(7005),Driver Management concluded the process to install driver wdma_bt.inf_amd64_b77323602769272d for Device Instance ID BTHENUM\{0000110B-0000-1000-8000-00805F9B34FB}_LOCALMFG&0048\7&297C82F3&0&001122334845_C00000000 with the following status: 0x0.
Information,06/06/2018 10:30:52,Microsoft-Windows-UserPnp,20003,(7005),Driver Management has concluded the process to add Service BthA2DP for Device Instance ID BTHENUM\{0000110B-0000-1000-8000-00805F9B34FB}_LOCALMFG&0048\7&297C82F3&0&001122334845_C00000000 with the following status: 0.
Information,06/06/2018 10:30:52,Service Control Manager,7045,None,"A service was installed in the system.

Service Name:  Bluetooth Stereo
Service File Name:  \SystemRoot\system32\drivers\BthA2DP.sys
Service Type:  kernel mode driver
Service Start Type:  demand start
Service Account:  "
Information,06/06/2018 10:30:52,Microsoft-Windows-UserPnp,20001,(7005),Driver Management concluded the process to install driver bthleenum.inf_amd64_d3624efe54cb4499 for Device Instance ID BTHLE\DEV_EA65D4911D6F\7&1FE13B14&0&EA65D4911D6F with the following status: 0x0.
Information,06/06/2018 10:30:52,Microsoft-Windows-UserPnp,20003,(7005),Driver Management has concluded the process to add Service BthLEEnum for Device Instance ID BTHLE\DEV_EA65D4911D6F\7&1FE13B14&0&EA65D4911D6F with the following status: 0.
Information,06/06/2018 10:30:52,Microsoft-Windows-UserPnp,20001,(7005),Driver Management concluded the process to install driver bthleenum.inf_amd64_d3624efe54cb4499 for Device Instance ID BTHLE\DEV_D691FACB7710\7&1FE13B14&0&D691FACB7710 with the following status: 0x0.
Information,06/06/2018 10:30:52,Microsoft-Windows-UserPnp,20003,(7005),Driver Management has concluded the process to add Service BthLEEnum for Device Instance ID BTHLE\DEV_D691FACB7710\7&1FE13B14&0&D691FACB7710 with the following status: 0.
Information,06/06/2018 10:30:51,Microsoft-Windows-UserPnp,20001,(7005),Driver Management concluded the process to install driver bthleenum.inf_amd64_d3624efe54cb4499 for Device Instance ID BTHLE\DEV_E6330962E238\7&1FE13B14&0&E6330962E238 with the following status: 0x0.
Information,06/06/2018 10:30:51,Microsoft-Windows-UserPnp,20003,(7005),Driver Management has concluded the process to add Service BthLEEnum for Device Instance ID BTHLE\DEV_E6330962E238\7&1FE13B14&0&E6330962E238 with the following status: 0.
Information,06/06/2018 10:30:51,Service Control Manager,7040,None,The start type of the Microsoft Passport Container service was changed from disabled to demand start.
Information,06/06/2018 10:30:51,Service Control Manager,7040,None,The start type of the Microsoft Passport Container service was changed from demand start to disabled.
Information,06/06/2018 10:30:51,Microsoft-Windows-UserPnp,20001,(7005),Driver Management concluded the process to install driver bth.inf_amd64_8da204911a2a1287 for Device Instance ID BTH\MS_BTHBRB\6&E3528ED&0&1 with the following status: 0x0.
Information,06/06/2018 10:30:51,Microsoft-Windows-UserPnp,20003,(7005),Driver Management has concluded the process to add Service BthEnum for Device Instance ID BTH\MS_BTHBRB\6&E3528ED&0&1 with the following status: 0.
Information,06/06/2018 10:30:51,Microsoft-Windows-UserPnp,20001,(7005),Driver Management concluded the process to install driver bthleenum.inf_amd64_d3624efe54cb4499 for Device Instance ID BTH\MS_BTHLE\6&E3528ED&0&0 with the following status: 0x0.
Information,06/06/2018 10:30:51,Microsoft-Windows-UserPnp,20003,(7005),Driver Management has concluded the process to add Service BthLEEnum for Device Instance ID BTH\MS_BTHLE\6&E3528ED&0&0 with the following status: 0.
Information,06/06/2018 10:30:51,Service Control Manager,7045,None,"A service was installed in the system.

Service Name:  Bluetooth Low Energy Driver
Service File Name:  \SystemRoot\system32\DRIVERS\Microsoft.Bluetooth.Legacy.LEEnumerator.sys
Service Type:  kernel mode driver
Service Start Type:  demand start
Service Account:  "
Information,06/06/2018 10:30:50,Microsoft-Windows-UserPnp,20001,(7005),Driver Management concluded the process to install driver tdibth.inf_amd64_cfb883efbdd1ed30 for Device Instance ID BTH\MS_RFCOMM\6&E3528ED&0&0 with the following status: 0x0.
Information,06/06/2018 10:30:50,Service Control Manager,7045,None,"A service was installed in the system.

Service Name:  Bluetooth Enumerator Service
Service File Name:  \SystemRoot\System32\drivers\BthEnum.sys
Service Type:  kernel mode driver
Service Start Type:  demand start
Service Account:  "
Information,06/06/2018 10:30:50,Service Control Manager,7045,None,"A service was installed in the system.

Service Name:  Bluetooth Device (RFCOMM Protocol TDI)
Service File Name:  \SystemRoot\System32\drivers\rfcomm.sys
Service Type:  kernel mode driver
Service Start Type:  demand start
Service Account:  "
Information,06/06/2018 10:30:50,Microsoft-Windows-UserPnp,20001,(7005),Driver Management concluded the process to install driver bthpan.inf_amd64_b738ad08120db36f for Device Instance ID BTH\MS_BTHPAN\6&E3528ED&0&2 with the following status: 0x0.
Information,06/06/2018 10:30:50,Service Control Manager,7045,None,"A service was installed in the system.

Service Name:  Bluetooth Device (Personal Area Network)
Service File Name:  \SystemRoot\System32\drivers\bthpan.sys
Service Type:  kernel mode driver
Service Start Type:  demand start
Service Account:  "
Information,06/06/2018 10:30:50,Microsoft-Windows-Kernel-Power,520,(218),The brightness on this system is managed by high-precision brightness aware service.
Warning,06/06/2018 10:30:50,BTHUSB,34,None,The local adapter does not support an important Low Energy controller state to support peripheral mode. The minimum required supported state mask is 0x491f7fffff; got 0x1fffffff. Low Energy peripheral role functionality will not be available.
Information,06/06/2018 10:30:50,BTHUSB,18,None,Windows cannot store Bluetooth authentication codes (link keys) on the local adapter. Bluetooth keyboards might not work in the system BIOS during start-up.
Information,06/06/2018 10:30:50,Microsoft-Windows-UserPnp,20001,(7005),Driver Management concluded the process to install driver netvwifimp.inf_amd64_5307866ce7e95a7b for Device Instance ID {5D624F94-8850-40C3-A3FA-A4FD2080BAF3}\VWIFIMP_WFD\5&2872636&0&11 with the following status: 0x0.
Information,06/06/2018 10:30:50,Service Control Manager,7045,None,"A service was installed in the system.

Service Name:  Virtual WiFi Miniport Service
Service File Name:  \SystemRoot\System32\drivers\vwifimp.sys
Service Type:  kernel mode driver
Service Start Type:  demand start
Service Account:  "
Information,06/06/2018 10:30:50,Microsoft-Windows-UserPnp,20001,(7005),Driver Management concluded the process to install driver mbtr8897w81x64.inf_amd64_0d8225e7d2696ece for Device Instance ID USB\VID_1286&PID_204C\0000000000000000 with the following status: 0x0.
Information,06/06/2018 10:30:50,Microsoft-Windows-UserPnp,20003,(7005),Driver Management has concluded the process to add Service BTHPORT for Device Instance ID USB\VID_1286&PID_204C\0000000000000000 with the following status: 0.
Information,06/06/2018 10:30:50,Service Control Manager,7045,None,"A service was installed in the system.

Service Name:  Bluetooth Port Driver
Service File Name:  \SystemRoot\system32\DRIVERS\BTHport.sys
Service Type:  kernel mode driver
Service Start Type:  demand start
Service Account:  "
Information,06/06/2018 10:30:50,Microsoft-Windows-UserPnp,20003,(7005),Driver Management has concluded the process to add Service BTHUSB for Device Instance ID USB\VID_1286&PID_204C\0000000000000000 with the following status: 0.
Information,06/06/2018 10:30:50,Service Control Manager,7045,None,"A service was installed in the system.

Service Name:  Bluetooth Radio USB Driver
Service File Name:  \SystemRoot\system32\DRIVERS\BTHUSB.sys
Service Type:  kernel mode driver
Service Start Type:  demand start
Service Account:  "
Information,06/06/2018 10:30:49,Microsoft-Windows-UserPnp,20001,(7005),Driver Management concluded the process to install driver sensorshidclassdriver.inf_amd64_5caf03cdbd19cd3d for Device Instance ID HID\MSHW0030&COL01\5&294F3B18&0&0000 with the following status: 0x0.
Information,06/06/2018 10:30:49,Service Control Manager,7045,None,"A service was installed in the system.

Service Name:  UMDF Reflector service for Sensors HID Class Driver
Service File Name:  \SystemRoot\System32\drivers\WUDFRd.sys
Service Type:  kernel mode driver
Service Start Type:  demand start
Service Account:  "
Information,06/06/2018 10:30:49,Microsoft-Windows-UserPnp,20001,(7005),Driver Management concluded the process to install driver surfacebutton.inf_amd64_01ce55291881f67a for Device Instance ID ACPI\MSHW0040\5&2890D699&0 with the following status: 0x0.
Information,06/06/2018 10:30:49,Microsoft-Windows-UserPnp,20003,(7005),Driver Management has concluded the process to add Service SurfaceButton for Device Instance ID ACPI\MSHW0040\5&2890D699&0 with the following status: 0.
Information,06/06/2018 10:30:49,Microsoft-Windows-Kernel-Power,521,(220),Active battery count change.
Information,06/06/2018 10:30:48,Microsoft-Windows-UserPnp,20001,(7005),Driver Management concluded the process to install driver surfaceacpibattery.inf_amd64_4c30eca9702fc377 for Device Instance ID ACPI\PNP0C0A\2 with the following status: 0x0.
Information,06/06/2018 10:30:48,Microsoft-Windows-Kernel-Power,521,(220),Active battery count change.
Information,06/06/2018 10:30:48,Microsoft-Windows-UserPnp,20003,(7005),Driver Management has concluded the process to add Service CmBatt for Device Instance ID ACPI\PNP0C0A\2 with the following status: 0.
Information,06/06/2018 10:30:48,Microsoft-Windows-Kernel-Power,521,(220),Active battery count change.
Information,06/06/2018 10:30:48,Microsoft-Windows-UserPnp,20001,(7005),Driver Management concluded the process to install driver surfaceacpibattery.inf_amd64_4c30eca9702fc377 for Device Instance ID ACPI\PNP0C0A\1 with the following status: 0x0.
Information,06/06/2018 10:30:48,Microsoft-Windows-Kernel-Power,521,(220),Active battery count change.
Information,06/06/2018 10:30:48,Microsoft-Windows-UserPnp,20003,(7005),Driver Management has concluded the process to add Service CmBatt for Device Instance ID ACPI\PNP0C0A\1 with the following status: 0.
Information,06/06/2018 10:30:48,Microsoft-Windows-UserPnp,20001,(7005),Driver Management concluded the process to install driver iacamera64.inf_amd64_f9c787ce70961fef for Device Instance ID DISPLAY\INT3470\4&1835D135&0&UID13424 with the following status: 0x0.
Information,06/06/2018 10:30:48,Microsoft-Windows-UserPnp,20003,(7005),Driver Management has concluded the process to add Service iacamera64 for Device Instance ID DISPLAY\INT3470\4&1835D135&0&UID13424 with the following status: 0.
Information,06/06/2018 10:30:48,Service Control Manager,7045,None,"A service was installed in the system.

Service Name:  Intel(R) AVStream Camera 2500
Service File Name:  \SystemRoot\system32\DRIVERS\iacamera64.sys
Service Type:  kernel mode driver
Service Start Type:  demand start
Service Account:  "
Information,06/06/2018 10:30:46,Microsoft-Windows-UserPnp,20001,(7005),Driver Management concluded the process to install driver surfacecamerawindowshello.inf_amd64_c1713e6a0a684851 for Device Instance ID ACPI\MSHW0085\4&249E349&0 with the following status: 0x0.
Information,06/06/2018 10:30:44,Microsoft-Windows-UserPnp,20001,(7005),Driver Management concluded the process to install driver mrvlpcie8897.inf_amd64_07fc330c5a5730ca for Device Instance ID PCI\VEN_11AB&DEV_2B38&SUBSYS_045E0004&REV_00\4&1A5036A5&0&00EB with the following status: 0x0.
Information,06/06/2018 10:30:44,Service Control Manager,7045,None,"A service was installed in the system.

Service Name:  mrvlpcie8897
Service File Name:  \SystemRoot\System32\drivers\mrvlpcie8897.sys
Service Type:  kernel mode driver
Service Start Type:  demand start
Service Account:  "
Information,06/06/2018 10:30:44,Microsoft-Windows-UserPnp,20001,(7005),Driver Management concluded the process to install driver ov7251.inf_amd64_3f1637ce9c7041b5 for Device Instance ID ACPI\INT347E\0 with the following status: 0x0.
Information,06/06/2018 10:30:44,Microsoft-Windows-UserPnp,20003,(7005),Driver Management has concluded the process to add Service ov7251 for Device Instance ID ACPI\INT347E\0 with the following status: 0.
Information,06/06/2018 10:30:44,Microsoft-Windows-UserPnp,20001,(7005),Driver Management concluded the process to install driver hdxsstm.inf_amd64_8391892ae4f42ef1 for Device Instance ID INTELAUDIO\FUNC_01&VEN_10EC&DEV_0298&SUBSYS_10EC1072&REV_1001\4&A4C0FCF&0&0001 with the following status: 0x0.
Information,06/06/2018 10:30:41,Microsoft-Windows-UserPnp,20003,(7005),Driver Management has concluded the process to add Service IntcAzAudAddService for Device Instance ID INTELAUDIO\FUNC_01&VEN_10EC&DEV_0298&SUBSYS_10EC1072&REV_1001\4&A4C0FCF&0&0001 with the following status: 0.
Information,06/06/2018 10:30:41,Service Control Manager,7045,None,"A service was installed in the system.

Service Name:  Service for Realtek HD Audio (WDM)
Service File Name:  \SystemRoot\system32\drivers\RTKVHD64.sys
Service Type:  kernel mode driver
Service Start Type:  demand start
Service Account:  "
Information,06/06/2018 10:30:39,Microsoft-Windows-UserPnp,20001,(7005),Driver Management concluded the process to install driver surfacependriver.inf_amd64_f320f479f56e9e7e for Device Instance ID HID\VEN_8086&DEV_9D3E&SUBSYS_00000000&REV_21&COL03\4&F87CE30&0&0002 with the following status: 0x0.
Information,06/06/2018 10:30:39,Microsoft-Windows-UserPnp,20003,(7005),Driver Management has concluded the process to add Service SurfacePenDriver for Device Instance ID HID\VEN_8086&DEV_9D3E&SUBSYS_00000000&REV_21&COL03\4&F87CE30&0&0002 with the following status: 0.
Information,06/06/2018 10:30:39,Microsoft-Windows-UserPnp,20001,(7005),Driver Management concluded the process to install driver nvmso.inf_amd64_b89aa41766002e30 for Device Instance ID PCI\VEN_10DE&DEV_1427&SUBSYS_00081414&REV_A1\4&25BACB6&0&00E0 with the following status: 0x0.
Information,06/06/2018 10:30:24,Service Control Manager,7045,None,"A service was installed in the system.

Service Name:  NVIDIA Display Container LS
Service File Name:  ""C:\Program Files\NVIDIA Corporation\Display.NvContainer\NVDisplay.Container.exe"" -s NVDisplay.ContainerLocalSystem -f ""C:\ProgramData\NVIDIA\NVDisplay.ContainerLocalSystem.log"" -l 3 -d ""C:\Program Files\NVIDIA Corporation\Display.NvContainer\plugins\LocalSystem"" -r -p 30000
Service Type:  user mode service
Service Start Type:  auto start
Service Account:  LocalSystem"
Error,06/06/2018 10:30:00,Service Control Manager,7030,None,"The Printer Extensions and Notifications service is marked as an interactive service. However, the system is configured to not allow interactive services. This service may not function properly."
Information,06/06/2018 10:30:00,Service Control Manager,7045,None,"A service was installed in the system.

Service Name:  Printer Extensions and Notifications
Service File Name:  %SystemRoot%\system32\svchost.exe -k print
Service Type:  user mode service
Service Start Type:  demand start
Service Account:  LocalSystem"
Information,06/06/2018 10:29:55,Microsoft-Windows-UserModePowerService,22,(18),Reapply power settings upon completion of the provisioning engine's turn 5
Information,06/06/2018 10:29:41,Microsoft-Windows-UserPnp,20003,(7005),Driver Management has concluded the process to add Service nvlddmkm for Device Instance ID PCI\VEN_10DE&DEV_1427&SUBSYS_00081414&REV_A1\4&25BACB6&0&00E0 with the following status: 0.
Information,06/06/2018 10:29:41,Service Control Manager,7045,None,"A service was installed in the system.

Service Name:  nvlddmkm
Service File Name:  \SystemRoot\System32\DriverStore\FileRepository\nvmso.inf_amd64_b89aa41766002e30\nvlddmkm.sys
Service Type:  kernel mode driver
Service Start Type:  demand start
Service Account:  "
Information,06/06/2018 10:29:19,Microsoft-Windows-UserPnp,20001,(7005),Driver Management concluded the process to install driver heci.inf_amd64_77f0a47042cd4a88 for Device Instance ID PCI\VEN_8086&DEV_9D3A&SUBSYS_72708086&REV_21\3&11583659&0&B0 with the following status: 0x0.
Information,06/06/2018 10:29:19,MEIx64,2,None,Intel(R) Management Engine Interface driver has started successfully.
Warning,06/06/2018 10:29:19,MEIx64,4,None,The Intel(R) Management Engine Interface is being disabled.
Information,06/06/2018 10:29:19,Microsoft-Windows-UserPnp,20001,(7005),Driver Management concluded the process to install driver intcaudiobus.inf_amd64_cd10217913076fbb for Device Instance ID PCI\VEN_8086&DEV_9D70&SUBSYS_72708086&REV_21\3&11583659&0&FB with the following status: 0x0.
Information,06/06/2018 10:29:18,Microsoft-Windows-Kernel-General,16,None,The access history in hive \??\C:\ProgramData\Microsoft\Provisioning\Microsoft-Desktop-Provisioning-Sequence.dat was cleared updating 0 keys and creating 0 modified pages.
Information,06/06/2018 10:29:18,Microsoft-Windows-UserPnp,20001,(7005),Driver Management concluded the process to install driver csi2hostcontrollerdriver.inf_amd64_80940f6c0475328e for Device Instance ID PCI\VEN_8086&DEV_9D32&SUBSYS_72708086&REV_01\3&11583659&0&A3 with the following status: 0x0.
Information,06/06/2018 10:29:18,Service Control Manager,7040,None,The start type of the Surface Integration Service service was changed from demand start to auto start.
Information,06/06/2018 10:29:18,Microsoft-Windows-UserPnp,20001,(7005),Driver Management concluded the process to install driver surfaceservicenulldriver.inf_amd64_e5014610c65f2282 for Device Instance ID {98DE32A9-5D44-419E-B67D-66072BCEF58B}\SISD_DEVICE\3&1F375C2&0&1 with the following status: 0x0.
Information,06/06/2018 10:29:18,Microsoft-Windows-UserPnp,20003,(7005),Driver Management has concluded the process to add Service SurfaceService for Device Instance ID {98DE32A9-5D44-419E-B67D-66072BCEF58B}\SISD_DEVICE\3&1F375C2&0&1 with the following status: 0.
Information,06/06/2018 10:29:18,Microsoft-Windows-UserPnp,20001,(7005),Driver Management concluded the process to install driver 64gh4811.inf_amd64_f02d96a3e7a6ed57 for Device Instance ID PCI\VEN_8086&DEV_1916&SUBSYS_00141414&REV_07\3&11583659&0&10 with the following status: 0x0.
Information,06/06/2018 10:29:17,Microsoft-Windows-UserPnp,20003,(7005),Driver Management has concluded the process to add Service cplspcon for Device Instance ID PCI\VEN_8086&DEV_1916&SUBSYS_00141414&REV_07\3&11583659&0&10 with the following status: 0.
Information,06/06/2018 10:29:17,Service Control Manager,7045,None,"A service was installed in the system.

Service Name:  Intel(R) Content Protection HDCP Service
Service File Name:  %SystemRoot%\System32\DriverStore\FileRepository\64gh4811.inf_amd64_f02d96a3e7a6ed57\IntelCpHDCPSvc.exe
Service Type:  user mode service
Service Start Type:  auto start
Service Account:  LocalSystem"
Information,06/06/2018 10:29:17,Microsoft-Windows-UserPnp,20003,(7005),Driver Management has concluded the process to add Service cphs for Device Instance ID PCI\VEN_8086&DEV_1916&SUBSYS_00141414&REV_07\3&11583659&0&10 with the following status: 0.
Information,06/06/2018 10:29:17,Service Control Manager,7045,None,"A service was installed in the system.

Service Name:  Intel(R) Content Protection HECI Service
Service File Name:  %SystemRoot%\System32\DriverStore\FileRepository\64gh4811.inf_amd64_f02d96a3e7a6ed57\IntelCpHeciSvc.exe
Service Type:  user mode service
Service Start Type:  auto start
Service Account:  LocalSystem"
Information,06/06/2018 10:29:17,Microsoft-Windows-UserPnp,20003,(7005),Driver Management has concluded the process to add Service igfx for Device Instance ID PCI\VEN_8086&DEV_1916&SUBSYS_00141414&REV_07\3&11583659&0&10 with the following status: 0.
Information,06/06/2018 10:29:17,Service Control Manager,7045,None,"A service was installed in the system.

Service Name:  igfx
Service File Name:  \SystemRoot\System32\DriverStore\FileRepository\64gh4811.inf_amd64_f02d96a3e7a6ed57\igdkmd64.sys
Service Type:  kernel mode driver
Service Start Type:  demand start
Service Account:  "
Information,06/06/2018 10:29:14,Service Control Manager,7040,None,The start type of the Background Intelligent Transfer Service service was changed from demand start to auto start.
Information,06/06/2018 10:28:58,Microsoft-Windows-UserPnp,20001,(7005),Driver Management concluded the process to install driver surfaceec.inf_amd64_ef713e2f433c36f1 for Device Instance ID UEFI\RES_{22774A20-E21C-466B-905C-3583D74E873F}\0 with the following status: 0x0.
Information,06/06/2018 10:28:58,Microsoft-Windows-UserPnp,20001,(7005),Driver Management concluded the process to install driver surfaceme.inf_amd64_791254df1deab2ed for Device Instance ID UEFI\RES_{5E4A8510-E949-4789-A1BB-61712A3C2AF0}\0 with the following status: 0x0.
Information,06/06/2018 10:28:57,Microsoft-Windows-UserPnp,20001,(7005),Driver Management concluded the process to install driver surfaceuefi.inf_amd64_2726dcd3c3901a99 for Device Instance ID UEFI\RES_{0FC24D6E-E5A4-4297-8C6C-57D9873BBCFB}\0 with the following status: 0x0.
Information,06/06/2018 10:28:57,Microsoft-Windows-UserPnp,20001,(7005),Driver Management concluded the process to install driver surfacesam.inf_amd64_ad545955d74dfcad for Device Instance ID UEFI\RES_{ECD2803A-3501-4CBA-E21C-F6BB1B34AA20}\0 with the following status: 0x0.
Information,06/06/2018 10:28:57,Microsoft-Windows-UserPnp,20001,(7005),Driver Management concluded the process to install driver surfacedisplay.inf_amd64_24257a660df22bfb for Device Instance ID DISPLAY\MEI96A2\1&8713BCA&0&UID0 with the following status: 0x0.
Information,06/06/2018 10:28:57,Microsoft-Windows-UserPnp,20001,(7005),Driver Management concluded the process to install driver surfacetouch.inf_amd64_005fc16dbd14324c for Device Instance ID UEFI\RES_{1948245C-CE4C-414C-9830-20C366A45628}\0 with the following status: 0x0.
Information,06/06/2018 10:28:57,Microsoft-Windows-UserPnp,20001,(7005),Driver Management concluded the process to install driver nvvad.inf_amd64_ff7038151d93921b for Device Instance ID ROOT\UNNAMED_DEVICE\0000 with the following status: 0x0.
Information,06/06/2018 10:28:57,Microsoft-Windows-UserPnp,20003,(7005),Driver Management has concluded the process to add Service nvvad_WaveExtensible for Device Instance ID ROOT\UNNAMED_DEVICE\0000 with the following status: 0.
Information,06/06/2018 10:28:57,Service Control Manager,7045,None,"A service was installed in the system.

Service Name:  NVIDIA Virtual Audio Device (Wave Extensible) (WDM)
Service File Name:  \SystemRoot\system32\drivers\nvvad64v.sys
Service Type:  kernel mode driver
Service Start Type:  demand start
Service Account:  "
Information,06/06/2018 10:28:56,Microsoft-Windows-UserPnp,20001,(7005),Driver Management concluded the process to install driver surfacedtxdriver.inf_amd64_fe79baf2df228310 for Device Instance ID ACPI\MSHW0041\2&DABA3FF&1 with the following status: 0x0.
Warning,06/06/2018 10:28:29,Microsoft-Windows-Kernel-Processor-Power,37,(7),The speed of processor 3 in group 0 is being limited by system firmware. The processor has been in this reduced performance state for 71 seconds since the last report.
Information,06/06/2018 10:28:05,Microsoft-Windows-UserPnp,20003,(7005),Driver Management has concluded the process to add Service SurfaceDtxService for Device Instance ID ACPI\MSHW0041\2&DABA3FF&1 with the following status: 0.
Information,06/06/2018 10:28:05,Microsoft-Windows-UserPnp,20003,(7005),Driver Management has concluded the process to add Service WUDFRd for Device Instance ID ACPI\MSHW0041\2&DABA3FF&1 with the following status: 0.
Information,06/06/2018 10:28:05,Microsoft-Windows-DriverFrameworks-UserMode,10100,Installation or update of device drivers.,The driver package installation has succeeded.
Information,06/06/2018 10:28:05,Microsoft-Windows-DriverFrameworks-UserMode,10002,Installation or update of device drivers.,The UMDF service SurfaceDTXDriver (CLSID {00000000-0000-0000-0000-000000000000}) was upgraded.  It requires framework version 2.25.0 or higher.
Information,06/06/2018 10:28:05,Microsoft-Windows-DriverFrameworks-UserMode,10000,Installation or update of device drivers.,A driver package which uses user-mode driver framework version 2.25.0 is being installed on device ACPI\MSHW0041\2&DABA3FF&1.
Information,06/06/2018 10:28:05,Microsoft-Windows-UserPnp,20001,(7005),Driver Management concluded the process to install driver surfaceintegrationdriver.inf_amd64_95552c1580245fa8 for Device Instance ID ACPI\MSHW0080\2&DABA3FF&1 with the following status: 0x0.
Information,06/06/2018 10:28:05,Microsoft-Windows-UserPnp,20003,(7005),Driver Management has concluded the process to add Service SurfaceIntegrationDriver for Device Instance ID ACPI\MSHW0080\2&DABA3FF&1 with the following status: 0.
Information,06/06/2018 10:28:03,Microsoft-Windows-UserModePowerService,12,(10),Process C:\Windows\System32\SurfaceUsbHubFwUpdateService.exe (process ID:2888) reset policy scheme from {381B4222-F694-41F0-9685-FF5BB260DF2E} to {381B4222-F694-41F0-9685-FF5BB260DF2E}
Error,06/06/2018 10:28:00,Service Control Manager,7024,None,"The Intel(R) Audio Service service terminated with the following service-specific error: 
The operation completed successfully."
Information,06/06/2018 10:28:00,Microsoft-Windows-UserPnp,20001,(7005),Driver Management concluded the process to install driver surfacetpm.inf_amd64_7254e9e1a6e4297e for Device Instance ID UEFI\RES_{BB5D5498-5BC2-4DB7-BE46-2241083EB8AE}\0 with the following status: 0x0.
Information,06/06/2018 10:27:59,TPM,18,None,This event triggers the Trusted Platform Module (TPM) provisioning/status check to run.
Information,06/06/2018 10:27:59,Service Control Manager,7026,None,"The following boot-start or system-start driver(s) did not load: 
CSC"
Information,06/06/2018 10:27:59,Microsoft-Windows-UserModePowerService,12,(10),Process C:\Windows\System32\SurfaceUsbHubFwUpdateService.exe (process ID:2888) reset policy scheme from {381B4222-F694-41F0-9685-FF5BB260DF2E} to {381B4222-F694-41F0-9685-FF5BB260DF2E}
Error,06/06/2018 10:27:59,Service Control Manager,7023,None,"The iphlpsvc service terminated with the following error: 
The device is not ready."
Information,06/06/2018 10:27:58,Microsoft-Windows-FilterManager,6,None,"File System Filter 'storqosflt' (10.0, ‎2011‎-‎01‎-‎05T19:54:03.000000000Z) has successfully loaded and registered with Filter Manager."
Information,06/06/2018 10:27:58,Microsoft-Windows-FilterManager,6,None,"File System Filter 'CldFlt' (10.0, ‎2005‎-‎05‎-‎17T04:25:49.000000000Z) has successfully loaded and registered with Filter Manager."
Information,06/06/2018 10:27:58,Microsoft-Windows-FilterManager,1,None,"File System Filter 'CldFlt' (Version 10.0, ‎2005‎-‎05‎-‎17T04:25:49.000000000Z) unloaded successfully."
Information,06/06/2018 10:27:58,Microsoft-Windows-FilterManager,6,None,"File System Filter 'CldFlt' (10.0, ‎2005‎-‎05‎-‎17T04:25:49.000000000Z) has successfully loaded and registered with Filter Manager."
Information,06/06/2018 10:27:58,Microsoft-Windows-FilterManager,6,None,"File System Filter 'luafv' (10.0, ‎2043‎-‎06‎-‎20T21:30:28.000000000Z) has successfully loaded and registered with Filter Manager."
Information,06/06/2018 10:27:58,Service Control Manager,7040,None,The start type of the TabletInputService service was changed from demand start to auto start.
Information,06/06/2018 10:27:58,Microsoft-Windows-FilterManager,6,None,"File System Filter 'wcifs' (10.0, ‎2024‎-‎12‎-‎17T03:40:30.000000000Z) has successfully loaded and registered with Filter Manager."
Information,06/06/2018 10:27:58,Microsoft-Windows-Kernel-General,16,None,The access history in hive \SystemRoot\System32\Config\BBI was cleared updating 1 keys and creating 1 modified pages.
Information,06/06/2018 10:27:53,Microsoft-Windows-SetupPlatform,2005,Install Windows Task,New Setup information
Information,06/06/2018 10:27:25,Win32k,267,None,Touch/Touchpad Hardware Quality Assurance verification succeeded.
Information,06/06/2018 10:27:25,Win32k,267,None,Touch/Touchpad Hardware Quality Assurance verification succeeded.
Warning,06/06/2018 10:27:25,Win32k,263,None,A pointer device has no information about the monitor it is attached to.
Warning,06/06/2018 10:27:25,Win32k,263,None,A pointer device has no information about the monitor it is attached to.
Warning,06/06/2018 10:27:25,Win32k,263,None,A pointer device has no information about the monitor it is attached to.
Information,06/06/2018 10:27:24,Microsoft-Windows-WLAN-AutoConfig,4000,None,"WLAN AutoConfig service has successfully started.
"
Information,06/06/2018 10:27:24,Microsoft-Windows-DHCPv6-Client,51046,Service State Event,DHCPv6 client service is started
Information,06/06/2018 10:27:24,Microsoft-Windows-Dhcp-Client,50103,Service State Event,DHCPv4 client registered for shutdown notification
Information,06/06/2018 10:27:24,Microsoft-Windows-Dhcp-Client,50036,Service State Event,DHCPv4 client service is started
Information,06/06/2018 10:27:24,Service Control Manager,7040,None,The start type of the WlanSvc service was changed from demand start to auto start.
Information,06/06/2018 10:27:22,Microsoft-Windows-Directory-Services-SAM,16962,None,"Remote calls to the SAM database are being restricted using the default security descriptor: O:SYG:SYD:(A;;RC;;;BA).
For more information please see http://go.microsoft.com/fwlink/?LinkId=787651."
Information,06/06/2018 10:27:22,Microsoft-Windows-Kernel-General,16,None,The access history in hive \SystemRoot\System32\Config\SAM was cleared updating 0 keys and creating 0 modified pages.
Information,06/06/2018 10:27:22,Microsoft-Windows-Kernel-General,16,None,The access history in hive \SystemRoot\System32\Config\SECURITY was cleared updating 0 keys and creating 0 modified pages.
Information,06/06/2018 10:27:22,Win32k,267,None,Touch/Touchpad Hardware Quality Assurance verification succeeded.
Information,06/06/2018 10:27:22,Win32k,267,None,Touch/Touchpad Hardware Quality Assurance verification succeeded.
Warning,06/06/2018 10:27:22,Win32k,263,None,A pointer device has no information about the monitor it is attached to.
Warning,06/06/2018 10:27:22,Win32k,263,None,A pointer device has no information about the monitor it is attached to.
Warning,06/06/2018 10:27:22,Win32k,263,None,A pointer device has no information about the monitor it is attached to.
Information,06/06/2018 10:27:22,Microsoft-Windows-Wininit,14,None,"Credential Guard (LsaIso.exe) configuration: 0x0, 0"
Information,06/06/2018 10:27:22,Microsoft-Windows-Kernel-Power,521,(220),Active battery count change.
Information,06/06/2018 10:27:22,Microsoft-Windows-Kernel-Power,105,(100),Power source change.
Information,06/06/2018 10:27:21,Microsoft-Windows-Ntfs,98,None,Volume \\?\Volume{e6460861-32f5-4c57-b316-572b84be1b60} (\Device\HarddiskVolume4) is healthy.  No action is needed.
Information,06/06/2018 10:27:21,Microsoft-Windows-Kernel-Power,521,(220),Active battery count change.
Warning,06/06/2018 10:27:20,Microsoft-Windows-Kernel-PnP,219,(212),The driver \Driver\WudfRd failed to load for the device {6c8abe47-dac0-4b99-affa-4fff050e3cdc}\SurfaceDigitizerPenPairing\5&141f7bd2&0&0.
Information,06/06/2018 10:27:20,Microsoft-Windows-DriverFrameworks-UserMode,10118,Startup of the UMDF reflector,"UMDF reflector is unable to connect to service control manager (SCM). This is expected during boot, when SCM has not started yet. Will retry when it starts."
Information,06/06/2018 10:27:19,SurfaceStorageFwUpdate,4,None,Storage Firmware install failed.
Information,06/06/2018 10:27:18,MEIx64,2,None,Intel(R) Management Engine Interface driver has started successfully.
Information,06/06/2018 10:27:18,Microsoft-Windows-Kernel-Processor-Power,55,(47),"Processor 3 in group 0 exposes the following power management capabilities:

Idle state type: Micro Power Engine Plugin (11 state(s))

Performance state type: ACPI Collaborative Processor Performance Control
Nominal Frequency (MHz): 2808
Maximum performance percentage: 121
Minimum performance percentage: 28
Minimum throttle percentage: 3"
Information,06/06/2018 10:27:17,Microsoft-Windows-Kernel-Processor-Power,55,(47),"Processor 1 in group 0 exposes the following power management capabilities:

Idle state type: Micro Power Engine Plugin (11 state(s))

Performance state type: ACPI Collaborative Processor Performance Control
Nominal Frequency (MHz): 2808
Maximum performance percentage: 121
Minimum performance percentage: 28
Minimum throttle percentage: 3"
Information,06/06/2018 10:27:17,Microsoft-Windows-Kernel-Processor-Power,55,(47),"Processor 2 in group 0 exposes the following power management capabilities:

Idle state type: Micro Power Engine Plugin (11 state(s))

Performance state type: ACPI Collaborative Processor Performance Control
Nominal Frequency (MHz): 2808
Maximum performance percentage: 121
Minimum performance percentage: 28
Minimum throttle percentage: 3"
Information,06/06/2018 10:27:17,Microsoft-Windows-Kernel-Processor-Power,55,(47),"Processor 0 in group 0 exposes the following power management capabilities:

Idle state type: Micro Power Engine Plugin (11 state(s))

Performance state type: ACPI Collaborative Processor Performance Control
Nominal Frequency (MHz): 2808
Maximum performance percentage: 121
Minimum performance percentage: 14
Minimum throttle percentage: 3"
Warning,06/06/2018 10:27:17,Microsoft-Windows-Kernel-PnP,219,(212),The driver \Driver\WudfRd failed to load for the device ACPI\MSHW0041\2&daba3ff&1.
Information,06/06/2018 10:27:17,Microsoft-Windows-DriverFrameworks-UserMode,10118,Startup of the UMDF reflector,"UMDF reflector is unable to connect to service control manager (SCM). This is expected during boot, when SCM has not started yet. Will retry when it starts."
Information,06/06/2018 10:27:17,Microsoft-Windows-FilterManager,6,None,"File System Filter 'npsvctrig' (10.0, ‎2094‎-‎02‎-‎20T12:14:30.000000000Z) has successfully loaded and registered with Filter Manager."
Information,06/06/2018 10:27:17,Microsoft-Windows-FilterManager,6,None,"File System Filter 'FileCrypt' (10.0, ‎2070‎-‎12‎-‎16T01:13:56.000000000Z) has successfully loaded and registered with Filter Manager."
Information,06/06/2018 10:27:17,Microsoft-Windows-Ntfs,98,None,Volume C: (\Device\HarddiskVolume3) is healthy.  No action is needed.
Information,06/06/2018 10:27:16,Microsoft-Windows-FilterManager,6,None,"File System Filter 'Wof' (10.0, ‎2036‎-‎09‎-‎29T15:47:10.000000000Z) has successfully loaded and registered with Filter Manager."
Information,06/06/2018 10:27:16,Microsoft-Windows-FilterManager,6,None,"File System Filter 'FileInfo' (10.0, ‎2083‎-‎04‎-‎08T17:57:41.000000000Z) has successfully loaded and registered with Filter Manager."
Information,06/06/2018 10:27:58,EventLog,6005,None,The Event log service was started.
Information,06/06/2018 10:27:58,EventLog,6009,None,Microsoft (R) Windows (R) 10.00. 17134  Multiprocessor Free.
Information,06/06/2018 10:27:15,Microsoft-Windows-Kernel-Boot,30,(21),The firmware reported boot metrics.
Information,06/06/2018 10:27:15,Microsoft-Windows-Kernel-Boot,25,(32),The boot menu policy was 0x1.
Information,06/06/2018 10:27:15,Microsoft-Windows-Kernel-Boot,27,(33),The boot type was 0x0.
Information,06/06/2018 10:27:15,Microsoft-Windows-Kernel-Boot,20,(31),The last shutdown's success status was false. The last boot's success status was true.
Information,06/06/2018 10:27:15,Microsoft-Windows-Kernel-Boot,32,(58),The bootmgr spent 0 ms waiting for user input.
Information,06/06/2018 10:27:15,Microsoft-Windows-Kernel-Boot,26,None,A one-time boot sequence was used during this boot.
Information,06/06/2018 10:27:15,Microsoft-Windows-Kernel-Boot,153,(62),Virtualization-based security (policies: 0) is disabled.
Information,06/06/2018 10:27:15,Microsoft-Windows-Kernel-General,12,(1),The operating system started at system time ‎2018‎-‎06‎-‎06T08:27:14.487794100Z.
