Error,02/07/2018 14:13:02,Microsoft-Windows-DistributedCOM,10016,None,"The application-specific permission settings do not grant Local Activation permission for the COM Server application with CLSID 
{6B3B8D23-FA8D-40B9-8DBD-B950333E2C52}
 and APPID 
{4839DDB7-58C2-48F5-8283-E1D1807D0D7D}
 to the user NT AUTHORITY\LOCAL SERVICE SID (S-1-5-19) from address LocalHost (Using LRPC) running in the application container Unavailable SID (Unavailable). This security permission can be modified using the Component Services administrative tool."
Error,02/07/2018 14:13:02,Microsoft-Windows-DistributedCOM,10016,None,"The application-specific permission settings do not grant Local Activation permission for the COM Server application with CLSID 
{6B3B8D23-FA8D-40B9-8DBD-B950333E2C52}
 and APPID 
{4839DDB7-58C2-48F5-8283-E1D1807D0D7D}
 to the user NT AUTHORITY\LOCAL SERVICE SID (S-1-5-19) from address LocalHost (Using LRPC) running in the application container Unavailable SID (Unavailable). This security permission can be modified using the Component Services administrative tool."
Error,02/07/2018 14:13:01,Microsoft-Windows-DistributedCOM,10016,None,"The application-specific permission settings do not grant Local Activation permission for the COM Server application with CLSID 
{D63B10C5-BB46-4990-A94F-E40B9D520160}
 and APPID 
{9CA88EE3-ACB7-47C8-AFC4-AB702511C276}
 to the user NT AUTHORITY\LOCAL SERVICE SID (S-1-5-19) from address LocalHost (Using LRPC) running in the application container Unavailable SID (Unavailable). This security permission can be modified using the Component Services administrative tool."
Information,02/07/2018 14:13:01,Microsoft-Windows-Winlogon,7001,(1101),User Log-on Notification for Customer Experience Improvement Program
Warning,02/07/2018 14:13:00,BTHUSB,34,None,The local adapter does not support an important Low Energy controller state to support peripheral mode. The minimum required supported state mask is 0x491f7fffff; got 0x1fffffff. Low Energy peripheral role functionality will not be available.
Information,02/07/2018 14:13:00,BTHUSB,18,None,Windows cannot store Bluetooth authentication codes (link keys) on the local adapter. Bluetooth keyboards might not work in the system BIOS during start-up.
Warning,02/07/2018 14:13:00,Microsoft-Windows-Time-Service,134,None,"NtpClient was unable to set a manual peer to use as a time source because of DNS resolution error on 'time.windows.com,0x9'. NtpClient will try again in 15 minutes and double the reattempt interval thereafter. The error was: No such host is known. (0x80072AF9)"
Information,02/07/2018 14:13:00,Microsoft-Windows-Kernel-Boot,27,(33),The boot type was 0x1.
Information,02/07/2018 14:13:00,Microsoft-Windows-Kernel-Boot,25,(32),The boot menu policy was 0x1.
Information,02/07/2018 14:13:00,Microsoft-Windows-Kernel-Boot,32,(58),The bootmgr spent 0 ms waiting for user input.
Information,02/07/2018 14:13:00,Microsoft-Windows-Kernel-Boot,18,(57),There are 0x1 boot options on this system.
Information,02/07/2018 14:13:00,Microsoft-Windows-Kernel-Boot,30,(21),The firmware reported boot metrics.
Information,02/07/2018 14:12:58,Microsoft-Windows-Kernel-General,1,(5),"The system time has changed to ‎2018‎-‎07‎-‎02T12:12:58.500000000Z from ‎2018‎-‎07‎-‎02T10:28:26.399046000Z.

Change Reason: System time synchronized with the hardware clock."
Information,02/07/2018 12:28:26,Microsoft-Windows-Kernel-Power,107,(102),The system has resumed from sleep.
Information,02/07/2018 12:28:24,Microsoft-Windows-Kernel-Power,42,(64),"The system is entering sleep.

Sleep Reason: Application API"
Warning,02/07/2018 12:28:17,Microsoft-Windows-Time-Service,134,None,"NtpClient was unable to set a manual peer to use as a time source because of DNS resolution error on 'time.windows.com,0x9'. NtpClient will try again in 15 minutes and double the reattempt interval thereafter. The error was: No such host is known. (0x80072AF9)"
Information,02/07/2018 12:28:17,Win32k,267,None,Touch/Touchpad Hardware Quality Assurance verification succeeded.
Information,02/07/2018 12:28:17,Win32k,267,None,Touch/Touchpad Hardware Quality Assurance verification succeeded.
Information,02/07/2018 12:28:15,Microsoft-Windows-Winlogon,7002,(1102),User Log-off Notification for Customer Experience Improvement Program
Warning,02/07/2018 12:28:15,Microsoft-Windows-Time-Service,134,None,"NtpClient was unable to set a manual peer to use as a time source because of DNS resolution error on 'time.windows.com,0x9'. NtpClient will try again in 15 minutes and double the reattempt interval thereafter. The error was: No such host is known. (0x80072AF9)"
Information,02/07/2018 12:28:11,Service Control Manager,7040,None,The start type of the Background Intelligent Transfer Service service was changed from demand start to auto start.
Information,02/07/2018 12:27:38,Microsoft-Windows-Kernel-Power,105,(100),Power source change.
Error,02/07/2018 12:27:29,Microsoft-Windows-DistributedCOM,10016,None,"The application-specific permission settings do not grant Local Activation permission for the COM Server application with CLSID 
{D63B10C5-BB46-4990-A94F-E40B9D520160}
 and APPID 
{9CA88EE3-ACB7-47C8-AFC4-AB702511C276}
 to the user DESKTOP-JRHB8O7\Philipp Wise SID (S-1-5-21-3472773844-1026657542-2222872734-1001) from address LocalHost (Using LRPC) running in the application container Unavailable SID (Unavailable). This security permission can be modified using the Component Services administrative tool."
Information,02/07/2018 12:00:00,EventLog,6013,None,The system uptime is 1307063 seconds.
Information,02/07/2018 11:44:53,Microsoft-Windows-Kernel-Power,105,(100),Power source change.
Error,02/07/2018 11:43:19,Microsoft-Windows-DistributedCOM,10016,None,"The application-specific permission settings do not grant Local Activation permission for the COM Server application with CLSID 
{D63B10C5-BB46-4990-A94F-E40B9D520160}
 and APPID 
{9CA88EE3-ACB7-47C8-AFC4-AB702511C276}
 to the user NT AUTHORITY\LOCAL SERVICE SID (S-1-5-19) from address LocalHost (Using LRPC) running in the application container Unavailable SID (Unavailable). This security permission can be modified using the Component Services administrative tool."
Information,02/07/2018 11:18:30,Microsoft-Windows-Kernel-Power,507,(158),"The system is exiting connected standby 

Reason: Input Mouse."
Error,02/07/2018 11:18:30,Microsoft-Windows-DistributedCOM,10016,None,"The application-specific permission settings do not grant Local Activation permission for the COM Server application with CLSID 
{D63B10C5-BB46-4990-A94F-E40B9D520160}
 and APPID 
{9CA88EE3-ACB7-47C8-AFC4-AB702511C276}
 to the user NT AUTHORITY\LOCAL SERVICE SID (S-1-5-19) from address LocalHost (Using LRPC) running in the application container Unavailable SID (Unavailable). This security permission can be modified using the Component Services administrative tool."
Error,02/07/2018 11:07:00,Microsoft-Windows-DistributedCOM,10016,None,"The application-specific permission settings do not grant Local Activation permission for the COM Server application with CLSID 
{D63B10C5-BB46-4990-A94F-E40B9D520160}
 and APPID 
{9CA88EE3-ACB7-47C8-AFC4-AB702511C276}
 to the user NT AUTHORITY\LOCAL SERVICE SID (S-1-5-19) from address LocalHost (Using LRPC) running in the application container Unavailable SID (Unavailable). This security permission can be modified using the Component Services administrative tool."
Information,02/07/2018 11:06:59,Microsoft-Windows-Kernel-Power,506,(157),"The system is entering connected standby 

Reason: Idle Timeout."
Information,02/07/2018 10:28:50,Microsoft-Windows-Kernel-Power,507,(158),"The system is exiting connected standby 

Reason: Input Mouse."
Error,02/07/2018 10:28:33,Microsoft-Windows-DistributedCOM,10016,None,"The application-specific permission settings do not grant Local Activation permission for the COM Server application with CLSID 
{D63B10C5-BB46-4990-A94F-E40B9D520160}
 and APPID 
{9CA88EE3-ACB7-47C8-AFC4-AB702511C276}
 to the user NT AUTHORITY\LOCAL SERVICE SID (S-1-5-19) from address LocalHost (Using LRPC) running in the application container Unavailable SID (Unavailable). This security permission can be modified using the Component Services administrative tool."
Information,02/07/2018 10:28:31,Microsoft-Windows-Kernel-Power,506,(157),"The system is entering connected standby 

Reason: Idle Timeout."
Information,02/07/2018 10:23:30,Microsoft-Windows-Time-Service,158,None,The time provider 'VMICTimeProvider' has indicated that the current hardware and operating environment is not supported and has stopped. This behavior is expected for VMICTimeProvider on non-HyperV-guest environments. This may be the expected behavior for the current provider in the current operating environment as well.
Information,02/07/2018 10:06:26,Microsoft-Windows-Time-Service,158,None,The time provider 'VMICTimeProvider' has indicated that the current hardware and operating environment is not supported and has stopped. This behavior is expected for VMICTimeProvider on non-HyperV-guest environments. This may be the expected behavior for the current provider in the current operating environment as well.
Information,02/07/2018 09:57:58,Microsoft-Windows-Kernel-Power,105,(100),Power source change.
Information,02/07/2018 09:49:22,Microsoft-Windows-Time-Service,158,None,The time provider 'VMICTimeProvider' has indicated that the current hardware and operating environment is not supported and has stopped. This behavior is expected for VMICTimeProvider on non-HyperV-guest environments. This may be the expected behavior for the current provider in the current operating environment as well.
Information,02/07/2018 09:32:40,Service Control Manager,7040,None,The start type of the Windows Modules Installer service was changed from auto start to demand start.
Information,02/07/2018 09:32:17,Microsoft-Windows-Kernel-General,15,None,Hive \??\C:\WINDOWS\System32\SMI\Store\Machine\SCHEMA.DAT was reorganized with a starting size of 12529664 bytes and an ending size of 11698176 bytes.
Warning,02/07/2018 09:32:06,Microsoft-Windows-DNS-Client,1014,(1014),Name resolution for the name wpad timed out after none of the configured DNS servers responded.
Information,02/07/2018 09:31:59,Microsoft-Windows-Power-Troubleshooter,1,None,"The system has returned from a low power state.

Sleep Time: ‎2018‎-‎07‎-‎02T07:14:03.963548000Z
Wake Time: ‎2018‎-‎07‎-‎02T07:31:57.502981100Z

Wake Source: Unknown"
Warning,02/07/2018 09:31:58,Tcpip,4293,None,The ARP packet coalescing filter on the network adapter with hardware address BC-83-85-D1-DE-3B is not set since more than one IPv4 address is currently assigned to the adapter. An ARP packet coalescing filter may be set later when only one IPv4 address is assigned to this adapter (IPv4 0x00000000).
Error,02/07/2018 09:31:58,Microsoft-Windows-DistributedCOM,10016,None,"The application-specific permission settings do not grant Local Activation permission for the COM Server application with CLSID 
{D63B10C5-BB46-4990-A94F-E40B9D520160}
 and APPID 
{9CA88EE3-ACB7-47C8-AFC4-AB702511C276}
 to the user NT AUTHORITY\LOCAL SERVICE SID (S-1-5-19) from address LocalHost (Using LRPC) running in the application container Unavailable SID (Unavailable). This security permission can be modified using the Component Services administrative tool."
Warning,02/07/2018 09:31:58,BTHUSB,34,None,The local adapter does not support an important Low Energy controller state to support peripheral mode. The minimum required supported state mask is 0x491f7fffff; got 0x1fffffff. Low Energy peripheral role functionality will not be available.
Error,02/07/2018 09:31:58,Microsoft-Windows-NDIS,10317,PnP,"Miniport Microsoft Wi-Fi Direct Virtual Adapter #2, {F9D56E57-600D-4A91-ACF6-D434836E61B9}, had event Fatal error: The miniport has failed a power transition to operational power"
Information,02/07/2018 09:31:58,BTHUSB,18,None,Windows cannot store Bluetooth authentication codes (link keys) on the local adapter. Bluetooth keyboards might not work in the system BIOS during start-up.
Warning,02/07/2018 09:31:58,Microsoft-Windows-Time-Service,134,None,"NtpClient was unable to set a manual peer to use as a time source because of DNS resolution error on 'time.windows.com,0x9'. NtpClient will try again in 15 minutes and double the reattempt interval thereafter. The error was: No such host is known. (0x80072AF9)"
Information,02/07/2018 09:31:57,Microsoft-Windows-Kernel-Boot,27,(33),The boot type was 0x2.
Information,02/07/2018 09:31:57,Microsoft-Windows-Kernel-Boot,25,(32),The boot menu policy was 0x8BE32000.
Information,02/07/2018 09:31:57,Microsoft-Windows-Kernel-Boot,32,(58),The bootmgr spent 0 ms waiting for user input.
Information,02/07/2018 09:31:57,Microsoft-Windows-Kernel-Boot,18,(57),There are 0x1 boot options on this system.
Information,02/07/2018 09:31:57,Microsoft-Windows-Kernel-Boot,30,(21),The firmware reported boot metrics.
Information,02/07/2018 09:31:56,Microsoft-Windows-Time-Service,158,None,The time provider 'VMICTimeProvider' has indicated that the current hardware and operating environment is not supported and has stopped. This behavior is expected for VMICTimeProvider on non-HyperV-guest environments. This may be the expected behavior for the current provider in the current operating environment as well.
Warning,02/07/2018 09:31:56,Microsoft-Windows-Time-Service,134,None,"NtpClient was unable to set a manual peer to use as a time source because of DNS resolution error on 'time.windows.com,0x9'. NtpClient will try again in 15 minutes and double the reattempt interval thereafter. The error was: No such host is known. (0x80072AF9)"
Information,02/07/2018 09:31:55,Microsoft-Windows-Kernel-General,1,(5),"The system time has changed to ‎2018‎-‎07‎-‎02T07:31:55.500000000Z from ‎2018‎-‎07‎-‎02T07:14:16.307755900Z.

Change Reason: System time synchronized with the hardware clock."
Information,02/07/2018 09:14:16,Microsoft-Windows-Kernel-Power,107,(102),The system has resumed from sleep.
Information,02/07/2018 09:14:14,Microsoft-Windows-Kernel-Power,42,(64),"The system is entering sleep.

Sleep Reason: Hibernate from Sleep - Standby Battery Budget Exceeded"
Information,02/07/2018 09:14:11,Microsoft-Windows-Time-Service,158,None,The time provider 'VMICTimeProvider' has indicated that the current hardware and operating environment is not supported and has stopped. This behavior is expected for VMICTimeProvider on non-HyperV-guest environments. This may be the expected behavior for the current provider in the current operating environment as well.
Information,02/07/2018 09:14:11,Service Control Manager,7040,None,The start type of the Windows Modules Installer service was changed from demand start to auto start.
Information,02/07/2018 09:14:11,Service Control Manager,7040,None,The start type of the Windows Modules Installer service was changed from auto start to demand start.
Information,02/07/2018 09:14:10,Service Control Manager,7040,None,The start type of the Windows Modules Installer service was changed from demand start to auto start.
Information,02/07/2018 09:14:05,Microsoft-Windows-Kernel-General,16,None,The access history in hive \??\C:\ProgramData\Microsoft\Provisioning\Microsoft-Desktop-Provisioning-Sequence.dat was cleared updating 0 keys and creating 0 modified pages.
Warning,02/07/2018 08:37:46,Microsoft-Windows-Kernel-Processor-Power,37,(7),The speed of processor 3 in group 0 is being limited by system firmware. The processor has been in this reduced performance state for 1294852 seconds since the last report.
Information,02/07/2018 08:28:45,Service Control Manager,7040,None,The start type of the Background Intelligent Transfer Service service was changed from auto start to demand start.
Error,02/07/2018 08:18:15,Microsoft-Windows-WindowsUpdateClient,20,Windows Update Agent,Installation Failure: Windows failed to install the following update with error 0x80070643: Definition Update for Windows Defender Antivirus - KB2267602 (Definition 1.271.334.0).
Information,02/07/2018 08:16:12,Microsoft-Windows-WindowsUpdateClient,43,Windows Update Agent,Installation Started: Windows has started installing the following update: Definition Update for Windows Defender Antivirus - KB2267602 (Definition 1.271.334.0)
Information,02/07/2018 08:16:12,Microsoft-Windows-WindowsUpdateClient,19,Windows Update Agent,Installation Successful: Windows successfully installed the following update: Update for Windows Defender Antivirus antimalware platform - KB4052623 (Version 4.18.1806.18062)
Information,02/07/2018 08:16:07,Microsoft-Windows-FilterManager,6,None,"File System Filter 'WdFilter' (10.0, ‎1972‎-‎06‎-‎04T07:04:34.000000000Z) has successfully loaded and registered with Filter Manager."
Information,02/07/2018 08:16:04,Microsoft-Windows-FilterManager,1,None,"File System Filter 'WdFilter' (Version 10.0, ‎2069‎-‎03‎-‎27T06:16:44.000000000Z) unloaded successfully."
Information,02/07/2018 08:16:04,Microsoft-Windows-WindowsUpdateClient,43,Windows Update Agent,Installation Started: Windows has started installing the following update: Update for Windows Defender Antivirus antimalware platform - KB4052623 (Version 4.18.1806.18062)
Information,02/07/2018 08:15:46,Microsoft-Windows-WindowsUpdateClient,44,Windows Update Agent,Windows Update started downloading an update.
Information,02/07/2018 08:15:46,Microsoft-Windows-WindowsUpdateClient,44,Windows Update Agent,Windows Update started downloading an update.
Error,02/07/2018 08:15:32,Microsoft-Windows-DistributedCOM,10016,None,"The application-specific permission settings do not grant Local Activation permission for the COM Server application with CLSID 
{D63B10C5-BB46-4990-A94F-E40B9D520160}
 and APPID 
{9CA88EE3-ACB7-47C8-AFC4-AB702511C276}
 to the user NT AUTHORITY\LOCAL SERVICE SID (S-1-5-19) from address LocalHost (Using LRPC) running in the application container Unavailable SID (Unavailable). This security permission can be modified using the Component Services administrative tool."
Error,02/07/2018 08:13:34,Microsoft-Windows-DistributedCOM,10016,None,"The application-specific permission settings do not grant Local Activation permission for the COM Server application with CLSID 
{D63B10C5-BB46-4990-A94F-E40B9D520160}
 and APPID 
{9CA88EE3-ACB7-47C8-AFC4-AB702511C276}
 to the user DESKTOP-JRHB8O7\Philipp Wise SID (S-1-5-21-3472773844-1026657542-2222872734-1001) from address LocalHost (Using LRPC) running in the application container Unavailable SID (Unavailable). This security permission can be modified using the Component Services administrative tool."
Information,02/07/2018 08:12:56,Microsoft-Windows-Kernel-General,16,None,The access history in hive \??\C:\Users\Philipp Wise\AppData\Local\Packages\Microsoft.Windows.Photos_8wekyb3d8bbwe\Settings\settings.dat was cleared updating 43 keys and creating 11 modified pages.
Information,02/07/2018 08:12:42,Microsoft-Windows-Kernel-Power,105,(100),Power source change.
Warning,02/07/2018 08:12:36,BTHUSB,34,None,The local adapter does not support an important Low Energy controller state to support peripheral mode. The minimum required supported state mask is 0x491f7fffff; got 0x1fffffff. Low Energy peripheral role functionality will not be available.
Information,02/07/2018 08:12:36,BTHUSB,18,None,Windows cannot store Bluetooth authentication codes (link keys) on the local adapter. Bluetooth keyboards might not work in the system BIOS during start-up.
Information,02/07/2018 08:12:35,Microsoft-Windows-Power-Troubleshooter,1,None,"The system has returned from a low power state.

Sleep Time: ‎2018‎-‎06‎-‎29T22:45:00.689390500Z
Wake Time: ‎2018‎-‎07‎-‎02T06:12:33.503923200Z

Wake Source: Unknown"
Error,02/07/2018 08:12:34,Microsoft-Windows-NDIS,10317,PnP,"Miniport Microsoft Wi-Fi Direct Virtual Adapter #2, {F9D56E57-600D-4A91-ACF6-D434836E61B9}, had event Fatal error: The miniport has failed a power transition to operational power"
Information,02/07/2018 08:12:34,Microsoft-Windows-Kernel-General,15,None,Hive \SystemRoot\System32\config\DRIVERS was reorganized with a starting size of 5136384 bytes and an ending size of 5132288 bytes.
Error,02/07/2018 08:12:33,BTHUSB,17,None,The local Bluetooth adapter has failed in an undetermined manner and will not be used. The driver has been unloaded.
Information,02/07/2018 08:12:33,Microsoft-Windows-Kernel-Boot,27,(33),The boot type was 0x2.
Information,02/07/2018 08:12:33,Microsoft-Windows-Kernel-Boot,25,(32),The boot menu policy was 0x8BE32000.
Information,02/07/2018 08:12:33,Microsoft-Windows-Kernel-Boot,32,(58),The bootmgr spent 0 ms waiting for user input.
Information,02/07/2018 08:12:33,Microsoft-Windows-Kernel-Boot,18,(57),There are 0x1 boot options on this system.
Information,02/07/2018 08:12:33,Microsoft-Windows-Kernel-Boot,30,(21),The firmware reported boot metrics.
Information,02/07/2018 08:12:31,Microsoft-Windows-Kernel-General,1,(5),"The system time has changed to ‎2018‎-‎07‎-‎02T06:12:31.500000000Z from ‎2018‎-‎06‎-‎29T22:45:08.757149000Z.

Change Reason: System time synchronized with the hardware clock."
Information,30/06/2018 00:45:08,Microsoft-Windows-Kernel-Power,107,(102),The system has resumed from sleep.
Information,02/07/2018 08:12:31,EventLog,6013,None,The system uptime is 1293415 seconds.
Information,30/06/2018 00:45:07,Microsoft-Windows-Kernel-Power,507,(158),"The system is exiting connected standby 

Reason: Transition to System Sleep State S4/S5."
Information,30/06/2018 00:45:07,Microsoft-Windows-Kernel-Power,42,(64),"The system is entering sleep.

Sleep Reason: Hibernate from Sleep - Standby Battery Budget Exceeded"
Information,30/06/2018 00:45:02,Microsoft-Windows-Kernel-General,16,None,The access history in hive \??\C:\Users\Philipp Wise\AppData\Local\Packages\Microsoft.LockApp_cw5n1h2txyewy\Settings\settings.dat was cleared updating 3 keys and creating 1 modified pages.
Error,30/06/2018 00:45:00,Microsoft-Windows-DistributedCOM,10016,None,"The application-specific permission settings do not grant Local Activation permission for the COM Server application with CLSID 
{D63B10C5-BB46-4990-A94F-E40B9D520160}
 and APPID 
{9CA88EE3-ACB7-47C8-AFC4-AB702511C276}
 to the user NT AUTHORITY\LOCAL SERVICE SID (S-1-5-19) from address LocalHost (Using LRPC) running in the application container Unavailable SID (Unavailable). This security permission can be modified using the Component Services administrative tool."
Information,30/06/2018 00:45:00,Microsoft-Windows-Kernel-Power,506,(157),"The system is entering connected standby 

Reason: Idle Timeout."
Information,30/06/2018 00:44:31,Microsoft-Windows-WindowsUpdateClient,19,Windows Update Agent,Installation Successful: Windows successfully installed the following update: 9PHNB71MKR4J-king.com.BubbleWitch3Saga
Information,30/06/2018 00:44:31,Microsoft-Windows-WindowsUpdateClient,43,Windows Update Agent,Installation Started: Windows has started installing the following update: 9PHNB71MKR4J-king.com.BubbleWitch3Saga
Information,30/06/2018 00:44:27,Microsoft-Windows-Kernel-General,16,None,The access history in hive \??\C:\Users\Philipp Wise\AppData\Local\Packages\king.com.BubbleWitch3Saga_kgqvnymyfvs32\Settings\settings.dat was cleared updating 1 keys and creating 1 modified pages.
Information,30/06/2018 00:44:25,Microsoft-Windows-Kernel-General,16,None,The access history in hive \??\C:\ProgramData\Microsoft\Windows\AppRepository\Packages\king.com.BubbleWitch3Saga_4.7.4.0_x86__kgqvnymyfvs32\ActivationStore.dat was cleared updating 0 keys and creating 0 modified pages.
Information,30/06/2018 00:42:40,Microsoft-Windows-WindowsUpdateClient,19,Windows Update Agent,Installation Successful: Windows successfully installed the following update: 9NBLGGH1ZRPV-KING.COM.CANDYCRUSHSODASAGA
Information,30/06/2018 00:42:40,Microsoft-Windows-WindowsUpdateClient,43,Windows Update Agent,Installation Started: Windows has started installing the following update: 9NBLGGH1ZRPV-KING.COM.CANDYCRUSHSODASAGA
Information,30/06/2018 00:42:34,Microsoft-Windows-WindowsUpdateClient,19,Windows Update Agent,Installation Successful: Windows successfully installed the following update: 9WZDNCRFHVQM-MICROSOFT.WINDOWSCOMMUNICATIONSAPPS
Information,30/06/2018 00:42:32,Microsoft-Windows-Kernel-General,16,None,The access history in hive \??\C:\ProgramData\Microsoft\Windows\AppRepository\Packages\king.com.CandyCrushSodaSaga_1.117.500.0_x86__kgqvnymyfvs32\ActivationStore.dat was cleared updating 0 keys and creating 0 modified pages.
Information,30/06/2018 00:42:27,Microsoft-Windows-WindowsUpdateClient,43,Windows Update Agent,Installation Started: Windows has started installing the following update: 9WZDNCRFHVQM-MICROSOFT.WINDOWSCOMMUNICATIONSAPPS
Information,30/06/2018 00:42:27,Microsoft-Windows-WindowsUpdateClient,19,Windows Update Agent,Installation Successful: Windows successfully installed the following update: 9NBLGGH1QWGC-Microsoft.Advertising.Xaml
Information,30/06/2018 00:42:27,Microsoft-Windows-WindowsUpdateClient,43,Windows Update Agent,Installation Started: Windows has started installing the following update: 9NBLGGH1QWGC-Microsoft.Advertising.Xaml
Information,30/06/2018 00:42:22,Microsoft-Windows-Kernel-General,16,None,The access history in hive \??\C:\ProgramData\Microsoft\Windows\AppRepository\Packages\microsoft.windowscommunicationsapps_17.9330.21365.0_x64__8wekyb3d8bbwe\ActivationStore.dat was cleared updating 0 keys and creating 0 modified pages.
Information,30/06/2018 00:41:31,Microsoft-Windows-WindowsUpdateClient,44,Windows Update Agent,Windows Update started downloading an update.
Information,30/06/2018 00:41:31,Microsoft-Windows-WindowsUpdateClient,19,Windows Update Agent,Installation Successful: Windows successfully installed the following update: 9NBLGGH5FV99-Microsoft.MSPaint
Information,30/06/2018 00:41:31,Microsoft-Windows-WindowsUpdateClient,43,Windows Update Agent,Installation Started: Windows has started installing the following update: 9NBLGGH5FV99-Microsoft.MSPaint
Information,30/06/2018 00:41:27,Microsoft-Windows-Kernel-General,16,None,The access history in hive \??\C:\Users\Philipp Wise\AppData\Local\Packages\Microsoft.MSPaint_8wekyb3d8bbwe\Settings\settings.dat was cleared updating 1 keys and creating 1 modified pages.
Information,30/06/2018 00:41:25,Microsoft-Windows-Kernel-General,16,None,The access history in hive \??\C:\ProgramData\Microsoft\Windows\AppRepository\Packages\Microsoft.MSPaint_5.1806.20057.0_x64__8wekyb3d8bbwe\ActivationStore.dat was cleared updating 0 keys and creating 0 modified pages.
Information,30/06/2018 00:40:37,Microsoft-Windows-WindowsUpdateClient,19,Windows Update Agent,Installation Successful: Windows successfully installed the following update: Definition Update for Windows Defender Antivirus - KB2267602 (Definition 1.271.252.0)
Information,30/06/2018 00:40:23,Microsoft-Windows-WindowsUpdateClient,44,Windows Update Agent,Windows Update started downloading an update.
Information,30/06/2018 00:40:23,Microsoft-Windows-WindowsUpdateClient,19,Windows Update Agent,Installation Successful: Windows successfully installed the following update: 9NBLGGH537C2-Microsoft.XboxGameOverlay
Information,30/06/2018 00:40:23,Microsoft-Windows-WindowsUpdateClient,43,Windows Update Agent,Installation Started: Windows has started installing the following update: 9NBLGGH537C2-Microsoft.XboxGameOverlay
Information,30/06/2018 00:40:19,Microsoft-Windows-Kernel-General,16,None,The access history in hive \??\C:\Users\Philipp Wise\AppData\Local\Packages\Microsoft.XboxGameOverlay_8wekyb3d8bbwe\Settings\settings.dat was cleared updating 1 keys and creating 1 modified pages.
Information,30/06/2018 00:40:18,Microsoft-Windows-Kernel-General,16,None,The access history in hive \??\C:\ProgramData\Microsoft\Windows\AppRepository\Packages\Microsoft.XboxGameOverlay_1.30.22001.0_x64__8wekyb3d8bbwe\ActivationStore.dat was cleared updating 0 keys and creating 0 modified pages.
Information,30/06/2018 00:40:09,Microsoft-Windows-WindowsUpdateClient,44,Windows Update Agent,Windows Update started downloading an update.
Information,30/06/2018 00:40:09,Microsoft-Windows-WindowsUpdateClient,19,Windows Update Agent,Installation Successful: Windows successfully installed the following update: 9WZDNCRFJ3P2-MICROSOFT.ZUNEVIDEO
Information,30/06/2018 00:40:02,Microsoft-Windows-Kernel-General,16,None,The access history in hive \??\C:\Users\Philipp Wise\AppData\Local\Packages\Microsoft.ZuneVideo_8wekyb3d8bbwe\Settings\settings.dat was cleared updating 13 keys and creating 2 modified pages.
Information,30/06/2018 00:40:02,Microsoft-Windows-WindowsUpdateClient,43,Windows Update Agent,Installation Started: Windows has started installing the following update: 9WZDNCRFJ3P2-MICROSOFT.ZUNEVIDEO
Information,30/06/2018 00:39:56,Microsoft-Windows-Kernel-General,16,None,The access history in hive \??\C:\ProgramData\Microsoft\Windows\AppRepository\Packages\Microsoft.ZuneVideo_10.18052.10711.0_x64__8wekyb3d8bbwe\ActivationStore.dat was cleared updating 0 keys and creating 0 modified pages.
Information,30/06/2018 00:39:52,Microsoft-Windows-WindowsUpdateClient,43,Windows Update Agent,Installation Started: Windows has started installing the following update: Definition Update for Windows Defender Antivirus - KB2267602 (Definition 1.271.252.0)
Information,30/06/2018 00:39:12,Microsoft-Windows-WindowsUpdateClient,44,Windows Update Agent,Windows Update started downloading an update.
Information,30/06/2018 00:39:04,Microsoft-Windows-Kernel-General,16,None,The access history in hive \??\C:\ProgramData\Microsoft\Windows\AppRepository\Packages\Microsoft.Advertising.Xaml_10.1806.5.0_x86__8wekyb3d8bbwe\ActivationStore.dat was cleared updating 0 keys and creating 0 modified pages.
Information,30/06/2018 00:38:57,Microsoft-Windows-Kernel-General,16,None,The access history in hive \??\C:\ProgramData\Microsoft\Windows\AppRepository\Packages\Microsoft.Advertising.Xaml_10.1806.5.0_x64__8wekyb3d8bbwe\ActivationStore.dat was cleared updating 0 keys and creating 0 modified pages.
Information,30/06/2018 00:38:55,Microsoft-Windows-WindowsUpdateClient,44,Windows Update Agent,Windows Update started downloading an update.
Information,30/06/2018 00:38:55,Microsoft-Windows-WindowsUpdateClient,44,Windows Update Agent,Windows Update started downloading an update.
Information,30/06/2018 00:38:55,Microsoft-Windows-WindowsUpdateClient,44,Windows Update Agent,Windows Update started downloading an update.
Information,30/06/2018 00:38:28,Microsoft-Windows-WindowsUpdateClient,44,Windows Update Agent,Windows Update started downloading an update.
Error,30/06/2018 00:38:10,Microsoft-Windows-DistributedCOM,10016,None,"The application-specific permission settings do not grant Local Activation permission for the COM Server application with CLSID 
{D63B10C5-BB46-4990-A94F-E40B9D520160}
 and APPID 
{9CA88EE3-ACB7-47C8-AFC4-AB702511C276}
 to the user NT AUTHORITY\LOCAL SERVICE SID (S-1-5-19) from address LocalHost (Using LRPC) running in the application container Unavailable SID (Unavailable). This security permission can be modified using the Component Services administrative tool."
Error,30/06/2018 00:36:50,Microsoft-Windows-DistributedCOM,10016,None,"The application-specific permission settings do not grant Local Activation permission for the COM Server application with CLSID 
{D63B10C5-BB46-4990-A94F-E40B9D520160}
 and APPID 
{9CA88EE3-ACB7-47C8-AFC4-AB702511C276}
 to the user NT AUTHORITY\LOCAL SERVICE SID (S-1-5-19) from address LocalHost (Using LRPC) running in the application container Unavailable SID (Unavailable). This security permission can be modified using the Component Services administrative tool."
Error,30/06/2018 00:36:36,Microsoft-Windows-DistributedCOM,10016,None,"The application-specific permission settings do not grant Local Activation permission for the COM Server application with CLSID 
{D63B10C5-BB46-4990-A94F-E40B9D520160}
 and APPID 
{9CA88EE3-ACB7-47C8-AFC4-AB702511C276}
 to the user DESKTOP-JRHB8O7\Philipp Wise SID (S-1-5-21-3472773844-1026657542-2222872734-1001) from address LocalHost (Using LRPC) running in the application container Unavailable SID (Unavailable). This security permission can be modified using the Component Services administrative tool."
Information,30/06/2018 00:35:42,Microsoft-Windows-Kernel-General,16,None,The access history in hive \??\C:\Users\Philipp Wise\AppData\Local\Packages\Microsoft.WindowsStore_8wekyb3d8bbwe\Settings\settings.dat was cleared updating 14 keys and creating 3 modified pages.
Information,30/06/2018 00:35:39,Microsoft-Windows-Kernel-General,16,None,The access history in hive \??\C:\Users\Philipp Wise\AppData\Local\Packages\Microsoft.SurfaceHub_8wekyb3d8bbwe\Settings\settings.dat was cleared updating 4 keys and creating 1 modified pages.
Information,30/06/2018 00:35:31,Microsoft-Windows-Kernel-General,16,None,The access history in hive \??\C:\Users\Philipp Wise\AppData\Local\Packages\Microsoft.MicrosoftOfficeHub_8wekyb3d8bbwe\Settings\settings.dat was cleared updating 45 keys and creating 10 modified pages.
Information,30/06/2018 00:35:30,Microsoft-Windows-Kernel-General,16,None,The access history in hive \??\C:\Users\Philipp Wise\AppData\Local\Packages\microsoft.windowscommunicationsapps_8wekyb3d8bbwe\Settings\settings.dat was cleared updating 60 keys and creating 15 modified pages.
Information,30/06/2018 00:35:29,Microsoft-Windows-Kernel-General,16,None,The access history in hive \??\C:\Users\Philipp Wise\AppData\Local\Packages\Microsoft.Windows.ContentDeliveryManager_cw5n1h2txyewy\Settings\settings.dat was cleared updating 613 keys and creating 80 modified pages.
Information,30/06/2018 00:35:29,Microsoft-Windows-Kernel-General,16,None,The access history in hive \??\C:\Users\Philipp Wise\AppData\Local\Packages\Microsoft.SkypeApp_kzf8qxf38zg5c\Settings\settings.dat was cleared updating 11 keys and creating 3 modified pages.
Information,30/06/2018 00:35:18,Microsoft-Windows-Kernel-General,16,None,The access history in hive \??\C:\Users\Philipp Wise\AppData\Local\Packages\Microsoft.Windows.Cortana_cw5n1h2txyewy\Settings\settings.dat was cleared updating 36 keys and creating 9 modified pages.
Information,30/06/2018 00:35:17,Microsoft-Windows-Kernel-General,16,None,The access history in hive \??\C:\Users\Philipp Wise\AppData\Local\Packages\Microsoft.Windows.ShellExperienceHost_cw5n1h2txyewy\Settings\settings.dat was cleared updating 4 keys and creating 1 modified pages.
Information,30/06/2018 00:35:13,Microsoft-Windows-Power-Troubleshooter,1,None,"The system has returned from a low power state.

Sleep Time: ‎2018‎-‎06‎-‎25T10:34:32.107122200Z
Wake Time: ‎2018‎-‎06‎-‎29T22:35:11.733582500Z

Wake Source: Unknown"
Error,30/06/2018 00:35:13,Microsoft-Windows-DistributedCOM,10016,None,"The application-specific permission settings do not grant Local Activation permission for the COM Server application with CLSID 
{6B3B8D23-FA8D-40B9-8DBD-B950333E2C52}
 and APPID 
{4839DDB7-58C2-48F5-8283-E1D1807D0D7D}
 to the user NT AUTHORITY\LOCAL SERVICE SID (S-1-5-19) from address LocalHost (Using LRPC) running in the application container Unavailable SID (Unavailable). This security permission can be modified using the Component Services administrative tool."
Error,30/06/2018 00:35:13,Microsoft-Windows-DistributedCOM,10016,None,"The application-specific permission settings do not grant Local Activation permission for the COM Server application with CLSID 
{6B3B8D23-FA8D-40B9-8DBD-B950333E2C52}
 and APPID 
{4839DDB7-58C2-48F5-8283-E1D1807D0D7D}
 to the user NT AUTHORITY\LOCAL SERVICE SID (S-1-5-19) from address LocalHost (Using LRPC) running in the application container Unavailable SID (Unavailable). This security permission can be modified using the Component Services administrative tool."
Error,30/06/2018 00:35:12,Microsoft-Windows-DistributedCOM,10016,None,"The application-specific permission settings do not grant Local Activation permission for the COM Server application with CLSID 
{D63B10C5-BB46-4990-A94F-E40B9D520160}
 and APPID 
{9CA88EE3-ACB7-47C8-AFC4-AB702511C276}
 to the user NT AUTHORITY\LOCAL SERVICE SID (S-1-5-19) from address LocalHost (Using LRPC) running in the application container Unavailable SID (Unavailable). This security permission can be modified using the Component Services administrative tool."
Warning,30/06/2018 00:35:12,BTHUSB,34,None,The local adapter does not support an important Low Energy controller state to support peripheral mode. The minimum required supported state mask is 0x491f7fffff; got 0x1fffffff. Low Energy peripheral role functionality will not be available.
Information,30/06/2018 00:35:12,BTHUSB,18,None,Windows cannot store Bluetooth authentication codes (link keys) on the local adapter. Bluetooth keyboards might not work in the system BIOS during start-up.
Information,30/06/2018 00:35:12,Microsoft-Windows-Kernel-General,16,None,The access history in hive \??\C:\Users\Philipp Wise\AppData\Local\Microsoft\Windows\UsrClass.dat was cleared updating 15674 keys and creating 1438 modified pages.
Information,30/06/2018 00:35:12,Microsoft-Windows-Kernel-General,16,None,The access history in hive \??\C:\Users\Philipp Wise\ntuser.dat was cleared updating 3432 keys and creating 572 modified pages.
Information,30/06/2018 00:35:12,Microsoft-Windows-Winlogon,7001,(1101),User Log-on Notification for Customer Experience Improvement Program
Information,30/06/2018 00:35:11,Microsoft-Windows-Kernel-General,16,None,The access history in hive \Device\HarddiskVolume1\EFI\Microsoft\Boot\BCD was cleared updating 133 keys and creating 8 modified pages.
Information,30/06/2018 00:35:11,Microsoft-Windows-Kernel-Boot,27,(33),The boot type was 0x1.
Information,30/06/2018 00:35:11,Microsoft-Windows-Kernel-Boot,25,(32),The boot menu policy was 0x1.
Information,30/06/2018 00:35:11,Microsoft-Windows-Kernel-Boot,32,(58),The bootmgr spent 0 ms waiting for user input.
Information,30/06/2018 00:35:11,Microsoft-Windows-Kernel-Boot,18,(57),There are 0x1 boot options on this system.
Information,30/06/2018 00:35:11,Microsoft-Windows-Kernel-Boot,30,(21),The firmware reported boot metrics.
Information,30/06/2018 00:35:10,EventLog,6013,None,The system uptime is 1093173 seconds.
Information,30/06/2018 00:35:09,Microsoft-Windows-Kernel-General,1,(5),"The system time has changed to ‎2018‎-‎06‎-‎29T22:35:09.500000000Z from ‎2018‎-‎06‎-‎25T10:34:40.241421700Z.

Change Reason: System time synchronized with the hardware clock."
Information,25/06/2018 12:34:40,Microsoft-Windows-Kernel-Power,107,(102),The system has resumed from sleep.
Information,25/06/2018 12:34:38,Microsoft-Windows-Kernel-Power,42,(64),"The system is entering sleep.

Sleep Reason: Application API"
Information,25/06/2018 12:34:30,Win32k,267,None,Touch/Touchpad Hardware Quality Assurance verification succeeded.
Information,25/06/2018 12:34:30,Win32k,267,None,Touch/Touchpad Hardware Quality Assurance verification succeeded.
Information,25/06/2018 12:34:29,Microsoft-Windows-Winlogon,7002,(1102),User Log-off Notification for Customer Experience Improvement Program
Information,25/06/2018 12:24:28,Microsoft-Windows-Kernel-General,16,None,The access history in hive \??\C:\Users\Philipp Wise\AppData\Local\Packages\Microsoft.WindowsFeedbackHub_8wekyb3d8bbwe\Settings\settings.dat was cleared updating 2 keys and creating 1 modified pages.
Information,25/06/2018 12:13:33,Microsoft-Windows-WindowsUpdateClient,19,Windows Update Agent,Installation Successful: Windows successfully installed the following update: Definition Update for Windows Defender Antivirus - KB2267602 (Definition 1.269.1925.0)
Information,25/06/2018 12:13:05,Microsoft-Windows-WindowsUpdateClient,43,Windows Update Agent,Installation Started: Windows has started installing the following update: Definition Update for Windows Defender Antivirus - KB2267602 (Definition 1.269.1925.0)
Information,25/06/2018 12:13:05,Microsoft-Windows-WindowsUpdateClient,44,Windows Update Agent,Windows Update started downloading an update.
Information,25/06/2018 12:00:00,EventLog,6013,None,The system uptime is 702263 seconds.
Information,25/06/2018 11:58:41,Microsoft-Windows-Kernel-General,16,None,The access history in hive \??\C:\Users\Philipp Wise\AppData\Local\Packages\Microsoft.AAD.BrokerPlugin_cw5n1h2txyewy\Settings\settings.dat was cleared updating 5 keys and creating 1 modified pages.
Information,25/06/2018 11:56:09,Service Control Manager,7040,None,The start type of the Background Intelligent Transfer Service service was changed from demand start to auto start.
Error,25/06/2018 11:50:37,Microsoft-Windows-DistributedCOM,10016,None,"The application-specific permission settings do not grant Local Activation permission for the COM Server application with CLSID 
{D63B10C5-BB46-4990-A94F-E40B9D520160}
 and APPID 
{9CA88EE3-ACB7-47C8-AFC4-AB702511C276}
 to the user DESKTOP-JRHB8O7\Philipp Wise SID (S-1-5-21-3472773844-1026657542-2222872734-1001) from address LocalHost (Using LRPC) running in the application container Unavailable SID (Unavailable). This security permission can be modified using the Component Services administrative tool."
Information,25/06/2018 11:48:20,Microsoft-Windows-Kernel-Power,507,(158),"The system is exiting connected standby 

Reason: Input Mouse."
Error,25/06/2018 11:48:20,Microsoft-Windows-DistributedCOM,10016,None,"The application-specific permission settings do not grant Local Activation permission for the COM Server application with CLSID 
{D63B10C5-BB46-4990-A94F-E40B9D520160}
 and APPID 
{9CA88EE3-ACB7-47C8-AFC4-AB702511C276}
 to the user NT AUTHORITY\LOCAL SERVICE SID (S-1-5-19) from address LocalHost (Using LRPC) running in the application container Unavailable SID (Unavailable). This security permission can be modified using the Component Services administrative tool."
Error,25/06/2018 11:43:09,Microsoft-Windows-DistributedCOM,10016,None,"The application-specific permission settings do not grant Local Activation permission for the COM Server application with CLSID 
{D63B10C5-BB46-4990-A94F-E40B9D520160}
 and APPID 
{9CA88EE3-ACB7-47C8-AFC4-AB702511C276}
 to the user NT AUTHORITY\LOCAL SERVICE SID (S-1-5-19) from address LocalHost (Using LRPC) running in the application container Unavailable SID (Unavailable). This security permission can be modified using the Component Services administrative tool."
Information,25/06/2018 11:43:09,Microsoft-Windows-Kernel-Power,506,(157),"The system is entering connected standby 

Reason: Idle Timeout."
Information,25/06/2018 11:19:40,Service Control Manager,7040,None,The start type of the Background Intelligent Transfer Service service was changed from auto start to demand start.
Information,25/06/2018 11:17:38,Service Control Manager,7040,None,The start type of the Background Intelligent Transfer Service service was changed from demand start to auto start.
Information,25/06/2018 11:17:38,Microsoft-Windows-Kernel-Power,507,(158),"The system is exiting connected standby 

Reason: Input Mouse."
Error,25/06/2018 11:17:37,Microsoft-Windows-DistributedCOM,10016,None,"The application-specific permission settings do not grant Local Activation permission for the COM Server application with CLSID 
{D63B10C5-BB46-4990-A94F-E40B9D520160}
 and APPID 
{9CA88EE3-ACB7-47C8-AFC4-AB702511C276}
 to the user NT AUTHORITY\LOCAL SERVICE SID (S-1-5-19) from address LocalHost (Using LRPC) running in the application container Unavailable SID (Unavailable). This security permission can be modified using the Component Services administrative tool."
Error,25/06/2018 11:16:12,Microsoft-Windows-DistributedCOM,10016,None,"The application-specific permission settings do not grant Local Activation permission for the COM Server application with CLSID 
{D63B10C5-BB46-4990-A94F-E40B9D520160}
 and APPID 
{9CA88EE3-ACB7-47C8-AFC4-AB702511C276}
 to the user NT AUTHORITY\LOCAL SERVICE SID (S-1-5-19) from address LocalHost (Using LRPC) running in the application container Unavailable SID (Unavailable). This security permission can be modified using the Component Services administrative tool."
Information,25/06/2018 11:16:11,Microsoft-Windows-Kernel-Power,506,(157),"The system is entering connected standby 

Reason: Idle Timeout."
Information,25/06/2018 10:48:58,Microsoft-Windows-WindowsUpdateClient,19,Windows Update Agent,Installation Successful: Windows successfully installed the following update: 9NBLGGH1ZRPV-KING.COM.CANDYCRUSHSODASAGA
Information,25/06/2018 10:48:58,Microsoft-Windows-WindowsUpdateClient,43,Windows Update Agent,Installation Started: Windows has started installing the following update: 9NBLGGH1ZRPV-KING.COM.CANDYCRUSHSODASAGA
Information,25/06/2018 10:48:55,Microsoft-Windows-Kernel-General,16,None,The access history in hive \??\C:\Users\Philipp Wise\AppData\Local\Packages\king.com.CandyCrushSodaSaga_kgqvnymyfvs32\Settings\settings.dat was cleared updating 1 keys and creating 1 modified pages.
Information,25/06/2018 10:48:52,Microsoft-Windows-Kernel-General,16,None,The access history in hive \??\C:\ProgramData\Microsoft\Windows\AppRepository\Packages\king.com.CandyCrushSodaSaga_1.116.200.0_x86__kgqvnymyfvs32\ActivationStore.dat was cleared updating 0 keys and creating 0 modified pages.
Information,25/06/2018 10:48:08,Microsoft-Windows-WindowsUpdateClient,19,Windows Update Agent,Installation Successful: Windows successfully installed the following update: 9WZDNCRFHVJL-MICROSOFT.OFFICE.ONENOTE
Information,25/06/2018 10:48:08,Microsoft-Windows-WindowsUpdateClient,43,Windows Update Agent,Installation Started: Windows has started installing the following update: 9WZDNCRFHVJL-MICROSOFT.OFFICE.ONENOTE
Information,25/06/2018 10:48:05,Microsoft-Windows-Kernel-General,16,None,The access history in hive \??\C:\Users\Philipp Wise\AppData\Local\Packages\Microsoft.Office.OneNote_8wekyb3d8bbwe\Settings\settings.dat was cleared updating 1 keys and creating 1 modified pages.
Information,25/06/2018 10:48:02,Microsoft-Windows-Kernel-General,16,None,The access history in hive \??\C:\ProgramData\Microsoft\Windows\AppRepository\Packages\Microsoft.Office.OneNote_16001.10228.20003.0_x64__8wekyb3d8bbwe\ActivationStore.dat was cleared updating 0 keys and creating 0 modified pages.
Information,25/06/2018 10:47:33,Microsoft-Windows-WindowsUpdateClient,19,Windows Update Agent,Installation Successful: Windows successfully installed the following update: 9P6CT0SLW589-Microsoft.LanguageExperiencePackde-DE
Information,25/06/2018 10:47:33,Microsoft-Windows-WindowsUpdateClient,43,Windows Update Agent,Installation Started: Windows has started installing the following update: 9P6CT0SLW589-Microsoft.LanguageExperiencePackde-DE
Information,25/06/2018 10:47:30,Microsoft-Windows-Kernel-General,16,None,The access history in hive \??\C:\Users\Philipp Wise\AppData\Local\Packages\Microsoft.LanguageExperiencePackde-de_8wekyb3d8bbwe\Settings\settings.dat was cleared updating 3 keys and creating 1 modified pages.
Information,25/06/2018 10:47:27,Microsoft-Windows-Kernel-General,16,None,The access history in hive \??\C:\ProgramData\Microsoft\Windows\AppRepository\Packages\Microsoft.LanguageExperiencePackde-de_17134.5.10.0_neutral__8wekyb3d8bbwe\ActivationStore.dat was cleared updating 0 keys and creating 0 modified pages.
Information,25/06/2018 10:46:47,Microsoft-Windows-WindowsUpdateClient,44,Windows Update Agent,Windows Update started downloading an update.
Information,25/06/2018 10:46:47,Microsoft-Windows-WindowsUpdateClient,19,Windows Update Agent,Installation Successful: Windows successfully installed the following update: 9WZDNCRFJB8P-MICROSOFT.SURFACEHUB
Information,25/06/2018 10:46:42,Microsoft-Windows-WindowsUpdateClient,43,Windows Update Agent,Installation Started: Windows has started installing the following update: 9WZDNCRFJB8P-MICROSOFT.SURFACEHUB
Information,25/06/2018 10:46:37,Microsoft-Windows-Kernel-General,16,None,The access history in hive \??\C:\ProgramData\Microsoft\Windows\AppRepository\Packages\Microsoft.SurfaceHub_32.600.139.0_x64__8wekyb3d8bbwe\ActivationStore.dat was cleared updating 0 keys and creating 0 modified pages.
Information,25/06/2018 10:46:36,Microsoft-Windows-WindowsUpdateClient,44,Windows Update Agent,Windows Update started downloading an update.
Information,25/06/2018 10:46:31,Microsoft-Windows-WindowsUpdateClient,19,Windows Update Agent,Installation Successful: Windows successfully installed the following update: 9WZDNCRFJBMP-MICROSOFT.WINDOWSSTORE
Information,25/06/2018 10:46:31,Microsoft-Windows-WindowsUpdateClient,43,Windows Update Agent,Installation Started: Windows has started installing the following update: 9WZDNCRFJBMP-MICROSOFT.WINDOWSSTORE
Information,25/06/2018 10:46:25,Microsoft-Windows-Kernel-General,16,None,The access history in hive \??\C:\ProgramData\Microsoft\Windows\AppRepository\Packages\Microsoft.WindowsStore_11805.1001.42.0_x64__8wekyb3d8bbwe\ActivationStore.dat was cleared updating 0 keys and creating 0 modified pages.
Information,25/06/2018 10:46:04,Microsoft-Windows-WindowsUpdateClient,44,Windows Update Agent,Windows Update started downloading an update.
Information,25/06/2018 10:46:01,Microsoft-Windows-WindowsUpdateClient,19,Windows Update Agent,Installation Successful: Windows successfully installed the following update: 9NBLGGH4S50Q-8338Giuapps.Inkodo
Information,25/06/2018 10:46:01,Microsoft-Windows-WindowsUpdateClient,43,Windows Update Agent,Installation Started: Windows has started installing the following update: 9NBLGGH4S50Q-8338Giuapps.Inkodo
Information,25/06/2018 10:45:57,Microsoft-Windows-Kernel-General,16,None,The access history in hive \??\C:\Users\Philipp Wise\AppData\Local\Packages\8338Giuapps.Inkodo_pzan5b7zgydq2\Settings\settings.dat was cleared updating 1 keys and creating 1 modified pages.
