Information,11/07/2018 12:03:52,Microsoft-Windows-WindowsUpdateClient,19,Windows Update Agent,Installation Successful: Windows successfully installed the following update: Definition Update for Windows Defender Antivirus - KB2267602 (Definition 1.271.815.0)
Information,11/07/2018 12:03:43,Microsoft-Windows-WindowsUpdateClient,43,Windows Update Agent,Installation Started: Windows has started installing the following update: Definition Update for Windows Defender Antivirus - KB2267602 (Definition 1.271.815.0)
Information,11/07/2018 12:02:36,Microsoft-Windows-WindowsUpdateClient,44,Windows Update Agent,Windows Update started downloading an update.
Information,11/07/2018 12:02:32,Microsoft-Windows-WindowsUpdateClient,44,Windows Update Agent,Windows Update started downloading an update.
Information,11/07/2018 12:02:32,Microsoft-Windows-WindowsUpdateClient,44,Windows Update Agent,Windows Update started downloading an update.
Information,11/07/2018 12:02:21,Microsoft-Windows-WindowsUpdateClient,44,Windows Update Agent,Windows Update started downloading an update.
Error,11/07/2018 12:02:10,Microsoft-Windows-DistributedCOM,10016,None,"The application-specific permission settings do not grant Local Activation permission for the COM Server application with CLSID 
{D63B10C5-BB46-4990-A94F-E40B9D520160}
 and APPID 
{9CA88EE3-ACB7-47C8-AFC4-AB702511C276}
 to the user NT AUTHORITY\LOCAL SERVICE SID (S-1-5-19) from address LocalHost (Using LRPC) running in the application container Unavailable SID (Unavailable). This security permission can be modified using the Component Services administrative tool."
Information,11/07/2018 12:00:00,EventLog,6013,None,The system uptime is 503788 seconds.
Information,11/07/2018 11:59:35,Microsoft-Windows-Kernel-General,16,None,The access history in hive \??\C:\Users\Philipp Wise\AppData\Local\Packages\Microsoft.AAD.BrokerPlugin_cw5n1h2txyewy\Settings\settings.dat was cleared updating 5 keys and creating 1 modified pages.
Warning,11/07/2018 11:59:30,Microsoft-Windows-DNS-Client,1014,(1014),Name resolution for the name wpad timed out after none of the configured DNS servers responded.
Information,11/07/2018 11:59:23,Microsoft-Windows-Kernel-General,16,None,The access history in hive \??\C:\Users\Philipp Wise\AppData\Local\Packages\Microsoft.WindowsFeedbackHub_8wekyb3d8bbwe\Settings\settings.dat was cleared updating 2 keys and creating 1 modified pages.
Information,11/07/2018 11:59:13,Microsoft-Windows-Power-Troubleshooter,1,None,"The system has returned from a low power state.

Sleep Time: ‎2018‎-‎07‎-‎09T11:38:56.777331200Z
Wake Time: ‎2018‎-‎07‎-‎11T09:59:11.454779200Z

Wake Source: Unknown"
Error,11/07/2018 11:59:12,Microsoft-Windows-NDIS,10317,PnP,"Miniport Microsoft Wi-Fi Direct Virtual Adapter #2, {F9D56E57-600D-4A91-ACF6-D434836E61B9}, had event Fatal error: The miniport has failed a power transition to operational power"
Warning,11/07/2018 11:59:11,BTHUSB,34,None,The local adapter does not support an important Low Energy controller state to support peripheral mode. The minimum required supported state mask is 0x491f7fffff; got 0x1fffffff. Low Energy peripheral role functionality will not be available.
Information,11/07/2018 11:59:11,BTHUSB,18,None,Windows cannot store Bluetooth authentication codes (link keys) on the local adapter. Bluetooth keyboards might not work in the system BIOS during start-up.
Information,11/07/2018 11:59:11,Microsoft-Windows-Kernel-Boot,27,(33),The boot type was 0x2.
Information,11/07/2018 11:59:11,Microsoft-Windows-Kernel-Boot,25,(32),The boot menu policy was 0x8BE32000.
Information,11/07/2018 11:59:11,Microsoft-Windows-Kernel-Boot,32,(58),The bootmgr spent 0 ms waiting for user input.
Information,11/07/2018 11:59:11,Microsoft-Windows-Kernel-Boot,18,(57),There are 0x1 boot options on this system.
Information,11/07/2018 11:59:11,Microsoft-Windows-Kernel-Boot,30,(21),The firmware reported boot metrics.
Error,11/07/2018 11:59:11,Microsoft-Windows-DistributedCOM,10016,None,"The application-specific permission settings do not grant Local Activation permission for the COM Server application with CLSID 
{D63B10C5-BB46-4990-A94F-E40B9D520160}
 and APPID 
{9CA88EE3-ACB7-47C8-AFC4-AB702511C276}
 to the user NT AUTHORITY\LOCAL SERVICE SID (S-1-5-19) from address LocalHost (Using LRPC) running in the application container Unavailable SID (Unavailable). This security permission can be modified using the Component Services administrative tool."
Information,11/07/2018 11:59:10,Microsoft-Windows-Kernel-Power,105,(100),Power source change.
Warning,11/07/2018 11:59:10,Win32k,701,None,Power Manager has not requested suppresion of all input (INPUT_SUPPRESS_REQUEST=0)
Warning,11/07/2018 11:59:10,Win32k,701,None,Power Manager has not requested suppresion of all input (INPUT_SUPPRESS_REQUEST=0)
Information,11/07/2018 11:59:09,Microsoft-Windows-Kernel-General,1,(5),"The system time has changed to ‎2018‎-‎07‎-‎11T09:59:09.500000000Z from ‎2018‎-‎07‎-‎09T11:39:04.636049400Z.

Change Reason: System time synchronized with the hardware clock."
Information,09/07/2018 13:39:04,Microsoft-Windows-Kernel-Power,107,(102),The system has resumed from sleep.
Information,11/07/2018 11:59:10,EventLog,6013,None,The system uptime is 503738 seconds.
Information,09/07/2018 13:39:03,Microsoft-Windows-Kernel-Power,507,(158),"The system is exiting connected standby 

Reason: Transition to System Sleep State S4/S5."
Information,09/07/2018 13:39:02,Microsoft-Windows-Kernel-Power,42,(64),"The system is entering sleep.

Sleep Reason: Hibernate from Sleep - Standby Battery Budget Exceeded"
Error,09/07/2018 12:54:26,Microsoft-Windows-DistributedCOM,10016,None,"The application-specific permission settings do not grant Local Activation permission for the COM Server application with CLSID 
{D63B10C5-BB46-4990-A94F-E40B9D520160}
 and APPID 
{9CA88EE3-ACB7-47C8-AFC4-AB702511C276}
 to the user NT AUTHORITY\LOCAL SERVICE SID (S-1-5-19) from address LocalHost (Using LRPC) running in the application container Unavailable SID (Unavailable). This security permission can be modified using the Component Services administrative tool."
Warning,09/07/2018 12:54:23,Win32k,700,None,Power Manager has requested suppresion of all input (INPUT_SUPPRESS_REQUEST=1)
Warning,09/07/2018 12:54:23,Win32k,700,None,Power Manager has requested suppresion of all input (INPUT_SUPPRESS_REQUEST=1)
Information,09/07/2018 12:54:23,Microsoft-Windows-Kernel-Power,506,(157),"The system is entering connected standby 

Reason: Lid."
Information,09/07/2018 12:54:18,Service Control Manager,7040,None,The start type of the Background Intelligent Transfer Service service was changed from demand start to auto start.
Error,09/07/2018 12:22:53,Microsoft-Windows-DistributedCOM,10016,None,"The application-specific permission settings do not grant Local Activation permission for the COM Server application with CLSID 
{D63B10C5-BB46-4990-A94F-E40B9D520160}
 and APPID 
{9CA88EE3-ACB7-47C8-AFC4-AB702511C276}
 to the user NT AUTHORITY\LOCAL SERVICE SID (S-1-5-19) from address LocalHost (Using LRPC) running in the application container Unavailable SID (Unavailable). This security permission can be modified using the Component Services administrative tool."
Information,09/07/2018 12:00:00,EventLog,6013,None,The system uptime is 330989 seconds.
Information,09/07/2018 11:06:49,Microsoft-Windows-Kernel-Power,507,(158),"The system is exiting connected standby 

Reason: Input Mouse."
Error,09/07/2018 11:06:49,Microsoft-Windows-DistributedCOM,10016,None,"The application-specific permission settings do not grant Local Activation permission for the COM Server application with CLSID 
{D63B10C5-BB46-4990-A94F-E40B9D520160}
 and APPID 
{9CA88EE3-ACB7-47C8-AFC4-AB702511C276}
 to the user NT AUTHORITY\LOCAL SERVICE SID (S-1-5-19) from address LocalHost (Using LRPC) running in the application container Unavailable SID (Unavailable). This security permission can be modified using the Component Services administrative tool."
Error,09/07/2018 11:05:46,Service Control Manager,7011,None,A timeout (30000 milliseconds) was reached while waiting for a transaction response from the WSearch service.
Error,09/07/2018 11:04:35,Microsoft-Windows-DistributedCOM,10016,None,"The application-specific permission settings do not grant Local Activation permission for the COM Server application with CLSID 
{D63B10C5-BB46-4990-A94F-E40B9D520160}
 and APPID 
{9CA88EE3-ACB7-47C8-AFC4-AB702511C276}
 to the user NT AUTHORITY\LOCAL SERVICE SID (S-1-5-19) from address LocalHost (Using LRPC) running in the application container Unavailable SID (Unavailable). This security permission can be modified using the Component Services administrative tool."
Information,09/07/2018 11:04:34,Microsoft-Windows-Kernel-Power,506,(157),"The system is entering connected standby 

Reason: Idle Timeout."
Information,09/07/2018 11:00:15,Microsoft-Windows-Kernel-General,16,None,The access history in hive \??\C:\ProgramData\Microsoft\Provisioning\Microsoft-Desktop-Provisioning-Sequence.dat was cleared updating 0 keys and creating 0 modified pages.
Information,09/07/2018 10:56:04,Service Control Manager,7040,None,The start type of the Background Intelligent Transfer Service service was changed from auto start to demand start.
Error,09/07/2018 10:48:54,Microsoft-Windows-DistributedCOM,10016,None,"The application-specific permission settings do not grant Local Activation permission for the COM Server application with CLSID 
{D63B10C5-BB46-4990-A94F-E40B9D520160}
 and APPID 
{9CA88EE3-ACB7-47C8-AFC4-AB702511C276}
 to the user DESKTOP-JRHB8O7\Philipp Wise SID (S-1-5-21-3472773844-1026657542-2222872734-1001) from address LocalHost (Using LRPC) running in the application container Unavailable SID (Unavailable). This security permission can be modified using the Component Services administrative tool."
Information,09/07/2018 10:43:48,Microsoft-Windows-WindowsUpdateClient,19,Windows Update Agent,Installation Successful: Windows successfully installed the following update: Definition Update for Windows Defender Antivirus - KB2267602 (Definition 1.271.704.0)
Information,09/07/2018 10:43:26,Microsoft-Windows-WindowsUpdateClient,43,Windows Update Agent,Installation Started: Windows has started installing the following update: Definition Update for Windows Defender Antivirus - KB2267602 (Definition 1.271.704.0)
Information,09/07/2018 10:43:26,Microsoft-Windows-WindowsUpdateClient,44,Windows Update Agent,Windows Update started downloading an update.
Error,09/07/2018 10:40:04,Microsoft-Windows-DistributedCOM,10016,None,"The application-specific permission settings do not grant Local Activation permission for the COM Server application with CLSID 
{6B3B8D23-FA8D-40B9-8DBD-B950333E2C52}
 and APPID 
{4839DDB7-58C2-48F5-8283-E1D1807D0D7D}
 to the user NT AUTHORITY\LOCAL SERVICE SID (S-1-5-19) from address LocalHost (Using LRPC) running in the application container Unavailable SID (Unavailable). This security permission can be modified using the Component Services administrative tool."
Error,09/07/2018 10:40:04,Microsoft-Windows-DistributedCOM,10016,None,"The application-specific permission settings do not grant Local Activation permission for the COM Server application with CLSID 
{6B3B8D23-FA8D-40B9-8DBD-B950333E2C52}
 and APPID 
{4839DDB7-58C2-48F5-8283-E1D1807D0D7D}
 to the user NT AUTHORITY\LOCAL SERVICE SID (S-1-5-19) from address LocalHost (Using LRPC) running in the application container Unavailable SID (Unavailable). This security permission can be modified using the Component Services administrative tool."
Information,09/07/2018 10:40:04,Microsoft-Windows-Power-Troubleshooter,1,None,"The system has returned from a low power state.

Sleep Time: ‎2018‎-‎07‎-‎09T08:12:25.803600900Z
Wake Time: ‎2018‎-‎07‎-‎09T08:40:02.317888800Z

Wake Source: Unknown"
Error,09/07/2018 10:40:03,Microsoft-Windows-DistributedCOM,10016,None,"The application-specific permission settings do not grant Local Activation permission for the COM Server application with CLSID 
{D63B10C5-BB46-4990-A94F-E40B9D520160}
 and APPID 
{9CA88EE3-ACB7-47C8-AFC4-AB702511C276}
 to the user NT AUTHORITY\LOCAL SERVICE SID (S-1-5-19) from address LocalHost (Using LRPC) running in the application container Unavailable SID (Unavailable). This security permission can be modified using the Component Services administrative tool."
Warning,09/07/2018 10:40:03,BTHUSB,34,None,The local adapter does not support an important Low Energy controller state to support peripheral mode. The minimum required supported state mask is 0x491f7fffff; got 0x1fffffff. Low Energy peripheral role functionality will not be available.
Information,09/07/2018 10:40:03,BTHUSB,18,None,Windows cannot store Bluetooth authentication codes (link keys) on the local adapter. Bluetooth keyboards might not work in the system BIOS during start-up.
Information,09/07/2018 10:40:02,Microsoft-Windows-Winlogon,7001,(1101),User Log-on Notification for Customer Experience Improvement Program
Error,09/07/2018 10:40:02,BTHUSB,17,None,The local Bluetooth adapter has failed in an undetermined manner and will not be used. The driver has been unloaded.
Information,09/07/2018 10:40:02,Microsoft-Windows-Kernel-Boot,27,(33),The boot type was 0x1.
Information,09/07/2018 10:40:02,Microsoft-Windows-Kernel-Boot,25,(32),The boot menu policy was 0x1.
Information,09/07/2018 10:40:02,Microsoft-Windows-Kernel-Boot,32,(58),The bootmgr spent 0 ms waiting for user input.
Information,09/07/2018 10:40:02,Microsoft-Windows-Kernel-Boot,18,(57),There are 0x1 boot options on this system.
Information,09/07/2018 10:40:02,Microsoft-Windows-Kernel-Boot,30,(21),The firmware reported boot metrics.
Information,09/07/2018 10:40:00,Microsoft-Windows-Kernel-General,1,(5),"The system time has changed to ‎2018‎-‎07‎-‎09T08:40:00.500000000Z from ‎2018‎-‎07‎-‎09T08:12:33.522319500Z.

Change Reason: System time synchronized with the hardware clock."
Information,09/07/2018 10:12:33,Microsoft-Windows-Kernel-Power,107,(102),The system has resumed from sleep.
Information,09/07/2018 10:12:32,Microsoft-Windows-Kernel-Power,42,(64),"The system is entering sleep.

Sleep Reason: Application API"
Information,09/07/2018 10:12:25,Win32k,267,None,Touch/Touchpad Hardware Quality Assurance verification succeeded.
Information,09/07/2018 10:12:25,Win32k,267,None,Touch/Touchpad Hardware Quality Assurance verification succeeded.
Information,09/07/2018 10:12:23,Microsoft-Windows-Winlogon,7002,(1102),User Log-off Notification for Customer Experience Improvement Program
Information,09/07/2018 10:12:18,Service Control Manager,7040,None,The start type of the Background Intelligent Transfer Service service was changed from demand start to auto start.
Error,09/07/2018 09:18:43,Microsoft-Windows-DistributedCOM,10016,None,"The application-specific permission settings do not grant Local Activation permission for the COM Server application with CLSID 
{D63B10C5-BB46-4990-A94F-E40B9D520160}
 and APPID 
{9CA88EE3-ACB7-47C8-AFC4-AB702511C276}
 to the user DESKTOP-JRHB8O7\Philipp Wise SID (S-1-5-21-3472773844-1026657542-2222872734-1001) from address LocalHost (Using LRPC) running in the application container Unavailable SID (Unavailable). This security permission can be modified using the Component Services administrative tool."
Information,09/07/2018 09:17:58,Microsoft-Windows-Kernel-Power,507,(158),"The system is exiting connected standby 

Reason: Input Mouse."
Error,09/07/2018 09:17:57,Microsoft-Windows-DistributedCOM,10016,None,"The application-specific permission settings do not grant Local Activation permission for the COM Server application with CLSID 
{D63B10C5-BB46-4990-A94F-E40B9D520160}
 and APPID 
{9CA88EE3-ACB7-47C8-AFC4-AB702511C276}
 to the user NT AUTHORITY\LOCAL SERVICE SID (S-1-5-19) from address LocalHost (Using LRPC) running in the application container Unavailable SID (Unavailable). This security permission can be modified using the Component Services administrative tool."
Error,09/07/2018 08:54:50,Microsoft-Windows-DistributedCOM,10010,None,The server {995C996E-D918-4A8C-A302-45719A6F4EA7} did not register with DCOM within the required timeout.
Error,09/07/2018 08:52:27,Microsoft-Windows-DistributedCOM,10010,None,The server {995C996E-D918-4A8C-A302-45719A6F4EA7} did not register with DCOM within the required timeout.
Error,09/07/2018 08:50:04,Microsoft-Windows-DistributedCOM,10010,None,The server {995C996E-D918-4A8C-A302-45719A6F4EA7} did not register with DCOM within the required timeout.
Error,09/07/2018 08:47:40,Microsoft-Windows-DistributedCOM,10010,None,The server {995C996E-D918-4A8C-A302-45719A6F4EA7} did not register with DCOM within the required timeout.
Error,09/07/2018 08:45:17,Microsoft-Windows-DistributedCOM,10010,None,The server {995C996E-D918-4A8C-A302-45719A6F4EA7} did not register with DCOM within the required timeout.
Error,09/07/2018 08:42:53,Microsoft-Windows-DistributedCOM,10010,None,The server {995C996E-D918-4A8C-A302-45719A6F4EA7} did not register with DCOM within the required timeout.
Information,09/07/2018 08:39:29,Microsoft-Windows-Kernel-General,16,None,The access history in hive \SystemRoot\System32\config\DRIVERS was cleared updating 27392 keys and creating 1169 modified pages.
Error,09/07/2018 08:39:19,Microsoft-Windows-DistributedCOM,10016,None,"The application-specific permission settings do not grant Local Activation permission for the COM Server application with CLSID 
{D63B10C5-BB46-4990-A94F-E40B9D520160}
 and APPID 
{9CA88EE3-ACB7-47C8-AFC4-AB702511C276}
 to the user NT AUTHORITY\LOCAL SERVICE SID (S-1-5-19) from address LocalHost (Using LRPC) running in the application container Unavailable SID (Unavailable). This security permission can be modified using the Component Services administrative tool."
Information,09/07/2018 08:39:16,Microsoft-Windows-Kernel-Power,506,(157),"The system is entering connected standby 

Reason: Idle Timeout."
Information,09/07/2018 08:34:16,Microsoft-Windows-Kernel-General,16,None,The access history in hive \??\C:\Users\Philipp Wise\AppData\Local\Packages\Microsoft.Windows.Photos_8wekyb3d8bbwe\Settings\settings.dat was cleared updating 48 keys and creating 14 modified pages.
Information,09/07/2018 08:33:58,Microsoft-Windows-Kernel-General,16,None,The access history in hive \??\C:\ProgramData\Microsoft\Provisioning\Microsoft-Desktop-Provisioning-Sequence.dat was cleared updating 0 keys and creating 0 modified pages.
Information,09/07/2018 08:21:49,Service Control Manager,7040,None,The start type of the Background Intelligent Transfer Service service was changed from auto start to demand start.
Information,09/07/2018 08:19:35,Service Control Manager,7040,None,The start type of the Background Intelligent Transfer Service service was changed from demand start to auto start.
Error,09/07/2018 08:13:34,Microsoft-Windows-DistributedCOM,10016,None,"The application-specific permission settings do not grant Local Activation permission for the COM Server application with CLSID 
{D63B10C5-BB46-4990-A94F-E40B9D520160}
 and APPID 
{9CA88EE3-ACB7-47C8-AFC4-AB702511C276}
 to the user DESKTOP-JRHB8O7\Philipp Wise SID (S-1-5-21-3472773844-1026657542-2222872734-1001) from address LocalHost (Using LRPC) running in the application container Unavailable SID (Unavailable). This security permission can be modified using the Component Services administrative tool."
Information,09/07/2018 08:08:31,Service Control Manager,7040,None,The start type of the Background Intelligent Transfer Service service was changed from auto start to demand start.
Error,09/07/2018 08:01:20,Microsoft-Windows-DistributedCOM,10016,None,"The application-specific permission settings do not grant Local Activation permission for the COM Server application with CLSID 
{D63B10C5-BB46-4990-A94F-E40B9D520160}
 and APPID 
{9CA88EE3-ACB7-47C8-AFC4-AB702511C276}
 to the user NT AUTHORITY\LOCAL SERVICE SID (S-1-5-19) from address LocalHost (Using LRPC) running in the application container Unavailable SID (Unavailable). This security permission can be modified using the Component Services administrative tool."
Information,09/07/2018 07:58:55,Microsoft-Windows-Kernel-General,1,(5),"The system time has changed to ‎2018‎-‎07‎-‎09T05:58:55.069672200Z from ‎2018‎-‎07‎-‎09T05:58:55.069776900Z.

Change Reason: An application or system component changed the time."
Information,09/07/2018 07:58:55,Microsoft-Windows-Time-Service,35,None,"The time service is now synchronizing the system time with the time source time.windows.com,0x9 (ntp.m|0x9|0.0.0.0:123->51.140.65.84:123) with reference id 1413581875. Current local stratum number is 3."
Information,09/07/2018 07:58:43,Microsoft-Windows-Time-Service,37,None,"The time provider NtpClient is currently receiving valid time data from time.windows.com,0x9 (ntp.m|0x9|0.0.0.0:123->51.140.65.84:123)."
Warning,09/07/2018 07:58:43,Microsoft-Windows-Time-Service,134,None,"NtpClient was unable to set a manual peer to use as a time source because of DNS resolution error on 'time.windows.com,0x9'. NtpClient will try again in 15 minutes and double the reattempt interval thereafter. The error was: No such host is known. (0x80072AF9)"
Warning,09/07/2018 07:58:42,Microsoft-Windows-DNS-Client,1014,(1014),Name resolution for the name config.edge.skype.com timed out after none of the configured DNS servers responded.
Information,09/07/2018 07:58:23,Microsoft-Windows-Power-Troubleshooter,1,None,"The system has returned from a low power state.

Sleep Time: ‎2018‎-‎07‎-‎08T08:54:05.152065000Z
Wake Time: ‎2018‎-‎07‎-‎09T05:58:21.299969900Z

Wake Source: Unknown"
Error,09/07/2018 07:58:23,Microsoft-Windows-DistributedCOM,10016,None,"The application-specific permission settings do not grant Local Activation permission for the COM Server application with CLSID 
{6B3B8D23-FA8D-40B9-8DBD-B950333E2C52}
 and APPID 
{4839DDB7-58C2-48F5-8283-E1D1807D0D7D}
 to the user NT AUTHORITY\LOCAL SERVICE SID (S-1-5-19) from address LocalHost (Using LRPC) running in the application container Unavailable SID (Unavailable). This security permission can be modified using the Component Services administrative tool."
Error,09/07/2018 07:58:23,Microsoft-Windows-DistributedCOM,10016,None,"The application-specific permission settings do not grant Local Activation permission for the COM Server application with CLSID 
{6B3B8D23-FA8D-40B9-8DBD-B950333E2C52}
 and APPID 
{4839DDB7-58C2-48F5-8283-E1D1807D0D7D}
 to the user NT AUTHORITY\LOCAL SERVICE SID (S-1-5-19) from address LocalHost (Using LRPC) running in the application container Unavailable SID (Unavailable). This security permission can be modified using the Component Services administrative tool."
Error,09/07/2018 07:58:22,Microsoft-Windows-DistributedCOM,10016,None,"The application-specific permission settings do not grant Local Activation permission for the COM Server application with CLSID 
{D63B10C5-BB46-4990-A94F-E40B9D520160}
 and APPID 
{9CA88EE3-ACB7-47C8-AFC4-AB702511C276}
 to the user NT AUTHORITY\LOCAL SERVICE SID (S-1-5-19) from address LocalHost (Using LRPC) running in the application container Unavailable SID (Unavailable). This security permission can be modified using the Component Services administrative tool."
Warning,09/07/2018 07:58:22,Microsoft-Windows-Time-Service,134,None,"NtpClient was unable to set a manual peer to use as a time source because of DNS resolution error on 'time.windows.com,0x9'. NtpClient will try again in 15 minutes and double the reattempt interval thereafter. The error was: No such host is known. (0x80072AF9)"
Error,09/07/2018 07:58:21,Microsoft-Windows-NDIS,10317,PnP,"Miniport Microsoft Wi-Fi Direct Virtual Adapter #2, {F9D56E57-600D-4A91-ACF6-D434836E61B9}, had event Fatal error: The miniport has failed a power transition to operational power"
Warning,09/07/2018 07:58:21,BTHUSB,34,None,The local adapter does not support an important Low Energy controller state to support peripheral mode. The minimum required supported state mask is 0x491f7fffff; got 0x1fffffff. Low Energy peripheral role functionality will not be available.
Information,09/07/2018 07:58:21,BTHUSB,18,None,Windows cannot store Bluetooth authentication codes (link keys) on the local adapter. Bluetooth keyboards might not work in the system BIOS during start-up.
Information,09/07/2018 07:58:21,Microsoft-Windows-Winlogon,7001,(1101),User Log-on Notification for Customer Experience Improvement Program
Information,09/07/2018 07:58:21,Microsoft-Windows-Kernel-Boot,27,(33),The boot type was 0x1.
Information,09/07/2018 07:58:21,Microsoft-Windows-Kernel-Boot,25,(32),The boot menu policy was 0x1.
Information,09/07/2018 07:58:21,Microsoft-Windows-Kernel-Boot,32,(58),The bootmgr spent 0 ms waiting for user input.
Information,09/07/2018 07:58:21,Microsoft-Windows-Kernel-Boot,18,(57),There are 0x1 boot options on this system.
Information,09/07/2018 07:58:21,Microsoft-Windows-Kernel-Boot,30,(21),The firmware reported boot metrics.
Warning,09/07/2018 07:58:20,Microsoft-Windows-Time-Service,134,None,"NtpClient was unable to set a manual peer to use as a time source because of DNS resolution error on 'time.windows.com,0x9'. NtpClient will try again in 15 minutes and double the reattempt interval thereafter. The error was: No such host is known. (0x80072AF9)"
Warning,09/07/2018 07:58:20,Win32k,701,None,Power Manager has not requested suppresion of all input (INPUT_SUPPRESS_REQUEST=0)
Warning,09/07/2018 07:58:20,Win32k,701,None,Power Manager has not requested suppresion of all input (INPUT_SUPPRESS_REQUEST=0)
Information,09/07/2018 07:58:20,EventLog,6013,None,The system uptime is 316489 seconds.
Information,09/07/2018 07:58:19,Microsoft-Windows-Kernel-General,1,(5),"The system time has changed to ‎2018‎-‎07‎-‎09T05:58:19.500000000Z from ‎2018‎-‎07‎-‎08T08:54:14.962171600Z.

Change Reason: System time synchronized with the hardware clock."
Information,08/07/2018 10:54:14,Microsoft-Windows-Kernel-Power,107,(102),The system has resumed from sleep.
Information,08/07/2018 10:54:12,Microsoft-Windows-Kernel-Power,42,(64),"The system is entering sleep.

Sleep Reason: Application API"
Information,08/07/2018 10:54:03,Win32k,267,None,Touch/Touchpad Hardware Quality Assurance verification succeeded.
Information,08/07/2018 10:54:03,Win32k,267,None,Touch/Touchpad Hardware Quality Assurance verification succeeded.
Warning,08/07/2018 10:54:03,Win32k,700,None,Power Manager has requested suppresion of all input (INPUT_SUPPRESS_REQUEST=1)
Warning,08/07/2018 10:54:03,Win32k,700,None,Power Manager has requested suppresion of all input (INPUT_SUPPRESS_REQUEST=1)
Warning,08/07/2018 10:54:03,Win32k,700,None,Power Manager has requested suppresion of all input (INPUT_SUPPRESS_REQUEST=1)
Information,08/07/2018 10:54:01,Microsoft-Windows-Winlogon,7002,(1102),User Log-off Notification for Customer Experience Improvement Program
Information,08/07/2018 10:53:58,Service Control Manager,7040,None,The start type of the Background Intelligent Transfer Service service was changed from demand start to auto start.
Information,08/07/2018 10:51:59,Microsoft-Windows-Time-Service,158,None,The time provider 'VMICTimeProvider' has indicated that the current hardware and operating environment is not supported and has stopped. This behavior is expected for VMICTimeProvider on non-HyperV-guest environments. This may be the expected behavior for the current provider in the current operating environment as well.
Information,08/07/2018 10:51:31,Microsoft-Windows-Kernel-Power,507,(158),"The system is exiting connected standby 

Reason: Lid."
Error,08/07/2018 10:51:31,Microsoft-Windows-DistributedCOM,10016,None,"The application-specific permission settings do not grant Local Activation permission for the COM Server application with CLSID 
{D63B10C5-BB46-4990-A94F-E40B9D520160}
 and APPID 
{9CA88EE3-ACB7-47C8-AFC4-AB702511C276}
 to the user NT AUTHORITY\LOCAL SERVICE SID (S-1-5-19) from address LocalHost (Using LRPC) running in the application container Unavailable SID (Unavailable). This security permission can be modified using the Component Services administrative tool."
Warning,08/07/2018 10:51:30,Win32k,701,None,Power Manager has not requested suppresion of all input (INPUT_SUPPRESS_REQUEST=0)
Warning,08/07/2018 10:51:30,Win32k,701,None,Power Manager has not requested suppresion of all input (INPUT_SUPPRESS_REQUEST=0)
Information,08/07/2018 10:51:27,Microsoft-Windows-Kernel-Power,506,(157),"The system is entering connected standby 

Reason: AC/DC Display Burst Suppressed."
Information,08/07/2018 10:51:27,Microsoft-Windows-Kernel-Power,507,(158),"The system is exiting connected standby 

Reason: AC/DC Display Burst Suppressed."
Warning,08/07/2018 10:51:27,Win32k,700,None,Power Manager has requested suppresion of all input (INPUT_SUPPRESS_REQUEST=1)
Warning,08/07/2018 10:51:27,Win32k,700,None,Power Manager has requested suppresion of all input (INPUT_SUPPRESS_REQUEST=1)
Information,08/07/2018 10:51:27,Microsoft-Windows-Kernel-Power,105,(100),Power source change.
Information,08/07/2018 10:34:55,Microsoft-Windows-Time-Service,158,None,The time provider 'VMICTimeProvider' has indicated that the current hardware and operating environment is not supported and has stopped. This behavior is expected for VMICTimeProvider on non-HyperV-guest environments. This may be the expected behavior for the current provider in the current operating environment as well.
Information,08/07/2018 10:15:14,Microsoft-Windows-Kernel-General,11,None,"TxR init phase for hive \??\GLOBALROOT\Device\HarddiskVolumeShadowCopy3\WINDOWS\System32\config\DRIVERS (TM: {32F3E678-805C-11E8-BD06-BC8385D1DE3C}, RM: {32F3E677-805C-11E8-BD06-BC8385D1DE3C}) finished with result=0xC00000A2 (Internal code=7)."
Information,08/07/2018 10:15:14,Microsoft-Windows-Kernel-General,11,None,"TxR init phase for hive \??\GLOBALROOT\Device\HarddiskVolumeShadowCopy3\WINDOWS\System32\config\SYSTEM (TM: {32F3E675-805C-11E8-BD06-BC8385D1DE3C}, RM: {32F3E674-805C-11E8-BD06-BC8385D1DE3C}) finished with result=0xC00000A2 (Internal code=7)."
Information,08/07/2018 10:15:11,Microsoft-Windows-Ntfs,98,None,Volume Local Disk (\Device\HarddiskVolumeShadowCopy3) is healthy.  No action is needed.
Information,08/07/2018 10:11:11,Microsoft-Windows-Time-Service,158,None,The time provider 'VMICTimeProvider' has indicated that the current hardware and operating environment is not supported and has stopped. This behavior is expected for VMICTimeProvider on non-HyperV-guest environments. This may be the expected behavior for the current provider in the current operating environment as well.
Information,08/07/2018 09:54:07,Microsoft-Windows-Time-Service,158,None,The time provider 'VMICTimeProvider' has indicated that the current hardware and operating environment is not supported and has stopped. This behavior is expected for VMICTimeProvider on non-HyperV-guest environments. This may be the expected behavior for the current provider in the current operating environment as well.
Information,08/07/2018 09:53:18,Microsoft-Windows-Kernel-General,16,None,The access history in hive \??\C:\Users\Philipp Wise\AppData\Local\Packages\Microsoft.LockApp_cw5n1h2txyewy\Settings\settings.dat was cleared updating 3 keys and creating 1 modified pages.
Error,08/07/2018 09:53:16,Microsoft-Windows-DistributedCOM,10016,None,"The application-specific permission settings do not grant Local Activation permission for the COM Server application with CLSID 
{D63B10C5-BB46-4990-A94F-E40B9D520160}
 and APPID 
{9CA88EE3-ACB7-47C8-AFC4-AB702511C276}
 to the user NT AUTHORITY\LOCAL SERVICE SID (S-1-5-19) from address LocalHost (Using LRPC) running in the application container Unavailable SID (Unavailable). This security permission can be modified using the Component Services administrative tool."
Information,08/07/2018 09:53:15,Microsoft-Windows-Kernel-Power,506,(157),"The system is entering connected standby 

Reason: Lid."
Information,08/07/2018 09:37:43,Service Control Manager,7045,None,"A service was installed in the system.

Service Name:  MpKslacef0fa8
Service File Name:  C:\ProgramData\Microsoft\Windows Defender\Definition Updates\{E2E005F9-D074-4197-94EB-6F6BAEAAC28D}\MpKslacef0fa8.sys
Service Type:  kernel mode driver
Service Start Type:  system start
Service Account:  "
Information,08/07/2018 09:36:47,Microsoft-Windows-Time-Service,158,None,The time provider 'VMICTimeProvider' has indicated that the current hardware and operating environment is not supported and has stopped. This behavior is expected for VMICTimeProvider on non-HyperV-guest environments. This may be the expected behavior for the current provider in the current operating environment as well.
Information,08/07/2018 09:36:46,Microsoft-Windows-Kernel-General,16,None,The access history in hive \??\C:\ProgramData\Microsoft\Provisioning\Microsoft-Desktop-Provisioning-Sequence.dat was cleared updating 0 keys and creating 0 modified pages.
Information,08/07/2018 09:19:53,Service Control Manager,7040,None,The start type of the Background Intelligent Transfer Service service was changed from auto start to demand start.
Information,08/07/2018 09:14:50,Microsoft-Windows-WindowsUpdateClient,19,Windows Update Agent,Installation Successful: Windows successfully installed the following update: Definition Update for Windows Defender Antivirus - KB2267602 (Definition 1.271.669.0)
Information,08/07/2018 09:14:42,Microsoft-Windows-WindowsUpdateClient,43,Windows Update Agent,Installation Started: Windows has started installing the following update: Definition Update for Windows Defender Antivirus - KB2267602 (Definition 1.271.669.0)
Information,08/07/2018 09:13:55,Microsoft-Windows-WindowsUpdateClient,44,Windows Update Agent,Windows Update started downloading an update.
Information,08/07/2018 09:08:55,Microsoft-Windows-WindowsUpdateClient,19,Windows Update Agent,Installation Successful: Windows successfully installed the following update: 9WZDNCRFHVFW-Microsoft.BingNews
Information,08/07/2018 09:08:49,Microsoft-Windows-Kernel-General,16,None,The access history in hive \??\C:\Users\Philipp Wise\AppData\Local\Packages\Microsoft.BingNews_8wekyb3d8bbwe\Settings\settings.dat was cleared updating 1 keys and creating 1 modified pages.
Information,08/07/2018 09:08:48,Microsoft-Windows-WindowsUpdateClient,43,Windows Update Agent,Installation Started: Windows has started installing the following update: 9WZDNCRFHVFW-Microsoft.BingNews
Information,08/07/2018 09:08:48,Microsoft-Windows-WindowsUpdateClient,19,Windows Update Agent,Installation Successful: Windows successfully installed the following update: 9NBLGGH1QWGC-Microsoft.Advertising.Xaml
Information,08/07/2018 09:08:48,Microsoft-Windows-WindowsUpdateClient,43,Windows Update Agent,Installation Started: Windows has started installing the following update: 9NBLGGH1QWGC-Microsoft.Advertising.Xaml
Information,08/07/2018 09:08:45,Microsoft-Windows-Kernel-General,16,None,The access history in hive \??\C:\ProgramData\Microsoft\Windows\AppRepository\Packages\Microsoft.BingNews_4.25.11802.0_x64__8wekyb3d8bbwe\ActivationStore.dat was cleared updating 0 keys and creating 0 modified pages.
Information,08/07/2018 09:07:43,Microsoft-Windows-WindowsUpdateClient,44,Windows Update Agent,Windows Update started downloading an update.
Information,08/07/2018 09:07:37,Microsoft-Windows-Kernel-General,16,None,The access history in hive \??\C:\ProgramData\Microsoft\Windows\AppRepository\Packages\Microsoft.Advertising.Xaml_10.1807.1.0_x86__8wekyb3d8bbwe\ActivationStore.dat was cleared updating 0 keys and creating 0 modified pages.
Information,08/07/2018 09:07:27,Microsoft-Windows-Kernel-General,16,None,The access history in hive \??\C:\ProgramData\Microsoft\Windows\AppRepository\Packages\Microsoft.Advertising.Xaml_10.1807.1.0_x64__8wekyb3d8bbwe\ActivationStore.dat was cleared updating 0 keys and creating 0 modified pages.
Information,08/07/2018 09:07:22,Microsoft-Windows-WindowsUpdateClient,44,Windows Update Agent,Windows Update started downloading an update.
Information,08/07/2018 09:07:17,Microsoft-Windows-Kernel-General,16,None,The access history in hive \??\C:\WINDOWS\ServiceProfiles\NetworkService\AppData\Local\Microsoft\Windows\DeliveryOptimization\State\dosvcState.dat was cleared updating 9 keys and creating 4 modified pages.
Error,08/07/2018 09:06:49,Microsoft-Windows-DistributedCOM,10016,None,"The application-specific permission settings do not grant Local Activation permission for the COM Server application with CLSID 
{D63B10C5-BB46-4990-A94F-E40B9D520160}
 and APPID 
{9CA88EE3-ACB7-47C8-AFC4-AB702511C276}
 to the user NT AUTHORITY\LOCAL SERVICE SID (S-1-5-19) from address LocalHost (Using LRPC) running in the application container Unavailable SID (Unavailable). This security permission can be modified using the Component Services administrative tool."
Error,08/07/2018 09:05:41,Microsoft-Windows-DistributedCOM,10016,None,"The application-specific permission settings do not grant Local Activation permission for the COM Server application with CLSID 
{D63B10C5-BB46-4990-A94F-E40B9D520160}
 and APPID 
{9CA88EE3-ACB7-47C8-AFC4-AB702511C276}
 to the user NT AUTHORITY\LOCAL SERVICE SID (S-1-5-19) from address LocalHost (Using LRPC) running in the application container Unavailable SID (Unavailable). This security permission can be modified using the Component Services administrative tool."
Information,08/07/2018 09:05:11,Microsoft-Windows-Kernel-General,16,None,The access history in hive \??\C:\Users\Philipp Wise\AppData\Local\Packages\Microsoft.SurfaceHub_8wekyb3d8bbwe\Settings\settings.dat was cleared updating 4 keys and creating 1 modified pages.
Information,08/07/2018 09:05:11,Microsoft-Windows-Kernel-General,16,None,The access history in hive \??\C:\Users\Philipp Wise\AppData\Local\Packages\Microsoft.MicrosoftOfficeHub_8wekyb3d8bbwe\Settings\settings.dat was cleared updating 45 keys and creating 9 modified pages.
Error,08/07/2018 09:04:43,Microsoft-Windows-DistributedCOM,10016,None,"The application-specific permission settings do not grant Local Activation permission for the COM Server application with CLSID 
{D63B10C5-BB46-4990-A94F-E40B9D520160}
 and APPID 
{9CA88EE3-ACB7-47C8-AFC4-AB702511C276}
 to the user DESKTOP-JRHB8O7\Philipp Wise SID (S-1-5-21-3472773844-1026657542-2222872734-1001) from address LocalHost (Using LRPC) running in the application container Unavailable SID (Unavailable). This security permission can be modified using the Component Services administrative tool."
Information,08/07/2018 09:04:09,Microsoft-Windows-Kernel-General,16,None,The access history in hive \??\C:\Users\Philipp Wise\AppData\Local\Packages\Microsoft.WindowsStore_8wekyb3d8bbwe\Settings\settings.dat was cleared updating 14 keys and creating 3 modified pages.
Information,08/07/2018 09:04:08,Microsoft-Windows-Kernel-General,16,None,The access history in hive \??\C:\Users\Philipp Wise\AppData\Local\Packages\Microsoft.ZuneVideo_8wekyb3d8bbwe\Settings\settings.dat was cleared updating 13 keys and creating 2 modified pages.
Information,08/07/2018 09:04:07,Microsoft-Windows-Kernel-General,16,None,The access history in hive \??\C:\Users\Philipp Wise\AppData\Local\Packages\microsoft.windowscommunicationsapps_8wekyb3d8bbwe\Settings\settings.dat was cleared updating 55 keys and creating 14 modified pages.
Information,08/07/2018 09:04:07,Microsoft-Windows-Kernel-General,16,None,The access history in hive \??\C:\Users\Philipp Wise\AppData\Local\Packages\Microsoft.SkypeApp_kzf8qxf38zg5c\Settings\settings.dat was cleared updating 11 keys and creating 3 modified pages.
Information,08/07/2018 09:04:05,Microsoft-Windows-Kernel-General,16,None,The access history in hive \??\C:\Users\Philipp Wise\AppData\Local\Packages\Microsoft.Windows.ContentDeliveryManager_cw5n1h2txyewy\Settings\settings.dat was cleared updating 723 keys and creating 80 modified pages.
Information,08/07/2018 09:03:55,Microsoft-Windows-Kernel-General,16,None,The access history in hive \??\C:\Users\Philipp Wise\AppData\Local\Packages\Microsoft.Windows.Cortana_cw5n1h2txyewy\Settings\settings.dat was cleared updating 36 keys and creating 9 modified pages.
Information,08/07/2018 09:03:55,Microsoft-Windows-Kernel-General,16,None,The access history in hive \??\C:\Users\Philipp Wise\AppData\Local\Packages\Microsoft.Windows.ShellExperienceHost_cw5n1h2txyewy\Settings\settings.dat was cleared updating 3 keys and creating 1 modified pages.
Error,08/07/2018 09:03:52,Microsoft-Windows-DistributedCOM,10016,None,"The application-specific permission settings do not grant Local Activation permission for the COM Server application with CLSID 
{6B3B8D23-FA8D-40B9-8DBD-B950333E2C52}
 and APPID 
{4839DDB7-58C2-48F5-8283-E1D1807D0D7D}
 to the user NT AUTHORITY\LOCAL SERVICE SID (S-1-5-19) from address LocalHost (Using LRPC) running in the application container Unavailable SID (Unavailable). This security permission can be modified using the Component Services administrative tool."
Error,08/07/2018 09:03:52,Microsoft-Windows-DistributedCOM,10016,None,"The application-specific permission settings do not grant Local Activation permission for the COM Server application with CLSID 
{6B3B8D23-FA8D-40B9-8DBD-B950333E2C52}
 and APPID 
{4839DDB7-58C2-48F5-8283-E1D1807D0D7D}
 to the user NT AUTHORITY\LOCAL SERVICE SID (S-1-5-19) from address LocalHost (Using LRPC) running in the application container Unavailable SID (Unavailable). This security permission can be modified using the Component Services administrative tool."
Information,08/07/2018 09:03:52,Microsoft-Windows-Power-Troubleshooter,1,None,"The system has returned from a low power state.

Sleep Time: ‎2018‎-‎07‎-‎05T16:19:44.261068400Z
Wake Time: ‎2018‎-‎07‎-‎08T07:03:50.001744500Z

Wake Source: Unknown"
Error,08/07/2018 09:03:51,Microsoft-Windows-DistributedCOM,10016,None,"The application-specific permission settings do not grant Local Activation permission for the COM Server application with CLSID 
{D63B10C5-BB46-4990-A94F-E40B9D520160}
 and APPID 
{9CA88EE3-ACB7-47C8-AFC4-AB702511C276}
 to the user NT AUTHORITY\LOCAL SERVICE SID (S-1-5-19) from address LocalHost (Using LRPC) running in the application container Unavailable SID (Unavailable). This security permission can be modified using the Component Services administrative tool."
Information,08/07/2018 09:03:51,Microsoft-Windows-Kernel-General,15,None,Hive \??\C:\Users\Philipp Wise\AppData\Local\Microsoft\Windows\UsrClass.dat was reorganized with a starting size of 6356992 bytes and an ending size of 6291456 bytes.
Warning,08/07/2018 09:03:50,BTHUSB,34,None,The local adapter does not support an important Low Energy controller state to support peripheral mode. The minimum required supported state mask is 0x491f7fffff; got 0x1fffffff. Low Energy peripheral role functionality will not be available.
Information,08/07/2018 09:03:50,Microsoft-Windows-Kernel-General,16,None,The access history in hive \??\C:\Users\Philipp Wise\ntuser.dat was cleared updating 3516 keys and creating 585 modified pages.
Information,08/07/2018 09:03:50,BTHUSB,18,None,Windows cannot store Bluetooth authentication codes (link keys) on the local adapter. Bluetooth keyboards might not work in the system BIOS during start-up.
Information,08/07/2018 09:03:50,Microsoft-Windows-Winlogon,7001,(1101),User Log-on Notification for Customer Experience Improvement Program
Error,08/07/2018 09:03:50,BTHUSB,17,None,The local Bluetooth adapter has failed in an undetermined manner and will not be used. The driver has been unloaded.
Information,08/07/2018 09:03:50,Microsoft-Windows-Kernel-General,16,None,The access history in hive \Device\HarddiskVolume1\EFI\Microsoft\Boot\BCD was cleared updating 76 keys and creating 6 modified pages.
Information,08/07/2018 09:03:49,Microsoft-Windows-Kernel-Boot,27,(33),The boot type was 0x1.
Information,08/07/2018 09:03:49,Microsoft-Windows-Kernel-Boot,25,(32),The boot menu policy was 0x1.
Information,08/07/2018 09:03:49,Microsoft-Windows-Kernel-Boot,32,(58),The bootmgr spent 0 ms waiting for user input.
Information,08/07/2018 09:03:49,Microsoft-Windows-Kernel-Boot,18,(57),There are 0x1 boot options on this system.
Information,08/07/2018 09:03:49,Microsoft-Windows-Kernel-Boot,30,(21),The firmware reported boot metrics.
Information,08/07/2018 09:03:49,Microsoft-Windows-Kernel-Power,105,(100),Power source change.
Warning,08/07/2018 09:03:49,Win32k,701,None,Power Manager has not requested suppresion of all input (INPUT_SUPPRESS_REQUEST=0)
Warning,08/07/2018 09:03:49,Win32k,701,None,Power Manager has not requested suppresion of all input (INPUT_SUPPRESS_REQUEST=0)
Information,08/07/2018 09:03:48,Microsoft-Windows-Kernel-General,1,(5),"The system time has changed to ‎2018‎-‎07‎-‎08T07:03:48.500000000Z from ‎2018‎-‎07‎-‎05T16:19:46.436811300Z.

Change Reason: System time synchronized with the hardware clock."
Information,05/07/2018 18:19:46,Microsoft-Windows-Kernel-Power,107,(102),The system has resumed from sleep.
Information,08/07/2018 09:03:49,EventLog,6013,None,The system uptime is 234017 seconds.
Information,05/07/2018 18:19:45,Microsoft-Windows-Kernel-Power,42,(64),"The system is entering sleep.

Sleep Reason: Application API"
Information,05/07/2018 18:19:43,Win32k,267,None,Touch/Touchpad Hardware Quality Assurance verification succeeded.
Information,05/07/2018 18:19:43,Win32k,267,None,Touch/Touchpad Hardware Quality Assurance verification succeeded.
Warning,05/07/2018 18:19:42,Win32k,700,None,Power Manager has requested suppresion of all input (INPUT_SUPPRESS_REQUEST=1)
Warning,05/07/2018 18:19:42,Win32k,700,None,Power Manager has requested suppresion of all input (INPUT_SUPPRESS_REQUEST=1)
Warning,05/07/2018 18:19:42,Win32k,700,None,Power Manager has requested suppresion of all input (INPUT_SUPPRESS_REQUEST=1)
Information,05/07/2018 18:19:42,Microsoft-Windows-Winlogon,7002,(1102),User Log-off Notification for Customer Experience Improvement Program
Information,05/07/2018 18:19:40,User32,1074,None,"The process C:\Windows\System32\RuntimeBroker.exe (DESKTOP-JRHB8O7) has initiated the power off of computer DESKTOP-JRHB8O7 on behalf of user DESKTOP-JRHB8O7\Philipp Wise for the following reason: Other (Unplanned)
 Reason Code: 0x0
 Shut-down Type: power off
 Comment: "
Information,05/07/2018 18:19:37,Service Control Manager,7040,None,The start type of the Background Intelligent Transfer Service service was changed from demand start to auto start.
Error,05/07/2018 18:01:17,Microsoft-Windows-DistributedCOM,10016,None,"The application-specific permission settings do not grant Local Activation permission for the COM Server application with CLSID 
{D63B10C5-BB46-4990-A94F-E40B9D520160}
 and APPID 
{9CA88EE3-ACB7-47C8-AFC4-AB702511C276}
 to the user NT AUTHORITY\LOCAL SERVICE SID (S-1-5-19) from address LocalHost (Using LRPC) running in the application container Unavailable SID (Unavailable). This security permission can be modified using the Component Services administrative tool."
Information,05/07/2018 18:01:17,Microsoft-Windows-Kernel-Power,507,(158),"The system is exiting connected standby 

Reason: Lid."
Warning,05/07/2018 18:01:16,Win32k,701,None,Power Manager has not requested suppresion of all input (INPUT_SUPPRESS_REQUEST=0)
Warning,05/07/2018 18:01:16,Win32k,701,None,Power Manager has not requested suppresion of all input (INPUT_SUPPRESS_REQUEST=0)
Error,05/07/2018 18:01:16,Service Control Manager,7011,None,A timeout (30000 milliseconds) was reached while waiting for a transaction response from the WSearch service.
Error,05/07/2018 17:57:29,Microsoft-Windows-DistributedCOM,10016,None,"The application-specific permission settings do not grant Local Activation permission for the COM Server application with CLSID 
{D63B10C5-BB46-4990-A94F-E40B9D520160}
 and APPID 
{9CA88EE3-ACB7-47C8-AFC4-AB702511C276}
 to the user NT AUTHORITY\LOCAL SERVICE SID (S-1-5-19) from address LocalHost (Using LRPC) running in the application container Unavailable SID (Unavailable). This security permission can be modified using the Component Services administrative tool."
Warning,05/07/2018 17:57:26,Win32k,700,None,Power Manager has requested suppresion of all input (INPUT_SUPPRESS_REQUEST=1)
Warning,05/07/2018 17:57:26,Win32k,700,None,Power Manager has requested suppresion of all input (INPUT_SUPPRESS_REQUEST=1)
Information,05/07/2018 17:57:26,Microsoft-Windows-Kernel-Power,506,(157),"The system is entering connected standby 

Reason: Lid."
Information,05/07/2018 17:37:23,Microsoft-Windows-Kernel-General,16,None,The access history in hive \??\C:\ProgramData\Microsoft\Provisioning\Microsoft-Desktop-Provisioning-Sequence.dat was cleared updating 0 keys and creating 0 modified pages.
Error,05/07/2018 16:11:49,Microsoft-Windows-DistributedCOM,10016,None,"The application-specific permission settings do not grant Local Activation permission for the COM Server application with CLSID 
{D63B10C5-BB46-4990-A94F-E40B9D520160}
 and APPID 
{9CA88EE3-ACB7-47C8-AFC4-AB702511C276}
 to the user NT AUTHORITY\LOCAL SERVICE SID (S-1-5-19) from address LocalHost (Using LRPC) running in the application container Unavailable SID (Unavailable). This security permission can be modified using the Component Services administrative tool."
Information,05/07/2018 16:06:11,Service Control Manager,7040,None,The start type of the Background Intelligent Transfer Service service was changed from auto start to demand start.
Error,05/07/2018 16:05:52,Microsoft-Windows-DistributedCOM,10016,None,"The application-specific permission settings do not grant Local Launch permission for the COM Server application with CLSID 
Windows.SecurityCenter.WscBrokerManager
 and APPID 
Unavailable
 to the user NT AUTHORITY\SYSTEM SID (S-1-5-18) from address LocalHost (Using LRPC) running in the application container Unavailable SID (Unavailable). This security permission can be modified using the Component Services administrative tool."
