Warning,26/07/2018 17:31:08,Win32k,701,None,Power Manager has not requested suppresion of all input (INPUT_SUPPRESS_REQUEST=0)
Error,26/07/2018 17:27:17,Microsoft-Windows-DistributedCOM,10016,None,"The application-specific permission settings do not grant Local Activation permission for the COM Server application with CLSID 
{D63B10C5-BB46-4990-A94F-E40B9D520160}
 and APPID 
{9CA88EE3-ACB7-47C8-AFC4-AB702511C276}
 to the user NT AUTHORITY\LOCAL SERVICE SID (S-1-5-19) from address LocalHost (Using LRPC) running in the application container Unavailable SID (Unavailable). This security permission can be modified using the Component Services administrative tool."
Warning,26/07/2018 17:27:16,Win32k,700,None,Power Manager has requested suppresion of all input (INPUT_SUPPRESS_REQUEST=1)
Warning,26/07/2018 17:27:16,Win32k,700,None,Power Manager has requested suppresion of all input (INPUT_SUPPRESS_REQUEST=1)
Information,26/07/2018 17:27:16,Microsoft-Windows-Kernel-Power,506,(157),"The system is entering connected standby 

Reason: Lid."
Information,26/07/2018 17:22:21,Microsoft-Windows-Kernel-Power,507,(158),"The system is exiting connected standby 

Reason: Lid."
Warning,26/07/2018 17:22:21,Win32k,701,None,Power Manager has not requested suppresion of all input (INPUT_SUPPRESS_REQUEST=0)
Warning,26/07/2018 17:22:21,Win32k,701,None,Power Manager has not requested suppresion of all input (INPUT_SUPPRESS_REQUEST=0)
Information,26/07/2018 17:22:07,Microsoft-Windows-Kernel-General,16,None,The access history in hive \??\C:\ProgramData\Microsoft\Provisioning\Microsoft-Desktop-Provisioning-Sequence.dat was cleared updating 0 keys and creating 0 modified pages.
Information,26/07/2018 17:22:07,Microsoft-Windows-Kernel-General,16,None,The access history in hive \??\C:\Users\Philipp Wise\AppData\Local\Packages\Microsoft.LockApp_cw5n1h2txyewy\Settings\settings.dat was cleared updating 3 keys and creating 1 modified pages.
Error,26/07/2018 17:22:06,Microsoft-Windows-DistributedCOM,10016,None,"The application-specific permission settings do not grant Local Activation permission for the COM Server application with CLSID 
{D63B10C5-BB46-4990-A94F-E40B9D520160}
 and APPID 
{9CA88EE3-ACB7-47C8-AFC4-AB702511C276}
 to the user NT AUTHORITY\LOCAL SERVICE SID (S-1-5-19) from address LocalHost (Using LRPC) running in the application container Unavailable SID (Unavailable). This security permission can be modified using the Component Services administrative tool."
Warning,26/07/2018 17:22:05,Win32k,700,None,Power Manager has requested suppresion of all input (INPUT_SUPPRESS_REQUEST=1)
Warning,26/07/2018 17:22:05,Win32k,700,None,Power Manager has requested suppresion of all input (INPUT_SUPPRESS_REQUEST=1)
Information,26/07/2018 17:22:05,Microsoft-Windows-Kernel-Power,506,(157),"The system is entering connected standby 

Reason: Lid."
Information,26/07/2018 16:55:13,Service Control Manager,7040,None,The start type of the Background Intelligent Transfer Service service was changed from auto start to demand start.
Error,26/07/2018 16:40:21,Microsoft-Windows-DistributedCOM,10016,None,"The application-specific permission settings do not grant Local Activation permission for the COM Server application with CLSID 
{D63B10C5-BB46-4990-A94F-E40B9D520160}
 and APPID 
{9CA88EE3-ACB7-47C8-AFC4-AB702511C276}
 to the user DESKTOP-JRHB8O7\Philipp Wise SID (S-1-5-21-3472773844-1026657542-2222872734-1001) from address LocalHost (Using LRPC) running in the application container Unavailable SID (Unavailable). This security permission can be modified using the Component Services administrative tool."
Error,26/07/2018 16:40:20,Service Control Manager,7000,None,"The Steam Client Service service failed to start due to the following error: 
The service did not respond to the start or control request in a timely fashion."
Error,26/07/2018 16:40:20,Service Control Manager,7009,None,A timeout was reached (30000 milliseconds) while waiting for the Steam Client Service service to connect.
Error,26/07/2018 16:39:21,Microsoft-Windows-DistributedCOM,10016,None,"The application-specific permission settings do not grant Local Activation permission for the COM Server application with CLSID 
{D63B10C5-BB46-4990-A94F-E40B9D520160}
 and APPID 
{9CA88EE3-ACB7-47C8-AFC4-AB702511C276}
 to the user DESKTOP-JRHB8O7\Philipp Wise SID (S-1-5-21-3472773844-1026657542-2222872734-1001) from address LocalHost (Using LRPC) running in the application container Unavailable SID (Unavailable). This security permission can be modified using the Component Services administrative tool."
Information,26/07/2018 16:39:11,Microsoft-Windows-Power-Troubleshooter,1,None,"The system has returned from a low power state.

Sleep Time: ‎2018‎-‎07‎-‎26T13:12:56.574389800Z
Wake Time: ‎2018‎-‎07‎-‎26T14:39:09.204835500Z

Wake Source: Unknown"
Error,26/07/2018 16:39:10,Microsoft-Windows-DistributedCOM,10016,None,"The application-specific permission settings do not grant Local Activation permission for the COM Server application with CLSID 
{6B3B8D23-FA8D-40B9-8DBD-B950333E2C52}
 and APPID 
{4839DDB7-58C2-48F5-8283-E1D1807D0D7D}
 to the user NT AUTHORITY\LOCAL SERVICE SID (S-1-5-19) from address LocalHost (Using LRPC) running in the application container Unavailable SID (Unavailable). This security permission can be modified using the Component Services administrative tool."
Error,26/07/2018 16:39:10,Microsoft-Windows-DistributedCOM,10016,None,"The application-specific permission settings do not grant Local Activation permission for the COM Server application with CLSID 
{6B3B8D23-FA8D-40B9-8DBD-B950333E2C52}
 and APPID 
{4839DDB7-58C2-48F5-8283-E1D1807D0D7D}
 to the user NT AUTHORITY\LOCAL SERVICE SID (S-1-5-19) from address LocalHost (Using LRPC) running in the application container Unavailable SID (Unavailable). This security permission can be modified using the Component Services administrative tool."
Error,26/07/2018 16:39:10,Microsoft-Windows-DistributedCOM,10016,None,"The application-specific permission settings do not grant Local Activation permission for the COM Server application with CLSID 
{D63B10C5-BB46-4990-A94F-E40B9D520160}
 and APPID 
{9CA88EE3-ACB7-47C8-AFC4-AB702511C276}
 to the user NT AUTHORITY\LOCAL SERVICE SID (S-1-5-19) from address LocalHost (Using LRPC) running in the application container Unavailable SID (Unavailable). This security permission can be modified using the Component Services administrative tool."
Warning,26/07/2018 16:39:09,BTHUSB,34,None,The local adapter does not support an important Low Energy controller state to support peripheral mode. The minimum required supported state mask is 0x491f7fffff; got 0x1fffffff. Low Energy peripheral role functionality will not be available.
Information,26/07/2018 16:39:09,BTHUSB,18,None,Windows cannot store Bluetooth authentication codes (link keys) on the local adapter. Bluetooth keyboards might not work in the system BIOS during start-up.
Information,26/07/2018 16:39:09,Microsoft-Windows-Winlogon,7001,(1101),User Log-on Notification for Customer Experience Improvement Program
Information,26/07/2018 16:39:09,Microsoft-Windows-Kernel-Boot,27,(33),The boot type was 0x1.
Information,26/07/2018 16:39:09,Microsoft-Windows-Kernel-Boot,25,(32),The boot menu policy was 0x1.
Information,26/07/2018 16:39:09,Microsoft-Windows-Kernel-Boot,32,(58),The bootmgr spent 0 ms waiting for user input.
Information,26/07/2018 16:39:09,Microsoft-Windows-Kernel-Boot,18,(57),There are 0x1 boot options on this system.
Information,26/07/2018 16:39:09,Microsoft-Windows-Kernel-Boot,30,(21),The firmware reported boot metrics.
Warning,26/07/2018 16:39:08,Win32k,701,None,Power Manager has not requested suppresion of all input (INPUT_SUPPRESS_REQUEST=0)
Warning,26/07/2018 16:39:08,Win32k,701,None,Power Manager has not requested suppresion of all input (INPUT_SUPPRESS_REQUEST=0)
Information,26/07/2018 16:39:07,Microsoft-Windows-Kernel-General,1,(5),"The system time has changed to ‎2018‎-‎07‎-‎26T14:39:07.500000000Z from ‎2018‎-‎07‎-‎26T13:13:01.354994500Z.

Change Reason: System time synchronized with the hardware clock."
Information,26/07/2018 15:13:01,Microsoft-Windows-Kernel-Power,107,(102),The system has resumed from sleep.
Information,26/07/2018 15:12:59,Microsoft-Windows-Kernel-Power,42,(64),"The system is entering sleep.

Sleep Reason: Application API"
Warning,26/07/2018 15:12:58,Win32k,700,None,Power Manager has requested suppresion of all input (INPUT_SUPPRESS_REQUEST=1)
Warning,26/07/2018 15:12:58,Win32k,700,None,Power Manager has requested suppresion of all input (INPUT_SUPPRESS_REQUEST=1)
Information,26/07/2018 15:12:56,Win32k,267,None,Touch/Touchpad Hardware Quality Assurance verification succeeded.
Information,26/07/2018 15:12:56,Win32k,267,None,Touch/Touchpad Hardware Quality Assurance verification succeeded.
Information,26/07/2018 15:12:55,Microsoft-Windows-Winlogon,7002,(1102),User Log-off Notification for Customer Experience Improvement Program
Error,26/07/2018 15:12:55,Microsoft-Windows-DistributedCOM,10010,None,The server {995C996E-D918-4A8C-A302-45719A6F4EA7} did not register with DCOM within the required timeout.
Error,26/07/2018 15:12:55,Microsoft-Windows-DistributedCOM,10010,None,The server {995C996E-D918-4A8C-A302-45719A6F4EA7} did not register with DCOM within the required timeout.
Error,26/07/2018 15:12:55,Microsoft-Windows-DistributedCOM,10010,None,The server {995C996E-D918-4A8C-A302-45719A6F4EA7} did not register with DCOM within the required timeout.
Error,26/07/2018 15:12:55,Microsoft-Windows-DistributedCOM,10010,None,The server {995C996E-D918-4A8C-A302-45719A6F4EA7} did not register with DCOM within the required timeout.
Error,26/07/2018 15:12:54,Microsoft-Windows-DistributedCOM,10010,None,The server {995C996E-D918-4A8C-A302-45719A6F4EA7} did not register with DCOM within the required timeout.
Error,26/07/2018 15:12:54,Microsoft-Windows-DistributedCOM,10010,None,The server {995C996E-D918-4A8C-A302-45719A6F4EA7} did not register with DCOM within the required timeout.
Information,26/07/2018 15:12:54,Service Control Manager,7040,None,The start type of the Touch Keyboard and Handwriting Panel Service service was changed from auto start to demand start.
Error,26/07/2018 15:12:54,Microsoft-Windows-DistributedCOM,10010,None,The server Microsoft.Windows.ContentDeliveryManager_10.0.17134.1_neutral_neutral_cw5n1h2txyewy!App.AppXwdz8g2fxr36xz0tdtagygnvemf85s7gg.mca did not register with DCOM within the required timeout.
Information,26/07/2018 15:12:53,User32,1074,None,"The process C:\Windows\System32\RuntimeBroker.exe (DESKTOP-JRHB8O7) has initiated the power off of computer DESKTOP-JRHB8O7 on behalf of user DESKTOP-JRHB8O7\Philipp Wise for the following reason: Other (Unplanned)
 Reason Code: 0x0
 Shut-down Type: power off
 Comment: "
Information,26/07/2018 15:12:52,Service Control Manager,7040,None,The start type of the Background Intelligent Transfer Service service was changed from demand start to auto start.
Information,26/07/2018 12:17:11,Microsoft-Windows-Kernel-Power,105,(100),Power source change.
Information,26/07/2018 12:00:00,EventLog,6013,None,The system uptime is 816 seconds.
Information,26/07/2018 11:57:34,Microsoft-Windows-Kernel-Power,105,(100),Power source change.
Error,26/07/2018 11:48:44,Microsoft-Windows-DistributedCOM,10016,None,"The application-specific permission settings do not grant Local Launch permission for the COM Server application with CLSID 
Windows.SecurityCenter.WscDataProtection
 and APPID 
Unavailable
 to the user NT AUTHORITY\SYSTEM SID (S-1-5-18) from address LocalHost (Using LRPC) running in the application container Unavailable SID (Unavailable). This security permission can be modified using the Component Services administrative tool."
Error,26/07/2018 11:48:44,Microsoft-Windows-DistributedCOM,10016,None,"The application-specific permission settings do not grant Local Launch permission for the COM Server application with CLSID 
Windows.SecurityCenter.WscBrokerManager
 and APPID 
Unavailable
 to the user NT AUTHORITY\SYSTEM SID (S-1-5-18) from address LocalHost (Using LRPC) running in the application container Unavailable SID (Unavailable). This security permission can be modified using the Component Services administrative tool."
Error,26/07/2018 11:48:29,Microsoft-Windows-DistributedCOM,10016,None,"The application-specific permission settings do not grant Local Activation permission for the COM Server application with CLSID 
{D63B10C5-BB46-4990-A94F-E40B9D520160}
 and APPID 
{9CA88EE3-ACB7-47C8-AFC4-AB702511C276}
 to the user DESKTOP-JRHB8O7\Philipp Wise SID (S-1-5-21-3472773844-1026657542-2222872734-1001) from address LocalHost (Using LRPC) running in the application container Unavailable SID (Unavailable). This security permission can be modified using the Component Services administrative tool."
Warning,26/07/2018 11:47:38,Microsoft-Windows-Kernel-Processor-Power,37,(7),The speed of processor 3 in group 0 is being limited by system firmware. The processor has been in this reduced performance state for 71 seconds since the last report.
Warning,26/07/2018 11:47:27,Microsoft-Windows-DNS-Client,1014,(1014),Name resolution for the name wpad timed out after none of the configured DNS servers responded.
Error,26/07/2018 11:47:20,Microsoft-Windows-DistributedCOM,10016,None,"The application-specific permission settings do not grant Local Activation permission for the COM Server application with CLSID 
{6B3B8D23-FA8D-40B9-8DBD-B950333E2C52}
 and APPID 
{4839DDB7-58C2-48F5-8283-E1D1807D0D7D}
 to the user NT AUTHORITY\LOCAL SERVICE SID (S-1-5-19) from address LocalHost (Using LRPC) running in the application container Unavailable SID (Unavailable). This security permission can be modified using the Component Services administrative tool."
Error,26/07/2018 11:47:20,Microsoft-Windows-DistributedCOM,10016,None,"The application-specific permission settings do not grant Local Activation permission for the COM Server application with CLSID 
{6B3B8D23-FA8D-40B9-8DBD-B950333E2C52}
 and APPID 
{4839DDB7-58C2-48F5-8283-E1D1807D0D7D}
 to the user NT AUTHORITY\LOCAL SERVICE SID (S-1-5-19) from address LocalHost (Using LRPC) running in the application container Unavailable SID (Unavailable). This security permission can be modified using the Component Services administrative tool."
Information,26/07/2018 11:47:19,Microsoft-Windows-Winlogon,7001,(1101),User Log-on Notification for Customer Experience Improvement Program
Information,26/07/2018 11:46:48,Microsoft-Windows-TPM-WMI,1025,None,The TPM was successfully provisioned and is now ready for use.
Information,26/07/2018 11:46:46,Microsoft-Windows-TPM-WMI,1025,None,The TPM was successfully provisioned and is now ready for use.
Information,26/07/2018 11:46:44,Microsoft-Windows-UserModePowerService,12,(10),Process C:\Windows\System32\SurfaceUsbHubFwUpdateService.exe (process ID:4120) reset policy scheme from {381B4222-F694-41F0-9685-FF5BB260DF2E} to {381B4222-F694-41F0-9685-FF5BB260DF2E}
Information,26/07/2018 11:46:44,TPM,18,None,This event triggers the Trusted Platform Module (TPM) provisioning/status check to run.
Information,26/07/2018 11:46:40,Microsoft-Windows-UserModePowerService,12,(10),Process C:\Windows\System32\SurfaceUsbHubFwUpdateService.exe (process ID:4120) reset policy scheme from {381B4222-F694-41F0-9685-FF5BB260DF2E} to {381B4222-F694-41F0-9685-FF5BB260DF2E}
Information,26/07/2018 11:46:38,Microsoft-Windows-Kernel-Power,520,(218),The brightness on this system is managed by high-precision brightness aware service.
Information,26/07/2018 11:46:38,Microsoft-Windows-WLAN-AutoConfig,4000,None,"WLAN AutoConfig service has successfully started.
"
Information,26/07/2018 11:46:37,Microsoft-Windows-FilterManager,6,None,"File System Filter 'storqosflt' (10.0, ‎2011‎-‎01‎-‎05T19:54:03.000000000Z) has successfully loaded and registered with Filter Manager."
Information,26/07/2018 11:46:37,Microsoft-Windows-FilterManager,6,None,"File System Filter 'CldFlt' (10.0, ‎2005‎-‎05‎-‎17T04:25:49.000000000Z) has successfully loaded and registered with Filter Manager."
Information,26/07/2018 11:46:37,Microsoft-Windows-FilterManager,1,None,"File System Filter 'CldFlt' (Version 10.0, ‎2005‎-‎05‎-‎17T04:25:49.000000000Z) unloaded successfully."
Information,26/07/2018 11:46:37,Microsoft-Windows-FilterManager,6,None,"File System Filter 'CldFlt' (10.0, ‎2005‎-‎05‎-‎17T04:25:49.000000000Z) has successfully loaded and registered with Filter Manager."
Information,26/07/2018 11:46:37,Microsoft-Windows-FilterManager,6,None,"File System Filter 'luafv' (10.0, ‎2043‎-‎06‎-‎20T21:30:28.000000000Z) has successfully loaded and registered with Filter Manager."
Information,26/07/2018 11:46:37,Microsoft-Windows-FilterManager,6,None,"File System Filter 'wcifs' (10.0, ‎2024‎-‎12‎-‎17T03:40:30.000000000Z) has successfully loaded and registered with Filter Manager."
Information,26/07/2018 11:46:37,Microsoft-Windows-DHCPv6-Client,51046,Service State Event,DHCPv6 client service is started
Information,26/07/2018 11:46:37,Microsoft-Windows-Dhcp-Client,50103,Service State Event,DHCPv4 client registered for shutdown notification
Information,26/07/2018 11:46:37,Microsoft-Windows-Dhcp-Client,50036,Service State Event,DHCPv4 client service is started
Information,26/07/2018 11:46:36,Win32k,267,None,Touch/Touchpad Hardware Quality Assurance verification succeeded.
Information,26/07/2018 11:46:36,Win32k,267,None,Touch/Touchpad Hardware Quality Assurance verification succeeded.
Information,26/07/2018 11:46:36,Microsoft-Windows-Directory-Services-SAM,16962,None,"Remote calls to the SAM database are being restricted using the default security descriptor: O:SYG:SYD:(A;;RC;;;BA).
For more information please see http://go.microsoft.com/fwlink/?LinkId=787651."
Information,26/07/2018 11:46:36,Win32k,267,None,Touch/Touchpad Hardware Quality Assurance verification succeeded.
Information,26/07/2018 11:46:36,Win32k,267,None,Touch/Touchpad Hardware Quality Assurance verification succeeded.
Information,26/07/2018 11:46:36,Microsoft-Windows-Wininit,14,None,"Credential Guard (LsaIso.exe) configuration: 0x0, 0"
Warning,26/07/2018 11:46:34,Microsoft-Windows-Kernel-PnP,219,(212),The driver \Driver\WudfRd failed to load for the device {5E9A8CDC-14AB-4609-A017-68BCE594AB68}\SurfaceBaseFwUpdate\8&18c2e47d&0&1.
Information,26/07/2018 11:46:34,Microsoft-Windows-DriverFrameworks-UserMode,10118,Startup of the UMDF reflector,"UMDF reflector is unable to connect to service control manager (SCM). This is expected during boot, when SCM has not started yet. Will retry when it starts."
Warning,26/07/2018 11:46:34,Microsoft-Windows-Kernel-PnP,219,(212),The driver \Driver\WudfRd failed to load for the device {4E781CFC-87EE-459B-A319-9B0531EB7485}\SurfaceKeyboardAmbientBacklight\8&18c2e47d&0&0.
Information,26/07/2018 11:46:34,Microsoft-Windows-DriverFrameworks-UserMode,10118,Startup of the UMDF reflector,"UMDF reflector is unable to connect to service control manager (SCM). This is expected during boot, when SCM has not started yet. Will retry when it starts."
Warning,26/07/2018 11:46:32,BTHUSB,34,None,The local adapter does not support an important Low Energy controller state to support peripheral mode. The minimum required supported state mask is 0x491f7fffff; got 0x1fffffff. Low Energy peripheral role functionality will not be available.
Information,26/07/2018 11:46:32,BTHUSB,18,None,Windows cannot store Bluetooth authentication codes (link keys) on the local adapter. Bluetooth keyboards might not work in the system BIOS during start-up.
Warning,26/07/2018 11:46:31,Microsoft-Windows-Kernel-PnP,219,(212),The driver \Driver\WudfRd failed to load for the device {6c8abe47-dac0-4b99-affa-4fff050e3cdc}\SurfaceDigitizerPenPairing\5&141f7bd2&0&0.
Information,26/07/2018 11:46:31,Microsoft-Windows-DriverFrameworks-UserMode,10118,Startup of the UMDF reflector,"UMDF reflector is unable to connect to service control manager (SCM). This is expected during boot, when SCM has not started yet. Will retry when it starts."
Warning,26/07/2018 11:46:31,Microsoft-Windows-Kernel-PnP,219,(212),The driver \Driver\WudfRd failed to load for the device HID\MSHW0030&Col01\5&294f3b18&0&0000.
Information,26/07/2018 11:46:31,Microsoft-Windows-DriverFrameworks-UserMode,10118,Startup of the UMDF reflector,"UMDF reflector is unable to connect to service control manager (SCM). This is expected during boot, when SCM has not started yet. Will retry when it starts."
Information,26/07/2018 11:46:29,Microsoft-Windows-Kernel-Power,521,(220),Active battery count change.
Information,26/07/2018 11:46:29,Microsoft-Windows-Kernel-Power,521,(220),Active battery count change.
Information,26/07/2018 11:46:29,Microsoft-Windows-Kernel-Power,105,(100),Power source change.
Information,26/07/2018 11:46:29,MEIx64,2,None,Intel(R) Management Engine Interface driver has started successfully.
Information,26/07/2018 11:46:28,SurfaceStorageFwUpdate,4,None,Storage Firmware install failed.
Information,26/07/2018 11:46:26,Microsoft-Windows-Kernel-Processor-Power,55,(47),"Processor 3 in group 0 exposes the following power management capabilities:

Idle state type: Micro Power Engine Plugin (11 state(s))

Performance state type: ACPI Collaborative Processor Performance Control
Nominal Frequency (MHz): 2808
Maximum performance percentage: 121
Minimum performance percentage: 32
Minimum throttle percentage: 3"
Information,26/07/2018 11:46:26,Microsoft-Windows-Kernel-Processor-Power,55,(47),"Processor 1 in group 0 exposes the following power management capabilities:

Idle state type: Micro Power Engine Plugin (11 state(s))

Performance state type: ACPI Collaborative Processor Performance Control
Nominal Frequency (MHz): 2808
Maximum performance percentage: 121
Minimum performance percentage: 32
Minimum throttle percentage: 3"
Information,26/07/2018 11:46:26,Microsoft-Windows-Kernel-Processor-Power,55,(47),"Processor 2 in group 0 exposes the following power management capabilities:

Idle state type: Micro Power Engine Plugin (11 state(s))

Performance state type: ACPI Collaborative Processor Performance Control
Nominal Frequency (MHz): 2808
Maximum performance percentage: 121
Minimum performance percentage: 28
Minimum throttle percentage: 3"
Information,26/07/2018 11:46:26,Microsoft-Windows-Kernel-Processor-Power,55,(47),"Processor 0 in group 0 exposes the following power management capabilities:

Idle state type: Micro Power Engine Plugin (11 state(s))

Performance state type: ACPI Collaborative Processor Performance Control
Nominal Frequency (MHz): 2808
Maximum performance percentage: 121
Minimum performance percentage: 14
Minimum throttle percentage: 3"
Information,26/07/2018 11:46:26,Microsoft-Windows-Ntfs,98,None,Volume \\?\Volume{e6460861-32f5-4c57-b316-572b84be1b60} (\Device\HarddiskVolume4) is healthy.  No action is needed.
Warning,26/07/2018 11:46:26,Microsoft-Windows-Kernel-PnP,219,(212),The driver \Driver\WudfRd failed to load for the device ACPI\MSHW0041\2&daba3ff&1.
Information,26/07/2018 11:46:26,Microsoft-Windows-DriverFrameworks-UserMode,10118,Startup of the UMDF reflector,"UMDF reflector is unable to connect to service control manager (SCM). This is expected during boot, when SCM has not started yet. Will retry when it starts."
Critical,26/07/2018 11:46:25,Microsoft-Windows-Kernel-Power,41,(63),"The system has rebooted without cleanly shutting down first. This error could be caused if the system stopped responding, crashed, or lost power unexpectedly."
Information,26/07/2018 11:46:25,Microsoft-Windows-FilterManager,6,None,"File System Filter 'npsvctrig' (10.0, ‎2094‎-‎02‎-‎20T12:14:30.000000000Z) has successfully loaded and registered with Filter Manager."
Information,26/07/2018 11:46:25,Microsoft-Windows-FilterManager,6,None,"File System Filter 'FileCrypt' (10.0, ‎2070‎-‎12‎-‎16T01:13:56.000000000Z) has successfully loaded and registered with Filter Manager."
Information,26/07/2018 11:46:25,Microsoft-Windows-Ntfs,98,None,Volume C: (\Device\HarddiskVolume3) is healthy.  No action is needed.
Information,26/07/2018 11:46:24,Microsoft-Windows-FilterManager,6,None,"File System Filter 'WdFilter' (10.0, ‎1972‎-‎06‎-‎04T07:04:34.000000000Z) has successfully loaded and registered with Filter Manager."
Information,26/07/2018 11:46:24,Microsoft-Windows-FilterManager,6,None,"File System Filter 'Wof' (10.0, ‎2036‎-‎09‎-‎29T15:47:10.000000000Z) has successfully loaded and registered with Filter Manager."
Information,26/07/2018 11:46:24,Microsoft-Windows-FilterManager,6,None,"File System Filter 'FileInfo' (10.0, ‎2083‎-‎04‎-‎08T17:57:41.000000000Z) has successfully loaded and registered with Filter Manager."
Information,26/07/2018 11:46:36,EventLog,6013,None,The system uptime is 13 seconds.
Information,26/07/2018 11:46:36,EventLog,6005,None,The Event log service was started.
Information,26/07/2018 11:46:36,EventLog,6009,None,Microsoft (R) Windows (R) 10.00. 17134  Multiprocessor Free.
Error,26/07/2018 11:46:36,EventLog,6008,None,The previous system shutdown at 11:23:34 on ‎26/‎07/‎2018 was unexpected.
Information,26/07/2018 11:46:23,Microsoft-Windows-Kernel-Boot,30,(21),The firmware reported boot metrics.
Information,26/07/2018 11:46:23,Microsoft-Windows-Kernel-Boot,25,(32),The boot menu policy was 0x1.
Information,26/07/2018 11:46:23,Microsoft-Windows-Kernel-Boot,27,(33),The boot type was 0x0.
Information,26/07/2018 11:46:23,Microsoft-Windows-Kernel-Boot,20,(31),The last shutdown's success status was false. The last boot's success status was true.
Information,26/07/2018 11:46:23,Microsoft-Windows-Kernel-Boot,32,(58),The bootmgr spent 0 ms waiting for user input.
Information,26/07/2018 11:46:23,Microsoft-Windows-Kernel-Boot,18,(57),There are 0x1 boot options on this system.
Information,26/07/2018 11:46:23,Microsoft-Windows-Kernel-Boot,153,(62),Virtualization-based security (policies: 0) is disabled.
Information,26/07/2018 11:46:23,Microsoft-Windows-Kernel-General,12,(1),The operating system started at system time ‎2018‎-‎07‎-‎26T09:46:23.498451700Z.
Error,26/07/2018 11:00:38,Microsoft-Windows-DistributedCOM,10016,None,"The application-specific permission settings do not grant Local Launch permission for the COM Server application with CLSID 
Windows.SecurityCenter.WscDataProtection
 and APPID 
Unavailable
 to the user NT AUTHORITY\SYSTEM SID (S-1-5-18) from address LocalHost (Using LRPC) running in the application container Unavailable SID (Unavailable). This security permission can be modified using the Component Services administrative tool."
Error,26/07/2018 11:00:38,Microsoft-Windows-DistributedCOM,10016,None,"The application-specific permission settings do not grant Local Launch permission for the COM Server application with CLSID 
Windows.SecurityCenter.WscBrokerManager
 and APPID 
Unavailable
 to the user NT AUTHORITY\SYSTEM SID (S-1-5-18) from address LocalHost (Using LRPC) running in the application container Unavailable SID (Unavailable). This security permission can be modified using the Component Services administrative tool."
Warning,26/07/2018 10:59:33,Microsoft-Windows-Kernel-Processor-Power,37,(7),The speed of processor 3 in group 0 is being limited by system firmware. The processor has been in this reduced performance state for 71 seconds since the last report.
Error,26/07/2018 10:59:10,Microsoft-Windows-DistributedCOM,10016,None,"The application-specific permission settings do not grant Local Activation permission for the COM Server application with CLSID 
{D63B10C5-BB46-4990-A94F-E40B9D520160}
 and APPID 
{9CA88EE3-ACB7-47C8-AFC4-AB702511C276}
 to the user DESKTOP-JRHB8O7\Philipp Wise SID (S-1-5-21-3472773844-1026657542-2222872734-1001) from address LocalHost (Using LRPC) running in the application container Unavailable SID (Unavailable). This security permission can be modified using the Component Services administrative tool."
Information,26/07/2018 10:58:50,Microsoft-Windows-TPM-WMI,1025,None,The TPM was successfully provisioned and is now ready for use.
Error,26/07/2018 10:58:44,Microsoft-Windows-DistributedCOM,10016,None,"The application-specific permission settings do not grant Local Activation permission for the COM Server application with CLSID 
{6B3B8D23-FA8D-40B9-8DBD-B950333E2C52}
 and APPID 
{4839DDB7-58C2-48F5-8283-E1D1807D0D7D}
 to the user NT AUTHORITY\LOCAL SERVICE SID (S-1-5-19) from address LocalHost (Using LRPC) running in the application container Unavailable SID (Unavailable). This security permission can be modified using the Component Services administrative tool."
Error,26/07/2018 10:58:44,Microsoft-Windows-DistributedCOM,10016,None,"The application-specific permission settings do not grant Local Activation permission for the COM Server application with CLSID 
{6B3B8D23-FA8D-40B9-8DBD-B950333E2C52}
 and APPID 
{4839DDB7-58C2-48F5-8283-E1D1807D0D7D}
 to the user NT AUTHORITY\LOCAL SERVICE SID (S-1-5-19) from address LocalHost (Using LRPC) running in the application container Unavailable SID (Unavailable). This security permission can be modified using the Component Services administrative tool."
Information,26/07/2018 10:58:43,Microsoft-Windows-Winlogon,7001,(1101),User Log-on Notification for Customer Experience Improvement Program
Information,26/07/2018 10:58:43,Microsoft-Windows-TPM-WMI,1025,None,The TPM was successfully provisioned and is now ready for use.
Information,26/07/2018 10:58:42,Microsoft-Windows-UserModePowerService,12,(10),Process C:\Windows\System32\SurfaceUsbHubFwUpdateService.exe (process ID:4664) reset policy scheme from {381B4222-F694-41F0-9685-FF5BB260DF2E} to {381B4222-F694-41F0-9685-FF5BB260DF2E}
Information,26/07/2018 10:58:39,Microsoft-Windows-Kernel-General,16,None,The access history in hive \??\C:\WINDOWS\AppCompat\Programs\Amcache.hve was cleared updating 2873 keys and creating 927 modified pages.
Information,26/07/2018 10:58:38,TPM,18,None,This event triggers the Trusted Platform Module (TPM) provisioning/status check to run.
Information,26/07/2018 10:58:37,Microsoft-Windows-UserModePowerService,12,(10),Process C:\Windows\System32\SurfaceUsbHubFwUpdateService.exe (process ID:4664) reset policy scheme from {381B4222-F694-41F0-9685-FF5BB260DF2E} to {381B4222-F694-41F0-9685-FF5BB260DF2E}
Information,26/07/2018 10:58:35,Microsoft-Windows-Kernel-Power,520,(218),The brightness on this system is managed by high-precision brightness aware service.
Information,26/07/2018 10:58:35,Microsoft-Windows-WLAN-AutoConfig,4000,None,"WLAN AutoConfig service has successfully started.
"
Information,26/07/2018 10:58:35,Microsoft-Windows-Kernel-General,16,None,The access history in hive \SystemRoot\System32\Config\bbimigrate\BBI was cleared updating 1 keys and creating 1 modified pages.
Information,26/07/2018 10:58:35,Microsoft-Windows-Kernel-General,16,None,The access history in hive \SystemRoot\System32\config\DRIVERS was cleared updating 27402 keys and creating 1170 modified pages.
Information,26/07/2018 10:58:34,Microsoft-Windows-FilterManager,6,None,"File System Filter 'storqosflt' (10.0, ‎2011‎-‎01‎-‎05T19:54:03.000000000Z) has successfully loaded and registered with Filter Manager."
Information,26/07/2018 10:58:34,Microsoft-Windows-DHCPv6-Client,51046,Service State Event,DHCPv6 client service is started
Information,26/07/2018 10:58:34,Microsoft-Windows-FilterManager,6,None,"File System Filter 'CldFlt' (10.0, ‎2005‎-‎05‎-‎17T04:25:49.000000000Z) has successfully loaded and registered with Filter Manager."
Information,26/07/2018 10:58:34,Microsoft-Windows-FilterManager,1,None,"File System Filter 'CldFlt' (Version 10.0, ‎2005‎-‎05‎-‎17T04:25:49.000000000Z) unloaded successfully."
Information,26/07/2018 10:58:34,Microsoft-Windows-FilterManager,6,None,"File System Filter 'CldFlt' (10.0, ‎2005‎-‎05‎-‎17T04:25:49.000000000Z) has successfully loaded and registered with Filter Manager."
Information,26/07/2018 10:58:34,Microsoft-Windows-Dhcp-Client,50103,Service State Event,DHCPv4 client registered for shutdown notification
Information,26/07/2018 10:58:34,Microsoft-Windows-Dhcp-Client,50036,Service State Event,DHCPv4 client service is started
Information,26/07/2018 10:58:34,Microsoft-Windows-FilterManager,6,None,"File System Filter 'wcifs' (10.0, ‎2024‎-‎12‎-‎17T03:40:30.000000000Z) has successfully loaded and registered with Filter Manager."
Information,26/07/2018 10:58:34,Microsoft-Windows-FilterManager,6,None,"File System Filter 'luafv' (10.0, ‎2043‎-‎06‎-‎20T21:30:28.000000000Z) has successfully loaded and registered with Filter Manager."
Information,26/07/2018 10:58:34,Win32k,267,None,Touch/Touchpad Hardware Quality Assurance verification succeeded.
Information,26/07/2018 10:58:34,Win32k,267,None,Touch/Touchpad Hardware Quality Assurance verification succeeded.
Information,26/07/2018 10:58:34,Microsoft-Windows-Kernel-General,16,None,The access history in hive \SystemRoot\System32\Config\BBI was cleared updating 318 keys and creating 85 modified pages.
Information,26/07/2018 10:58:33,Microsoft-Windows-Kernel-General,16,None,The access history in hive \??\C:\WINDOWS\ServiceProfiles\NetworkService\NTUSER.DAT was cleared updating 115 keys and creating 22 modified pages.
Information,26/07/2018 10:58:33,Microsoft-Windows-Kernel-General,16,None,The access history in hive \??\C:\WINDOWS\ServiceProfiles\LocalService\NTUSER.DAT was cleared updating 76 keys and creating 19 modified pages.
Information,26/07/2018 10:58:33,Microsoft-Windows-Directory-Services-SAM,16962,None,"Remote calls to the SAM database are being restricted using the default security descriptor: O:SYG:SYD:(A;;RC;;;BA).
For more information please see http://go.microsoft.com/fwlink/?LinkId=787651."
Information,26/07/2018 10:58:33,Win32k,267,None,Touch/Touchpad Hardware Quality Assurance verification succeeded.
Information,26/07/2018 10:58:33,Win32k,267,None,Touch/Touchpad Hardware Quality Assurance verification succeeded.
Information,26/07/2018 10:58:33,Microsoft-Windows-Wininit,14,None,"Credential Guard (LsaIso.exe) configuration: 0x0, 0"
Warning,26/07/2018 10:58:32,Microsoft-Windows-Kernel-PnP,219,(212),The driver \Driver\WudfRd failed to load for the device {5E9A8CDC-14AB-4609-A017-68BCE594AB68}\SurfaceBaseFwUpdate\8&18c2e47d&0&1.
Information,26/07/2018 10:58:32,Microsoft-Windows-DriverFrameworks-UserMode,10118,Startup of the UMDF reflector,"UMDF reflector is unable to connect to service control manager (SCM). This is expected during boot, when SCM has not started yet. Will retry when it starts."
Warning,26/07/2018 10:58:32,Microsoft-Windows-Kernel-PnP,219,(212),The driver \Driver\WudfRd failed to load for the device {4E781CFC-87EE-459B-A319-9B0531EB7485}\SurfaceKeyboardAmbientBacklight\8&18c2e47d&0&0.
Information,26/07/2018 10:58:32,Microsoft-Windows-DriverFrameworks-UserMode,10118,Startup of the UMDF reflector,"UMDF reflector is unable to connect to service control manager (SCM). This is expected during boot, when SCM has not started yet. Will retry when it starts."
Warning,26/07/2018 10:58:30,BTHUSB,34,None,The local adapter does not support an important Low Energy controller state to support peripheral mode. The minimum required supported state mask is 0x491f7fffff; got 0x1fffffff. Low Energy peripheral role functionality will not be available.
Information,26/07/2018 10:58:30,BTHUSB,18,None,Windows cannot store Bluetooth authentication codes (link keys) on the local adapter. Bluetooth keyboards might not work in the system BIOS during start-up.
Warning,26/07/2018 10:58:29,Microsoft-Windows-Kernel-PnP,219,(212),The driver \Driver\WudfRd failed to load for the device {6c8abe47-dac0-4b99-affa-4fff050e3cdc}\SurfaceDigitizerPenPairing\5&141f7bd2&0&0.
Information,26/07/2018 10:58:29,Microsoft-Windows-DriverFrameworks-UserMode,10118,Startup of the UMDF reflector,"UMDF reflector is unable to connect to service control manager (SCM). This is expected during boot, when SCM has not started yet. Will retry when it starts."
Information,26/07/2018 10:58:28,Microsoft-Windows-Kernel-Power,521,(220),Active battery count change.
Warning,26/07/2018 10:58:28,Microsoft-Windows-Kernel-PnP,219,(212),The driver \Driver\WudfRd failed to load for the device HID\MSHW0030&Col01\5&294f3b18&0&0000.
Information,26/07/2018 10:58:28,Microsoft-Windows-DriverFrameworks-UserMode,10118,Startup of the UMDF reflector,"UMDF reflector is unable to connect to service control manager (SCM). This is expected during boot, when SCM has not started yet. Will retry when it starts."
Information,26/07/2018 10:58:27,Microsoft-Windows-Kernel-Power,521,(220),Active battery count change.
Information,26/07/2018 10:58:27,Microsoft-Windows-Kernel-General,15,None,Hive \SystemRoot\System32\Config\SOFTWARE was reorganized with a starting size of 113696768 bytes and an ending size of 110964736 bytes.
Information,26/07/2018 10:58:24,MEIx64,2,None,Intel(R) Management Engine Interface driver has started successfully.
Information,26/07/2018 10:58:24,SurfaceStorageFwUpdate,4,None,Storage Firmware install failed.
Information,26/07/2018 10:58:22,Microsoft-Windows-Kernel-Processor-Power,55,(47),"Processor 3 in group 0 exposes the following power management capabilities:

Idle state type: Micro Power Engine Plugin (11 state(s))

Performance state type: ACPI Collaborative Processor Performance Control
Nominal Frequency (MHz): 2808
Maximum performance percentage: 121
Minimum performance percentage: 28
Minimum throttle percentage: 3"
Information,26/07/2018 10:58:22,Microsoft-Windows-Kernel-Processor-Power,55,(47),"Processor 1 in group 0 exposes the following power management capabilities:

Idle state type: Micro Power Engine Plugin (11 state(s))

Performance state type: ACPI Collaborative Processor Performance Control
Nominal Frequency (MHz): 2808
Maximum performance percentage: 121
Minimum performance percentage: 28
Minimum throttle percentage: 3"
Information,26/07/2018 10:58:22,Microsoft-Windows-Kernel-Processor-Power,55,(47),"Processor 2 in group 0 exposes the following power management capabilities:

Idle state type: Micro Power Engine Plugin (11 state(s))

Performance state type: ACPI Collaborative Processor Performance Control
Nominal Frequency (MHz): 2808
Maximum performance percentage: 121
Minimum performance percentage: 28
Minimum throttle percentage: 3"
Information,26/07/2018 10:58:22,Microsoft-Windows-Kernel-Processor-Power,55,(47),"Processor 0 in group 0 exposes the following power management capabilities:

Idle state type: Micro Power Engine Plugin (11 state(s))

Performance state type: ACPI Collaborative Processor Performance Control
Nominal Frequency (MHz): 2808
Maximum performance percentage: 121
Minimum performance percentage: 14
Minimum throttle percentage: 3"
Warning,26/07/2018 10:58:22,Microsoft-Windows-Kernel-PnP,219,(212),The driver \Driver\WudfRd failed to load for the device ACPI\MSHW0041\2&daba3ff&1.
Information,26/07/2018 10:58:22,Microsoft-Windows-DriverFrameworks-UserMode,10118,Startup of the UMDF reflector,"UMDF reflector is unable to connect to service control manager (SCM). This is expected during boot, when SCM has not started yet. Will retry when it starts."
Information,26/07/2018 10:58:22,Microsoft-Windows-Kernel-General,16,None,The access history in hive \SystemRoot\System32\Config\DEFAULT was cleared updating 577 keys and creating 84 modified pages.
Information,26/07/2018 10:58:22,Microsoft-Windows-Kernel-General,16,None,The access history in hive \SystemRoot\System32\Config\SECURITY was cleared updating 77 keys and creating 4 modified pages.
Information,26/07/2018 10:58:22,Microsoft-Windows-Kernel-General,16,None,The access history in hive \SystemRoot\System32\Config\SAM was cleared updating 72 keys and creating 7 modified pages.
Information,26/07/2018 10:58:22,Microsoft-Windows-Ntfs,98,None,Volume \\?\Volume{e6460861-32f5-4c57-b316-572b84be1b60} (\Device\HarddiskVolume4) is healthy.  No action is needed.
Critical,26/07/2018 10:58:22,Microsoft-Windows-Kernel-Power,41,(63),"The system has rebooted without cleanly shutting down first. This error could be caused if the system stopped responding, crashed, or lost power unexpectedly."
Information,26/07/2018 10:58:22,Microsoft-Windows-FilterManager,6,None,"File System Filter 'npsvctrig' (10.0, ‎2094‎-‎02‎-‎20T12:14:30.000000000Z) has successfully loaded and registered with Filter Manager."
Information,26/07/2018 10:58:21,Microsoft-Windows-FilterManager,6,None,"File System Filter 'FileCrypt' (10.0, ‎2070‎-‎12‎-‎16T01:13:56.000000000Z) has successfully loaded and registered with Filter Manager."
Information,26/07/2018 10:58:21,Microsoft-Windows-Ntfs,98,None,Volume C: (\Device\HarddiskVolume3) is healthy.  No action is needed.
Information,26/07/2018 10:58:34,EventLog,6013,None,The system uptime is 17 seconds.
Information,26/07/2018 10:58:34,EventLog,6005,None,The Event log service was started.
Information,26/07/2018 10:58:34,EventLog,6009,None,Microsoft (R) Windows (R) 10.00. 17134  Multiprocessor Free.
Error,26/07/2018 10:58:34,EventLog,6008,None,The previous system shutdown at 10:54:07 on ‎26/‎07/‎2018 was unexpected.
Information,26/07/2018 10:58:19,Microsoft-Windows-FilterManager,6,None,"File System Filter 'WdFilter' (10.0, ‎1972‎-‎06‎-‎04T07:04:34.000000000Z) has successfully loaded and registered with Filter Manager."
Information,26/07/2018 10:58:19,Microsoft-Windows-FilterManager,6,None,"File System Filter 'Wof' (10.0, ‎2036‎-‎09‎-‎29T15:47:10.000000000Z) has successfully loaded and registered with Filter Manager."
Information,26/07/2018 10:58:19,Microsoft-Windows-FilterManager,6,None,"File System Filter 'FileInfo' (10.0, ‎2083‎-‎04‎-‎08T17:57:41.000000000Z) has successfully loaded and registered with Filter Manager."
Information,26/07/2018 10:58:18,Microsoft-Windows-Kernel-Boot,30,(21),The firmware reported boot metrics.
Information,26/07/2018 10:58:18,Microsoft-Windows-Kernel-Boot,25,(32),The boot menu policy was 0x1.
Information,26/07/2018 10:58:18,Microsoft-Windows-Kernel-Boot,27,(33),The boot type was 0x0.
Information,26/07/2018 10:58:18,Microsoft-Windows-Kernel-Boot,20,(31),The last shutdown's success status was false. The last boot's success status was true.
Information,26/07/2018 10:58:18,Microsoft-Windows-Kernel-Boot,32,(58),The bootmgr spent 0 ms waiting for user input.
Information,26/07/2018 10:58:18,Microsoft-Windows-Kernel-Boot,18,(57),There are 0x1 boot options on this system.
Information,26/07/2018 10:58:18,Microsoft-Windows-Kernel-Boot,153,(62),Virtualization-based security (policies: 0) is disabled.
Information,26/07/2018 10:58:18,Microsoft-Windows-Kernel-General,12,(1),The operating system started at system time ‎2018‎-‎07‎-‎26T08:58:17.498415900Z.
Information,26/07/2018 10:48:42,Service Control Manager,7040,None,The start type of the Background Intelligent Transfer Service service was changed from auto start to demand start.
Information,26/07/2018 10:40:14,Microsoft-Windows-WindowsUpdateClient,19,Windows Update Agent,Installation Successful: Windows successfully installed the following update: 9NBLGGH33ZDV-A278AB0D.MARCHOFEMPIRES
Information,26/07/2018 10:40:14,Microsoft-Windows-WindowsUpdateClient,43,Windows Update Agent,Installation Started: Windows has started installing the following update: 9NBLGGH33ZDV-A278AB0D.MARCHOFEMPIRES
Information,26/07/2018 10:40:10,Microsoft-Windows-Kernel-General,16,None,The access history in hive \??\C:\Users\Philipp Wise\AppData\Local\Packages\A278AB0D.MarchofEmpires_h6adky7gbf63m\Settings\settings.dat was cleared updating 1 keys and creating 1 modified pages.
Information,26/07/2018 10:40:09,Microsoft-Windows-Kernel-General,16,None,The access history in hive \??\C:\ProgramData\Microsoft\Windows\AppRepository\Packages\A278AB0D.MarchofEmpires_3.4.0.7_x86__h6adky7gbf63m\ActivationStore.dat was cleared updating 0 keys and creating 0 modified pages.
Information,26/07/2018 10:39:39,Microsoft-Windows-WindowsUpdateClient,19,Windows Update Agent,Installation Successful: Windows successfully installed the following update: 9NBLGGH2JHXJ-MICROSOFT.MINECRAFTUWP
Information,26/07/2018 10:39:39,Microsoft-Windows-WindowsUpdateClient,43,Windows Update Agent,Installation Started: Windows has started installing the following update: 9NBLGGH2JHXJ-MICROSOFT.MINECRAFTUWP
Information,26/07/2018 10:39:35,Microsoft-Windows-Kernel-General,16,None,The access history in hive \??\C:\Users\Philipp Wise\AppData\Local\Packages\Microsoft.MinecraftUWP_8wekyb3d8bbwe\Settings\settings.dat was cleared updating 1 keys and creating 1 modified pages.
Information,26/07/2018 10:39:34,Microsoft-Windows-WindowsUpdateClient,19,Windows Update Agent,Installation Successful: Windows successfully installed the following update: 9WZDNCRFHVJL-MICROSOFT.OFFICE.ONENOTE
Information,26/07/2018 10:39:34,Microsoft-Windows-WindowsUpdateClient,43,Windows Update Agent,Installation Started: Windows has started installing the following update: 9WZDNCRFHVJL-MICROSOFT.OFFICE.ONENOTE
Information,26/07/2018 10:39:33,Microsoft-Windows-Kernel-General,16,None,The access history in hive \??\C:\ProgramData\Microsoft\Windows\AppRepository\Packages\Microsoft.MinecraftUWP_1.5.201.0_x64__8wekyb3d8bbwe\ActivationStore.dat was cleared updating 0 keys and creating 0 modified pages.
Information,26/07/2018 10:39:31,Microsoft-Windows-Kernel-General,16,None,The access history in hive \??\C:\Users\Philipp Wise\AppData\Local\Packages\Microsoft.Office.OneNote_8wekyb3d8bbwe\Settings\settings.dat was cleared updating 1 keys and creating 1 modified pages.
Information,26/07/2018 10:39:29,Microsoft-Windows-Kernel-General,16,None,The access history in hive \??\C:\ProgramData\Microsoft\Windows\AppRepository\Packages\Microsoft.Office.OneNote_16001.10325.20049.0_x64__8wekyb3d8bbwe\ActivationStore.dat was cleared updating 0 keys and creating 0 modified pages.
Information,26/07/2018 10:37:19,Microsoft-Windows-WindowsUpdateClient,44,Windows Update Agent,Windows Update started downloading an update.
Information,26/07/2018 10:37:19,Microsoft-Windows-WindowsUpdateClient,19,Windows Update Agent,Installation Successful: Windows successfully installed the following update: 9WZDNCRFJB8P-MICROSOFT.SURFACEHUB
Information,26/07/2018 10:37:19,Microsoft-Windows-WindowsUpdateClient,43,Windows Update Agent,Installation Started: Windows has started installing the following update: 9WZDNCRFJB8P-MICROSOFT.SURFACEHUB
Information,26/07/2018 10:37:19,Microsoft-Windows-WindowsUpdateClient,44,Windows Update Agent,Windows Update started downloading an update.
Information,26/07/2018 10:37:19,Microsoft-Windows-WindowsUpdateClient,19,Windows Update Agent,Installation Successful: Windows successfully installed the following update: 9WZDNCRFJ3P2-MICROSOFT.ZUNEVIDEO
Information,26/07/2018 10:37:14,Microsoft-Windows-WindowsUpdateClient,43,Windows Update Agent,Installation Started: Windows has started installing the following update: 9WZDNCRFJ3P2-MICROSOFT.ZUNEVIDEO
Information,26/07/2018 10:37:10,Microsoft-Windows-Kernel-General,16,None,The access history in hive \??\C:\ProgramData\Microsoft\Windows\AppRepository\Packages\Microsoft.SurfaceHub_33.600.139.0_x64__8wekyb3d8bbwe\ActivationStore.dat was cleared updating 0 keys and creating 0 modified pages.
Information,26/07/2018 10:37:09,Microsoft-Windows-Kernel-General,16,None,The access history in hive \??\C:\ProgramData\Microsoft\Windows\AppRepository\Packages\Microsoft.ZuneVideo_10.18061.13911.0_x64__8wekyb3d8bbwe\ActivationStore.dat was cleared updating 0 keys and creating 0 modified pages.
Information,26/07/2018 10:37:06,Microsoft-Windows-WindowsUpdateClient,44,Windows Update Agent,Windows Update started downloading an update.
Information,26/07/2018 10:37:06,Microsoft-Windows-WindowsUpdateClient,19,Windows Update Agent,Installation Successful: Windows successfully installed the following update: 9NZKPSTSNW4P-Microsoft.XboxGamingOverlay
Information,26/07/2018 10:37:06,Microsoft-Windows-WindowsUpdateClient,43,Windows Update Agent,Installation Started: Windows has started installing the following update: 9NZKPSTSNW4P-Microsoft.XboxGamingOverlay
Information,26/07/2018 10:37:02,Microsoft-Windows-Kernel-General,16,None,The access history in hive \??\C:\Users\Philipp Wise\AppData\Local\Packages\Microsoft.XboxGamingOverlay_8wekyb3d8bbwe\Settings\settings.dat was cleared updating 3 keys and creating 1 modified pages.
Information,26/07/2018 10:37:00,Microsoft-Windows-Kernel-General,16,None,The access history in hive \??\C:\ProgramData\Microsoft\Windows\AppRepository\Packages\Microsoft.XboxGamingOverlay_1.16.1004.0_x64__8wekyb3d8bbwe\ActivationStore.dat was cleared updating 0 keys and creating 0 modified pages.
Information,26/07/2018 10:36:50,Microsoft-Windows-WindowsUpdateClient,44,Windows Update Agent,Windows Update started downloading an update.
Information,26/07/2018 10:36:50,Microsoft-Windows-WindowsUpdateClient,19,Windows Update Agent,Installation Successful: Windows successfully installed the following update: 9NBLGGH5PNB1-Microsoft.OneConnect
Information,26/07/2018 10:36:46,Microsoft-Windows-WindowsUpdateClient,44,Windows Update Agent,Windows Update started downloading an update.
Information,26/07/2018 10:36:46,Microsoft-Windows-WindowsUpdateClient,43,Windows Update Agent,Installation Started: Windows has started installing the following update: 9NBLGGH5PNB1-Microsoft.OneConnect
Information,26/07/2018 10:36:46,Microsoft-Windows-WindowsUpdateClient,19,Windows Update Agent,Installation Successful: Windows successfully installed the following update: 9PKDZBMV1H3T-Microsoft.GetHelp
Information,26/07/2018 10:36:44,Microsoft-Windows-Kernel-General,16,None,The access history in hive \??\C:\Users\Philipp Wise\AppData\Local\Packages\Microsoft.OneConnect_8wekyb3d8bbwe\Settings\settings.dat was cleared updating 1 keys and creating 1 modified pages.
Information,26/07/2018 10:36:42,Microsoft-Windows-WindowsUpdateClient,43,Windows Update Agent,Installation Started: Windows has started installing the following update: 9PKDZBMV1H3T-Microsoft.GetHelp
