Information,06/06/2018 10:37:20,Microsoft-Windows-Kernel-General,16,None,The access history in hive \??\C:\ProgramData\Microsoft\Windows\AppRepository\Packages\Microsoft.ZuneMusic_10.18041.14611.0_x64__8wekyb3d8bbwe\ActivationStore.dat was cleared updating 0 keys and creating 0 modified pages.
Information,06/06/2018 10:37:19,Microsoft-Windows-Kernel-General,16,None,The access history in hive \??\C:\ProgramData\Microsoft\Windows\AppRepository\Packages\Microsoft.ZuneVideo_10.18041.14611.0_x64__8wekyb3d8bbwe\ActivationStore.dat was cleared updating 0 keys and creating 0 modified pages.
Information,06/06/2018 10:37:18,Microsoft-Windows-Kernel-General,16,None,The access history in hive \??\C:\ProgramData\Microsoft\Windows\AppRepository\Packages\SiliconBendersLLC.Sketchable_4.9.12.0_x64__r2kxzpx527qgj\ActivationStore.dat was cleared updating 0 keys and creating 0 modified pages.
Information,06/06/2018 10:37:17,Microsoft-Windows-Kernel-General,16,None,The access history in hive \??\C:\ProgramData\Microsoft\Windows\AppRepository\Packages\Microsoft.MSPaint_4.1805.15037.0_x64__8wekyb3d8bbwe\ActivationStore.dat was cleared updating 0 keys and creating 0 modified pages.
Information,06/06/2018 10:37:17,Microsoft-Windows-Kernel-General,16,None,The access history in hive \??\C:\ProgramData\Microsoft\Windows\AppRepository\Packages\Microsoft.WindowsStore_11804.1001.10.0_x64__8wekyb3d8bbwe\ActivationStore.dat was cleared updating 0 keys and creating 0 modified pages.
Information,06/06/2018 10:37:16,Microsoft-Windows-Kernel-General,16,None,The access history in hive \??\C:\ProgramData\Microsoft\Windows\AppRepository\Packages\Microsoft.MicrosoftSolitaireCollection_4.1.5154.0_x86__8wekyb3d8bbwe\ActivationStore.dat was cleared updating 0 keys and creating 0 modified pages.
Information,06/06/2018 10:37:15,Microsoft-Windows-Kernel-General,16,None,The access history in hive \??\C:\ProgramData\Microsoft\Windows\AppRepository\Packages\Microsoft.StorePurchaseApp_11804.1001.9.0_x64__8wekyb3d8bbwe\ActivationStore.dat was cleared updating 0 keys and creating 0 modified pages.
Information,06/06/2018 10:37:14,Microsoft-Windows-Kernel-General,16,None,The access history in hive \??\C:\ProgramData\Microsoft\Windows\AppRepository\Packages\Microsoft.DesktopAppInstaller_1.0.20921.0_x64__8wekyb3d8bbwe\ActivationStore.dat was cleared updating 0 keys and creating 0 modified pages.
Information,06/06/2018 10:37:14,Microsoft-Windows-Kernel-General,16,None,The access history in hive \??\C:\ProgramData\Microsoft\Windows\AppRepository\Packages\Microsoft.Getstarted_6.10.10872.0_x64__8wekyb3d8bbwe\ActivationStore.dat was cleared updating 0 keys and creating 0 modified pages.
Information,06/06/2018 10:37:13,Microsoft-Windows-Kernel-General,16,None,The access history in hive \??\C:\ProgramData\Microsoft\Windows\AppRepository\Packages\Microsoft.WindowsMaps_5.1711.10477.1000_x64__8wekyb3d8bbwe\ActivationStore.dat was cleared updating 0 keys and creating 0 modified pages.
Information,06/06/2018 10:37:12,Microsoft-Windows-Kernel-General,16,None,The access history in hive \??\C:\ProgramData\Microsoft\Windows\AppRepository\Packages\Microsoft.MicrosoftStickyNotes_2.1.18.0_x64__8wekyb3d8bbwe\ActivationStore.dat was cleared updating 0 keys and creating 0 modified pages.
Information,06/06/2018 10:37:11,Microsoft-Windows-Kernel-General,16,None,The access history in hive \??\C:\ProgramData\Microsoft\Windows\AppRepository\Packages\Microsoft.HEVCVideoExtension_1.0.11132.0_x64__8wekyb3d8bbwe\ActivationStore.dat was cleared updating 0 keys and creating 0 modified pages.
Information,06/06/2018 10:37:11,Microsoft-Windows-Kernel-General,16,None,The access history in hive \??\C:\ProgramData\Microsoft\Windows\AppRepository\Packages\9E2F88E3.Twitter_6.0.9.0_neutral__wgeqdkkx372wm\ActivationStore.dat was cleared updating 0 keys and creating 0 modified pages.
Information,06/06/2018 10:37:10,Microsoft-Windows-Kernel-General,16,None,The access history in hive \??\C:\ProgramData\Microsoft\Windows\AppRepository\Packages\Microsoft.ZuneVideo_10.17112.19011.0_x64__8wekyb3d8bbwe\ActivationStore.dat was cleared updating 0 keys and creating 0 modified pages.
Information,06/06/2018 10:37:09,Microsoft-Windows-Kernel-General,16,None,The access history in hive \??\C:\ProgramData\Microsoft\Windows\AppRepository\Packages\Microsoft.ZuneMusic_10.17112.19011.0_x64__8wekyb3d8bbwe\ActivationStore.dat was cleared updating 0 keys and creating 0 modified pages.
Information,06/06/2018 10:37:07,Microsoft-Windows-Kernel-General,16,None,The access history in hive \??\C:\ProgramData\Microsoft\Windows\AppRepository\Packages\Microsoft.XboxSpeechToTextOverlay_1.17.29001.0_x64__8wekyb3d8bbwe\ActivationStore.dat was cleared updating 0 keys and creating 0 modified pages.
Information,06/06/2018 10:37:06,Microsoft-Windows-Kernel-General,16,None,The access history in hive \??\C:\ProgramData\Microsoft\Windows\AppRepository\Packages\Microsoft.XboxIdentityProvider_12.36.15002.0_x64__8wekyb3d8bbwe\ActivationStore.dat was cleared updating 0 keys and creating 0 modified pages.
Information,06/06/2018 10:37:05,Microsoft-Windows-Kernel-General,16,None,The access history in hive \??\C:\ProgramData\Microsoft\Windows\AppRepository\Packages\Microsoft.XboxGamingOverlay_1.15.1001.0_x64__8wekyb3d8bbwe\ActivationStore.dat was cleared updating 0 keys and creating 0 modified pages.
Information,06/06/2018 10:37:05,Microsoft-Windows-Kernel-General,16,None,The access history in hive \??\C:\ProgramData\Microsoft\Windows\AppRepository\Packages\Microsoft.XboxGameOverlay_1.26.6001.0_x64__8wekyb3d8bbwe\ActivationStore.dat was cleared updating 0 keys and creating 0 modified pages.
Information,06/06/2018 10:37:04,Microsoft-Windows-Kernel-General,16,None,The access history in hive \??\C:\ProgramData\Microsoft\Windows\AppRepository\Packages\Microsoft.XboxApp_38.38.14002.0_x64__8wekyb3d8bbwe\ActivationStore.dat was cleared updating 0 keys and creating 0 modified pages.
Information,06/06/2018 10:37:02,Microsoft-Windows-Kernel-General,16,None,The access history in hive \??\C:\ProgramData\Microsoft\Windows\AppRepository\Packages\Microsoft.Xbox.TCUI_1.11.28003.0_x64__8wekyb3d8bbwe\ActivationStore.dat was cleared updating 0 keys and creating 0 modified pages.
Information,06/06/2018 10:37:01,Microsoft-Windows-Kernel-General,16,None,The access history in hive \??\C:\ProgramData\Microsoft\Windows\AppRepository\Packages\Microsoft.WindowsStore_11712.1001.23.0_x64__8wekyb3d8bbwe\ActivationStore.dat was cleared updating 0 keys and creating 0 modified pages.
Information,06/06/2018 10:36:58,Microsoft-Windows-Kernel-General,16,None,The access history in hive \??\C:\ProgramData\Microsoft\Windows\AppRepository\Packages\Microsoft.WindowsSoundRecorder_10.1712.10611.0_x64__8wekyb3d8bbwe\ActivationStore.dat was cleared updating 0 keys and creating 0 modified pages.
Information,06/06/2018 10:36:57,Microsoft-Windows-Kernel-General,16,None,The access history in hive \??\C:\ProgramData\Microsoft\Windows\AppRepository\Packages\Microsoft.WindowsMaps_5.1711.10401.0_x64__8wekyb3d8bbwe\ActivationStore.dat was cleared updating 0 keys and creating 0 modified pages.
Information,06/06/2018 10:36:50,Microsoft-Windows-Kernel-General,16,None,The access history in hive \??\C:\ProgramData\Microsoft\Windows\AppRepository\Packages\Microsoft.WindowsFeedbackHub_1.1712.612.0_x64__8wekyb3d8bbwe\ActivationStore.dat was cleared updating 0 keys and creating 0 modified pages.
Information,06/06/2018 10:36:48,Microsoft-Windows-Kernel-General,16,None,The access history in hive \??\C:\ProgramData\Microsoft\Windows\AppRepository\Packages\microsoft.windowscommunicationsapps_17.8827.22055.0_x64__8wekyb3d8bbwe\ActivationStore.dat was cleared updating 0 keys and creating 0 modified pages.
Information,06/06/2018 10:36:40,Microsoft-Windows-Kernel-General,16,None,The access history in hive \??\C:\ProgramData\Microsoft\Windows\AppRepository\Packages\Microsoft.WindowsCamera_2017.1117.80.0_x64__8wekyb3d8bbwe\ActivationStore.dat was cleared updating 0 keys and creating 0 modified pages.
Information,06/06/2018 10:36:38,Microsoft-Windows-Kernel-General,16,None,The access history in hive \??\C:\ProgramData\Microsoft\Windows\AppRepository\Packages\Microsoft.WindowsCalculator_10.1712.10601.0_x64__8wekyb3d8bbwe\ActivationStore.dat was cleared updating 0 keys and creating 0 modified pages.
Information,06/06/2018 10:36:37,Microsoft-Windows-Kernel-General,16,None,The access history in hive \??\C:\ProgramData\Microsoft\Windows\AppRepository\Packages\Microsoft.WindowsAlarms_10.1712.10611.0_x64__8wekyb3d8bbwe\ActivationStore.dat was cleared updating 0 keys and creating 0 modified pages.
Information,06/06/2018 10:36:35,Microsoft-Windows-Kernel-General,16,None,The access history in hive \??\C:\ProgramData\Microsoft\Windows\AppRepository\Packages\Microsoft.Windows.Photos_2018.18011.15918.0_x64__8wekyb3d8bbwe\ActivationStore.dat was cleared updating 0 keys and creating 0 modified pages.
Information,06/06/2018 10:36:33,Microsoft-Windows-Kernel-General,16,None,The access history in hive \??\C:\ProgramData\Microsoft\Windows\AppRepository\Packages\Microsoft.WebMediaExtensions_1.0.3102.0_x64__8wekyb3d8bbwe\ActivationStore.dat was cleared updating 0 keys and creating 0 modified pages.
Information,06/06/2018 10:36:31,Microsoft-Windows-Kernel-General,16,None,The access history in hive \??\C:\ProgramData\Microsoft\Windows\AppRepository\Packages\Microsoft.Wallet_2.1.18009.0_x64__8wekyb3d8bbwe\ActivationStore.dat was cleared updating 0 keys and creating 0 modified pages.
Information,06/06/2018 10:36:28,Microsoft-Windows-Kernel-General,16,None,The access history in hive \??\C:\ProgramData\Microsoft\Windows\AppRepository\Packages\Microsoft.StorePurchaseApp_11712.1801.10002.0_x64__8wekyb3d8bbwe\ActivationStore.dat was cleared updating 0 keys and creating 0 modified pages.
Information,06/06/2018 10:36:27,Microsoft-Windows-Kernel-General,16,None,The access history in hive \??\C:\ProgramData\Microsoft\Windows\AppRepository\Packages\Microsoft.SkypeApp_12.13.274.0_x64__kzf8qxf38zg5c\ActivationStore.dat was cleared updating 0 keys and creating 0 modified pages.
Information,06/06/2018 10:36:21,Microsoft-Windows-Kernel-General,16,None,The access history in hive \??\C:\ProgramData\Microsoft\Windows\AppRepository\Packages\Microsoft.Services.Store.Engagement_10.0.1610.0_x86__8wekyb3d8bbwe\ActivationStore.dat was cleared updating 0 keys and creating 0 modified pages.
Information,06/06/2018 10:36:20,Microsoft-Windows-Kernel-General,16,None,The access history in hive \??\C:\ProgramData\Microsoft\Windows\AppRepository\Packages\Microsoft.Services.Store.Engagement_10.0.1610.0_x64__8wekyb3d8bbwe\ActivationStore.dat was cleared updating 0 keys and creating 0 modified pages.
Information,06/06/2018 10:36:20,Microsoft-Windows-Kernel-General,16,None,The access history in hive \??\C:\ProgramData\Microsoft\Windows\AppRepository\Packages\Microsoft.Print3D_2.0.3621.0_x64__8wekyb3d8bbwe\ActivationStore.dat was cleared updating 0 keys and creating 0 modified pages.
Information,06/06/2018 10:36:18,Microsoft-Windows-Kernel-General,16,None,The access history in hive \??\C:\ProgramData\Microsoft\Windows\AppRepository\Packages\Microsoft.People_10.3.10452.0_x64__8wekyb3d8bbwe\ActivationStore.dat was cleared updating 0 keys and creating 0 modified pages.
Information,06/06/2018 10:36:16,Microsoft-Windows-Kernel-General,16,None,The access history in hive \??\C:\ProgramData\Microsoft\Windows\AppRepository\Packages\Microsoft.OneConnect_4.1801.521.0_x64__8wekyb3d8bbwe\ActivationStore.dat was cleared updating 0 keys and creating 0 modified pages.
Information,06/06/2018 10:36:14,Microsoft-Windows-Kernel-General,16,None,The access history in hive \??\C:\ProgramData\Microsoft\Windows\AppRepository\Packages\Microsoft.Office.OneNote_17.8827.20991.0_x64__8wekyb3d8bbwe\ActivationStore.dat was cleared updating 0 keys and creating 0 modified pages.
Information,06/06/2018 10:36:02,Microsoft-Windows-Kernel-General,16,None,The access history in hive \??\C:\ProgramData\Microsoft\Windows\AppRepository\Packages\Microsoft.MSPaint_3.1803.5027.0_x64__8wekyb3d8bbwe\ActivationStore.dat was cleared updating 0 keys and creating 0 modified pages.
Information,06/06/2018 10:35:59,Microsoft-Windows-Kernel-General,16,None,The access history in hive \??\C:\ProgramData\Microsoft\Windows\AppRepository\Packages\Microsoft.MicrosoftStickyNotes_2.0.13.0_x64__8wekyb3d8bbwe\ActivationStore.dat was cleared updating 0 keys and creating 0 modified pages.
Information,06/06/2018 10:35:57,Microsoft-Windows-Kernel-General,16,None,The access history in hive \??\C:\ProgramData\Microsoft\Windows\AppRepository\Packages\Microsoft.MicrosoftSolitaireCollection_4.0.1301.0_x86__8wekyb3d8bbwe\ActivationStore.dat was cleared updating 0 keys and creating 0 modified pages.
Information,06/06/2018 10:35:56,Microsoft-Windows-Kernel-General,16,None,The access history in hive \??\C:\ProgramData\Microsoft\Windows\AppRepository\Packages\Microsoft.MicrosoftOfficeHub_17.8918.5926.0_x64__8wekyb3d8bbwe\ActivationStore.dat was cleared updating 0 keys and creating 0 modified pages.
Information,06/06/2018 10:35:53,Microsoft-Windows-Kernel-General,16,None,The access history in hive \??\C:\ProgramData\Microsoft\Windows\AppRepository\Packages\Microsoft.Microsoft3DViewer_2.1803.8022.0_x64__8wekyb3d8bbwe\ActivationStore.dat was cleared updating 0 keys and creating 0 modified pages.
Information,06/06/2018 10:35:52,Microsoft-Windows-Kernel-General,16,None,The access history in hive \??\C:\ProgramData\Microsoft\Windows\AppRepository\Packages\Microsoft.Messaging_3.38.22001.0_x64__8wekyb3d8bbwe\ActivationStore.dat was cleared updating 0 keys and creating 0 modified pages.
Information,06/06/2018 10:35:50,Microsoft-Windows-Kernel-General,16,None,The access history in hive \??\C:\ProgramData\Microsoft\Windows\AppRepository\Packages\Microsoft.Getstarted_6.9.10602.0_x64__8wekyb3d8bbwe\ActivationStore.dat was cleared updating 0 keys and creating 0 modified pages.
Information,06/06/2018 10:35:49,Microsoft-Windows-Kernel-General,16,None,The access history in hive \??\C:\ProgramData\Microsoft\Windows\AppRepository\Packages\Microsoft.GetHelp_10.1706.10441.0_x64__8wekyb3d8bbwe\ActivationStore.dat was cleared updating 0 keys and creating 0 modified pages.
Information,06/06/2018 10:35:48,Microsoft-Windows-Kernel-General,16,None,The access history in hive \??\C:\ProgramData\Microsoft\Windows\AppRepository\Packages\Microsoft.DesktopAppInstaller_1.0.12271.0_x64__8wekyb3d8bbwe\ActivationStore.dat was cleared updating 0 keys and creating 0 modified pages.
Information,06/06/2018 10:35:47,Microsoft-Windows-Kernel-General,16,None,The access history in hive \??\C:\ProgramData\Microsoft\Windows\AppRepository\Packages\Microsoft.BingWeather_4.22.3254.0_x64__8wekyb3d8bbwe\ActivationStore.dat was cleared updating 0 keys and creating 0 modified pages.
Information,06/06/2018 10:35:44,Microsoft-Windows-Kernel-General,16,None,The access history in hive \??\C:\ProgramData\Microsoft\Windows\AppRepository\Packages\Microsoft.Advertising.Xaml_10.1705.4.0_x86__8wekyb3d8bbwe\ActivationStore.dat was cleared updating 0 keys and creating 0 modified pages.
Information,06/06/2018 10:35:44,Microsoft-Windows-Kernel-General,16,None,The access history in hive \??\C:\ProgramData\Microsoft\Windows\AppRepository\Packages\Microsoft.Advertising.Xaml_10.1705.4.0_x64__8wekyb3d8bbwe\ActivationStore.dat was cleared updating 0 keys and creating 0 modified pages.
Information,06/06/2018 10:35:42,Microsoft-Windows-Kernel-General,16,None,The access history in hive \??\C:\ProgramData\Microsoft\Windows\AppRepository\Packages\windows.immersivecontrolpanel_10.0.2.1000_neutral_neutral_cw5n1h2txyewy\ActivationStore.dat was cleared updating 0 keys and creating 0 modified pages.
Information,06/06/2018 10:35:42,Microsoft-Windows-Kernel-General,16,None,The access history in hive \??\C:\ProgramData\Microsoft\Windows\AppRepository\Packages\Windows.CBSPreview_10.0.17134.48_neutral_neutral_cw5n1h2txyewy\ActivationStore.dat was cleared updating 0 keys and creating 0 modified pages.
Information,06/06/2018 10:35:41,Microsoft-Windows-Kernel-General,16,None,The access history in hive \??\C:\ProgramData\Microsoft\Windows\AppRepository\Packages\Microsoft.XboxGameCallableUI_1000.17134.1.0_neutral_neutral_cw5n1h2txyewy\ActivationStore.dat was cleared updating 0 keys and creating 0 modified pages.
Information,06/06/2018 10:35:41,Microsoft-Windows-Kernel-General,16,None,The access history in hive \??\C:\ProgramData\Microsoft\Windows\AppRepository\Packages\Microsoft.Windows.ShellExperienceHost_10.0.17134.1_neutral_neutral_cw5n1h2txyewy\ActivationStore.dat was cleared updating 0 keys and creating 0 modified pages.
Information,06/06/2018 10:35:40,Service Control Manager,7040,None,The start type of the Background Intelligent Transfer Service service was changed from demand start to auto start.
Information,06/06/2018 10:35:40,Microsoft-Windows-Kernel-General,16,None,The access history in hive \??\C:\ProgramData\Microsoft\Windows\AppRepository\Packages\Microsoft.Windows.SecureAssessmentBrowser_10.0.17134.1_neutral_neutral_cw5n1h2txyewy\ActivationStore.dat was cleared updating 0 keys and creating 0 modified pages.
Information,06/06/2018 10:35:39,Microsoft-Windows-Kernel-General,16,None,The access history in hive \??\C:\ProgramData\Microsoft\Windows\AppRepository\Packages\Microsoft.Windows.SecHealthUI_10.0.17134.1_neutral__cw5n1h2txyewy\ActivationStore.dat was cleared updating 0 keys and creating 0 modified pages.
Information,06/06/2018 10:35:39,Microsoft-Windows-Kernel-General,16,None,The access history in hive \??\C:\ProgramData\Microsoft\Windows\AppRepository\Packages\Microsoft.Windows.PinningConfirmationDialog_1000.17134.1.0_neutral__cw5n1h2txyewy\ActivationStore.dat was cleared updating 0 keys and creating 0 modified pages.
Information,06/06/2018 10:35:38,Microsoft-Windows-Kernel-General,16,None,The access history in hive \??\C:\ProgramData\Microsoft\Windows\AppRepository\Packages\Microsoft.Windows.PeopleExperienceHost_10.0.17134.1_neutral_neutral_cw5n1h2txyewy\ActivationStore.dat was cleared updating 0 keys and creating 0 modified pages.
Information,06/06/2018 10:35:38,Microsoft-Windows-Kernel-General,16,None,The access history in hive \??\C:\ProgramData\Microsoft\Windows\AppRepository\Packages\Microsoft.Windows.ParentalControls_1000.17134.1.0_neutral_neutral_cw5n1h2txyewy\ActivationStore.dat was cleared updating 0 keys and creating 0 modified pages.
Information,06/06/2018 10:35:37,Microsoft-Windows-Kernel-General,16,None,The access history in hive \??\C:\ProgramData\Microsoft\Windows\AppRepository\Packages\Microsoft.Windows.OOBENetworkConnectionFlow_10.0.17134.1_neutral__cw5n1h2txyewy\ActivationStore.dat was cleared updating 0 keys and creating 0 modified pages.
Information,06/06/2018 10:35:37,Microsoft-Windows-Kernel-General,16,None,The access history in hive \??\C:\ProgramData\Microsoft\Windows\AppRepository\Packages\Microsoft.Windows.OOBENetworkCaptivePortal_10.0.17134.1_neutral__cw5n1h2txyewy\ActivationStore.dat was cleared updating 0 keys and creating 0 modified pages.
Information,06/06/2018 10:35:36,Microsoft-Windows-Kernel-General,16,None,The access history in hive \??\C:\ProgramData\Microsoft\Windows\AppRepository\Packages\Microsoft.Windows.HolographicFirstRun_10.0.17134.1_neutral_neutral_cw5n1h2txyewy\ActivationStore.dat was cleared updating 0 keys and creating 0 modified pages.
Information,06/06/2018 10:35:35,Microsoft-Windows-Kernel-General,16,None,The access history in hive \??\C:\ProgramData\Microsoft\Windows\AppRepository\Packages\Microsoft.Windows.Cortana_1.10.7.17134_neutral_neutral_cw5n1h2txyewy\ActivationStore.dat was cleared updating 0 keys and creating 0 modified pages.
Information,06/06/2018 10:35:34,Microsoft-Windows-Kernel-General,16,None,The access history in hive \??\C:\ProgramData\Microsoft\Windows\AppRepository\Packages\Microsoft.Windows.ContentDeliveryManager_10.0.17134.1_neutral_neutral_cw5n1h2txyewy\ActivationStore.dat was cleared updating 0 keys and creating 0 modified pages.
Information,06/06/2018 10:35:34,Microsoft-Windows-Kernel-General,16,None,The access history in hive \??\C:\ProgramData\Microsoft\Windows\AppRepository\Packages\Microsoft.Windows.CloudExperienceHost_10.0.17134.1_neutral_neutral_cw5n1h2txyewy\ActivationStore.dat was cleared updating 0 keys and creating 0 modified pages.
Information,06/06/2018 10:35:33,Microsoft-Windows-Kernel-General,16,None,The access history in hive \??\C:\ProgramData\Microsoft\Windows\AppRepository\Packages\Microsoft.Windows.CapturePicker_10.0.17134.1_neutral__cw5n1h2txyewy\ActivationStore.dat was cleared updating 0 keys and creating 0 modified pages.
Information,06/06/2018 10:35:33,Microsoft-Windows-Kernel-General,16,None,The access history in hive \??\C:\ProgramData\Microsoft\Windows\AppRepository\Packages\Microsoft.Windows.AssignedAccessLockApp_1000.17134.1.0_neutral_neutral_cw5n1h2txyewy\ActivationStore.dat was cleared updating 0 keys and creating 0 modified pages.
Information,06/06/2018 10:35:32,Microsoft-Windows-Kernel-General,16,None,The access history in hive \??\C:\ProgramData\Microsoft\Windows\AppRepository\Packages\Microsoft.Windows.Apprep.ChxApp_1000.17134.1.0_neutral_neutral_cw5n1h2txyewy\ActivationStore.dat was cleared updating 0 keys and creating 0 modified pages.
Information,06/06/2018 10:35:32,Microsoft-Windows-Kernel-General,16,None,The access history in hive \??\C:\ProgramData\Microsoft\Windows\AppRepository\Packages\Microsoft.Win32WebViewHost_10.0.17134.1_neutral_neutral_cw5n1h2txyewy\ActivationStore.dat was cleared updating 0 keys and creating 0 modified pages.
Information,06/06/2018 10:35:31,Microsoft-Windows-Kernel-General,16,None,The access history in hive \??\C:\ProgramData\Microsoft\Windows\AppRepository\Packages\Microsoft.PPIProjection_10.0.17134.1_neutral_neutral_cw5n1h2txyewy\ActivationStore.dat was cleared updating 0 keys and creating 0 modified pages.
Information,06/06/2018 10:35:31,Microsoft-Windows-Kernel-General,16,None,The access history in hive \??\C:\ProgramData\Microsoft\Windows\AppRepository\Packages\Microsoft.MicrosoftEdge_42.17134.1.0_neutral__8wekyb3d8bbwe\ActivationStore.dat was cleared updating 0 keys and creating 0 modified pages.
Information,06/06/2018 10:35:30,Microsoft-Windows-Kernel-General,16,None,The access history in hive \??\C:\ProgramData\Microsoft\Windows\AppRepository\Packages\Microsoft.MicrosoftEdgeDevToolsClient_1000.17134.1.0_neutral_neutral_8wekyb3d8bbwe\ActivationStore.dat was cleared updating 0 keys and creating 0 modified pages.
Information,06/06/2018 10:35:29,Microsoft-Windows-Kernel-General,16,None,The access history in hive \??\C:\ProgramData\Microsoft\Windows\AppRepository\Packages\Microsoft.LockApp_10.0.17134.1_neutral__cw5n1h2txyewy\ActivationStore.dat was cleared updating 0 keys and creating 0 modified pages.
Information,06/06/2018 10:35:29,Microsoft-Windows-Kernel-General,16,None,The access history in hive \??\C:\ProgramData\Microsoft\Windows\AppRepository\Packages\Microsoft.ECApp_10.0.17134.1_neutral__8wekyb3d8bbwe\ActivationStore.dat was cleared updating 0 keys and creating 0 modified pages.
Information,06/06/2018 10:35:28,Microsoft-Windows-Kernel-General,16,None,The access history in hive \??\C:\ProgramData\Microsoft\Windows\AppRepository\Packages\Microsoft.CredDialogHost_10.0.17134.1_neutral__cw5n1h2txyewy\ActivationStore.dat was cleared updating 0 keys and creating 0 modified pages.
Information,06/06/2018 10:35:28,Microsoft-Windows-Kernel-General,16,None,The access history in hive \??\C:\ProgramData\Microsoft\Windows\AppRepository\Packages\Microsoft.BioEnrollment_10.0.17134.1_neutral__cw5n1h2txyewy\ActivationStore.dat was cleared updating 0 keys and creating 0 modified pages.
Information,06/06/2018 10:35:27,Microsoft-Windows-Kernel-General,16,None,The access history in hive \??\C:\ProgramData\Microsoft\Windows\AppRepository\Packages\Microsoft.AsyncTextService_10.0.17134.1_neutral__8wekyb3d8bbwe\ActivationStore.dat was cleared updating 0 keys and creating 0 modified pages.
Information,06/06/2018 10:35:26,Microsoft-Windows-Kernel-General,16,None,The access history in hive \??\C:\ProgramData\Microsoft\Windows\AppRepository\Packages\Microsoft.AccountsControl_10.0.17134.1_neutral__cw5n1h2txyewy\ActivationStore.dat was cleared updating 0 keys and creating 0 modified pages.
Information,06/06/2018 10:35:26,Microsoft-Windows-Kernel-General,16,None,The access history in hive \??\C:\ProgramData\Microsoft\Windows\AppRepository\Packages\Microsoft.AAD.BrokerPlugin_1000.17134.1.0_neutral_neutral_cw5n1h2txyewy\ActivationStore.dat was cleared updating 0 keys and creating 0 modified pages.
Information,06/06/2018 10:35:25,Microsoft-Windows-Kernel-General,16,None,The access history in hive \??\C:\ProgramData\Microsoft\Windows\AppRepository\Packages\InputApp_1000.17134.1.0_neutral_neutral_cw5n1h2txyewy\ActivationStore.dat was cleared updating 0 keys and creating 0 modified pages.
Information,06/06/2018 10:35:25,Microsoft-Windows-Kernel-General,16,None,The access history in hive \??\C:\ProgramData\Microsoft\Windows\AppRepository\Packages\F46D4000-FD22-4DB4-AC8E-4E1DDDE828FE_10.0.17134.1_neutral_neutral_cw5n1h2txyewy\ActivationStore.dat was cleared updating 0 keys and creating 0 modified pages.
Information,06/06/2018 10:35:24,Microsoft-Windows-Kernel-General,16,None,The access history in hive \??\C:\ProgramData\Microsoft\Windows\AppRepository\Packages\E2A4F912-2574-4A75-9BB0-0D023378592B_10.0.17134.1_neutral_neutral_cw5n1h2txyewy\ActivationStore.dat was cleared updating 0 keys and creating 0 modified pages.
Information,06/06/2018 10:35:24,Microsoft-Windows-Kernel-General,16,None,The access history in hive \??\C:\ProgramData\Microsoft\Windows\AppRepository\Packages\c5e2524a-ea46-4f67-841f-6a9465d9d515_10.0.17134.1_neutral_neutral_cw5n1h2txyewy\ActivationStore.dat was cleared updating 0 keys and creating 0 modified pages.
Information,06/06/2018 10:35:23,Microsoft-Windows-Kernel-General,16,None,The access history in hive \??\C:\ProgramData\Microsoft\Windows\AppRepository\Packages\1527c705-839a-4832-9118-54d4Bd6a0c89_10.0.17134.1_neutral_neutral_cw5n1h2txyewy\ActivationStore.dat was cleared updating 0 keys and creating 0 modified pages.
Information,06/06/2018 10:35:12,Service Control Manager,7040,None,The start type of the Remote Access IP ARP Driver service was changed from demand start to auto start.
Information,06/06/2018 10:35:10,Microsoft-Windows-WLAN-AutoConfig,4000,None,"WLAN AutoConfig service has successfully started.
"
Information,06/06/2018 10:35:09,Service Control Manager,7040,None,The start type of the Distributed Transaction Coordinator service was changed from auto start to demand start.
Information,06/06/2018 10:35:06,Service Control Manager,7040,None,The start type of the Distributed Transaction Coordinator service was changed from demand start to auto start.
Information,06/06/2018 10:34:59,Microsoft-Windows-WLAN-AutoConfig,4001,None,"WLAN AutoConfig service has successfully stopped.
"
Warning,06/06/2018 10:34:54,Microsoft-Windows-Kernel-Processor-Power,37,(7),The speed of processor 3 in group 0 is being limited by system firmware. The processor has been in this reduced performance state for 71 seconds since the last report.
Information,06/06/2018 10:34:14,Service Control Manager,7040,None,The start type of the Distributed Transaction Coordinator service was changed from auto start to demand start.
Information,06/06/2018 10:34:13,Service Control Manager,7040,None,The start type of the Distributed Transaction Coordinator service was changed from demand start to auto start.
Information,06/06/2018 10:34:04,Microsoft-Windows-UserModePowerService,12,(10),Process C:\Windows\System32\SurfaceUsbHubFwUpdateService.exe (process ID:3952) reset policy scheme from {381B4222-F694-41F0-9685-FF5BB260DF2E} to {381B4222-F694-41F0-9685-FF5BB260DF2E}
Information,06/06/2018 10:34:02,TPM,18,None,This event triggers the Trusted Platform Module (TPM) provisioning/status check to run.
Information,06/06/2018 10:34:00,Service Control Manager,7040,None,The start type of the cphs service was changed from auto start to demand start.
Information,06/06/2018 10:34:00,Microsoft-Windows-UserModePowerService,12,(10),Process C:\Windows\System32\SurfaceUsbHubFwUpdateService.exe (process ID:3952) reset policy scheme from {381B4222-F694-41F0-9685-FF5BB260DF2E} to {381B4222-F694-41F0-9685-FF5BB260DF2E}
Information,06/06/2018 10:34:00,Microsoft-Windows-Kernel-Power,520,(218),The brightness on this system is managed by high-precision brightness aware service.
Information,06/06/2018 10:33:59,Microsoft-Windows-WLAN-AutoConfig,4000,None,"WLAN AutoConfig service has successfully started.
"
Information,06/06/2018 10:33:58,Microsoft-Windows-DHCPv6-Client,51046,Service State Event,DHCPv6 client service is started
Information,06/06/2018 10:33:58,Microsoft-Windows-Dhcp-Client,50103,Service State Event,DHCPv4 client registered for shutdown notification
Information,06/06/2018 10:33:58,Microsoft-Windows-Dhcp-Client,50036,Service State Event,DHCPv4 client service is started
Information,06/06/2018 10:33:58,Microsoft-Windows-FilterManager,6,None,"File System Filter 'storqosflt' (10.0, ‎2011‎-‎01‎-‎05T19:54:03.000000000Z) has successfully loaded and registered with Filter Manager."
Information,06/06/2018 10:33:58,Microsoft-Windows-FilterManager,6,None,"File System Filter 'CldFlt' (10.0, ‎2005‎-‎05‎-‎17T04:25:49.000000000Z) has successfully loaded and registered with Filter Manager."
Information,06/06/2018 10:33:58,Microsoft-Windows-FilterManager,1,None,"File System Filter 'CldFlt' (Version 10.0, ‎2005‎-‎05‎-‎17T04:25:49.000000000Z) unloaded successfully."
Information,06/06/2018 10:33:58,Microsoft-Windows-FilterManager,6,None,"File System Filter 'CldFlt' (10.0, ‎2005‎-‎05‎-‎17T04:25:49.000000000Z) has successfully loaded and registered with Filter Manager."
Information,06/06/2018 10:33:58,Microsoft-Windows-FilterManager,6,None,"File System Filter 'luafv' (10.0, ‎2043‎-‎06‎-‎20T21:30:28.000000000Z) has successfully loaded and registered with Filter Manager."
Information,06/06/2018 10:33:58,Microsoft-Windows-FilterManager,6,None,"File System Filter 'wcifs' (10.0, ‎2024‎-‎12‎-‎17T03:40:30.000000000Z) has successfully loaded and registered with Filter Manager."
Information,06/06/2018 10:33:54,Win32k,267,None,Touch/Touchpad Hardware Quality Assurance verification succeeded.
Information,06/06/2018 10:33:54,Win32k,267,None,Touch/Touchpad Hardware Quality Assurance verification succeeded.
Information,06/06/2018 10:33:51,Microsoft-Windows-Directory-Services-SAM,16962,None,"Remote calls to the SAM database are being restricted using the default security descriptor: O:SYG:SYD:(A;;RC;;;BA).
For more information please see http://go.microsoft.com/fwlink/?LinkId=787651."
Information,06/06/2018 10:33:51,Win32k,267,None,Touch/Touchpad Hardware Quality Assurance verification succeeded.
Information,06/06/2018 10:33:51,Win32k,267,None,Touch/Touchpad Hardware Quality Assurance verification succeeded.
Information,06/06/2018 10:33:51,Microsoft-Windows-Wininit,14,None,"Credential Guard (LsaIso.exe) configuration: 0x0, 0"
Warning,06/06/2018 10:33:47,Microsoft-Windows-Kernel-PnP,219,(212),The driver \Driver\WudfRd failed to load for the device {5E9A8CDC-14AB-4609-A017-68BCE594AB68}\SurfaceBaseFwUpdate\8&18c2e47d&0&1.
Information,06/06/2018 10:33:47,Microsoft-Windows-DriverFrameworks-UserMode,10118,Startup of the UMDF reflector,"UMDF reflector is unable to connect to service control manager (SCM). This is expected during boot, when SCM has not started yet. Will retry when it starts."
Warning,06/06/2018 10:33:47,Microsoft-Windows-Kernel-PnP,219,(212),The driver \Driver\WudfRd failed to load for the device {4E781CFC-87EE-459B-A319-9B0531EB7485}\SurfaceKeyboardAmbientBacklight\8&18c2e47d&0&0.
Information,06/06/2018 10:33:47,Microsoft-Windows-DriverFrameworks-UserMode,10118,Startup of the UMDF reflector,"UMDF reflector is unable to connect to service control manager (SCM). This is expected during boot, when SCM has not started yet. Will retry when it starts."
Warning,06/06/2018 10:33:47,Microsoft-Windows-Kernel-PnP,219,(212),The driver \Driver\WudfRd failed to load for the device {6c8abe47-dac0-4b99-affa-4fff050e3cdc}\SurfaceDigitizerPenPairing\5&141f7bd2&0&0.
Information,06/06/2018 10:33:47,Microsoft-Windows-DriverFrameworks-UserMode,10118,Startup of the UMDF reflector,"UMDF reflector is unable to connect to service control manager (SCM). This is expected during boot, when SCM has not started yet. Will retry when it starts."
Warning,06/06/2018 10:33:46,BTHUSB,34,None,The local adapter does not support an important Low Energy controller state to support peripheral mode. The minimum required supported state mask is 0x491f7fffff; got 0x1fffffff. Low Energy peripheral role functionality will not be available.
Information,06/06/2018 10:33:46,BTHUSB,18,None,Windows cannot store Bluetooth authentication codes (link keys) on the local adapter. Bluetooth keyboards might not work in the system BIOS during start-up.
Warning,06/06/2018 10:33:46,Microsoft-Windows-Kernel-PnP,219,(212),The driver \Driver\WudfRd failed to load for the device HID\MSHW0030&Col01\5&294f3b18&0&0000.
Information,06/06/2018 10:33:46,Microsoft-Windows-DriverFrameworks-UserMode,10118,Startup of the UMDF reflector,"UMDF reflector is unable to connect to service control manager (SCM). This is expected during boot, when SCM has not started yet. Will retry when it starts."
Information,06/06/2018 10:33:45,Microsoft-Windows-Kernel-Power,521,(220),Active battery count change.
Information,06/06/2018 10:33:45,Microsoft-Windows-Kernel-Power,521,(220),Active battery count change.
Information,06/06/2018 10:33:45,Microsoft-Windows-Kernel-Power,105,(100),Power source change.
Information,06/06/2018 10:33:44,MEIx64,2,None,Intel(R) Management Engine Interface driver has started successfully.
Information,06/06/2018 10:33:44,SurfaceStorageFwUpdate,4,None,Storage Firmware install failed.
Information,06/06/2018 10:33:43,Microsoft-Windows-Kernel-Processor-Power,55,(47),"Processor 3 in group 0 exposes the following power management capabilities:

Idle state type: Micro Power Engine Plugin (11 state(s))

Performance state type: ACPI Collaborative Processor Performance Control
Nominal Frequency (MHz): 2808
Maximum performance percentage: 121
Minimum performance percentage: 32
Minimum throttle percentage: 3"
Information,06/06/2018 10:33:43,Microsoft-Windows-Kernel-Processor-Power,55,(47),"Processor 1 in group 0 exposes the following power management capabilities:

Idle state type: Micro Power Engine Plugin (11 state(s))

Performance state type: ACPI Collaborative Processor Performance Control
Nominal Frequency (MHz): 2808
Maximum performance percentage: 121
Minimum performance percentage: 32
Minimum throttle percentage: 3"
Information,06/06/2018 10:33:43,Microsoft-Windows-Kernel-Processor-Power,55,(47),"Processor 2 in group 0 exposes the following power management capabilities:

Idle state type: Micro Power Engine Plugin (11 state(s))

Performance state type: ACPI Collaborative Processor Performance Control
Nominal Frequency (MHz): 2808
Maximum performance percentage: 121
Minimum performance percentage: 32
Minimum throttle percentage: 3"
Information,06/06/2018 10:33:42,Microsoft-Windows-Kernel-Processor-Power,55,(47),"Processor 0 in group 0 exposes the following power management capabilities:

Idle state type: Micro Power Engine Plugin (11 state(s))

Performance state type: ACPI Collaborative Processor Performance Control
Nominal Frequency (MHz): 2808
Maximum performance percentage: 121
Minimum performance percentage: 14
Minimum throttle percentage: 3"
Information,06/06/2018 10:33:42,Microsoft-Windows-Ntfs,98,None,Volume \\?\Volume{e6460861-32f5-4c57-b316-572b84be1b60} (\Device\HarddiskVolume4) is healthy.  No action is needed.
Warning,06/06/2018 10:33:42,Microsoft-Windows-Kernel-PnP,219,(212),The driver \Driver\WudfRd failed to load for the device ACPI\MSHW0041\2&daba3ff&1.
Information,06/06/2018 10:33:42,Microsoft-Windows-DriverFrameworks-UserMode,10118,Startup of the UMDF reflector,"UMDF reflector is unable to connect to service control manager (SCM). This is expected during boot, when SCM has not started yet. Will retry when it starts."
Information,06/06/2018 10:33:42,Microsoft-Windows-FilterManager,6,None,"File System Filter 'npsvctrig' (10.0, ‎2094‎-‎02‎-‎20T12:14:30.000000000Z) has successfully loaded and registered with Filter Manager."
Information,06/06/2018 10:33:42,Microsoft-Windows-FilterManager,6,None,"File System Filter 'FileCrypt' (10.0, ‎2070‎-‎12‎-‎16T01:13:56.000000000Z) has successfully loaded and registered with Filter Manager."
Information,06/06/2018 10:33:42,Microsoft-Windows-Ntfs,98,None,Volume C: (\Device\HarddiskVolume3) is healthy.  No action is needed.
Information,06/06/2018 10:33:41,Microsoft-Windows-FilterManager,6,None,"File System Filter 'Wof' (10.0, ‎2036‎-‎09‎-‎29T15:47:10.000000000Z) has successfully loaded and registered with Filter Manager."
Information,06/06/2018 10:33:41,Microsoft-Windows-FilterManager,6,None,"File System Filter 'FileInfo' (10.0, ‎2083‎-‎04‎-‎08T17:57:41.000000000Z) has successfully loaded and registered with Filter Manager."
Information,06/06/2018 10:33:40,Microsoft-Windows-Kernel-Boot,30,(21),The firmware reported boot metrics.
Information,06/06/2018 10:33:40,Microsoft-Windows-Kernel-Boot,25,(32),The boot menu policy was 0x1.
Information,06/06/2018 10:33:40,Microsoft-Windows-Kernel-Boot,27,(33),The boot type was 0x0.
Information,06/06/2018 10:33:40,Microsoft-Windows-Kernel-Boot,20,(31),The last shutdown's success status was true. The last boot's success status was true.
Information,06/06/2018 10:33:40,Microsoft-Windows-Kernel-Boot,32,(58),The bootmgr spent 0 ms waiting for user input.
Information,06/06/2018 10:33:40,Microsoft-Windows-Kernel-Boot,26,None,A one-time boot sequence was used during this boot.
Information,06/06/2018 10:33:40,Microsoft-Windows-Kernel-Boot,153,(62),Virtualization-based security (policies: 0) is disabled.
Information,06/06/2018 10:33:40,Microsoft-Windows-Kernel-General,12,(1),The operating system started at system time ‎2018‎-‎06‎-‎06T08:33:40.499183500Z.
Information,06/06/2018 10:33:34,Microsoft-Windows-Kernel-General,13,(2),The operating system is shutting down at system time ‎2018‎-‎06‎-‎06T08:33:34.689696400Z.
Information,06/06/2018 10:33:33,Microsoft-Windows-Kernel-Power,109,(103),"The kernel power manager has initiated a shutdown transition.

Shutdown Reason: Kernel API"
Information,06/06/2018 10:33:31,Microsoft-Windows-WLAN-AutoConfig,4001,None,"WLAN AutoConfig service has successfully stopped.
"
Information,06/06/2018 10:33:58,EventLog,6013,None,The system uptime is 18 seconds.
Information,06/06/2018 10:33:58,EventLog,6005,None,The Event log service was started.
Information,06/06/2018 10:33:58,EventLog,6009,None,Microsoft (R) Windows (R) 10.00. 17134  Multiprocessor Free.
Information,06/06/2018 10:33:31,Microsoft-Windows-Dhcp-Client,50037,Service State Event,DHCPv4 client service is stopped. ShutDown Flag value is 1
Information,06/06/2018 10:33:31,Microsoft-Windows-Dhcp-Client,50106,Service State Event,DHCPv4 is waiting on DHCPv6 service to stop
Information,06/06/2018 10:33:31,Microsoft-Windows-DHCPv6-Client,51047,Service State Event,DHCPv6 client service is stopped. ShutDown Flag value is 1
Information,06/06/2018 10:33:31,Microsoft-Windows-Dhcp-Client,50105,Service State Event,DHCPv4 client ProcessDHCPRequestForever received TERMINATE_EVENT
Information,06/06/2018 10:33:31,Microsoft-Windows-Dhcp-Client,50104,Service State Event,DHCPv4 client received shutdown notification
Information,06/06/2018 10:33:30,User32,1074,None,"The process C:\WINDOWS\system32\winlogon.exe (DESKTOP-JRHB8O7) has initiated the restart of computer DESKTOP-JRHB8O7 on behalf of user NT AUTHORITY\SYSTEM for the following reason: Operating System: Upgrade (Planned)
 Reason Code: 0x80020003
 Shut-down Type: restart
 Comment: "
Information,06/06/2018 10:33:31,EventLog,6006,None,The Event log service was stopped.
Information,06/06/2018 10:33:26,Service Control Manager,7045,None,"A service was installed in the system.

Service Name:  User Energy Server Service queencreek
Service File Name:  ""C:\Program Files\Intel\SUR\QUEENCREEK\esrv_svc.exe"" ""--run_as_user_process"" 
Service Type:  user mode service
Service Start Type:  demand start
Service Account:  LocalSystem"
Information,06/06/2018 10:33:26,Service Control Manager,7045,None,"A service was installed in the system.

Service Name:  Intel(R) System Usage Report Service SystemUsageReportSvc_QUEENCREEK
Service File Name:  ""C:\Program Files\Intel Driver Update Utility\SUR\SurSvc.exe""
Service Type:  user mode service
Service Start Type:  auto start
Service Account:  LocalSystem"
Information,06/06/2018 10:33:26,Service Control Manager,7045,None,"A service was installed in the system.

Service Name:  Surface Software Servicing
Service File Name:  \SystemRoot\System32\drivers\SurfaceSoftwareServicingDriver.sys
Service Type:  kernel mode driver
Service Start Type:  demand start
Service Account:  "
Information,06/06/2018 10:33:26,Service Control Manager,7045,None,"A service was installed in the system.

Service Name:  Steam Client Service
Service File Name:  ""C:\Program Files (x86)\Common Files\Steam\SteamService.exe"" /RunAsService
Service Type:  user mode service
Service Start Type:  demand start
Service Account:  LocalSystem"
Information,06/06/2018 10:33:26,Service Control Manager,7045,None,"A service was installed in the system.

Service Name:  Office  Source Engine
Service File Name:  ""C:\Program Files (x86)\Common Files\Microsoft Shared\Source Engine\OSE.EXE""
Service Type:  user mode service
Service Start Type:  demand start
Service Account:  LocalSystem"
Information,06/06/2018 10:33:26,Service Control Manager,7045,None,"A service was installed in the system.

Service Name:  NVIDIA Telemetry Container
Service File Name:  ""C:\Program Files (x86)\NVIDIA Corporation\NvTelemetry\NvTelemetryContainer.exe"" -s NvTelemetryContainer -f ""C:\ProgramData\NVIDIA\NvTelemetryContainer.log"" -l 3 -d ""C:\Program Files (x86)\NVIDIA Corporation\NvTelemetry\plugins"" -r
Service Type:  user mode service
Service Start Type:  auto start
Service Account:  LocalSystem"
Information,06/06/2018 10:33:26,Service Control Manager,7045,None,"A service was installed in the system.

Service Name:  NVIDIA KMS
Service File Name:  \??\C:\Program Files\NVIDIA Corporation\NvStreamSrv\NvStreamKms.sys
Service Type:  kernel mode driver
Service Start Type:  demand start
Service Account:  "
Information,06/06/2018 10:33:26,Service Control Manager,7045,None,"A service was installed in the system.

Service Name:  NVIDIA NetworkService Container
Service File Name:  ""C:\Program Files\NVIDIA Corporation\NvContainer\nvcontainer.exe"" -s NvContainerNetworkService -f ""C:\ProgramData\NVIDIA\NvContainerNetworkService.log"" -l 3 -d ""C:\Program Files\NVIDIA Corporation\NvContainer\plugins\NetworkService"" -r -p 30000 -st ""C:\Program Files\NVIDIA Corporation\NvContainer\NvContainerTelemetryApi.dll""
Service Type:  user mode service
Service Start Type:  demand start
Service Account:  LocalSystem"
Information,06/06/2018 10:33:26,Service Control Manager,7045,None,"A service was installed in the system.

Service Name:  NVIDIA LocalSystem Container
Service File Name:  ""C:\Program Files\NVIDIA Corporation\NvContainer\nvcontainer.exe"" -s NvContainerLocalSystem -f ""C:\ProgramData\NVIDIA\NvContainerLocalSystem.log"" -l 3 -d ""C:\Program Files\NVIDIA Corporation\NvContainer\plugins\LocalSystem"" -r -p 30000 -st ""C:\Program Files\NVIDIA Corporation\NvContainer\NvContainerTelemetryApi.dll""
Service Type:  user mode service
Service Start Type:  auto start
Service Account:  LocalSystem"
Information,06/06/2018 10:33:26,Service Control Manager,7045,None,"A service was installed in the system.

Service Name:  Intel(R) Serial IO UART Driver v2
Service File Name:  \SystemRoot\System32\drivers\iaLPSS2_UART2.sys
Service Type:  kernel mode driver
Service Start Type:  demand start
Service Account:  "
Information,06/06/2018 10:33:26,Service Control Manager,7045,None,"A service was installed in the system.

Service Name:  Intel(R) Serial IO SPI Driver v2
Service File Name:  \SystemRoot\System32\drivers\iaLPSS2_SPI.sys
Service Type:  kernel mode driver
Service Start Type:  demand start
Service Account:  "
Information,06/06/2018 10:33:26,Service Control Manager,7045,None,"A service was installed in the system.

Service Name:  Intel(R) Serial IO I2C Driver v2
Service File Name:  \SystemRoot\System32\drivers\iaLPSS2_I2C.sys
Service Type:  kernel mode driver
Service Start Type:  demand start
Service Account:  "
Information,06/06/2018 10:33:26,Service Control Manager,7045,None,"A service was installed in the system.

Service Name:  Intel(R) Serial IO GPIO Driver v2
Service File Name:  \SystemRoot\System32\drivers\iaLPSS2_GPIO2.sys
Service Type:  kernel mode driver
Service Start Type:  demand start
Service Account:  "
Information,06/06/2018 10:33:26,Service Control Manager,7045,None,"A service was installed in the system.

Service Name:  Google Update Service (gupdatem)
Service File Name:  ""C:\Program Files (x86)\Google\Update\GoogleUpdate.exe"" /medsvc
Service Type:  user mode service
Service Start Type:  demand start
Service Account:  LocalSystem"
Information,06/06/2018 10:33:26,Service Control Manager,7045,None,"A service was installed in the system.

Service Name:  Google Update Service (gupdate)
Service File Name:  ""C:\Program Files (x86)\Google\Update\GoogleUpdate.exe"" /svc
Service Type:  user mode service
Service Start Type:  auto start
Service Account:  LocalSystem"
Information,06/06/2018 10:33:26,Service Control Manager,7045,None,"A service was installed in the system.

Service Name:  Energy Server Service queencreek
Service File Name:  ""C:\Program Files\Intel\SUR\QUEENCREEK\esrv_svc.exe"" ""--AUTO_START"" ""--start"" ""--start_options_registry_key"" ""HKEY_LOCAL_MACHINE\SYSTEM\CurrentControlSet\services\ESRV_SVC_QUEENCREEK\_start""
Service Type:  user mode service
Service Start Type:  demand start
Service Account:  LocalSystem"
Information,06/06/2018 10:33:26,Service Control Manager,7045,None,"A service was installed in the system.

Service Name:  Intel(R) Driver and Support Assistant
Service File Name:  ""C:\Program Files (x86)\Intel Driver Update Utility\DSAService.exe""
Service Type:  user mode service
Service Start Type:  auto start
Service Account:  LocalSystem"
Information,06/06/2018 10:33:26,Service Control Manager,7045,None,"A service was installed in the system.

Service Name:  Microsoft Office Click-to-Run Service
Service File Name:  ""C:\Program Files\Common Files\Microsoft Shared\ClickToRun\OfficeClickToRun.exe"" /service
Service Type:  user mode service
Service Start Type:  auto start
Service Account:  LocalSystem"
Information,06/06/2018 10:33:26,Service Control Manager,7045,None,"A service was installed in the system.

Service Name:  Adobe Acrobat Update Service
Service File Name:  ""C:\Program Files (x86)\Common Files\Adobe\ARM\1.0\armsvc.exe""
Service Type:  user mode service
Service Start Type:  auto start
Service Account:  LocalSystem"
Information,06/06/2018 10:31:19,Microsoft-Windows-Kernel-General,16,None,The access history in hive \??\C:\Windows.old\WINDOWS\system32\config\userdiff was cleared updating 1 keys and creating 1 modified pages.
Information,06/06/2018 10:31:14,Service Control Manager,7040,None,The start type of the Background Intelligent Transfer Service service was changed from auto start to demand start.
Information,06/06/2018 10:30:59,Microsoft-Windows-Setup,2004,OS information,Successfully logged OS information
Information,06/06/2018 10:30:57,Microsoft-Windows-UserPnp,20001,(7005),Driver Management concluded the process to install driver bthleenum.inf_amd64_d3624efe54cb4499 for Device Instance ID BTHLEDEVICE\{0000180F-0000-1000-8000-00805F9B34FB}_DEV_VID&02045E_PID&090E_REV&002F_EA65D4911D6F\8&30FC1B48&1&0017 with the following status: 0x0.
Information,06/06/2018 10:30:57,Microsoft-Windows-UserPnp,20003,(7005),Driver Management has concluded the process to add Service UmPass for Device Instance ID BTHLEDEVICE\{0000180F-0000-1000-8000-00805F9B34FB}_DEV_VID&02045E_PID&090E_REV&002F_EA65D4911D6F\8&30FC1B48&1&0017 with the following status: 0.
Information,06/06/2018 10:30:57,Microsoft-Windows-UserPnp,20001,(7005),Driver Management concluded the process to install driver bthleenum.inf_amd64_d3624efe54cb4499 for Device Instance ID BTHLEDEVICE\{00001801-0000-1000-8000-00805F9B34FB}_DEV_VID&02045E_PID&090E_REV&002F_EA65D4911D6F\8&30FC1B48&1&0008 with the following status: 0x0.
Information,06/06/2018 10:30:56,Microsoft-Windows-UserPnp,20003,(7005),Driver Management has concluded the process to add Service UmPass for Device Instance ID BTHLEDEVICE\{00001801-0000-1000-8000-00805F9B34FB}_DEV_VID&02045E_PID&090E_REV&002F_EA65D4911D6F\8&30FC1B48&1&0008 with the following status: 0.
Information,06/06/2018 10:30:56,Microsoft-Windows-UserPnp,20001,(7005),Driver Management concluded the process to install driver bthleenum.inf_amd64_d3624efe54cb4499 for Device Instance ID BTHLEDEVICE\{00001800-0000-1000-8000-00805F9B34FB}_DEV_VID&02045E_PID&090E_REV&002F_EA65D4911D6F\8&30FC1B48&1&0001 with the following status: 0x0.
Information,06/06/2018 10:30:56,Microsoft-Windows-UserPnp,20003,(7005),Driver Management has concluded the process to add Service UmPass for Device Instance ID BTHLEDEVICE\{00001800-0000-1000-8000-00805F9B34FB}_DEV_VID&02045E_PID&090E_REV&002F_EA65D4911D6F\8&30FC1B48&1&0001 with the following status: 0.
