Information,31/07/2018 13:57:59,Microsoft-Windows-UserPnp,20001,(7005),Driver Management concluded the process to install driver bthleenum.inf_amd64_d3624efe54cb4499 for Device Instance ID BTHLEDEVICE\{0000180A-0000-1000-8000-00805F9B34FB}_DEV_VID&02045E_PID&090E_REV&002F_C4ADC082C593\8&1BB6C013&0&000C with the following status: 0x0.
Information,31/07/2018 13:57:59,Microsoft-Windows-UserPnp,20003,(7005),Driver Management has concluded the process to add Service UmPass for Device Instance ID BTHLEDEVICE\{0000180A-0000-1000-8000-00805F9B34FB}_DEV_VID&02045E_PID&090E_REV&002F_C4ADC082C593\8&1BB6C013&0&000C with the following status: 0.
Information,31/07/2018 13:57:59,Microsoft-Windows-UserPnp,20001,(7005),Driver Management concluded the process to install driver bthleenum.inf_amd64_d3624efe54cb4499 for Device Instance ID BTHLEDEVICE\{0000180F-0000-1000-8000-00805F9B34FB}_DEV_VID&02045E_PID&090E_REV&002F_C4ADC082C593\8&1BB6C013&0&0017 with the following status: 0x0.
Information,31/07/2018 13:57:59,Microsoft-Windows-UserPnp,20003,(7005),Driver Management has concluded the process to add Service UmPass for Device Instance ID BTHLEDEVICE\{0000180F-0000-1000-8000-00805F9B34FB}_DEV_VID&02045E_PID&090E_REV&002F_C4ADC082C593\8&1BB6C013&0&0017 with the following status: 0.
Information,31/07/2018 13:57:53,Microsoft-Windows-UserPnp,20001,(7005),Driver Management concluded the process to install driver bthleenum.inf_amd64_d3624efe54cb4499 for Device Instance ID BTHLE\DEV_C4ADC082C593\7&1FE13B14&0&C4ADC082C593 with the following status: 0x0.
Information,31/07/2018 13:57:53,Microsoft-Windows-UserPnp,20003,(7005),Driver Management has concluded the process to add Service BthLEEnum for Device Instance ID BTHLE\DEV_C4ADC082C593\7&1FE13B14&0&C4ADC082C593 with the following status: 0.
Error,31/07/2018 13:56:10,Microsoft-Windows-DistributedCOM,10016,None,"The application-specific permission settings do not grant Local Activation permission for the COM Server application with CLSID 
{D63B10C5-BB46-4990-A94F-E40B9D520160}
 and APPID 
{9CA88EE3-ACB7-47C8-AFC4-AB702511C276}
 to the user DESKTOP-JRHB8O7\Philipp Wise SID (S-1-5-21-3472773844-1026657542-2222872734-1001) from address LocalHost (Using LRPC) running in the application container Unavailable SID (Unavailable). This security permission can be modified using the Component Services administrative tool."
Error,31/07/2018 13:56:09,Microsoft-Windows-DistributedCOM,10016,None,"The application-specific permission settings do not grant Local Activation permission for the COM Server application with CLSID 
{D63B10C5-BB46-4990-A94F-E40B9D520160}
 and APPID 
{9CA88EE3-ACB7-47C8-AFC4-AB702511C276}
 to the user DESKTOP-JRHB8O7\Philipp Wise SID (S-1-5-21-3472773844-1026657542-2222872734-1001) from address LocalHost (Using LRPC) running in the application container Unavailable SID (Unavailable). This security permission can be modified using the Component Services administrative tool."
Information,31/07/2018 13:55:47,Microsoft-Windows-Power-Troubleshooter,1,None,"The system has returned from a low power state.

Sleep Time: ‎2018‎-‎07‎-‎31T09:53:26.467034000Z
Wake Time: ‎2018‎-‎07‎-‎31T11:55:45.398226000Z

Wake Source: Unknown"
Error,31/07/2018 13:55:46,Microsoft-Windows-DistributedCOM,10016,None,"The application-specific permission settings do not grant Local Activation permission for the COM Server application with CLSID 
{6B3B8D23-FA8D-40B9-8DBD-B950333E2C52}
 and APPID 
{4839DDB7-58C2-48F5-8283-E1D1807D0D7D}
 to the user NT AUTHORITY\LOCAL SERVICE SID (S-1-5-19) from address LocalHost (Using LRPC) running in the application container Unavailable SID (Unavailable). This security permission can be modified using the Component Services administrative tool."
Error,31/07/2018 13:55:46,Microsoft-Windows-DistributedCOM,10016,None,"The application-specific permission settings do not grant Local Activation permission for the COM Server application with CLSID 
{6B3B8D23-FA8D-40B9-8DBD-B950333E2C52}
 and APPID 
{4839DDB7-58C2-48F5-8283-E1D1807D0D7D}
 to the user NT AUTHORITY\LOCAL SERVICE SID (S-1-5-19) from address LocalHost (Using LRPC) running in the application container Unavailable SID (Unavailable). This security permission can be modified using the Component Services administrative tool."
Error,31/07/2018 13:55:46,Microsoft-Windows-DistributedCOM,10016,None,"The application-specific permission settings do not grant Local Activation permission for the COM Server application with CLSID 
{D63B10C5-BB46-4990-A94F-E40B9D520160}
 and APPID 
{9CA88EE3-ACB7-47C8-AFC4-AB702511C276}
 to the user NT AUTHORITY\LOCAL SERVICE SID (S-1-5-19) from address LocalHost (Using LRPC) running in the application container Unavailable SID (Unavailable). This security permission can be modified using the Component Services administrative tool."
Error,31/07/2018 13:55:46,Microsoft-Windows-NDIS,10317,PnP,"Miniport Microsoft Wi-Fi Direct Virtual Adapter #2, {F9D56E57-600D-4A91-ACF6-D434836E61B9}, had event Fatal error: The miniport has failed a power transition to operational power"
Warning,31/07/2018 13:55:45,BTHUSB,34,None,The local adapter does not support an important Low Energy controller state to support peripheral mode. The minimum required supported state mask is 0x491f7fffff; got 0x1fffffff. Low Energy peripheral role functionality will not be available.
Information,31/07/2018 13:55:45,BTHUSB,18,None,Windows cannot store Bluetooth authentication codes (link keys) on the local adapter. Bluetooth keyboards might not work in the system BIOS during start-up.
Information,31/07/2018 13:55:45,Microsoft-Windows-Winlogon,7001,(1101),User Log-on Notification for Customer Experience Improvement Program
Information,31/07/2018 13:55:45,Microsoft-Windows-Kernel-Boot,27,(33),The boot type was 0x1.
Information,31/07/2018 13:55:45,Microsoft-Windows-Kernel-Boot,25,(32),The boot menu policy was 0x1.
Information,31/07/2018 13:55:45,Microsoft-Windows-Kernel-Boot,32,(58),The bootmgr spent 0 ms waiting for user input.
Information,31/07/2018 13:55:45,Microsoft-Windows-Kernel-Boot,18,(57),There are 0x1 boot options on this system.
Information,31/07/2018 13:55:45,Microsoft-Windows-Kernel-Boot,30,(21),The firmware reported boot metrics.
Information,31/07/2018 13:55:44,EventLog,6013,None,The system uptime is 439760 seconds.
Warning,31/07/2018 13:55:44,Win32k,701,None,Power Manager has not requested suppresion of all input (INPUT_SUPPRESS_REQUEST=0)
Warning,31/07/2018 13:55:44,Win32k,701,None,Power Manager has not requested suppresion of all input (INPUT_SUPPRESS_REQUEST=0)
Information,31/07/2018 13:55:43,Microsoft-Windows-Kernel-General,1,(5),"The system time has changed to ‎2018‎-‎07‎-‎31T11:55:43.500000000Z from ‎2018‎-‎07‎-‎31T09:53:34.117929100Z.

Change Reason: System time synchronized with the hardware clock."
Information,31/07/2018 11:53:34,Microsoft-Windows-Kernel-Power,107,(102),The system has resumed from sleep.
Information,31/07/2018 11:53:32,Microsoft-Windows-Kernel-Power,42,(64),"The system is entering sleep.

Sleep Reason: Application API"
Information,31/07/2018 11:53:26,Win32k,267,None,Touch/Touchpad Hardware Quality Assurance verification succeeded.
Information,31/07/2018 11:53:26,Win32k,267,None,Touch/Touchpad Hardware Quality Assurance verification succeeded.
Warning,31/07/2018 11:53:25,Win32k,700,None,Power Manager has requested suppresion of all input (INPUT_SUPPRESS_REQUEST=1)
Warning,31/07/2018 11:53:25,Win32k,700,None,Power Manager has requested suppresion of all input (INPUT_SUPPRESS_REQUEST=1)
Warning,31/07/2018 11:53:25,Win32k,700,None,Power Manager has requested suppresion of all input (INPUT_SUPPRESS_REQUEST=1)
Information,31/07/2018 11:53:25,Microsoft-Windows-Winlogon,7002,(1102),User Log-off Notification for Customer Experience Improvement Program
Error,31/07/2018 11:53:17,Microsoft-Windows-DistributedCOM,10010,None,The server {AB8902B4-09CA-4BB6-B78D-A8F59079A8D5} did not register with DCOM within the required timeout.
Information,31/07/2018 11:53:14,Service Control Manager,7040,None,The start type of the Background Intelligent Transfer Service service was changed from demand start to auto start.
Information,31/07/2018 11:51:37,Service Control Manager,7040,None,The start type of the Background Intelligent Transfer Service service was changed from auto start to demand start.
Error,31/07/2018 11:49:17,Microsoft-Windows-DistributedCOM,10016,None,"The application-specific permission settings do not grant Local Activation permission for the COM Server application with CLSID 
{D63B10C5-BB46-4990-A94F-E40B9D520160}
 and APPID 
{9CA88EE3-ACB7-47C8-AFC4-AB702511C276}
 to the user DESKTOP-JRHB8O7\Philipp Wise SID (S-1-5-21-3472773844-1026657542-2222872734-1001) from address LocalHost (Using LRPC) running in the application container Unavailable SID (Unavailable). This security permission can be modified using the Component Services administrative tool."
Information,31/07/2018 11:47:59,Microsoft-Windows-Ntfs,98,None,Volume D: (\Device\HarddiskVolume7) is healthy.  No action is needed.
Information,31/07/2018 11:47:19,Microsoft-Windows-Ntfs,98,None,Volume D: (\Device\HarddiskVolume7) is healthy.  No action is needed.
Warning,31/07/2018 11:47:11,Disk,51,None,An error was detected on device \Device\Harddisk1\DR2 during a paging operation.
Information,31/07/2018 11:46:45,Microsoft-Windows-UserPnp,20001,(7005),Driver Management concluded the process to install driver wpdfs.inf_amd64_863b4f7bd336d637 for Device Instance ID SWD\WPDBUSENUM\{C1D2A9BC-90B8-11E8-BD09-BC8385D1DE3C}#0000000000100000 with the following status: 0x0.
Information,31/07/2018 11:46:44,Microsoft-Windows-WPDClassInstaller,24579,Driver Post-Install Configuration,Autoplay registration was skipped for device %1.
Information,31/07/2018 11:46:44,Microsoft-Windows-WPDClassInstaller,24577,Driver Post-Install Configuration,"Media player and imaging program compatibility layers were successfully registered for device %1. Layer bits %2 were requested, layer bits %3 were registered."
Warning,31/07/2018 11:46:44,Microsoft-Windows-Ntfs,98,None,"Volume D: (\Device\HarddiskVolume6) requires an Online Scan.  An Online Scan will automatically run as part of the next scheduled maintenance task.  Alternatively you may run ""CHKDSK /SCAN"" locally via the command line, or run ""REPAIR-VOLUME <drive:> -SCAN"" locally or remotely via PowerShell."
Information,31/07/2018 11:46:44,Microsoft-Windows-UserPnp,20003,(7005),Driver Management has concluded the process to add Service WUDFWpdFs for Device Instance ID SWD\WPDBUSENUM\{C1D2A9BC-90B8-11E8-BD09-BC8385D1DE3C}#0000000000100000 with the following status: 0.
Information,31/07/2018 11:46:44,Microsoft-Windows-DriverFrameworks-UserMode,10100,Installation or update of device drivers.,The driver package installation has succeeded.
Information,31/07/2018 11:46:44,Microsoft-Windows-DriverFrameworks-UserMode,10002,Installation or update of device drivers.,The UMDF service WpdFs (CLSID {112DE495-AC4C-46F8-B663-6A4266C53313}) was upgraded.  It requires framework version 2.25.0 or higher.
Information,31/07/2018 11:46:44,Microsoft-Windows-DriverFrameworks-UserMode,10000,Installation or update of device drivers.,A driver package which uses user-mode driver framework version 2.25.0 is being installed on device SWD\WPDBUSENUM\{C1D2A9BC-90B8-11E8-BD09-BC8385D1DE3C}#0000000000100000.
Information,31/07/2018 11:46:44,Microsoft-Windows-WPDClassInstaller,24576,Driver Installation,Drivers were successfully installed for device WPD Device.
Warning,31/07/2018 11:46:25,Microsoft-Windows-Ntfs,140,None,"The system failed to flush data to the transaction log. Corruption may occur in VolumeId: D:, DeviceName: \Device\HarddiskVolume5.
(A device which does not exist was specified.)"
Warning,31/07/2018 11:46:25,Microsoft-Windows-Ntfs,140,None,"The system failed to flush data to the transaction log. Corruption may occur in VolumeId: D:, DeviceName: \Device\HarddiskVolume5.
(A device which does not exist was specified.)"
Warning,31/07/2018 11:46:25,Disk,51,None,An error was detected on device \Device\Harddisk1\DR1 during a paging operation.
Warning,31/07/2018 11:46:25,Microsoft-Windows-Ntfs,140,None,"The system failed to flush data to the transaction log. Corruption may occur in VolumeId: D:, DeviceName: \Device\HarddiskVolume5.
(A device which does not exist was specified.)"
Warning,31/07/2018 11:46:25,Disk,51,None,An error was detected on device \Device\Harddisk1\DR1 during a paging operation.
Warning,31/07/2018 11:46:25,Disk,51,None,An error was detected on device \Device\Harddisk1\DR1 during a paging operation.
Warning,31/07/2018 11:46:25,Disk,51,None,An error was detected on device \Device\Harddisk1\DR1 during a paging operation.
Warning,31/07/2018 11:46:25,Disk,51,None,An error was detected on device \Device\Harddisk1\DR1 during a paging operation.
Warning,31/07/2018 11:45:59,Disk,153,None,The IO operation at logical block address 0xb314e for Disk 1 (PDO name: \Device\00000117) was retried.
Error,31/07/2018 11:44:34,Microsoft-Windows-DistributedCOM,10016,None,"The application-specific permission settings do not grant Local Activation permission for the COM Server application with CLSID 
{D63B10C5-BB46-4990-A94F-E40B9D520160}
 and APPID 
{9CA88EE3-ACB7-47C8-AFC4-AB702511C276}
 to the user NT AUTHORITY\LOCAL SERVICE SID (S-1-5-19) from address LocalHost (Using LRPC) running in the application container Unavailable SID (Unavailable). This security permission can be modified using the Component Services administrative tool."
Warning,31/07/2018 11:43:18,Disk,153,None,The IO operation at logical block address 0xb314e for Disk 1 (PDO name: \Device\00000117) was retried.
Information,31/07/2018 11:42:11,Microsoft-Windows-UserPnp,20001,(7005),Driver Management concluded the process to install driver wpdfs.inf_amd64_863b4f7bd336d637 for Device Instance ID SWD\WPDBUSENUM\{C1D2A96F-90B8-11E8-BD09-BC8385D1DE3C}#0000000000100000 with the following status: 0x0.
Information,31/07/2018 11:42:10,Microsoft-Windows-Ntfs,98,None,Volume D: (\Device\HarddiskVolume5) is healthy.  No action is needed.
Information,31/07/2018 11:42:10,Microsoft-Windows-WPDClassInstaller,24579,Driver Post-Install Configuration,Autoplay registration was skipped for device %1.
Information,31/07/2018 11:42:10,Microsoft-Windows-WPDClassInstaller,24577,Driver Post-Install Configuration,"Media player and imaging program compatibility layers were successfully registered for device %1. Layer bits %2 were requested, layer bits %3 were registered."
Information,31/07/2018 11:42:10,Microsoft-Windows-WPDClassInstaller,24576,Driver Installation,Drivers were successfully installed for device WPD Device.
Information,31/07/2018 11:42:10,Microsoft-Windows-UserPnp,20003,(7005),Driver Management has concluded the process to add Service WUDFWpdFs for Device Instance ID SWD\WPDBUSENUM\{C1D2A96F-90B8-11E8-BD09-BC8385D1DE3C}#0000000000100000 with the following status: 0.
Information,31/07/2018 11:42:10,Microsoft-Windows-DriverFrameworks-UserMode,10100,Installation or update of device drivers.,The driver package installation has succeeded.
Information,31/07/2018 11:42:10,Microsoft-Windows-DriverFrameworks-UserMode,10002,Installation or update of device drivers.,The UMDF service WpdFs (CLSID {112DE495-AC4C-46F8-B663-6A4266C53313}) was upgraded.  It requires framework version 2.25.0 or higher.
Information,31/07/2018 11:42:10,Microsoft-Windows-DriverFrameworks-UserMode,10000,Installation or update of device drivers.,A driver package which uses user-mode driver framework version 2.25.0 is being installed on device SWD\WPDBUSENUM\{C1D2A96F-90B8-11E8-BD09-BC8385D1DE3C}#0000000000100000.
Information,31/07/2018 11:42:10,Microsoft-Windows-UserPnp,20001,(7005),Driver Management concluded the process to install driver wdcsam.inf_amd64_782a203832146fb2 for Device Instance ID USBSTOR\OTHER&VEN_WD&PROD_SES_DEVICE&REV_1012\57584631453535355539314D&1 with the following status: 0x0.
Information,31/07/2018 11:42:09,Service Control Manager,7045,None,"A service was installed in the system.

Service Name:  WD SCSI Pass Thru driver
Service File Name:  \SystemRoot\System32\drivers\wdcsam64.sys
Service Type:  kernel mode driver
Service Start Type:  demand start
Service Account:  "
Error,31/07/2018 11:42:00,Microsoft-Windows-DistributedCOM,10016,None,"The application-specific permission settings do not grant Local Activation permission for the COM Server application with CLSID 
{D63B10C5-BB46-4990-A94F-E40B9D520160}
 and APPID 
{9CA88EE3-ACB7-47C8-AFC4-AB702511C276}
 to the user DESKTOP-JRHB8O7\Philipp Wise SID (S-1-5-21-3472773844-1026657542-2222872734-1001) from address LocalHost (Using LRPC) running in the application container Unavailable SID (Unavailable). This security permission can be modified using the Component Services administrative tool."
Error,31/07/2018 11:41:37,Microsoft-Windows-DistributedCOM,10016,None,"The application-specific permission settings do not grant Local Activation permission for the COM Server application with CLSID 
{6B3B8D23-FA8D-40B9-8DBD-B950333E2C52}
 and APPID 
{4839DDB7-58C2-48F5-8283-E1D1807D0D7D}
 to the user NT AUTHORITY\LOCAL SERVICE SID (S-1-5-19) from address LocalHost (Using LRPC) running in the application container Unavailable SID (Unavailable). This security permission can be modified using the Component Services administrative tool."
Error,31/07/2018 11:41:37,Microsoft-Windows-DistributedCOM,10016,None,"The application-specific permission settings do not grant Local Activation permission for the COM Server application with CLSID 
{6B3B8D23-FA8D-40B9-8DBD-B950333E2C52}
 and APPID 
{4839DDB7-58C2-48F5-8283-E1D1807D0D7D}
 to the user NT AUTHORITY\LOCAL SERVICE SID (S-1-5-19) from address LocalHost (Using LRPC) running in the application container Unavailable SID (Unavailable). This security permission can be modified using the Component Services administrative tool."
Error,31/07/2018 11:41:37,Microsoft-Windows-DistributedCOM,10016,None,"The application-specific permission settings do not grant Local Activation permission for the COM Server application with CLSID 
{D63B10C5-BB46-4990-A94F-E40B9D520160}
 and APPID 
{9CA88EE3-ACB7-47C8-AFC4-AB702511C276}
 to the user NT AUTHORITY\LOCAL SERVICE SID (S-1-5-19) from address LocalHost (Using LRPC) running in the application container Unavailable SID (Unavailable). This security permission can be modified using the Component Services administrative tool."
Information,31/07/2018 11:41:37,Microsoft-Windows-Power-Troubleshooter,1,None,"The system has returned from a low power state.

Sleep Time: ‎2018‎-‎07‎-‎30T15:08:38.768794400Z
Wake Time: ‎2018‎-‎07‎-‎31T09:41:35.491531600Z

Wake Source: Unknown"
Warning,31/07/2018 11:41:36,BTHUSB,34,None,The local adapter does not support an important Low Energy controller state to support peripheral mode. The minimum required supported state mask is 0x491f7fffff; got 0x1fffffff. Low Energy peripheral role functionality will not be available.
Information,31/07/2018 11:41:36,BTHUSB,18,None,Windows cannot store Bluetooth authentication codes (link keys) on the local adapter. Bluetooth keyboards might not work in the system BIOS during start-up.
Information,31/07/2018 11:41:36,Microsoft-Windows-Winlogon,7001,(1101),User Log-on Notification for Customer Experience Improvement Program
Error,31/07/2018 11:41:35,BTHUSB,17,None,The local Bluetooth adapter has failed in an undetermined manner and will not be used. The driver has been unloaded.
Information,31/07/2018 11:41:35,Microsoft-Windows-Kernel-Boot,27,(33),The boot type was 0x1.
Information,31/07/2018 11:41:35,Microsoft-Windows-Kernel-Boot,25,(32),The boot menu policy was 0x1.
Information,31/07/2018 11:41:35,Microsoft-Windows-Kernel-Boot,32,(58),The bootmgr spent 0 ms waiting for user input.
Information,31/07/2018 11:41:35,Microsoft-Windows-Kernel-Boot,18,(57),There are 0x1 boot options on this system.
Information,31/07/2018 11:41:35,Microsoft-Windows-Kernel-Boot,30,(21),The firmware reported boot metrics.
Warning,31/07/2018 11:41:34,Win32k,701,None,Power Manager has not requested suppresion of all input (INPUT_SUPPRESS_REQUEST=0)
Warning,31/07/2018 11:41:34,Win32k,701,None,Power Manager has not requested suppresion of all input (INPUT_SUPPRESS_REQUEST=0)
Information,31/07/2018 11:41:33,Microsoft-Windows-Kernel-General,1,(5),"The system time has changed to ‎2018‎-‎07‎-‎31T09:41:33.500000000Z from ‎2018‎-‎07‎-‎30T15:08:47.335979800Z.

Change Reason: System time synchronized with the hardware clock."
Information,30/07/2018 17:08:47,Microsoft-Windows-Kernel-Power,107,(102),The system has resumed from sleep.
Information,30/07/2018 17:08:45,Microsoft-Windows-Kernel-Power,42,(64),"The system is entering sleep.

Sleep Reason: Application API"
Warning,30/07/2018 17:08:40,Win32k,700,None,Power Manager has requested suppresion of all input (INPUT_SUPPRESS_REQUEST=1)
Warning,30/07/2018 17:08:40,Win32k,700,None,Power Manager has requested suppresion of all input (INPUT_SUPPRESS_REQUEST=1)
Information,30/07/2018 17:08:38,Win32k,267,None,Touch/Touchpad Hardware Quality Assurance verification succeeded.
Information,30/07/2018 17:08:38,Win32k,267,None,Touch/Touchpad Hardware Quality Assurance verification succeeded.
Information,30/07/2018 17:08:37,Microsoft-Windows-Winlogon,7002,(1102),User Log-off Notification for Customer Experience Improvement Program
Information,30/07/2018 17:07:37,Microsoft-Windows-Kernel-Power,507,(158),"The system is exiting connected standby 

Reason: Lid."
Warning,30/07/2018 17:07:37,Win32k,701,None,Power Manager has not requested suppresion of all input (INPUT_SUPPRESS_REQUEST=0)
Warning,30/07/2018 17:07:37,Win32k,701,None,Power Manager has not requested suppresion of all input (INPUT_SUPPRESS_REQUEST=0)
Error,30/07/2018 17:07:23,Microsoft-Windows-DistributedCOM,10016,None,"The application-specific permission settings do not grant Local Activation permission for the COM Server application with CLSID 
{D63B10C5-BB46-4990-A94F-E40B9D520160}
 and APPID 
{9CA88EE3-ACB7-47C8-AFC4-AB702511C276}
 to the user NT AUTHORITY\LOCAL SERVICE SID (S-1-5-19) from address LocalHost (Using LRPC) running in the application container Unavailable SID (Unavailable). This security permission can be modified using the Component Services administrative tool."
Warning,30/07/2018 17:07:23,Win32k,700,None,Power Manager has requested suppresion of all input (INPUT_SUPPRESS_REQUEST=1)
Warning,30/07/2018 17:07:23,Win32k,700,None,Power Manager has requested suppresion of all input (INPUT_SUPPRESS_REQUEST=1)
Information,30/07/2018 17:07:23,Microsoft-Windows-Kernel-Power,506,(157),"The system is entering connected standby 

Reason: Lid."
Information,30/07/2018 17:01:44,Microsoft-Windows-WindowsUpdateClient,19,Windows Update Agent,Installation Successful: Windows successfully installed the following update: 9WZDNCRFHWD2-Microsoft.MicrosoftSolitaireCollection
Information,30/07/2018 17:01:44,Microsoft-Windows-WindowsUpdateClient,43,Windows Update Agent,Installation Started: Windows has started installing the following update: 9WZDNCRFHWD2-Microsoft.MicrosoftSolitaireCollection
Information,30/07/2018 17:01:44,Microsoft-Windows-WindowsUpdateClient,19,Windows Update Agent,Installation Successful: Windows successfully installed the following update: 9NBLGGH1QWGC-Microsoft.Advertising.Xaml
Information,30/07/2018 17:01:40,Microsoft-Windows-Kernel-General,16,None,The access history in hive \??\C:\Users\Philipp Wise\AppData\Local\Packages\Microsoft.MicrosoftSolitaireCollection_8wekyb3d8bbwe\Settings\settings.dat was cleared updating 1 keys and creating 1 modified pages.
Information,30/07/2018 17:01:39,Microsoft-Windows-WindowsUpdateClient,43,Windows Update Agent,Installation Started: Windows has started installing the following update: 9NBLGGH1QWGC-Microsoft.Advertising.Xaml
Information,30/07/2018 17:01:33,Microsoft-Windows-Kernel-General,16,None,The access history in hive \??\C:\ProgramData\Microsoft\Windows\AppRepository\Packages\Microsoft.MicrosoftSolitaireCollection_4.1.7231.0_x86__8wekyb3d8bbwe\ActivationStore.dat was cleared updating 0 keys and creating 0 modified pages.
Information,30/07/2018 17:01:16,Microsoft-Windows-WindowsUpdateClient,44,Windows Update Agent,Windows Update started downloading an update.
Information,30/07/2018 17:01:16,Microsoft-Windows-WindowsUpdateClient,19,Windows Update Agent,Installation Successful: Windows successfully installed the following update: Definition Update for Windows Defender Antivirus - KB2267602 (Definition 1.273.538.0)
Information,30/07/2018 17:01:14,Microsoft-Windows-Kernel-General,16,None,The access history in hive \??\C:\ProgramData\Microsoft\Windows\AppRepository\Packages\Microsoft.Advertising.Xaml_10.1807.7.0_x86__8wekyb3d8bbwe\ActivationStore.dat was cleared updating 0 keys and creating 0 modified pages.
Information,30/07/2018 17:01:10,Microsoft-Windows-Kernel-General,16,None,The access history in hive \??\C:\ProgramData\Microsoft\Windows\AppRepository\Packages\Microsoft.Advertising.Xaml_10.1807.7.0_x64__8wekyb3d8bbwe\ActivationStore.dat was cleared updating 0 keys and creating 0 modified pages.
Information,30/07/2018 17:01:09,Microsoft-Windows-WindowsUpdateClient,44,Windows Update Agent,Windows Update started downloading an update.
Information,30/07/2018 17:00:58,Microsoft-Windows-WindowsUpdateClient,43,Windows Update Agent,Installation Started: Windows has started installing the following update: Definition Update for Windows Defender Antivirus - KB2267602 (Definition 1.273.538.0)
Information,30/07/2018 17:00:48,Microsoft-Windows-WindowsUpdateClient,44,Windows Update Agent,Windows Update started downloading an update.
Error,30/07/2018 17:00:34,Microsoft-Windows-DistributedCOM,10016,None,"The application-specific permission settings do not grant Local Activation permission for the COM Server application with CLSID 
{D63B10C5-BB46-4990-A94F-E40B9D520160}
 and APPID 
{9CA88EE3-ACB7-47C8-AFC4-AB702511C276}
 to the user NT AUTHORITY\LOCAL SERVICE SID (S-1-5-19) from address LocalHost (Using LRPC) running in the application container Unavailable SID (Unavailable). This security permission can be modified using the Component Services administrative tool."
Information,30/07/2018 16:58:02,Microsoft-Windows-Kernel-General,16,None,The access history in hive \??\C:\Users\Philipp Wise\AppData\Local\Packages\Microsoft.AAD.BrokerPlugin_cw5n1h2txyewy\Settings\settings.dat was cleared updating 5 keys and creating 1 modified pages.
Information,30/07/2018 16:57:37,Microsoft-Windows-Power-Troubleshooter,1,None,"The system has returned from a low power state.

Sleep Time: ‎2018‎-‎07‎-‎27T17:43:49.470085200Z
Wake Time: ‎2018‎-‎07‎-‎30T14:57:35.181883800Z

Wake Source: Unknown"
Error,30/07/2018 16:57:35,Microsoft-Windows-NDIS,10317,PnP,"Miniport Microsoft Wi-Fi Direct Virtual Adapter #2, {F9D56E57-600D-4A91-ACF6-D434836E61B9}, had event Fatal error: The miniport has failed a power transition to operational power"
Warning,30/07/2018 16:57:35,BTHUSB,34,None,The local adapter does not support an important Low Energy controller state to support peripheral mode. The minimum required supported state mask is 0x491f7fffff; got 0x1fffffff. Low Energy peripheral role functionality will not be available.
Information,30/07/2018 16:57:35,BTHUSB,18,None,Windows cannot store Bluetooth authentication codes (link keys) on the local adapter. Bluetooth keyboards might not work in the system BIOS during start-up.
Information,30/07/2018 16:57:35,Microsoft-Windows-Kernel-Boot,27,(33),The boot type was 0x2.
Information,30/07/2018 16:57:35,Microsoft-Windows-Kernel-Boot,25,(32),The boot menu policy was 0x8BE32000.
Information,30/07/2018 16:57:35,Microsoft-Windows-Kernel-Boot,32,(58),The bootmgr spent 0 ms waiting for user input.
Information,30/07/2018 16:57:35,Microsoft-Windows-Kernel-Boot,18,(57),There are 0x1 boot options on this system.
Information,30/07/2018 16:57:35,Microsoft-Windows-Kernel-Boot,30,(21),The firmware reported boot metrics.
Error,30/07/2018 16:57:34,Microsoft-Windows-DistributedCOM,10016,None,"The application-specific permission settings do not grant Local Activation permission for the COM Server application with CLSID 
{D63B10C5-BB46-4990-A94F-E40B9D520160}
 and APPID 
{9CA88EE3-ACB7-47C8-AFC4-AB702511C276}
 to the user NT AUTHORITY\LOCAL SERVICE SID (S-1-5-19) from address LocalHost (Using LRPC) running in the application container Unavailable SID (Unavailable). This security permission can be modified using the Component Services administrative tool."
Warning,30/07/2018 16:57:34,Microsoft-Windows-DNS-Client,1014,(1014),Name resolution for the name umyjrwmy timed out after none of the configured DNS servers responded.
Information,30/07/2018 16:57:33,EventLog,6013,None,The system uptime is 364270 seconds.
Warning,30/07/2018 16:57:33,Win32k,701,None,Power Manager has not requested suppresion of all input (INPUT_SUPPRESS_REQUEST=0)
Warning,30/07/2018 16:57:33,Win32k,701,None,Power Manager has not requested suppresion of all input (INPUT_SUPPRESS_REQUEST=0)
Information,30/07/2018 16:57:32,Microsoft-Windows-Kernel-General,1,(5),"The system time has changed to ‎2018‎-‎07‎-‎30T14:57:32.500000000Z from ‎2018‎-‎07‎-‎27T17:44:26.081741200Z.

Change Reason: System time synchronized with the hardware clock."
Information,27/07/2018 19:44:26,Microsoft-Windows-Kernel-Power,107,(102),The system has resumed from sleep.
Information,27/07/2018 19:44:24,Microsoft-Windows-Kernel-Power,507,(158),"The system is exiting connected standby 

Reason: Transition to System Sleep State S4/S5."
Information,27/07/2018 19:44:24,Microsoft-Windows-Kernel-Power,42,(64),"The system is entering sleep.

Sleep Reason: Hibernate from Sleep - Standby Battery Budget Exceeded"
Information,27/07/2018 19:44:19,Service Control Manager,7040,None,The start type of the Background Intelligent Transfer Service service was changed from demand start to auto start.
Information,27/07/2018 13:43:49,Microsoft-Windows-Kernel-Power,506,(157),"The system is entering connected standby 

Reason: Lid."
Information,27/07/2018 13:43:49,Microsoft-Windows-Kernel-Power,507,(158),"The system is exiting connected standby 

Reason: Lid."
Warning,27/07/2018 13:43:49,Win32k,700,None,Power Manager has requested suppresion of all input (INPUT_SUPPRESS_REQUEST=1)
Warning,27/07/2018 13:43:49,Win32k,700,None,Power Manager has requested suppresion of all input (INPUT_SUPPRESS_REQUEST=1)
Error,27/07/2018 13:43:34,Microsoft-Windows-DistributedCOM,10016,None,"The application-specific permission settings do not grant Local Activation permission for the COM Server application with CLSID 
{D63B10C5-BB46-4990-A94F-E40B9D520160}
 and APPID 
{9CA88EE3-ACB7-47C8-AFC4-AB702511C276}
 to the user NT AUTHORITY\LOCAL SERVICE SID (S-1-5-19) from address LocalHost (Using LRPC) running in the application container Unavailable SID (Unavailable). This security permission can be modified using the Component Services administrative tool."
Information,27/07/2018 13:43:32,Microsoft-Windows-Kernel-Power,506,(157),"The system is entering connected standby 

Reason: Idle Timeout."
Information,27/07/2018 13:43:26,Microsoft-Windows-Kernel-Power,105,(100),Power source change.
Warning,27/07/2018 13:34:56,Microsoft-Windows-DNS-Client,1014,(1014),Name resolution for the name wpad timed out after none of the configured DNS servers responded.
Information,27/07/2018 13:22:09,Microsoft-Windows-Kernel-General,16,None,The access history in hive \??\Volume{491c9540-8001-4b71-b049-7c393bb1626e}\System Volume Information\SPP\SppCbsHiveStore\{cd42efe1-f6f1-427c-b004-033192c625a4}{A44EC2BB-1CF6-43A3-9EE4-5B3D39B0B55F} was cleared updating 15899 keys and creating 2707 modified pages.
Information,27/07/2018 13:22:03,Microsoft-Windows-Kernel-General,11,None,"TxR init phase for hive \??\GLOBALROOT\Device\HarddiskVolumeShadowCopy4\WINDOWS\System32\config\DRIVERS (TM: {C1D2A706-90B8-11E8-BD09-BC8385D1DE3C}, RM: {C1D2A705-90B8-11E8-BD09-BC8385D1DE3C}) finished with result=0xC00000A2 (Internal code=7)."
Information,27/07/2018 13:22:03,Microsoft-Windows-Kernel-General,11,None,"TxR init phase for hive \??\GLOBALROOT\Device\HarddiskVolumeShadowCopy4\WINDOWS\System32\config\SYSTEM (TM: {C1D2A703-90B8-11E8-BD09-BC8385D1DE3C}, RM: {C1D2A702-90B8-11E8-BD09-BC8385D1DE3C}) finished with result=0xC00000A2 (Internal code=7)."
Information,27/07/2018 13:21:57,Microsoft-Windows-Ntfs,98,None,Volume Local Disk (\Device\HarddiskVolumeShadowCopy4) is healthy.  No action is needed.
Warning,27/07/2018 13:18:29,Microsoft-Windows-DNS-Client,1014,(1014),Name resolution for the name cello.client-channel.google.com timed out after none of the configured DNS servers responded.
Information,27/07/2018 12:32:30,Microsoft-Windows-WindowsUpdateClient,19,Windows Update Agent,Installation Successful: Windows successfully installed the following update: 9WZDNCRFJBH4-Microsoft.Windows.Photos
Information,27/07/2018 12:32:25,Microsoft-Windows-WindowsUpdateClient,43,Windows Update Agent,Installation Started: Windows has started installing the following update: 9WZDNCRFJBH4-Microsoft.Windows.Photos
Information,27/07/2018 12:32:20,Microsoft-Windows-Kernel-General,16,None,The access history in hive \??\C:\ProgramData\Microsoft\Windows\AppRepository\Packages\Microsoft.Windows.Photos_2018.18051.18420.0_x64__8wekyb3d8bbwe\ActivationStore.dat was cleared updating 0 keys and creating 0 modified pages.
Information,27/07/2018 12:31:50,Service Control Manager,7045,None,"A service was installed in the system.

Service Name:  MpKsl19a9b467
Service File Name:  C:\ProgramData\Microsoft\Windows Defender\Definition Updates\{6C4E47D2-37AE-4FE3-B555-55CDFD70B028}\MpKsl19a9b467.sys
Service Type:  kernel mode driver
Service Start Type:  system start
Service Account:  "
Information,27/07/2018 12:31:31,Microsoft-Windows-WindowsUpdateClient,44,Windows Update Agent,Windows Update started downloading an update.
Information,27/07/2018 12:31:01,Microsoft-Windows-Kernel-General,1,(5),"The system time has changed to ‎2018‎-‎07‎-‎27T10:31:01.972633700Z from ‎2018‎-‎07‎-‎27T10:31:01.972639600Z.

Change Reason: An application or system component changed the time."
Information,27/07/2018 12:31:01,Microsoft-Windows-Time-Service,35,None,"The time service is now synchronizing the system time with the time source time.windows.com,0x9 (ntp.m|0x9|0.0.0.0:123->52.166.120.77:123) with reference id 1299752500. Current local stratum number is 3."
Information,27/07/2018 12:30:47,Microsoft-Windows-Time-Service,37,None,"The time provider NtpClient is currently receiving valid time data from time.windows.com,0x9 (ntp.m|0x9|0.0.0.0:123->52.166.120.77:123)."
Information,27/07/2018 12:30:45,Microsoft-Windows-Time-Service,158,None,The time provider 'VMICTimeProvider' has indicated that the current hardware and operating environment is not supported and has stopped. This behavior is expected for VMICTimeProvider on non-HyperV-guest environments. This may be the expected behavior for the current provider in the current operating environment as well.
Information,27/07/2018 12:00:00,EventLog,6013,None,The system uptime is 87217 seconds.
Information,27/07/2018 11:54:43,Microsoft-Windows-WindowsUpdateClient,19,Windows Update Agent,Installation Successful: Windows successfully installed the following update: Definition Update for Windows Defender Antivirus - KB2267602 (Definition 1.273.428.0)
Information,27/07/2018 11:54:28,Microsoft-Windows-WindowsUpdateClient,43,Windows Update Agent,Installation Started: Windows has started installing the following update: Definition Update for Windows Defender Antivirus - KB2267602 (Definition 1.273.428.0)
Information,27/07/2018 11:54:28,Microsoft-Windows-WindowsUpdateClient,44,Windows Update Agent,Windows Update started downloading an update.
Information,27/07/2018 11:54:23,Microsoft-Windows-Kernel-General,16,None,The access history in hive \??\C:\WINDOWS\ServiceProfiles\NetworkService\AppData\Local\Microsoft\Windows\DeliveryOptimization\State\dosvcState.dat was cleared updating 136 keys and creating 36 modified pages.
Information,27/07/2018 11:43:32,Microsoft-Windows-Kernel-Power,105,(100),Power source change.
Information,27/07/2018 11:43:00,Microsoft-Windows-Kernel-Power,507,(158),"The system is exiting connected standby 

Reason: Input Mouse."
Error,27/07/2018 11:43:00,Microsoft-Windows-DistributedCOM,10016,None,"The application-specific permission settings do not grant Local Activation permission for the COM Server application with CLSID 
{D63B10C5-BB46-4990-A94F-E40B9D520160}
 and APPID 
{9CA88EE3-ACB7-47C8-AFC4-AB702511C276}
 to the user NT AUTHORITY\LOCAL SERVICE SID (S-1-5-19) from address LocalHost (Using LRPC) running in the application container Unavailable SID (Unavailable). This security permission can be modified using the Component Services administrative tool."
Error,27/07/2018 11:35:57,Microsoft-Windows-DistributedCOM,10016,None,"The application-specific permission settings do not grant Local Activation permission for the COM Server application with CLSID 
{D63B10C5-BB46-4990-A94F-E40B9D520160}
 and APPID 
{9CA88EE3-ACB7-47C8-AFC4-AB702511C276}
 to the user NT AUTHORITY\LOCAL SERVICE SID (S-1-5-19) from address LocalHost (Using LRPC) running in the application container Unavailable SID (Unavailable). This security permission can be modified using the Component Services administrative tool."
Information,27/07/2018 11:35:56,Microsoft-Windows-Kernel-Power,506,(157),"The system is entering connected standby 

Reason: Idle Timeout."
Information,27/07/2018 11:24:50,Microsoft-Windows-Kernel-General,16,None,The access history in hive \??\C:\Users\Philipp Wise\AppData\Local\Packages\Microsoft.Windows.Photos_8wekyb3d8bbwe\Settings\settings.dat was cleared updating 49 keys and creating 11 modified pages.
Information,27/07/2018 11:19:30,Service Control Manager,7040,None,The start type of the Background Intelligent Transfer Service service was changed from auto start to demand start.
Information,27/07/2018 11:17:27,Service Control Manager,7040,None,The start type of the Background Intelligent Transfer Service service was changed from demand start to auto start.
Information,27/07/2018 10:54:16,Microsoft-Windows-Kernel-Power,507,(158),"The system is exiting connected standby 

Reason: Input Keyboard."
Error,27/07/2018 10:45:23,Microsoft-Windows-DistributedCOM,10016,None,"The application-specific permission settings do not grant Local Activation permission for the COM Server application with CLSID 
{D63B10C5-BB46-4990-A94F-E40B9D520160}
 and APPID 
{9CA88EE3-ACB7-47C8-AFC4-AB702511C276}
 to the user NT AUTHORITY\LOCAL SERVICE SID (S-1-5-19) from address LocalHost (Using LRPC) running in the application container Unavailable SID (Unavailable). This security permission can be modified using the Component Services administrative tool."
Information,27/07/2018 10:45:22,Microsoft-Windows-Kernel-Power,506,(157),"The system is entering connected standby 

Reason: Idle Timeout."
Information,27/07/2018 10:37:42,Service Control Manager,7040,None,The start type of the Background Intelligent Transfer Service service was changed from auto start to demand start.
Information,27/07/2018 10:36:09,Microsoft-Windows-Kernel-Power,507,(158),"The system is exiting connected standby 

Reason: Input Mouse."
Error,27/07/2018 10:36:05,Microsoft-Windows-DistributedCOM,10016,None,"The application-specific permission settings do not grant Local Activation permission for the COM Server application with CLSID 
{D63B10C5-BB46-4990-A94F-E40B9D520160}
 and APPID 
{9CA88EE3-ACB7-47C8-AFC4-AB702511C276}
 to the user NT AUTHORITY\LOCAL SERVICE SID (S-1-5-19) from address LocalHost (Using LRPC) running in the application container Unavailable SID (Unavailable). This security permission can be modified using the Component Services administrative tool."
Information,27/07/2018 10:36:03,Microsoft-Windows-Kernel-Power,506,(157),"The system is entering connected standby 

Reason: Idle Timeout."
Information,27/07/2018 10:35:35,Service Control Manager,7040,None,The start type of the Background Intelligent Transfer Service service was changed from demand start to auto start.
Error,27/07/2018 10:30:06,Microsoft-Windows-DistributedCOM,10016,None,"The application-specific permission settings do not grant Local Activation permission for the COM Server application with CLSID 
{D63B10C5-BB46-4990-A94F-E40B9D520160}
 and APPID 
{9CA88EE3-ACB7-47C8-AFC4-AB702511C276}
 to the user NT AUTHORITY\LOCAL SERVICE SID (S-1-5-19) from address LocalHost (Using LRPC) running in the application container Unavailable SID (Unavailable). This security permission can be modified using the Component Services administrative tool."
Information,27/07/2018 10:14:26,Microsoft-Windows-Kernel-General,16,None,The access history in hive \??\C:\ProgramData\Microsoft\Provisioning\Microsoft-Desktop-Provisioning-Sequence.dat was cleared updating 0 keys and creating 0 modified pages.
Information,27/07/2018 09:32:16,Service Control Manager,7040,None,The start type of the Touch Keyboard and Handwriting Panel Service service was changed from demand start to auto start.
Information,27/07/2018 09:02:05,Service Control Manager,7040,None,The start type of the Background Intelligent Transfer Service service was changed from auto start to demand start.
Information,27/07/2018 08:52:04,Microsoft-Windows-Kernel-Power,507,(158),"The system is exiting connected standby 

Reason: Lid."
Warning,27/07/2018 08:52:04,Win32k,701,None,Power Manager has not requested suppresion of all input (INPUT_SUPPRESS_REQUEST=0)
Warning,27/07/2018 08:52:04,Win32k,701,None,Power Manager has not requested suppresion of all input (INPUT_SUPPRESS_REQUEST=0)
Error,27/07/2018 08:51:53,Microsoft-Windows-DistributedCOM,10016,None,"The application-specific permission settings do not grant Local Activation permission for the COM Server application with CLSID 
{D63B10C5-BB46-4990-A94F-E40B9D520160}
 and APPID 
{9CA88EE3-ACB7-47C8-AFC4-AB702511C276}
 to the user NT AUTHORITY\LOCAL SERVICE SID (S-1-5-19) from address LocalHost (Using LRPC) running in the application container Unavailable SID (Unavailable). This security permission can be modified using the Component Services administrative tool."
Warning,27/07/2018 08:51:51,Win32k,700,None,Power Manager has requested suppresion of all input (INPUT_SUPPRESS_REQUEST=1)
Warning,27/07/2018 08:51:51,Win32k,700,None,Power Manager has requested suppresion of all input (INPUT_SUPPRESS_REQUEST=1)
Information,27/07/2018 08:51:51,Microsoft-Windows-Kernel-Power,506,(157),"The system is entering connected standby 

Reason: Lid."
Error,27/07/2018 08:47:44,Microsoft-Windows-DistributedCOM,10016,None,"The application-specific permission settings do not grant Local Activation permission for the COM Server application with CLSID 
{D63B10C5-BB46-4990-A94F-E40B9D520160}
 and APPID 
{9CA88EE3-ACB7-47C8-AFC4-AB702511C276}
 to the user NT AUTHORITY\LOCAL SERVICE SID (S-1-5-19) from address LocalHost (Using LRPC) running in the application container Unavailable SID (Unavailable). This security permission can be modified using the Component Services administrative tool."
Error,27/07/2018 08:45:14,Microsoft-Windows-DistributedCOM,10016,None,"The application-specific permission settings do not grant Local Activation permission for the COM Server application with CLSID 
{D63B10C5-BB46-4990-A94F-E40B9D520160}
 and APPID 
{9CA88EE3-ACB7-47C8-AFC4-AB702511C276}
 to the user DESKTOP-JRHB8O7\Philipp Wise SID (S-1-5-21-3472773844-1026657542-2222872734-1001) from address LocalHost (Using LRPC) running in the application container Unavailable SID (Unavailable). This security permission can be modified using the Component Services administrative tool."
Error,27/07/2018 08:44:56,Microsoft-Windows-DistributedCOM,10016,None,"The application-specific permission settings do not grant Local Activation permission for the COM Server application with CLSID 
{D63B10C5-BB46-4990-A94F-E40B9D520160}
 and APPID 
{9CA88EE3-ACB7-47C8-AFC4-AB702511C276}
 to the user DESKTOP-JRHB8O7\Philipp Wise SID (S-1-5-21-3472773844-1026657542-2222872734-1001) from address LocalHost (Using LRPC) running in the application container Unavailable SID (Unavailable). This security permission can be modified using the Component Services administrative tool."
Error,27/07/2018 08:44:47,Microsoft-Windows-DistributedCOM,10016,None,"The application-specific permission settings do not grant Local Activation permission for the COM Server application with CLSID 
{6B3B8D23-FA8D-40B9-8DBD-B950333E2C52}
 and APPID 
{4839DDB7-58C2-48F5-8283-E1D1807D0D7D}
 to the user NT AUTHORITY\LOCAL SERVICE SID (S-1-5-19) from address LocalHost (Using LRPC) running in the application container Unavailable SID (Unavailable). This security permission can be modified using the Component Services administrative tool."
Error,27/07/2018 08:44:47,Microsoft-Windows-DistributedCOM,10016,None,"The application-specific permission settings do not grant Local Activation permission for the COM Server application with CLSID 
{6B3B8D23-FA8D-40B9-8DBD-B950333E2C52}
 and APPID 
{4839DDB7-58C2-48F5-8283-E1D1807D0D7D}
 to the user NT AUTHORITY\LOCAL SERVICE SID (S-1-5-19) from address LocalHost (Using LRPC) running in the application container Unavailable SID (Unavailable). This security permission can be modified using the Component Services administrative tool."
Information,27/07/2018 08:44:47,Microsoft-Windows-Power-Troubleshooter,1,None,"The system has returned from a low power state.

Sleep Time: ‎2018‎-‎07‎-‎26T15:43:03.321703000Z
Wake Time: ‎2018‎-‎07‎-‎27T06:44:45.283433200Z

Wake Source: Unknown"
Error,27/07/2018 08:44:46,Microsoft-Windows-DistributedCOM,10016,None,"The application-specific permission settings do not grant Local Activation permission for the COM Server application with CLSID 
{D63B10C5-BB46-4990-A94F-E40B9D520160}
 and APPID 
{9CA88EE3-ACB7-47C8-AFC4-AB702511C276}
 to the user NT AUTHORITY\LOCAL SERVICE SID (S-1-5-19) from address LocalHost (Using LRPC) running in the application container Unavailable SID (Unavailable). This security permission can be modified using the Component Services administrative tool."
Information,27/07/2018 08:44:46,Microsoft-Windows-Winlogon,7001,(1101),User Log-on Notification for Customer Experience Improvement Program
Error,27/07/2018 08:44:45,Microsoft-Windows-NDIS,10317,PnP,"Miniport Microsoft Wi-Fi Direct Virtual Adapter #2, {F9D56E57-600D-4A91-ACF6-D434836E61B9}, had event Fatal error: The miniport has failed a power transition to operational power"
Warning,27/07/2018 08:44:45,BTHUSB,34,None,The local adapter does not support an important Low Energy controller state to support peripheral mode. The minimum required supported state mask is 0x491f7fffff; got 0x1fffffff. Low Energy peripheral role functionality will not be available.
Information,27/07/2018 08:44:45,BTHUSB,18,None,Windows cannot store Bluetooth authentication codes (link keys) on the local adapter. Bluetooth keyboards might not work in the system BIOS during start-up.
Information,27/07/2018 08:44:45,Microsoft-Windows-Kernel-Boot,27,(33),The boot type was 0x1.
Information,27/07/2018 08:44:45,Microsoft-Windows-Kernel-Boot,25,(32),The boot menu policy was 0x1.
Information,27/07/2018 08:44:45,Microsoft-Windows-Kernel-Boot,32,(58),The bootmgr spent 0 ms waiting for user input.
Information,27/07/2018 08:44:45,Microsoft-Windows-Kernel-Boot,18,(57),There are 0x1 boot options on this system.
Information,27/07/2018 08:44:45,Microsoft-Windows-Kernel-Boot,30,(21),The firmware reported boot metrics.
Warning,27/07/2018 08:44:44,Win32k,701,None,Power Manager has not requested suppresion of all input (INPUT_SUPPRESS_REQUEST=0)
Warning,27/07/2018 08:44:44,Win32k,701,None,Power Manager has not requested suppresion of all input (INPUT_SUPPRESS_REQUEST=0)
Information,27/07/2018 08:44:43,Microsoft-Windows-Kernel-General,1,(5),"The system time has changed to ‎2018‎-‎07‎-‎27T06:44:43.500000000Z from ‎2018‎-‎07‎-‎26T15:43:12.357877200Z.

Change Reason: System time synchronized with the hardware clock."
Information,26/07/2018 17:43:12,Microsoft-Windows-Kernel-Power,107,(102),The system has resumed from sleep.
Information,26/07/2018 17:43:11,Microsoft-Windows-Kernel-Power,42,(64),"The system is entering sleep.

Sleep Reason: Application API"
Warning,26/07/2018 17:43:06,Win32k,700,None,Power Manager has requested suppresion of all input (INPUT_SUPPRESS_REQUEST=1)
Warning,26/07/2018 17:43:06,Win32k,700,None,Power Manager has requested suppresion of all input (INPUT_SUPPRESS_REQUEST=1)
Information,26/07/2018 17:43:03,Win32k,267,None,Touch/Touchpad Hardware Quality Assurance verification succeeded.
Information,26/07/2018 17:43:03,Win32k,267,None,Touch/Touchpad Hardware Quality Assurance verification succeeded.
Information,26/07/2018 17:43:02,Microsoft-Windows-Winlogon,7002,(1102),User Log-off Notification for Customer Experience Improvement Program
Information,26/07/2018 17:42:58,Service Control Manager,7040,None,The start type of the Background Intelligent Transfer Service service was changed from demand start to auto start.
Information,26/07/2018 17:31:09,Microsoft-Windows-Kernel-Power,507,(158),"The system is exiting connected standby 

Reason: Lid."
Error,26/07/2018 17:31:08,Microsoft-Windows-DistributedCOM,10016,None,"The application-specific permission settings do not grant Local Activation permission for the COM Server application with CLSID 
{D63B10C5-BB46-4990-A94F-E40B9D520160}
 and APPID 
{9CA88EE3-ACB7-47C8-AFC4-AB702511C276}
 to the user NT AUTHORITY\LOCAL SERVICE SID (S-1-5-19) from address LocalHost (Using LRPC) running in the application container Unavailable SID (Unavailable). This security permission can be modified using the Component Services administrative tool."
Warning,26/07/2018 17:31:08,Win32k,701,None,Power Manager has not requested suppresion of all input (INPUT_SUPPRESS_REQUEST=0)
