Information,25/06/2018 10:45:54,Microsoft-Windows-Kernel-General,16,None,The access history in hive \??\C:\ProgramData\Microsoft\Windows\AppRepository\Packages\8338Giuapps.Inkodo_1.4.11.0_x64__pzan5b7zgydq2\ActivationStore.dat was cleared updating 0 keys and creating 0 modified pages.
Information,25/06/2018 10:45:48,Microsoft-Windows-WindowsUpdateClient,44,Windows Update Agent,Windows Update started downloading an update.
Information,25/06/2018 10:45:48,Microsoft-Windows-WindowsUpdateClient,19,Windows Update Agent,Installation Successful: Windows successfully installed the following update: 9N4WGH0Z6VHQ-Microsoft.HEVCVideoExtension
Information,25/06/2018 10:45:48,Microsoft-Windows-WindowsUpdateClient,43,Windows Update Agent,Installation Started: Windows has started installing the following update: 9N4WGH0Z6VHQ-Microsoft.HEVCVideoExtension
Information,25/06/2018 10:45:45,Microsoft-Windows-Kernel-General,16,None,The access history in hive \??\C:\Users\Philipp Wise\AppData\Local\Packages\Microsoft.HEVCVideoExtension_8wekyb3d8bbwe\Settings\settings.dat was cleared updating 1 keys and creating 1 modified pages.
Information,25/06/2018 10:45:42,Microsoft-Windows-Kernel-General,16,None,The access history in hive \??\C:\ProgramData\Microsoft\Windows\AppRepository\Packages\Microsoft.HEVCVideoExtension_1.0.11592.0_x64__8wekyb3d8bbwe\ActivationStore.dat was cleared updating 0 keys and creating 0 modified pages.
Information,25/06/2018 10:45:32,Microsoft-Windows-WindowsUpdateClient,44,Windows Update Agent,Windows Update started downloading an update.
Information,25/06/2018 10:45:32,Microsoft-Windows-WindowsUpdateClient,19,Windows Update Agent,Installation Successful: Windows successfully installed the following update: 9WZDNCRFHWD2-Microsoft.MicrosoftSolitaireCollection
Information,25/06/2018 10:45:32,Microsoft-Windows-WindowsUpdateClient,43,Windows Update Agent,Installation Started: Windows has started installing the following update: 9WZDNCRFHWD2-Microsoft.MicrosoftSolitaireCollection
Information,25/06/2018 10:45:32,Microsoft-Windows-WindowsUpdateClient,19,Windows Update Agent,Installation Successful: Windows successfully installed the following update: 9NBLGGH1QWGC-Microsoft.Advertising.Xaml
Information,25/06/2018 10:45:29,Microsoft-Windows-Kernel-General,16,None,The access history in hive \??\C:\Users\Philipp Wise\AppData\Local\Packages\Microsoft.MicrosoftSolitaireCollection_8wekyb3d8bbwe\Settings\settings.dat was cleared updating 1 keys and creating 1 modified pages.
Information,25/06/2018 10:45:26,Microsoft-Windows-WindowsUpdateClient,43,Windows Update Agent,Installation Started: Windows has started installing the following update: 9NBLGGH1QWGC-Microsoft.Advertising.Xaml
Information,25/06/2018 10:45:21,Microsoft-Windows-WindowsUpdateClient,44,Windows Update Agent,Windows Update started downloading an update.
Information,25/06/2018 10:45:21,Microsoft-Windows-WindowsUpdateClient,19,Windows Update Agent,Installation Successful: Windows successfully installed the following update: 9NBLGGH4LS1F-Microsoft.StorePurchaseApp
Information,25/06/2018 10:45:20,Microsoft-Windows-Kernel-General,16,None,The access history in hive \??\C:\ProgramData\Microsoft\Windows\AppRepository\Packages\Microsoft.MicrosoftSolitaireCollection_4.1.6133.0_x86__8wekyb3d8bbwe\ActivationStore.dat was cleared updating 0 keys and creating 0 modified pages.
Information,25/06/2018 10:45:13,Microsoft-Windows-WindowsUpdateClient,43,Windows Update Agent,Installation Started: Windows has started installing the following update: 9NBLGGH4LS1F-Microsoft.StorePurchaseApp
Information,25/06/2018 10:45:11,Microsoft-Windows-Kernel-General,16,None,The access history in hive \??\C:\Users\Philipp Wise\AppData\Local\Packages\Microsoft.StorePurchaseApp_8wekyb3d8bbwe\Settings\settings.dat was cleared updating 1 keys and creating 1 modified pages.
Information,25/06/2018 10:45:07,Microsoft-Windows-Kernel-General,16,None,The access history in hive \??\C:\ProgramData\Microsoft\Windows\AppRepository\Packages\Microsoft.StorePurchaseApp_11805.1001.5.0_x64__8wekyb3d8bbwe\ActivationStore.dat was cleared updating 0 keys and creating 0 modified pages.
Information,25/06/2018 10:44:53,Service Control Manager,7040,None,The start type of the Background Intelligent Transfer Service service was changed from auto start to demand start.
Information,25/06/2018 10:44:52,Microsoft-Windows-WindowsUpdateClient,44,Windows Update Agent,Windows Update started downloading an update.
Information,25/06/2018 10:44:50,Microsoft-Windows-WindowsUpdateClient,19,Windows Update Agent,Installation Successful: Windows successfully installed the following update: 9WZDNCRFJ3PT-MICROSOFT.ZUNEMUSIC
Information,25/06/2018 10:44:50,Microsoft-Windows-WindowsUpdateClient,43,Windows Update Agent,Installation Started: Windows has started installing the following update: 9WZDNCRFJ3PT-MICROSOFT.ZUNEMUSIC
Information,25/06/2018 10:44:50,Microsoft-Windows-WindowsUpdateClient,44,Windows Update Agent,Windows Update started downloading an update.
Information,25/06/2018 10:44:42,Microsoft-Windows-WindowsUpdateClient,19,Windows Update Agent,Installation Successful: Windows successfully installed the following update: 9NT52VQ39BVN-Microsoft.LanguageExperiencePacken-GB
Information,25/06/2018 10:44:42,Microsoft-Windows-Kernel-General,16,None,The access history in hive \??\C:\Users\Philipp Wise\AppData\Local\Packages\Microsoft.ZuneMusic_8wekyb3d8bbwe\Settings\settings.dat was cleared updating 1 keys and creating 1 modified pages.
Information,25/06/2018 10:44:35,Microsoft-Windows-Kernel-General,16,None,The access history in hive \??\C:\Users\Philipp Wise\AppData\Local\Packages\Microsoft.LanguageExperiencePacken-gb_8wekyb3d8bbwe\Settings\settings.dat was cleared updating 3 keys and creating 1 modified pages.
Information,25/06/2018 10:44:34,Microsoft-Windows-Kernel-General,16,None,The access history in hive \??\C:\ProgramData\Microsoft\Windows\AppRepository\Packages\Microsoft.ZuneMusic_10.18052.11111.0_x64__8wekyb3d8bbwe\ActivationStore.dat was cleared updating 0 keys and creating 0 modified pages.
Information,25/06/2018 10:44:34,Microsoft-Windows-WindowsUpdateClient,43,Windows Update Agent,Installation Started: Windows has started installing the following update: 9NT52VQ39BVN-Microsoft.LanguageExperiencePacken-GB
Information,25/06/2018 10:44:27,Microsoft-Windows-Kernel-General,16,None,The access history in hive \??\C:\ProgramData\Microsoft\Windows\AppRepository\Packages\Microsoft.LanguageExperiencePacken-gb_17134.3.5.0_neutral__8wekyb3d8bbwe\ActivationStore.dat was cleared updating 0 keys and creating 0 modified pages.
Information,25/06/2018 10:44:11,Microsoft-Windows-WindowsUpdateClient,44,Windows Update Agent,Windows Update started downloading an update.
Information,25/06/2018 10:44:04,Microsoft-Windows-Kernel-General,16,None,The access history in hive \??\C:\ProgramData\Microsoft\Windows\AppRepository\Packages\Microsoft.Advertising.Xaml_10.1806.4.0_x64__8wekyb3d8bbwe\ActivationStore.dat was cleared updating 0 keys and creating 0 modified pages.
Information,25/06/2018 10:43:57,Microsoft-Windows-WindowsUpdateClient,19,Windows Update Agent,Installation Successful: Windows successfully installed the following update: Definition Update for Windows Defender Antivirus - KB2267602 (Definition 1.269.1842.0)
Information,25/06/2018 10:43:44,Microsoft-Windows-Kernel-General,16,None,The access history in hive \??\C:\ProgramData\Microsoft\Windows\AppRepository\Packages\Microsoft.Advertising.Xaml_10.1806.4.0_x86__8wekyb3d8bbwe\ActivationStore.dat was cleared updating 0 keys and creating 0 modified pages.
Information,25/06/2018 10:43:39,Microsoft-Windows-WindowsUpdateClient,44,Windows Update Agent,Windows Update started downloading an update.
Information,25/06/2018 10:43:39,Microsoft-Windows-WindowsUpdateClient,44,Windows Update Agent,Windows Update started downloading an update.
Information,25/06/2018 10:43:25,Microsoft-Windows-WindowsUpdateClient,43,Windows Update Agent,Installation Started: Windows has started installing the following update: Definition Update for Windows Defender Antivirus - KB2267602 (Definition 1.269.1842.0)
Information,25/06/2018 10:40:39,Service Control Manager,7040,None,The start type of the Background Intelligent Transfer Service service was changed from demand start to auto start.
Information,25/06/2018 10:28:51,Microsoft-Windows-Kernel-Power,507,(158),"The system is exiting connected standby 

Reason: Input Mouse."
Error,25/06/2018 10:28:50,Microsoft-Windows-DistributedCOM,10016,None,"The application-specific permission settings do not grant Local Activation permission for the COM Server application with CLSID 
{D63B10C5-BB46-4990-A94F-E40B9D520160}
 and APPID 
{9CA88EE3-ACB7-47C8-AFC4-AB702511C276}
 to the user NT AUTHORITY\LOCAL SERVICE SID (S-1-5-19) from address LocalHost (Using LRPC) running in the application container Unavailable SID (Unavailable). This security permission can be modified using the Component Services administrative tool."
Information,25/06/2018 10:27:53,Service Control Manager,7040,None,The start type of the Background Intelligent Transfer Service service was changed from auto start to demand start.
Error,25/06/2018 10:24:45,Microsoft-Windows-DistributedCOM,10016,None,"The application-specific permission settings do not grant Local Activation permission for the COM Server application with CLSID 
{D63B10C5-BB46-4990-A94F-E40B9D520160}
 and APPID 
{9CA88EE3-ACB7-47C8-AFC4-AB702511C276}
 to the user NT AUTHORITY\LOCAL SERVICE SID (S-1-5-19) from address LocalHost (Using LRPC) running in the application container Unavailable SID (Unavailable). This security permission can be modified using the Component Services administrative tool."
Information,25/06/2018 10:24:44,Microsoft-Windows-Kernel-Power,506,(157),"The system is entering connected standby 

Reason: Idle Timeout."
Information,25/06/2018 10:19:06,Microsoft-Windows-Kernel-General,16,None,The access history in hive \??\C:\WINDOWS\System32\config\COMPONENTS was cleared updating 102764 keys and creating 11790 modified pages.
Error,25/06/2018 10:19:05,Microsoft-Windows-DistributedCOM,10016,None,"The application-specific permission settings do not grant Local Activation permission for the COM Server application with CLSID 
{D63B10C5-BB46-4990-A94F-E40B9D520160}
 and APPID 
{9CA88EE3-ACB7-47C8-AFC4-AB702511C276}
 to the user NT AUTHORITY\LOCAL SERVICE SID (S-1-5-19) from address LocalHost (Using LRPC) running in the application container Unavailable SID (Unavailable). This security permission can be modified using the Component Services administrative tool."
Information,25/06/2018 10:16:23,Microsoft-Windows-Ntfs,98,None,Volume D: (\Device\HarddiskVolume8) is healthy.  No action is needed.
Warning,25/06/2018 10:16:09,BTHUSB,34,None,The local adapter does not support an important Low Energy controller state to support peripheral mode. The minimum required supported state mask is 0x491f7fffff; got 0x1fffffff. Low Energy peripheral role functionality will not be available.
Information,25/06/2018 10:16:09,BTHUSB,18,None,Windows cannot store Bluetooth authentication codes (link keys) on the local adapter. Bluetooth keyboards might not work in the system BIOS during start-up.
Information,25/06/2018 10:16:08,Microsoft-Windows-Power-Troubleshooter,1,None,"The system has returned from a low power state.

Sleep Time: ‎2018‎-‎06‎-‎23T22:42:00.371874000Z
Wake Time: ‎2018‎-‎06‎-‎25T08:16:06.530194500Z

Wake Source: Unknown"
Error,25/06/2018 10:16:07,Microsoft-Windows-DistributedCOM,10016,None,"The application-specific permission settings do not grant Local Activation permission for the COM Server application with CLSID 
{D63B10C5-BB46-4990-A94F-E40B9D520160}
 and APPID 
{9CA88EE3-ACB7-47C8-AFC4-AB702511C276}
 to the user NT AUTHORITY\LOCAL SERVICE SID (S-1-5-19) from address LocalHost (Using LRPC) running in the application container Unavailable SID (Unavailable). This security permission can be modified using the Component Services administrative tool."
Error,25/06/2018 10:16:07,Microsoft-Windows-NDIS,10317,PnP,"Miniport Microsoft Wi-Fi Direct Virtual Adapter #2, {F9D56E57-600D-4A91-ACF6-D434836E61B9}, had event Fatal error: The miniport has failed a power transition to operational power"
Information,25/06/2018 10:16:06,Microsoft-Windows-Kernel-Boot,27,(33),The boot type was 0x2.
Information,25/06/2018 10:16:06,Microsoft-Windows-Kernel-Boot,25,(32),The boot menu policy was 0x8BE32000.
Information,25/06/2018 10:16:06,Microsoft-Windows-Kernel-Boot,32,(58),The bootmgr spent 0 ms waiting for user input.
Information,25/06/2018 10:16:06,Microsoft-Windows-Kernel-Boot,18,(57),There are 0x1 boot options on this system.
Information,25/06/2018 10:16:06,Microsoft-Windows-Kernel-Boot,30,(21),The firmware reported boot metrics.
Error,25/06/2018 10:16:06,BTHUSB,17,None,The local Bluetooth adapter has failed in an undetermined manner and will not be used. The driver has been unloaded.
Information,25/06/2018 10:16:04,Microsoft-Windows-Kernel-General,1,(5),"The system time has changed to ‎2018‎-‎06‎-‎25T08:16:04.500000000Z from ‎2018‎-‎06‎-‎23T22:42:09.137008100Z.

Change Reason: System time synchronized with the hardware clock."
Information,24/06/2018 00:42:09,Microsoft-Windows-Kernel-Power,107,(102),The system has resumed from sleep.
Information,25/06/2018 10:16:05,EventLog,6013,None,The system uptime is 696028 seconds.
Information,24/06/2018 00:42:07,Microsoft-Windows-Kernel-Power,507,(158),"The system is exiting connected standby 

Reason: Transition to System Sleep State S4/S5."
Information,24/06/2018 00:42:07,Microsoft-Windows-Kernel-Power,42,(64),"The system is entering sleep.

Sleep Reason: Hibernate from Sleep - Standby Battery Budget Exceeded"
Information,24/06/2018 00:42:03,Microsoft-Windows-Kernel-General,16,None,The access history in hive \??\C:\ProgramData\Microsoft\Provisioning\Microsoft-Desktop-Provisioning-Sequence.dat was cleared updating 0 keys and creating 0 modified pages.
Information,23/06/2018 23:56:10,Microsoft-Windows-WindowsUpdateClient,44,Windows Update Agent,Windows Update started downloading an update.
Information,23/06/2018 23:56:10,Microsoft-Windows-WindowsUpdateClient,44,Windows Update Agent,Windows Update started downloading an update.
Information,23/06/2018 23:56:10,Microsoft-Windows-WindowsUpdateClient,44,Windows Update Agent,Windows Update started downloading an update.
Error,23/06/2018 23:55:59,Microsoft-Windows-DistributedCOM,10016,None,"The application-specific permission settings do not grant Local Activation permission for the COM Server application with CLSID 
{D63B10C5-BB46-4990-A94F-E40B9D520160}
 and APPID 
{9CA88EE3-ACB7-47C8-AFC4-AB702511C276}
 to the user NT AUTHORITY\LOCAL SERVICE SID (S-1-5-19) from address LocalHost (Using LRPC) running in the application container Unavailable SID (Unavailable). This security permission can be modified using the Component Services administrative tool."
Information,23/06/2018 23:55:57,Microsoft-Windows-Kernel-Power,506,(157),"The system is entering connected standby 

Reason: Lid."
Information,23/06/2018 23:55:54,Microsoft-Windows-WindowsUpdateClient,44,Windows Update Agent,Windows Update started downloading an update.
Information,23/06/2018 23:55:34,Microsoft-Windows-Ntfs,98,None,Volume D: (\Device\HarddiskVolume7) is healthy.  No action is needed.
Error,23/06/2018 23:55:17,Microsoft-Windows-DistributedCOM,10016,None,"The application-specific permission settings do not grant Local Activation permission for the COM Server application with CLSID 
{6B3B8D23-FA8D-40B9-8DBD-B950333E2C52}
 and APPID 
{4839DDB7-58C2-48F5-8283-E1D1807D0D7D}
 to the user NT AUTHORITY\LOCAL SERVICE SID (S-1-5-19) from address LocalHost (Using LRPC) running in the application container Unavailable SID (Unavailable). This security permission can be modified using the Component Services administrative tool."
Error,23/06/2018 23:55:17,Microsoft-Windows-DistributedCOM,10016,None,"The application-specific permission settings do not grant Local Activation permission for the COM Server application with CLSID 
{6B3B8D23-FA8D-40B9-8DBD-B950333E2C52}
 and APPID 
{4839DDB7-58C2-48F5-8283-E1D1807D0D7D}
 to the user NT AUTHORITY\LOCAL SERVICE SID (S-1-5-19) from address LocalHost (Using LRPC) running in the application container Unavailable SID (Unavailable). This security permission can be modified using the Component Services administrative tool."
Information,23/06/2018 23:55:17,Microsoft-Windows-Power-Troubleshooter,1,None,"The system has returned from a low power state.

Sleep Time: ‎2018‎-‎06‎-‎23T15:23:19.221970200Z
Wake Time: ‎2018‎-‎06‎-‎23T21:55:15.014662200Z

Wake Source: Unknown"
Warning,23/06/2018 23:55:16,BTHUSB,34,None,The local adapter does not support an important Low Energy controller state to support peripheral mode. The minimum required supported state mask is 0x491f7fffff; got 0x1fffffff. Low Energy peripheral role functionality will not be available.
Information,23/06/2018 23:55:16,BTHUSB,18,None,Windows cannot store Bluetooth authentication codes (link keys) on the local adapter. Bluetooth keyboards might not work in the system BIOS during start-up.
Error,23/06/2018 23:55:16,Microsoft-Windows-DistributedCOM,10016,None,"The application-specific permission settings do not grant Local Activation permission for the COM Server application with CLSID 
{D63B10C5-BB46-4990-A94F-E40B9D520160}
 and APPID 
{9CA88EE3-ACB7-47C8-AFC4-AB702511C276}
 to the user NT AUTHORITY\LOCAL SERVICE SID (S-1-5-19) from address LocalHost (Using LRPC) running in the application container Unavailable SID (Unavailable). This security permission can be modified using the Component Services administrative tool."
Information,23/06/2018 23:55:15,Microsoft-Windows-Winlogon,7001,(1101),User Log-on Notification for Customer Experience Improvement Program
Error,23/06/2018 23:55:15,BTHUSB,17,None,The local Bluetooth adapter has failed in an undetermined manner and will not be used. The driver has been unloaded.
Information,23/06/2018 23:55:15,Microsoft-Windows-Kernel-Boot,27,(33),The boot type was 0x1.
Information,23/06/2018 23:55:15,Microsoft-Windows-Kernel-Boot,25,(32),The boot menu policy was 0x1.
Information,23/06/2018 23:55:15,Microsoft-Windows-Kernel-Boot,32,(58),The bootmgr spent 0 ms waiting for user input.
Information,23/06/2018 23:55:15,Microsoft-Windows-Kernel-Boot,18,(57),There are 0x1 boot options on this system.
Information,23/06/2018 23:55:15,Microsoft-Windows-Kernel-Boot,30,(21),The firmware reported boot metrics.
Information,23/06/2018 23:55:13,Microsoft-Windows-Kernel-General,1,(5),"The system time has changed to ‎2018‎-‎06‎-‎23T21:55:13.500000000Z from ‎2018‎-‎06‎-‎23T15:23:27.004471800Z.

Change Reason: System time synchronized with the hardware clock."
Information,23/06/2018 17:23:27,Microsoft-Windows-Kernel-Power,107,(102),The system has resumed from sleep.
Information,23/06/2018 17:23:25,Microsoft-Windows-Kernel-Power,42,(64),"The system is entering sleep.

Sleep Reason: Application API"
Information,23/06/2018 17:23:17,Win32k,267,None,Touch/Touchpad Hardware Quality Assurance verification succeeded.
Information,23/06/2018 17:23:17,Win32k,267,None,Touch/Touchpad Hardware Quality Assurance verification succeeded.
Information,23/06/2018 17:23:15,Microsoft-Windows-Winlogon,7002,(1102),User Log-off Notification for Customer Experience Improvement Program
Information,23/06/2018 17:23:11,Service Control Manager,7040,None,The start type of the Background Intelligent Transfer Service service was changed from demand start to auto start.
Information,23/06/2018 17:22:40,Microsoft-Windows-Kernel-Power,507,(158),"The system is exiting connected standby 

Reason: Lid."
Error,23/06/2018 17:22:38,Microsoft-Windows-DistributedCOM,10016,None,"The application-specific permission settings do not grant Local Activation permission for the COM Server application with CLSID 
{D63B10C5-BB46-4990-A94F-E40B9D520160}
 and APPID 
{9CA88EE3-ACB7-47C8-AFC4-AB702511C276}
 to the user NT AUTHORITY\LOCAL SERVICE SID (S-1-5-19) from address LocalHost (Using LRPC) running in the application container Unavailable SID (Unavailable). This security permission can be modified using the Component Services administrative tool."
Information,23/06/2018 16:50:00,Microsoft-Windows-Kernel-Power,506,(157),"The system is entering connected standby 

Reason: Idle Timeout."
Information,23/06/2018 16:49:28,Microsoft-Windows-Kernel-Power,507,(158),"The system is exiting connected standby 

Reason: Input Mouse."
Error,23/06/2018 16:49:28,Microsoft-Windows-DistributedCOM,10016,None,"The application-specific permission settings do not grant Local Activation permission for the COM Server application with CLSID 
{D63B10C5-BB46-4990-A94F-E40B9D520160}
 and APPID 
{9CA88EE3-ACB7-47C8-AFC4-AB702511C276}
 to the user NT AUTHORITY\LOCAL SERVICE SID (S-1-5-19) from address LocalHost (Using LRPC) running in the application container Unavailable SID (Unavailable). This security permission can be modified using the Component Services administrative tool."
Information,23/06/2018 16:36:52,Microsoft-Windows-Kernel-Power,506,(157),"The system is entering connected standby 

Reason: Idle Timeout."
Information,23/06/2018 16:35:29,Microsoft-Windows-Kernel-Power,507,(158),"The system is exiting connected standby 

Reason: Input Mouse."
Error,23/06/2018 16:35:29,Microsoft-Windows-DistributedCOM,10016,None,"The application-specific permission settings do not grant Local Activation permission for the COM Server application with CLSID 
{D63B10C5-BB46-4990-A94F-E40B9D520160}
 and APPID 
{9CA88EE3-ACB7-47C8-AFC4-AB702511C276}
 to the user NT AUTHORITY\LOCAL SERVICE SID (S-1-5-19) from address LocalHost (Using LRPC) running in the application container Unavailable SID (Unavailable). This security permission can be modified using the Component Services administrative tool."
Information,23/06/2018 16:07:41,Microsoft-Windows-Kernel-Power,506,(157),"The system is entering connected standby 

Reason: Idle Timeout."
Information,23/06/2018 16:07:09,Microsoft-Windows-Kernel-Power,507,(158),"The system is exiting connected standby 

Reason: Input Mouse."
Error,23/06/2018 16:07:09,Microsoft-Windows-DistributedCOM,10016,None,"The application-specific permission settings do not grant Local Activation permission for the COM Server application with CLSID 
{D63B10C5-BB46-4990-A94F-E40B9D520160}
 and APPID 
{9CA88EE3-ACB7-47C8-AFC4-AB702511C276}
 to the user NT AUTHORITY\LOCAL SERVICE SID (S-1-5-19) from address LocalHost (Using LRPC) running in the application container Unavailable SID (Unavailable). This security permission can be modified using the Component Services administrative tool."
Information,23/06/2018 16:05:12,Microsoft-Windows-Kernel-Power,506,(157),"The system is entering connected standby 

Reason: Idle Timeout."
Information,23/06/2018 16:04:41,Microsoft-Windows-Kernel-Power,507,(158),"The system is exiting connected standby 

Reason: Input Mouse."
Error,23/06/2018 16:04:41,Microsoft-Windows-DistributedCOM,10016,None,"The application-specific permission settings do not grant Local Activation permission for the COM Server application with CLSID 
{D63B10C5-BB46-4990-A94F-E40B9D520160}
 and APPID 
{9CA88EE3-ACB7-47C8-AFC4-AB702511C276}
 to the user NT AUTHORITY\LOCAL SERVICE SID (S-1-5-19) from address LocalHost (Using LRPC) running in the application container Unavailable SID (Unavailable). This security permission can be modified using the Component Services administrative tool."
Information,23/06/2018 15:37:22,Microsoft-Windows-Kernel-Power,506,(157),"The system is entering connected standby 

Reason: Idle Timeout."
Information,23/06/2018 15:36:25,Microsoft-Windows-Kernel-Power,507,(158),"The system is exiting connected standby 

Reason: Input Mouse."
Error,23/06/2018 15:36:25,Microsoft-Windows-DistributedCOM,10016,None,"The application-specific permission settings do not grant Local Activation permission for the COM Server application with CLSID 
{D63B10C5-BB46-4990-A94F-E40B9D520160}
 and APPID 
{9CA88EE3-ACB7-47C8-AFC4-AB702511C276}
 to the user NT AUTHORITY\LOCAL SERVICE SID (S-1-5-19) from address LocalHost (Using LRPC) running in the application container Unavailable SID (Unavailable). This security permission can be modified using the Component Services administrative tool."
Information,23/06/2018 15:36:12,Microsoft-Windows-Kernel-Power,506,(157),"The system is entering connected standby 

Reason: Idle Timeout."
Information,23/06/2018 15:34:58,Microsoft-Windows-Kernel-Power,507,(158),"The system is exiting connected standby 

Reason: Input Mouse."
Error,23/06/2018 15:34:57,Microsoft-Windows-DistributedCOM,10016,None,"The application-specific permission settings do not grant Local Activation permission for the COM Server application with CLSID 
{D63B10C5-BB46-4990-A94F-E40B9D520160}
 and APPID 
{9CA88EE3-ACB7-47C8-AFC4-AB702511C276}
 to the user NT AUTHORITY\LOCAL SERVICE SID (S-1-5-19) from address LocalHost (Using LRPC) running in the application container Unavailable SID (Unavailable). This security permission can be modified using the Component Services administrative tool."
Information,23/06/2018 15:34:17,Microsoft-Windows-Kernel-Power,506,(157),"The system is entering connected standby 

Reason: Idle Timeout."
Information,23/06/2018 15:33:46,Microsoft-Windows-Kernel-Power,507,(158),"The system is exiting connected standby 

Reason: Input Mouse."
Error,23/06/2018 15:33:46,Microsoft-Windows-DistributedCOM,10016,None,"The application-specific permission settings do not grant Local Activation permission for the COM Server application with CLSID 
{D63B10C5-BB46-4990-A94F-E40B9D520160}
 and APPID 
{9CA88EE3-ACB7-47C8-AFC4-AB702511C276}
 to the user NT AUTHORITY\LOCAL SERVICE SID (S-1-5-19) from address LocalHost (Using LRPC) running in the application container Unavailable SID (Unavailable). This security permission can be modified using the Component Services administrative tool."
Information,23/06/2018 15:33:22,Microsoft-Windows-Kernel-Power,506,(157),"The system is entering connected standby 

Reason: Idle Timeout."
Information,23/06/2018 15:32:50,Microsoft-Windows-Kernel-Power,507,(158),"The system is exiting connected standby 

Reason: Input Mouse."
Error,23/06/2018 15:32:50,Microsoft-Windows-DistributedCOM,10016,None,"The application-specific permission settings do not grant Local Activation permission for the COM Server application with CLSID 
{D63B10C5-BB46-4990-A94F-E40B9D520160}
 and APPID 
{9CA88EE3-ACB7-47C8-AFC4-AB702511C276}
 to the user NT AUTHORITY\LOCAL SERVICE SID (S-1-5-19) from address LocalHost (Using LRPC) running in the application container Unavailable SID (Unavailable). This security permission can be modified using the Component Services administrative tool."
Information,23/06/2018 15:16:35,Microsoft-Windows-Kernel-Power,506,(157),"The system is entering connected standby 

Reason: Idle Timeout."
Information,23/06/2018 15:15:57,Microsoft-Windows-Kernel-Power,507,(158),"The system is exiting connected standby 

Reason: Input Mouse."
Error,23/06/2018 15:15:57,Microsoft-Windows-DistributedCOM,10016,None,"The application-specific permission settings do not grant Local Activation permission for the COM Server application with CLSID 
{D63B10C5-BB46-4990-A94F-E40B9D520160}
 and APPID 
{9CA88EE3-ACB7-47C8-AFC4-AB702511C276}
 to the user NT AUTHORITY\LOCAL SERVICE SID (S-1-5-19) from address LocalHost (Using LRPC) running in the application container Unavailable SID (Unavailable). This security permission can be modified using the Component Services administrative tool."
Information,23/06/2018 15:12:39,Microsoft-Windows-Kernel-Power,506,(157),"The system is entering connected standby 

Reason: Idle Timeout."
Information,23/06/2018 15:11:49,Microsoft-Windows-Kernel-Power,507,(158),"The system is exiting connected standby 

Reason: Input Mouse."
Error,23/06/2018 15:11:49,Microsoft-Windows-DistributedCOM,10016,None,"The application-specific permission settings do not grant Local Activation permission for the COM Server application with CLSID 
{D63B10C5-BB46-4990-A94F-E40B9D520160}
 and APPID 
{9CA88EE3-ACB7-47C8-AFC4-AB702511C276}
 to the user NT AUTHORITY\LOCAL SERVICE SID (S-1-5-19) from address LocalHost (Using LRPC) running in the application container Unavailable SID (Unavailable). This security permission can be modified using the Component Services administrative tool."
Error,23/06/2018 14:48:53,Microsoft-Windows-DistributedCOM,10016,None,"The application-specific permission settings do not grant Local Activation permission for the COM Server application with CLSID 
{D63B10C5-BB46-4990-A94F-E40B9D520160}
 and APPID 
{9CA88EE3-ACB7-47C8-AFC4-AB702511C276}
 to the user NT AUTHORITY\LOCAL SERVICE SID (S-1-5-19) from address LocalHost (Using LRPC) running in the application container Unavailable SID (Unavailable). This security permission can be modified using the Component Services administrative tool."
Information,23/06/2018 14:48:50,Microsoft-Windows-Kernel-Power,506,(157),"The system is entering connected standby 

Reason: Lid."
Information,23/06/2018 14:38:16,Microsoft-Windows-Kernel-General,16,None,The access history in hive \??\C:\ProgramData\Microsoft\Provisioning\Microsoft-Desktop-Provisioning-Sequence.dat was cleared updating 0 keys and creating 0 modified pages.
Information,23/06/2018 14:18:12,Microsoft-Windows-Ntfs,98,None,Volume D: (\Device\HarddiskVolume6) is healthy.  No action is needed.
Information,23/06/2018 14:18:12,Win32k,267,None,Touch/Touchpad Hardware Quality Assurance verification succeeded.
Information,23/06/2018 14:18:07,Microsoft-Windows-Kernel-Power,521,(220),Active battery count change.
Information,23/06/2018 14:17:57,Microsoft-Windows-Kernel-Power,521,(220),Active battery count change.
Information,23/06/2018 13:57:27,Service Control Manager,7040,None,The start type of the Background Intelligent Transfer Service service was changed from auto start to demand start.
Error,23/06/2018 13:50:25,Microsoft-Windows-DistributedCOM,10016,None,"The application-specific permission settings do not grant Local Activation permission for the COM Server application with CLSID 
{D63B10C5-BB46-4990-A94F-E40B9D520160}
 and APPID 
{9CA88EE3-ACB7-47C8-AFC4-AB702511C276}
 to the user NT AUTHORITY\LOCAL SERVICE SID (S-1-5-19) from address LocalHost (Using LRPC) running in the application container Unavailable SID (Unavailable). This security permission can be modified using the Component Services administrative tool."
Information,23/06/2018 13:47:54,Microsoft-Windows-UserPnp,20001,(7005),Driver Management concluded the process to install driver wpdfs.inf_amd64_863b4f7bd336d637 for Device Instance ID SWD\WPDBUSENUM\{70063708-71FB-11E8-BD05-BC8385D1DE3C}#0000000000100000 with the following status: 0x0.
Information,23/06/2018 13:47:53,Microsoft-Windows-Ntfs,98,None,Volume D: (\Device\HarddiskVolume5) is healthy.  No action is needed.
Information,23/06/2018 13:47:53,Microsoft-Windows-UserPnp,20003,(7005),Driver Management has concluded the process to add Service WUDFWpdFs for Device Instance ID SWD\WPDBUSENUM\{70063708-71FB-11E8-BD05-BC8385D1DE3C}#0000000000100000 with the following status: 0.
Information,23/06/2018 13:47:53,Microsoft-Windows-DriverFrameworks-UserMode,10100,Installation or update of device drivers.,The driver package installation has succeeded.
Information,23/06/2018 13:47:53,Microsoft-Windows-DriverFrameworks-UserMode,10002,Installation or update of device drivers.,The UMDF service WpdFs (CLSID {112DE495-AC4C-46F8-B663-6A4266C53313}) was upgraded.  It requires framework version 2.25.0 or higher.
Information,23/06/2018 13:47:53,Microsoft-Windows-DriverFrameworks-UserMode,10000,Installation or update of device drivers.,A driver package which uses user-mode driver framework version 2.25.0 is being installed on device SWD\WPDBUSENUM\{70063708-71FB-11E8-BD05-BC8385D1DE3C}#0000000000100000.
Information,23/06/2018 13:47:54,Microsoft-Windows-WPDClassInstaller,24579,Driver Post-Install Configuration,Autoplay registration was skipped for device %1.
Information,23/06/2018 13:47:54,Microsoft-Windows-WPDClassInstaller,24577,Driver Post-Install Configuration,"Media player and imaging program compatibility layers were successfully registered for device %1. Layer bits %2 were requested, layer bits %3 were registered."
Information,23/06/2018 13:47:53,Microsoft-Windows-WPDClassInstaller,24576,Driver Installation,Drivers were successfully installed for device WPD Device.
Error,23/06/2018 13:47:28,Microsoft-Windows-DistributedCOM,10016,None,"The application-specific permission settings do not grant Local Activation permission for the COM Server application with CLSID 
{6B3B8D23-FA8D-40B9-8DBD-B950333E2C52}
 and APPID 
{4839DDB7-58C2-48F5-8283-E1D1807D0D7D}
 to the user NT AUTHORITY\LOCAL SERVICE SID (S-1-5-19) from address LocalHost (Using LRPC) running in the application container Unavailable SID (Unavailable). This security permission can be modified using the Component Services administrative tool."
Error,23/06/2018 13:47:28,Microsoft-Windows-DistributedCOM,10016,None,"The application-specific permission settings do not grant Local Activation permission for the COM Server application with CLSID 
{6B3B8D23-FA8D-40B9-8DBD-B950333E2C52}
 and APPID 
{4839DDB7-58C2-48F5-8283-E1D1807D0D7D}
 to the user NT AUTHORITY\LOCAL SERVICE SID (S-1-5-19) from address LocalHost (Using LRPC) running in the application container Unavailable SID (Unavailable). This security permission can be modified using the Component Services administrative tool."
Information,23/06/2018 13:47:28,Microsoft-Windows-Power-Troubleshooter,1,None,"The system has returned from a low power state.

Sleep Time: ‎2018‎-‎06‎-‎21T21:36:25.534877300Z
Wake Time: ‎2018‎-‎06‎-‎23T11:47:26.295063900Z

Wake Source: Unknown"
Error,23/06/2018 13:47:28,Microsoft-Windows-DistributedCOM,10016,None,"The application-specific permission settings do not grant Local Activation permission for the COM Server application with CLSID 
{D63B10C5-BB46-4990-A94F-E40B9D520160}
 and APPID 
{9CA88EE3-ACB7-47C8-AFC4-AB702511C276}
 to the user NT AUTHORITY\LOCAL SERVICE SID (S-1-5-19) from address LocalHost (Using LRPC) running in the application container Unavailable SID (Unavailable). This security permission can be modified using the Component Services administrative tool."
Warning,23/06/2018 13:47:27,BTHUSB,34,None,The local adapter does not support an important Low Energy controller state to support peripheral mode. The minimum required supported state mask is 0x491f7fffff; got 0x1fffffff. Low Energy peripheral role functionality will not be available.
Information,23/06/2018 13:47:27,BTHUSB,18,None,Windows cannot store Bluetooth authentication codes (link keys) on the local adapter. Bluetooth keyboards might not work in the system BIOS during start-up.
Information,23/06/2018 13:47:27,Microsoft-Windows-Winlogon,7001,(1101),User Log-on Notification for Customer Experience Improvement Program
Error,23/06/2018 13:47:26,BTHUSB,17,None,The local Bluetooth adapter has failed in an undetermined manner and will not be used. The driver has been unloaded.
Information,23/06/2018 13:47:26,Microsoft-Windows-Kernel-Boot,27,(33),The boot type was 0x1.
Information,23/06/2018 13:47:26,Microsoft-Windows-Kernel-Boot,25,(32),The boot menu policy was 0x1.
Information,23/06/2018 13:47:26,Microsoft-Windows-Kernel-Boot,32,(58),The bootmgr spent 0 ms waiting for user input.
Information,23/06/2018 13:47:26,Microsoft-Windows-Kernel-Boot,18,(57),There are 0x1 boot options on this system.
Information,23/06/2018 13:47:26,Microsoft-Windows-Kernel-Boot,30,(21),The firmware reported boot metrics.
Information,23/06/2018 13:47:24,Microsoft-Windows-Kernel-General,1,(5),"The system time has changed to ‎2018‎-‎06‎-‎23T11:47:24.500000000Z from ‎2018‎-‎06‎-‎21T21:36:33.513428300Z.

Change Reason: System time synchronized with the hardware clock."
Information,23/06/2018 13:47:25,EventLog,6013,None,The system uptime is 535908 seconds.
Information,21/06/2018 23:36:33,Microsoft-Windows-Kernel-Power,107,(102),The system has resumed from sleep.
Information,21/06/2018 23:36:31,Microsoft-Windows-Kernel-Power,42,(64),"The system is entering sleep.

Sleep Reason: Application API"
Information,21/06/2018 23:36:24,Win32k,267,None,Touch/Touchpad Hardware Quality Assurance verification succeeded.
Information,21/06/2018 23:36:24,Win32k,267,None,Touch/Touchpad Hardware Quality Assurance verification succeeded.
Information,21/06/2018 23:36:22,Microsoft-Windows-Winlogon,7002,(1102),User Log-off Notification for Customer Experience Improvement Program
Information,21/06/2018 23:35:55,Service Control Manager,7040,None,The start type of the Background Intelligent Transfer Service service was changed from demand start to auto start.
Information,21/06/2018 23:26:57,Service Control Manager,7040,None,The start type of the Background Intelligent Transfer Service service was changed from auto start to demand start.
Information,21/06/2018 23:16:58,Microsoft-Windows-Power-Troubleshooter,1,None,"The system has returned from a low power state.

Sleep Time: ‎2018‎-‎06‎-‎21T15:44:59.189934000Z
Wake Time: ‎2018‎-‎06‎-‎21T21:16:56.401374200Z

Wake Source: Unknown"
Error,21/06/2018 23:16:58,Microsoft-Windows-DistributedCOM,10016,None,"The application-specific permission settings do not grant Local Activation permission for the COM Server application with CLSID 
{6B3B8D23-FA8D-40B9-8DBD-B950333E2C52}
 and APPID 
{4839DDB7-58C2-48F5-8283-E1D1807D0D7D}
 to the user NT AUTHORITY\LOCAL SERVICE SID (S-1-5-19) from address LocalHost (Using LRPC) running in the application container Unavailable SID (Unavailable). This security permission can be modified using the Component Services administrative tool."
Error,21/06/2018 23:16:58,Microsoft-Windows-DistributedCOM,10016,None,"The application-specific permission settings do not grant Local Activation permission for the COM Server application with CLSID 
{6B3B8D23-FA8D-40B9-8DBD-B950333E2C52}
 and APPID 
{4839DDB7-58C2-48F5-8283-E1D1807D0D7D}
 to the user NT AUTHORITY\LOCAL SERVICE SID (S-1-5-19) from address LocalHost (Using LRPC) running in the application container Unavailable SID (Unavailable). This security permission can be modified using the Component Services administrative tool."
Error,21/06/2018 23:16:57,Microsoft-Windows-DistributedCOM,10016,None,"The application-specific permission settings do not grant Local Activation permission for the COM Server application with CLSID 
{D63B10C5-BB46-4990-A94F-E40B9D520160}
 and APPID 
{9CA88EE3-ACB7-47C8-AFC4-AB702511C276}
 to the user NT AUTHORITY\LOCAL SERVICE SID (S-1-5-19) from address LocalHost (Using LRPC) running in the application container Unavailable SID (Unavailable). This security permission can be modified using the Component Services administrative tool."
Warning,21/06/2018 23:16:57,BTHUSB,34,None,The local adapter does not support an important Low Energy controller state to support peripheral mode. The minimum required supported state mask is 0x491f7fffff; got 0x1fffffff. Low Energy peripheral role functionality will not be available.
Information,21/06/2018 23:16:57,BTHUSB,18,None,Windows cannot store Bluetooth authentication codes (link keys) on the local adapter. Bluetooth keyboards might not work in the system BIOS during start-up.
Information,21/06/2018 23:16:57,Microsoft-Windows-Winlogon,7001,(1101),User Log-on Notification for Customer Experience Improvement Program
Information,21/06/2018 23:16:56,Microsoft-Windows-Kernel-Boot,27,(33),The boot type was 0x1.
Information,21/06/2018 23:16:56,Microsoft-Windows-Kernel-Boot,25,(32),The boot menu policy was 0x1.
Information,21/06/2018 23:16:56,Microsoft-Windows-Kernel-Boot,32,(58),The bootmgr spent 0 ms waiting for user input.
Information,21/06/2018 23:16:56,Microsoft-Windows-Kernel-Boot,18,(57),There are 0x1 boot options on this system.
Information,21/06/2018 23:16:56,Microsoft-Windows-Kernel-Boot,30,(21),The firmware reported boot metrics.
Information,21/06/2018 23:16:54,Microsoft-Windows-Kernel-General,1,(5),"The system time has changed to ‎2018‎-‎06‎-‎21T21:16:54.500000000Z from ‎2018‎-‎06‎-‎21T15:45:07.221830000Z.

Change Reason: System time synchronized with the hardware clock."
Information,21/06/2018 17:45:07,Microsoft-Windows-Kernel-Power,107,(102),The system has resumed from sleep.
Information,21/06/2018 17:45:05,Microsoft-Windows-Kernel-Power,42,(64),"The system is entering sleep.

Sleep Reason: Application API"
Error,21/06/2018 17:44:59,Service Control Manager,7034,None,The Intel(R) Audio Service service terminated unexpectedly. It has done this 1 time(s).
Information,21/06/2018 17:44:56,Win32k,267,None,Touch/Touchpad Hardware Quality Assurance verification succeeded.
Information,21/06/2018 17:44:56,Win32k,267,None,Touch/Touchpad Hardware Quality Assurance verification succeeded.
Information,21/06/2018 17:44:54,Microsoft-Windows-Winlogon,7002,(1102),User Log-off Notification for Customer Experience Improvement Program
Information,21/06/2018 17:44:50,Service Control Manager,7040,None,The start type of the Background Intelligent Transfer Service service was changed from demand start to auto start.
Information,21/06/2018 17:41:38,Microsoft-Windows-Kernel-Power,105,(100),Power source change.
Information,21/06/2018 15:26:54,Microsoft-Windows-Kernel-General,16,None,The access history in hive \??\C:\Users\Philipp Wise\AppData\Local\Packages\Microsoft.ZuneVideo_8wekyb3d8bbwe\Settings\settings.dat was cleared updating 13 keys and creating 2 modified pages.
Warning,21/06/2018 15:04:28,Microsoft-Windows-DNS-Client,1014,(1014),Name resolution for the name r2---sn-4g5ednly.googlevideo.com timed out after none of the configured DNS servers responded.
Information,21/06/2018 14:59:03,Service Control Manager,7040,None,The start type of the Background Intelligent Transfer Service service was changed from auto start to demand start.
Information,21/06/2018 14:57:18,Microsoft-Windows-Kernel-General,16,None,The access history in hive \Device\HarddiskVolume1\EFI\Microsoft\Recovery\BCD was cleared updating 63 keys and creating 4 modified pages.
Information,21/06/2018 14:56:53,Service Control Manager,7040,None,The start type of the Background Intelligent Transfer Service service was changed from demand start to auto start.
Information,21/06/2018 14:56:53,Microsoft-Windows-Kernel-Power,105,(100),Power source change.
Information,21/06/2018 14:13:04,Service Control Manager,7040,None,The start type of the Background Intelligent Transfer Service service was changed from auto start to demand start.
Information,21/06/2018 14:11:01,Service Control Manager,7040,None,The start type of the Background Intelligent Transfer Service service was changed from demand start to auto start.
Information,21/06/2018 13:35:19,Service Control Manager,7040,None,The start type of the Background Intelligent Transfer Service service was changed from auto start to demand start.
Error,21/06/2018 13:27:12,Microsoft-Windows-DistributedCOM,10016,None,"The application-specific permission settings do not grant Local Activation permission for the COM Server application with CLSID 
{D63B10C5-BB46-4990-A94F-E40B9D520160}
 and APPID 
{9CA88EE3-ACB7-47C8-AFC4-AB702511C276}
 to the user DESKTOP-JRHB8O7\Philipp Wise SID (S-1-5-21-3472773844-1026657542-2222872734-1001) from address LocalHost (Using LRPC) running in the application container Unavailable SID (Unavailable). This security permission can be modified using the Component Services administrative tool."
Information,21/06/2018 13:27:07,Service Control Manager,7040,None,The start type of the Touch Keyboard and Handwriting Panel Service service was changed from demand start to auto start.
Information,21/06/2018 13:27:02,BTHUSB,10,None,The remote adapter (00:11:22:33:48:45) is no longer a paired device. Its link key has been removed.
Information,21/06/2018 13:26:27,Microsoft-Windows-UserPnp,20001,(7005),Driver Management concluded the process to install driver wdma_bt.inf_amd64_b77323602769272d for Device Instance ID BTHENUM\{0000110B-0000-1000-8000-00805F9B34FB}_LOCALMFG&0048\7&297C82F3&0&D08A550818FE_C00000000 with the following status: 0x0.
Information,21/06/2018 13:26:27,Microsoft-Windows-UserPnp,20003,(7005),Driver Management has concluded the process to add Service BthA2DP for Device Instance ID BTHENUM\{0000110B-0000-1000-8000-00805F9B34FB}_LOCALMFG&0048\7&297C82F3&0&D08A550818FE_C00000000 with the following status: 0.
Information,21/06/2018 13:26:26,Microsoft-Windows-UserPnp,20001,(7005),Driver Management concluded the process to install driver microsoft_bluetooth_avrcptransport.inf_amd64_040eb831d8fcb9e4 for Device Instance ID BTHENUM\{0000110C-0000-1000-8000-00805F9B34FB}_LOCALMFG&0048\7&297C82F3&0&D08A550818FE_C00000000 with the following status: 0x0.
Information,21/06/2018 13:26:26,Microsoft-Windows-UserPnp,20003,(7005),Driver Management has concluded the process to add Service Microsoft_Bluetooth_AvrcpTransport for Device Instance ID BTHENUM\{0000110C-0000-1000-8000-00805F9B34FB}_LOCALMFG&0048\7&297C82F3&0&D08A550818FE_C00000000 with the following status: 0.
Information,21/06/2018 13:26:26,Microsoft-Windows-UserPnp,20001,(7005),Driver Management concluded the process to install driver wdma_bt.inf_amd64_b77323602769272d for Device Instance ID BTHHFENUM\BTHHFPAUDIO\8&1052217&0&97 with the following status: 0x0.
Information,21/06/2018 13:26:26,Microsoft-Windows-UserPnp,20003,(7005),Driver Management has concluded the process to add Service BthHFAud for Device Instance ID BTHHFENUM\BTHHFPAUDIO\8&1052217&0&97 with the following status: 0.
Information,21/06/2018 13:26:26,Microsoft-Windows-UserPnp,20001,(7005),Driver Management concluded the process to install driver microsoft_bluetooth_avrcptransport.inf_amd64_040eb831d8fcb9e4 for Device Instance ID BTHENUM\{0000110E-0000-1000-8000-00805F9B34FB}_LOCALMFG&0048\7&297C82F3&0&D08A550818FE_C00000000 with the following status: 0x0.
Information,21/06/2018 13:26:26,Microsoft-Windows-UserPnp,20003,(7005),Driver Management has concluded the process to add Service Microsoft_Bluetooth_AvrcpTransport for Device Instance ID BTHENUM\{0000110E-0000-1000-8000-00805F9B34FB}_LOCALMFG&0048\7&297C82F3&0&D08A550818FE_C00000000 with the following status: 0.
Information,21/06/2018 13:26:25,Microsoft-Windows-UserPnp,20001,(7005),Driver Management concluded the process to install driver bth.inf_amd64_8da204911a2a1287 for Device Instance ID BTHENUM\DEV_D08A550818FE\7&297C82F3&0&BLUETOOTHDEVICE_D08A550818FE with the following status: 0x0.
Information,21/06/2018 13:26:25,BTHUSB,8,None,The remote adapter (d0:8a:55:08:18:fe) successfully paired with the local adapter.
Information,21/06/2018 13:25:01,Microsoft-Windows-Power-Troubleshooter,1,None,"The system has returned from a low power state.

Sleep Time: ‎2018‎-‎06‎-‎21T10:18:12.071128700Z
Wake Time: ‎2018‎-‎06‎-‎21T11:24:59.162310900Z

Wake Source: Unknown"
Error,21/06/2018 13:25:00,Microsoft-Windows-DistributedCOM,10016,None,"The application-specific permission settings do not grant Local Activation permission for the COM Server application with CLSID 
{6B3B8D23-FA8D-40B9-8DBD-B950333E2C52}
 and APPID 
{4839DDB7-58C2-48F5-8283-E1D1807D0D7D}
 to the user NT AUTHORITY\LOCAL SERVICE SID (S-1-5-19) from address LocalHost (Using LRPC) running in the application container Unavailable SID (Unavailable). This security permission can be modified using the Component Services administrative tool."
Error,21/06/2018 13:25:00,Microsoft-Windows-DistributedCOM,10016,None,"The application-specific permission settings do not grant Local Activation permission for the COM Server application with CLSID 
{6B3B8D23-FA8D-40B9-8DBD-B950333E2C52}
 and APPID 
{4839DDB7-58C2-48F5-8283-E1D1807D0D7D}
 to the user NT AUTHORITY\LOCAL SERVICE SID (S-1-5-19) from address LocalHost (Using LRPC) running in the application container Unavailable SID (Unavailable). This security permission can be modified using the Component Services administrative tool."
Error,21/06/2018 13:25:00,Microsoft-Windows-DistributedCOM,10016,None,"The application-specific permission settings do not grant Local Activation permission for the COM Server application with CLSID 
{D63B10C5-BB46-4990-A94F-E40B9D520160}
 and APPID 
{9CA88EE3-ACB7-47C8-AFC4-AB702511C276}
 to the user NT AUTHORITY\LOCAL SERVICE SID (S-1-5-19) from address LocalHost (Using LRPC) running in the application container Unavailable SID (Unavailable). This security permission can be modified using the Component Services administrative tool."
Warning,21/06/2018 13:24:59,BTHUSB,34,None,The local adapter does not support an important Low Energy controller state to support peripheral mode. The minimum required supported state mask is 0x491f7fffff; got 0x1fffffff. Low Energy peripheral role functionality will not be available.
Information,21/06/2018 13:24:59,BTHUSB,18,None,Windows cannot store Bluetooth authentication codes (link keys) on the local adapter. Bluetooth keyboards might not work in the system BIOS during start-up.
Information,21/06/2018 13:24:59,Microsoft-Windows-Winlogon,7001,(1101),User Log-on Notification for Customer Experience Improvement Program
Information,21/06/2018 13:24:59,Microsoft-Windows-Kernel-Boot,27,(33),The boot type was 0x1.
Information,21/06/2018 13:24:59,Microsoft-Windows-Kernel-Boot,25,(32),The boot menu policy was 0x1.
Information,21/06/2018 13:24:59,Microsoft-Windows-Kernel-Boot,32,(58),The bootmgr spent 0 ms waiting for user input.
Information,21/06/2018 13:24:59,Microsoft-Windows-Kernel-Boot,18,(57),There are 0x1 boot options on this system.
Information,21/06/2018 13:24:59,Microsoft-Windows-Kernel-Boot,30,(21),The firmware reported boot metrics.
Information,21/06/2018 13:24:57,Microsoft-Windows-Kernel-General,1,(5),"The system time has changed to ‎2018‎-‎06‎-‎21T11:24:57.500000000Z from ‎2018‎-‎06‎-‎21T10:18:19.952469200Z.

Change Reason: System time synchronized with the hardware clock."
