Error,12/06/2018 19:11:07,Microsoft-Windows-DistributedCOM,10016,None,"The application-specific permission settings do not grant Local Activation permission for the COM Server application with CLSID 
{D63B10C5-BB46-4990-A94F-E40B9D520160}
 and APPID 
{9CA88EE3-ACB7-47C8-AFC4-AB702511C276}
 to the user NT AUTHORITY\LOCAL SERVICE SID (S-1-5-19) from address LocalHost (Using LRPC) running in the application container Unavailable SID (Unavailable). This security permission can be modified using the Component Services administrative tool."
Information,12/06/2018 19:11:06,Microsoft-Windows-Kernel-Power,506,(157),"The system is entering connected standby 

Reason: Idle Timeout."
Information,12/06/2018 19:04:49,Microsoft-Windows-Kernel-Power,507,(158),"The system is exiting connected standby 

Reason: Input Mouse."
Error,12/06/2018 19:04:49,Microsoft-Windows-DistributedCOM,10016,None,"The application-specific permission settings do not grant Local Activation permission for the COM Server application with CLSID 
{D63B10C5-BB46-4990-A94F-E40B9D520160}
 and APPID 
{9CA88EE3-ACB7-47C8-AFC4-AB702511C276}
 to the user NT AUTHORITY\LOCAL SERVICE SID (S-1-5-19) from address LocalHost (Using LRPC) running in the application container Unavailable SID (Unavailable). This security permission can be modified using the Component Services administrative tool."
Error,12/06/2018 18:40:27,Microsoft-Windows-DistributedCOM,10016,None,"The application-specific permission settings do not grant Local Activation permission for the COM Server application with CLSID 
{D63B10C5-BB46-4990-A94F-E40B9D520160}
 and APPID 
{9CA88EE3-ACB7-47C8-AFC4-AB702511C276}
 to the user NT AUTHORITY\LOCAL SERVICE SID (S-1-5-19) from address LocalHost (Using LRPC) running in the application container Unavailable SID (Unavailable). This security permission can be modified using the Component Services administrative tool."
Information,12/06/2018 18:40:25,Microsoft-Windows-Kernel-Power,506,(157),"The system is entering connected standby 

Reason: Idle Timeout."
Information,12/06/2018 18:34:54,Microsoft-Windows-Kernel-Power,507,(158),"The system is exiting connected standby 

Reason: Input Mouse."
Error,12/06/2018 18:34:53,Microsoft-Windows-DistributedCOM,10016,None,"The application-specific permission settings do not grant Local Activation permission for the COM Server application with CLSID 
{D63B10C5-BB46-4990-A94F-E40B9D520160}
 and APPID 
{9CA88EE3-ACB7-47C8-AFC4-AB702511C276}
 to the user NT AUTHORITY\LOCAL SERVICE SID (S-1-5-19) from address LocalHost (Using LRPC) running in the application container Unavailable SID (Unavailable). This security permission can be modified using the Component Services administrative tool."
Error,12/06/2018 18:33:44,Microsoft-Windows-DistributedCOM,10016,None,"The application-specific permission settings do not grant Local Activation permission for the COM Server application with CLSID 
{D63B10C5-BB46-4990-A94F-E40B9D520160}
 and APPID 
{9CA88EE3-ACB7-47C8-AFC4-AB702511C276}
 to the user NT AUTHORITY\LOCAL SERVICE SID (S-1-5-19) from address LocalHost (Using LRPC) running in the application container Unavailable SID (Unavailable). This security permission can be modified using the Component Services administrative tool."
Information,12/06/2018 18:33:42,Microsoft-Windows-Kernel-Power,506,(157),"The system is entering connected standby 

Reason: Idle Timeout."
Warning,12/06/2018 18:32:11,Microsoft-Windows-Kernel-Processor-Power,37,(7),The speed of processor 3 in group 0 is being limited by system firmware. The processor has been in this reduced performance state for 547037 seconds since the last report.
Information,12/06/2018 18:20:58,Microsoft-Windows-Kernel-Power,507,(158),"The system is exiting connected standby 

Reason: Input Mouse."
Error,12/06/2018 18:20:56,Microsoft-Windows-DistributedCOM,10016,None,"The application-specific permission settings do not grant Local Activation permission for the COM Server application with CLSID 
{D63B10C5-BB46-4990-A94F-E40B9D520160}
 and APPID 
{9CA88EE3-ACB7-47C8-AFC4-AB702511C276}
 to the user NT AUTHORITY\LOCAL SERVICE SID (S-1-5-19) from address LocalHost (Using LRPC) running in the application container Unavailable SID (Unavailable). This security permission can be modified using the Component Services administrative tool."
Error,12/06/2018 18:07:19,Microsoft-Windows-DistributedCOM,10016,None,"The application-specific permission settings do not grant Local Activation permission for the COM Server application with CLSID 
{D63B10C5-BB46-4990-A94F-E40B9D520160}
 and APPID 
{9CA88EE3-ACB7-47C8-AFC4-AB702511C276}
 to the user NT AUTHORITY\LOCAL SERVICE SID (S-1-5-19) from address LocalHost (Using LRPC) running in the application container Unavailable SID (Unavailable). This security permission can be modified using the Component Services administrative tool."
Information,12/06/2018 18:07:18,Microsoft-Windows-Kernel-Power,506,(157),"The system is entering connected standby 

Reason: Idle Timeout."
Information,12/06/2018 17:28:05,Microsoft-Windows-Kernel-General,16,None,The access history in hive \??\C:\ProgramData\Microsoft\Provisioning\Microsoft-Desktop-Provisioning-Sequence.dat was cleared updating 0 keys and creating 0 modified pages.
Information,12/06/2018 17:11:42,Service Control Manager,7040,None,The start type of the Background Intelligent Transfer Service service was changed from auto start to demand start.
Warning,12/06/2018 16:57:11,Microsoft-Windows-DNS-Client,1014,(1014),Name resolution for the name jwkhebr timed out after none of the configured DNS servers responded.
Error,12/06/2018 16:56:04,Microsoft-Windows-DistributedCOM,10016,None,"The application-specific permission settings do not grant Local Activation permission for the COM Server application with CLSID 
{D63B10C5-BB46-4990-A94F-E40B9D520160}
 and APPID 
{9CA88EE3-ACB7-47C8-AFC4-AB702511C276}
 to the user DESKTOP-JRHB8O7\Philipp Wise SID (S-1-5-21-3472773844-1026657542-2222872734-1001) from address LocalHost (Using LRPC) running in the application container Unavailable SID (Unavailable). This security permission can be modified using the Component Services administrative tool."
Error,12/06/2018 16:55:53,Microsoft-Windows-DistributedCOM,10001,None,"Unable to start a DCOM Server: Microsoft.Windows.Cortana_1.10.7.17134_neutral_neutral_cw5n1h2txyewy!CortanaUI.AppXd4tad4d57t4wtdbnnmb8v2xtzym8c1n8.mca as Unavailable/Unavailable. The error:
""0""
Happened while starting this command:
""C:\WINDOWS\system32\backgroundTaskHost.exe"" -ServerName:CortanaUI.AppXy7vb4pc2dr3kc93kfc509b1d0arkfb2x.mca"
Error,12/06/2018 16:55:40,Microsoft-Windows-DistributedCOM,10016,None,"The application-specific permission settings do not grant Local Activation permission for the COM Server application with CLSID 
{6B3B8D23-FA8D-40B9-8DBD-B950333E2C52}
 and APPID 
{4839DDB7-58C2-48F5-8283-E1D1807D0D7D}
 to the user NT AUTHORITY\LOCAL SERVICE SID (S-1-5-19) from address LocalHost (Using LRPC) running in the application container Unavailable SID (Unavailable). This security permission can be modified using the Component Services administrative tool."
Error,12/06/2018 16:55:40,Microsoft-Windows-DistributedCOM,10016,None,"The application-specific permission settings do not grant Local Activation permission for the COM Server application with CLSID 
{6B3B8D23-FA8D-40B9-8DBD-B950333E2C52}
 and APPID 
{4839DDB7-58C2-48F5-8283-E1D1807D0D7D}
 to the user NT AUTHORITY\LOCAL SERVICE SID (S-1-5-19) from address LocalHost (Using LRPC) running in the application container Unavailable SID (Unavailable). This security permission can be modified using the Component Services administrative tool."
Error,12/06/2018 16:55:39,Microsoft-Windows-DistributedCOM,10016,None,"The application-specific permission settings do not grant Local Activation permission for the COM Server application with CLSID 
{D63B10C5-BB46-4990-A94F-E40B9D520160}
 and APPID 
{9CA88EE3-ACB7-47C8-AFC4-AB702511C276}
 to the user NT AUTHORITY\LOCAL SERVICE SID (S-1-5-19) from address LocalHost (Using LRPC) running in the application container Unavailable SID (Unavailable). This security permission can be modified using the Component Services administrative tool."
Information,12/06/2018 16:55:39,Microsoft-Windows-Power-Troubleshooter,1,None,"The system has returned from a low power state.

Sleep Time: ‎2018‎-‎06‎-‎12T11:47:56.991410200Z
Wake Time: ‎2018‎-‎06‎-‎12T14:55:37.647324400Z

Wake Source: Unknown"
Warning,12/06/2018 16:55:38,BTHUSB,34,None,The local adapter does not support an important Low Energy controller state to support peripheral mode. The minimum required supported state mask is 0x491f7fffff; got 0x1fffffff. Low Energy peripheral role functionality will not be available.
Information,12/06/2018 16:55:38,BTHUSB,18,None,Windows cannot store Bluetooth authentication codes (link keys) on the local adapter. Bluetooth keyboards might not work in the system BIOS during start-up.
Information,12/06/2018 16:55:38,Microsoft-Windows-Winlogon,7001,(1101),User Log-on Notification for Customer Experience Improvement Program
Error,12/06/2018 16:55:37,BTHUSB,17,None,The local Bluetooth adapter has failed in an undetermined manner and will not be used. The driver has been unloaded.
Information,12/06/2018 16:55:37,Microsoft-Windows-Kernel-Boot,27,(33),The boot type was 0x1.
Information,12/06/2018 16:55:37,Microsoft-Windows-Kernel-Boot,25,(32),The boot menu policy was 0x1.
Information,12/06/2018 16:55:37,Microsoft-Windows-Kernel-Boot,32,(58),The bootmgr spent 0 ms waiting for user input.
Information,12/06/2018 16:55:37,Microsoft-Windows-Kernel-Boot,18,(57),There are 0x1 boot options on this system.
Information,12/06/2018 16:55:37,Microsoft-Windows-Kernel-Boot,30,(21),The firmware reported boot metrics.
Information,12/06/2018 16:55:35,Microsoft-Windows-Kernel-General,1,(5),"The system time has changed to ‎2018‎-‎06‎-‎12T14:55:35.500000000Z from ‎2018‎-‎06‎-‎12T11:48:05.625098000Z.

Change Reason: System time synchronized with the hardware clock."
Information,12/06/2018 13:48:05,Microsoft-Windows-Kernel-Power,107,(102),The system has resumed from sleep.
Information,12/06/2018 13:48:04,Microsoft-Windows-Kernel-Power,42,(64),"The system is entering sleep.

Sleep Reason: Application API"
Information,12/06/2018 13:47:55,Win32k,267,None,Touch/Touchpad Hardware Quality Assurance verification succeeded.
Information,12/06/2018 13:47:55,Win32k,267,None,Touch/Touchpad Hardware Quality Assurance verification succeeded.
Information,12/06/2018 13:47:52,Microsoft-Windows-Winlogon,7002,(1102),User Log-off Notification for Customer Experience Improvement Program
Error,12/06/2018 13:47:50,Microsoft-Windows-DistributedCOM,10010,None,The server {AB8902B4-09CA-4BB6-B78D-A8F59079A8D5} did not register with DCOM within the required timeout.
Information,12/06/2018 13:47:46,Service Control Manager,7040,None,The start type of the Background Intelligent Transfer Service service was changed from demand start to auto start.
Warning,12/06/2018 13:45:41,Microsoft-Windows-DNS-Client,1014,(1014),Name resolution for the name calendar.google.com timed out after none of the configured DNS servers responded.
Information,12/06/2018 12:32:49,Microsoft-Windows-Kernel-Power,105,(100),Power source change.
Information,12/06/2018 12:09:22,Microsoft-Windows-WindowsUpdateClient,19,Windows Update Agent,Installation Successful: Windows successfully installed the following update: 9P6CT0SLW589-Microsoft.LanguageExperiencePackde-DE
Information,12/06/2018 12:09:22,Microsoft-Windows-WindowsUpdateClient,43,Windows Update Agent,Installation Started: Windows has started installing the following update: 9P6CT0SLW589-Microsoft.LanguageExperiencePackde-DE
Information,12/06/2018 12:09:16,Microsoft-Windows-Kernel-General,16,None,The access history in hive \??\C:\ProgramData\Microsoft\Windows\AppRepository\Packages\Microsoft.LanguageExperiencePackde-de_17134.1.4.0_neutral__8wekyb3d8bbwe\ActivationStore.dat was cleared updating 0 keys and creating 0 modified pages.
Information,12/06/2018 12:09:04,Microsoft-Windows-WindowsUpdateClient,44,Windows Update Agent,Windows Update started downloading an update.
Information,12/06/2018 12:09:04,Microsoft-Windows-WindowsUpdateClient,19,Windows Update Agent,Installation Successful: Windows successfully installed the following update: 9NT52VQ39BVN-Microsoft.LanguageExperiencePacken-GB
Information,12/06/2018 12:09:04,Microsoft-Windows-WindowsUpdateClient,43,Windows Update Agent,Installation Started: Windows has started installing the following update: 9NT52VQ39BVN-Microsoft.LanguageExperiencePacken-GB
Information,12/06/2018 12:08:59,Microsoft-Windows-Kernel-General,16,None,The access history in hive \??\C:\ProgramData\Microsoft\Windows\AppRepository\Packages\Microsoft.LanguageExperiencePacken-gb_17134.1.3.0_neutral__8wekyb3d8bbwe\ActivationStore.dat was cleared updating 0 keys and creating 0 modified pages.
Information,12/06/2018 12:08:54,Microsoft-Windows-WindowsUpdateClient,44,Windows Update Agent,Windows Update started downloading an update.
Information,12/06/2018 12:00:00,EventLog,6013,None,The system uptime is 523580 seconds.
Information,12/06/2018 11:46:52,Microsoft-Windows-Kernel-Power,507,(158),"The system is exiting connected standby 

Reason: Lid."
Error,12/06/2018 11:46:51,Microsoft-Windows-DistributedCOM,10016,None,"The application-specific permission settings do not grant Local Activation permission for the COM Server application with CLSID 
{D63B10C5-BB46-4990-A94F-E40B9D520160}
 and APPID 
{9CA88EE3-ACB7-47C8-AFC4-AB702511C276}
 to the user NT AUTHORITY\LOCAL SERVICE SID (S-1-5-19) from address LocalHost (Using LRPC) running in the application container Unavailable SID (Unavailable). This security permission can be modified using the Component Services administrative tool."
Error,12/06/2018 11:40:45,Microsoft-Windows-DistributedCOM,10010,None,The server {995C996E-D918-4A8C-A302-45719A6F4EA7} did not register with DCOM within the required timeout.
Error,12/06/2018 11:38:35,Microsoft-Windows-DistributedCOM,10010,None,The server {995C996E-D918-4A8C-A302-45719A6F4EA7} did not register with DCOM within the required timeout.
Error,12/06/2018 11:36:35,Microsoft-Windows-DistributedCOM,10010,None,The server {995C996E-D918-4A8C-A302-45719A6F4EA7} did not register with DCOM within the required timeout.
Error,12/06/2018 11:34:29,Microsoft-Windows-DistributedCOM,10010,None,The server {995C996E-D918-4A8C-A302-45719A6F4EA7} did not register with DCOM within the required timeout.
Error,12/06/2018 11:32:29,Microsoft-Windows-DistributedCOM,10010,None,The server {995C996E-D918-4A8C-A302-45719A6F4EA7} did not register with DCOM within the required timeout.
Error,12/06/2018 11:30:24,Microsoft-Windows-DistributedCOM,10010,None,The server {995C996E-D918-4A8C-A302-45719A6F4EA7} did not register with DCOM within the required timeout.
Information,12/06/2018 11:20:57,Microsoft-Windows-Kernel-General,15,None,Hive \??\Volume{491c9540-8001-4b71-b049-7c393bb1626e}\System Volume Information\SPP\SppCbsHiveStore\{cd42efe1-f6f1-427c-b004-033192c625a4}{3DD260A9-35A9-4DB6-88E4-20A6E2C51261} was reorganized with a starting size of 108244992 bytes and an ending size of 107675648 bytes.
Information,12/06/2018 11:20:54,Microsoft-Windows-Kernel-General,16,None,The access history in hive \??\Volume{491c9540-8001-4b71-b049-7c393bb1626e}\System Volume Information\SPP\SppCbsHiveStore\{cd42efe1-f6f1-427c-b004-033192c625a4}{78E818CF-7D29-48F3-B454-1ABC09088270} was cleared updating 689 keys and creating 73 modified pages.
Information,12/06/2018 11:20:53,Microsoft-Windows-Kernel-General,15,None,Hive \??\Volume{491c9540-8001-4b71-b049-7c393bb1626e}\System Volume Information\SPP\SppCbsHiveStore\{cd42efe1-f6f1-427c-b004-033192c625a4}{C89273E1-E32C-4727-A386-C660BF03903C} was reorganized with a starting size of 12496896 bytes and an ending size of 11698176 bytes.
Information,12/06/2018 11:20:53,Microsoft-Windows-Kernel-General,15,None,Hive \??\Volume{491c9540-8001-4b71-b049-7c393bb1626e}\System Volume Information\SPP\SppCbsHiveStore\{cd42efe1-f6f1-427c-b004-033192c625a4}{D705355B-F1E0-47A0-8213-9634295A3679} was reorganized with a starting size of 48697344 bytes and an ending size of 48672768 bytes.
Information,12/06/2018 11:20:50,Microsoft-Windows-Kernel-General,15,None,Hive \??\Volume{491c9540-8001-4b71-b049-7c393bb1626e}\System Volume Information\SPP\SppCbsHiveStore\{cd42efe1-f6f1-427c-b004-033192c625a4}{9035C1F5-3238-4394-8449-2A8CB146777D} was reorganized with a starting size of 25939968 bytes and an ending size of 22396928 bytes.
Information,12/06/2018 11:20:46,Microsoft-Windows-Kernel-General,11,None,"TxR init phase for hive \??\GLOBALROOT\Device\HarddiskVolumeShadowCopy1\WINDOWS\System32\config\DRIVERS (TM: {C5E81B48-6E17-11E8-810D-BC8385D1DE3C}, RM: {C5E81B47-6E17-11E8-810D-BC8385D1DE3C}) finished with result=0xC00000A2 (Internal code=7)."
Information,12/06/2018 11:20:46,Microsoft-Windows-Kernel-General,15,None,Hive \??\GLOBALROOT\Device\HarddiskVolumeShadowCopy1\WINDOWS\System32\config\DRIVERS was reorganized with a starting size of 5042176 bytes and an ending size of 5128192 bytes.
Information,12/06/2018 11:20:45,Microsoft-Windows-Kernel-General,11,None,"TxR init phase for hive \??\GLOBALROOT\Device\HarddiskVolumeShadowCopy1\WINDOWS\System32\config\SYSTEM (TM: {C5E81B45-6E17-11E8-810D-BC8385D1DE3C}, RM: {C5E81B44-6E17-11E8-810D-BC8385D1DE3C}) finished with result=0xC00000A2 (Internal code=7)."
Information,12/06/2018 11:20:45,Microsoft-Windows-Kernel-General,15,None,Hive \??\GLOBALROOT\Device\HarddiskVolumeShadowCopy1\WINDOWS\System32\config\SYSTEM was reorganized with a starting size of 25939968 bytes and an ending size of 22396928 bytes.
Information,12/06/2018 11:20:44,Microsoft-Windows-Kernel-General,15,None,Hive \??\Volume{491c9540-8001-4b71-b049-7c393bb1626e}\System Volume Information\SPP\SppCbsHiveStore\{cd42efe1-f6f1-427c-b004-033192c625a4}{CC052191-FDAC-419A-A2AA-E71E1AB338B0} was reorganized with a starting size of 109367296 bytes and an ending size of 107593728 bytes.
Information,12/06/2018 11:20:40,Microsoft-Windows-Kernel-General,16,None,The access history in hive \??\Volume{491c9540-8001-4b71-b049-7c393bb1626e}\System Volume Information\SPP\SppCbsHiveStore\{cd42efe1-f6f1-427c-b004-033192c625a4}{D605CB71-28AD-455E-A67C-AC916A593492} was cleared updating 735 keys and creating 77 modified pages.
Information,12/06/2018 11:20:40,Microsoft-Windows-Kernel-General,15,None,Hive \??\Volume{491c9540-8001-4b71-b049-7c393bb1626e}\System Volume Information\SPP\SppCbsHiveStore\{cd42efe1-f6f1-427c-b004-033192c625a4}{5EFBE6EA-EB02-494B-B620-D898058A2CCF} was reorganized with a starting size of 12496896 bytes and an ending size of 11698176 bytes.
Information,12/06/2018 11:20:40,Microsoft-Windows-Kernel-General,15,None,Hive \??\Volume{491c9540-8001-4b71-b049-7c393bb1626e}\System Volume Information\SPP\SppCbsHiveStore\{cd42efe1-f6f1-427c-b004-033192c625a4}{4BC2F2FC-B0F4-48A3-9F06-3B3B3135341F} was reorganized with a starting size of 48705536 bytes and an ending size of 48680960 bytes.
Information,12/06/2018 11:20:37,Microsoft-Windows-Kernel-General,15,None,Hive \??\Volume{491c9540-8001-4b71-b049-7c393bb1626e}\System Volume Information\SPP\SppCbsHiveStore\{cd42efe1-f6f1-427c-b004-033192c625a4}{CD1C508D-5233-491C-B80D-C08D9DBB91F7} was reorganized with a starting size of 26120192 bytes and an ending size of 22622208 bytes.
Information,12/06/2018 11:20:33,Microsoft-Windows-Kernel-General,11,None,"TxR init phase for hive \??\GLOBALROOT\Device\HarddiskVolumeShadowCopy2\WINDOWS\System32\config\DRIVERS (TM: {C5E81B22-6E17-11E8-810D-BC8385D1DE3C}, RM: {C5E81B21-6E17-11E8-810D-BC8385D1DE3C}) finished with result=0xC00000A2 (Internal code=7)."
Information,12/06/2018 11:20:33,Microsoft-Windows-Kernel-General,15,None,Hive \??\GLOBALROOT\Device\HarddiskVolumeShadowCopy2\WINDOWS\System32\config\DRIVERS was reorganized with a starting size of 5042176 bytes and an ending size of 5115904 bytes.
Information,12/06/2018 11:20:33,Microsoft-Windows-Kernel-General,11,None,"TxR init phase for hive \??\GLOBALROOT\Device\HarddiskVolumeShadowCopy2\WINDOWS\System32\config\SYSTEM (TM: {C5E81B1F-6E17-11E8-810D-BC8385D1DE3C}, RM: {C5E81B1E-6E17-11E8-810D-BC8385D1DE3C}) finished with result=0xC00000A2 (Internal code=7)."
Information,12/06/2018 11:20:33,Microsoft-Windows-Kernel-General,15,None,Hive \??\GLOBALROOT\Device\HarddiskVolumeShadowCopy2\WINDOWS\System32\config\SYSTEM was reorganized with a starting size of 26120192 bytes and an ending size of 22622208 bytes.
Information,12/06/2018 11:19:30,Service Control Manager,7040,None,The start type of the Background Intelligent Transfer Service service was changed from auto start to demand start.
Information,12/06/2018 11:18:36,Microsoft-Windows-Kernel-General,16,None,The access history in hive \??\C:\Users\Philipp Wise\AppData\Local\Packages\Microsoft.Windows.Photos_8wekyb3d8bbwe\Settings\settings.dat was cleared updating 56 keys and creating 13 modified pages.
Information,12/06/2018 11:18:32,Microsoft-Windows-Kernel-General,16,None,The access history in hive \??\C:\ProgramData\Microsoft\Provisioning\Microsoft-Desktop-Provisioning-Sequence.dat was cleared updating 0 keys and creating 0 modified pages.
Error,12/06/2018 11:18:27,Microsoft-Windows-DistributedCOM,10016,None,"The application-specific permission settings do not grant Local Activation permission for the COM Server application with CLSID 
{D63B10C5-BB46-4990-A94F-E40B9D520160}
 and APPID 
{9CA88EE3-ACB7-47C8-AFC4-AB702511C276}
 to the user NT AUTHORITY\LOCAL SERVICE SID (S-1-5-19) from address LocalHost (Using LRPC) running in the application container Unavailable SID (Unavailable). This security permission can be modified using the Component Services administrative tool."
Information,12/06/2018 11:18:26,Microsoft-Windows-Kernel-Power,506,(157),"The system is entering connected standby 

Reason: Lid."
Information,12/06/2018 11:17:28,Service Control Manager,7040,None,The start type of the Background Intelligent Transfer Service service was changed from demand start to auto start.
Error,12/06/2018 10:24:51,Microsoft-Windows-DistributedCOM,10016,None,"The application-specific permission settings do not grant Local Activation permission for the COM Server application with CLSID 
{D63B10C5-BB46-4990-A94F-E40B9D520160}
 and APPID 
{9CA88EE3-ACB7-47C8-AFC4-AB702511C276}
 to the user NT AUTHORITY\LOCAL SERVICE SID (S-1-5-19) from address LocalHost (Using LRPC) running in the application container Unavailable SID (Unavailable). This security permission can be modified using the Component Services administrative tool."
Information,12/06/2018 10:24:24,Service Control Manager,7040,None,The start type of the Background Intelligent Transfer Service service was changed from auto start to demand start.
Information,12/06/2018 10:11:47,Microsoft-Windows-WindowsUpdateClient,19,Windows Update Agent,Installation Successful: Windows successfully installed the following update: Definition Update for Windows Defender Antivirus - KB2267602 (Definition 1.269.1103.0)
Information,12/06/2018 10:11:34,Microsoft-Windows-WindowsUpdateClient,43,Windows Update Agent,Installation Started: Windows has started installing the following update: Definition Update for Windows Defender Antivirus - KB2267602 (Definition 1.269.1103.0)
Information,12/06/2018 10:11:28,Microsoft-Windows-WindowsUpdateClient,44,Windows Update Agent,Windows Update started downloading an update.
Error,12/06/2018 10:11:18,Microsoft-Windows-DistributedCOM,10016,None,"The application-specific permission settings do not grant Local Activation permission for the COM Server application with CLSID 
{D63B10C5-BB46-4990-A94F-E40B9D520160}
 and APPID 
{9CA88EE3-ACB7-47C8-AFC4-AB702511C276}
 to the user NT AUTHORITY\LOCAL SERVICE SID (S-1-5-19) from address LocalHost (Using LRPC) running in the application container Unavailable SID (Unavailable). This security permission can be modified using the Component Services administrative tool."
Error,12/06/2018 10:09:06,Microsoft-Windows-DistributedCOM,10016,None,"The application-specific permission settings do not grant Local Activation permission for the COM Server application with CLSID 
{D63B10C5-BB46-4990-A94F-E40B9D520160}
 and APPID 
{9CA88EE3-ACB7-47C8-AFC4-AB702511C276}
 to the user DESKTOP-JRHB8O7\Philipp Wise SID (S-1-5-21-3472773844-1026657542-2222872734-1001) from address LocalHost (Using LRPC) running in the application container Unavailable SID (Unavailable). This security permission can be modified using the Component Services administrative tool."
Information,12/06/2018 10:09:03,Service Control Manager,7040,None,The start type of the Touch Keyboard and Handwriting Panel Service service was changed from demand start to auto start.
Information,12/06/2018 10:08:50,Microsoft-Windows-Kernel-General,15,None,Hive \??\C:\WINDOWS\System32\config\COMPONENTS was reorganized with a starting size of 48713728 bytes and an ending size of 48689152 bytes.
Information,12/06/2018 10:08:42,Microsoft-Windows-Kernel-Power,105,(100),Power source change.
Error,12/06/2018 10:08:23,Microsoft-Windows-DistributedCOM,10016,None,"The application-specific permission settings do not grant Local Activation permission for the COM Server application with CLSID 
{6B3B8D23-FA8D-40B9-8DBD-B950333E2C52}
 and APPID 
{4839DDB7-58C2-48F5-8283-E1D1807D0D7D}
 to the user NT AUTHORITY\LOCAL SERVICE SID (S-1-5-19) from address LocalHost (Using LRPC) running in the application container Unavailable SID (Unavailable). This security permission can be modified using the Component Services administrative tool."
Error,12/06/2018 10:08:23,Microsoft-Windows-DistributedCOM,10016,None,"The application-specific permission settings do not grant Local Activation permission for the COM Server application with CLSID 
{6B3B8D23-FA8D-40B9-8DBD-B950333E2C52}
 and APPID 
{4839DDB7-58C2-48F5-8283-E1D1807D0D7D}
 to the user NT AUTHORITY\LOCAL SERVICE SID (S-1-5-19) from address LocalHost (Using LRPC) running in the application container Unavailable SID (Unavailable). This security permission can be modified using the Component Services administrative tool."
Error,12/06/2018 10:08:23,Microsoft-Windows-DistributedCOM,10016,None,"The application-specific permission settings do not grant Local Activation permission for the COM Server application with CLSID 
{D63B10C5-BB46-4990-A94F-E40B9D520160}
 and APPID 
{9CA88EE3-ACB7-47C8-AFC4-AB702511C276}
 to the user NT AUTHORITY\LOCAL SERVICE SID (S-1-5-19) from address LocalHost (Using LRPC) running in the application container Unavailable SID (Unavailable). This security permission can be modified using the Component Services administrative tool."
Information,12/06/2018 10:08:22,Microsoft-Windows-Winlogon,7001,(1101),User Log-on Notification for Customer Experience Improvement Program
Information,12/06/2018 10:08:21,Microsoft-Windows-Power-Troubleshooter,1,None,"The system has returned from a low power state.

Sleep Time: ‎2018‎-‎06‎-‎11T16:13:59.198125500Z
Wake Time: ‎2018‎-‎06‎-‎12T08:08:19.559581000Z

Wake Source: Unknown"
Warning,12/06/2018 10:08:20,BTHUSB,34,None,The local adapter does not support an important Low Energy controller state to support peripheral mode. The minimum required supported state mask is 0x491f7fffff; got 0x1fffffff. Low Energy peripheral role functionality will not be available.
Information,12/06/2018 10:08:20,BTHUSB,18,None,Windows cannot store Bluetooth authentication codes (link keys) on the local adapter. Bluetooth keyboards might not work in the system BIOS during start-up.
Information,12/06/2018 10:08:20,Microsoft-Windows-UserPnp,20001,(7005),Driver Management concluded the process to install driver s242hl.inf_amd64_5c974b4f35502f6b for Device Instance ID DISPLAY\ACR0216\4&1835D135&0&UID198171 with the following status: 0x0.
Error,12/06/2018 10:08:19,BTHUSB,17,None,The local Bluetooth adapter has failed in an undetermined manner and will not be used. The driver has been unloaded.
Information,12/06/2018 10:08:19,Microsoft-Windows-Kernel-Boot,27,(33),The boot type was 0x1.
Information,12/06/2018 10:08:19,Microsoft-Windows-Kernel-Boot,25,(32),The boot menu policy was 0x1.
Information,12/06/2018 10:08:19,Microsoft-Windows-Kernel-Boot,32,(58),The bootmgr spent 0 ms waiting for user input.
Information,12/06/2018 10:08:19,Microsoft-Windows-Kernel-Boot,18,(57),There are 0x1 boot options on this system.
Information,12/06/2018 10:08:19,Microsoft-Windows-Kernel-Boot,30,(21),The firmware reported boot metrics.
Information,12/06/2018 10:08:17,Microsoft-Windows-Kernel-General,1,(5),"The system time has changed to ‎2018‎-‎06‎-‎12T08:08:17.500000000Z from ‎2018‎-‎06‎-‎11T16:14:08.583128100Z.

Change Reason: System time synchronized with the hardware clock."
Information,11/06/2018 18:14:08,Microsoft-Windows-Kernel-Power,107,(102),The system has resumed from sleep.
Information,11/06/2018 18:14:07,Microsoft-Windows-Kernel-Power,42,(64),"The system is entering sleep.

Sleep Reason: Application API"
Information,11/06/2018 18:13:59,Win32k,267,None,Touch/Touchpad Hardware Quality Assurance verification succeeded.
Information,11/06/2018 18:13:59,Win32k,267,None,Touch/Touchpad Hardware Quality Assurance verification succeeded.
Information,11/06/2018 18:13:58,Microsoft-Windows-Winlogon,7002,(1102),User Log-off Notification for Customer Experience Improvement Program
Error,11/06/2018 18:13:57,Microsoft-Windows-DistributedCOM,10010,None,The server {995C996E-D918-4A8C-A302-45719A6F4EA7} did not register with DCOM within the required timeout.
Error,11/06/2018 18:13:57,Microsoft-Windows-DistributedCOM,10010,None,The server {995C996E-D918-4A8C-A302-45719A6F4EA7} did not register with DCOM within the required timeout.
Error,11/06/2018 18:13:57,Microsoft-Windows-DistributedCOM,10010,None,The server {995C996E-D918-4A8C-A302-45719A6F4EA7} did not register with DCOM within the required timeout.
Error,11/06/2018 18:13:57,Microsoft-Windows-DistributedCOM,10010,None,The server {995C996E-D918-4A8C-A302-45719A6F4EA7} did not register with DCOM within the required timeout.
Error,11/06/2018 18:13:57,Microsoft-Windows-DistributedCOM,10010,None,The server {995C996E-D918-4A8C-A302-45719A6F4EA7} did not register with DCOM within the required timeout.
Error,11/06/2018 18:13:57,Microsoft-Windows-DistributedCOM,10010,None,The server {995C996E-D918-4A8C-A302-45719A6F4EA7} did not register with DCOM within the required timeout.
Information,11/06/2018 18:13:57,Service Control Manager,7040,None,The start type of the Touch Keyboard and Handwriting Panel Service service was changed from auto start to demand start.
Information,11/06/2018 18:13:54,Service Control Manager,7040,None,The start type of the Background Intelligent Transfer Service service was changed from demand start to auto start.
Warning,11/06/2018 17:09:31,Microsoft-Windows-DNS-Client,1014,(1014),Name resolution for the name r1---sn-4g5ednse.googlevideo.com timed out after none of the configured DNS servers responded.
Information,11/06/2018 16:37:13,Microsoft-Windows-Kernel-Power,507,(158),"The system is exiting connected standby 

Reason: Input Mouse."
Error,11/06/2018 16:37:13,Microsoft-Windows-DistributedCOM,10016,None,"The application-specific permission settings do not grant Local Activation permission for the COM Server application with CLSID 
{D63B10C5-BB46-4990-A94F-E40B9D520160}
 and APPID 
{9CA88EE3-ACB7-47C8-AFC4-AB702511C276}
 to the user NT AUTHORITY\LOCAL SERVICE SID (S-1-5-19) from address LocalHost (Using LRPC) running in the application container Unavailable SID (Unavailable). This security permission can be modified using the Component Services administrative tool."
Error,11/06/2018 16:32:43,Microsoft-Windows-DistributedCOM,10016,None,"The application-specific permission settings do not grant Local Activation permission for the COM Server application with CLSID 
{D63B10C5-BB46-4990-A94F-E40B9D520160}
 and APPID 
{9CA88EE3-ACB7-47C8-AFC4-AB702511C276}
 to the user NT AUTHORITY\LOCAL SERVICE SID (S-1-5-19) from address LocalHost (Using LRPC) running in the application container Unavailable SID (Unavailable). This security permission can be modified using the Component Services administrative tool."
Information,11/06/2018 16:32:42,Microsoft-Windows-Kernel-Power,506,(157),"The system is entering connected standby 

Reason: Idle Timeout."
Information,11/06/2018 16:31:42,Microsoft-Windows-Kernel-General,16,None,The access history in hive \??\C:\ProgramData\Microsoft\Provisioning\Microsoft-Desktop-Provisioning-Sequence.dat was cleared updating 0 keys and creating 0 modified pages.
Information,11/06/2018 15:59:13,Service Control Manager,7040,None,The start type of the Background Intelligent Transfer Service service was changed from auto start to demand start.
Error,11/06/2018 15:44:22,Service Control Manager,7000,None,"The Steam Client Service service failed to start due to the following error: 
The service did not respond to the start or control request in a timely fashion."
Error,11/06/2018 15:44:22,Service Control Manager,7009,None,A timeout was reached (30000 milliseconds) while waiting for the Steam Client Service service to connect.
Information,11/06/2018 15:43:48,Service Control Manager,7040,None,The start type of the Touch Keyboard and Handwriting Panel Service service was changed from demand start to auto start.
Information,11/06/2018 15:43:27,Microsoft-Windows-Kernel-General,16,None,The access history in hive \??\C:\Users\Philipp Wise\AppData\Local\Packages\Microsoft.WindowsStore_8wekyb3d8bbwe\Settings\settings.dat was cleared updating 14 keys and creating 3 modified pages.
Error,11/06/2018 15:43:18,Microsoft-Windows-DistributedCOM,10016,None,"The application-specific permission settings do not grant Local Activation permission for the COM Server application with CLSID 
{D63B10C5-BB46-4990-A94F-E40B9D520160}
 and APPID 
{9CA88EE3-ACB7-47C8-AFC4-AB702511C276}
 to the user DESKTOP-JRHB8O7\Philipp Wise SID (S-1-5-21-3472773844-1026657542-2222872734-1001) from address LocalHost (Using LRPC) running in the application container Unavailable SID (Unavailable). This security permission can be modified using the Component Services administrative tool."
Information,11/06/2018 15:43:16,Microsoft-Windows-Kernel-General,16,None,The access history in hive \??\C:\Users\Philipp Wise\AppData\Local\Packages\Microsoft.SkypeApp_kzf8qxf38zg5c\Settings\settings.dat was cleared updating 11 keys and creating 3 modified pages.
Information,11/06/2018 15:43:12,Microsoft-Windows-Kernel-General,16,None,The access history in hive \??\C:\Users\Philipp Wise\AppData\Local\Packages\Microsoft.Windows.Cortana_cw5n1h2txyewy\Settings\settings.dat was cleared updating 89 keys and creating 11 modified pages.
Information,11/06/2018 15:43:12,Microsoft-Windows-Kernel-General,16,None,The access history in hive \??\C:\Users\Philipp Wise\AppData\Local\Packages\Microsoft.Windows.ShellExperienceHost_cw5n1h2txyewy\Settings\settings.dat was cleared updating 4 keys and creating 1 modified pages.
Information,11/06/2018 15:43:08,Microsoft-Windows-Power-Troubleshooter,1,None,"The system has returned from a low power state.

Sleep Time: ‎2018‎-‎06‎-‎11T11:40:09.927019500Z
Wake Time: ‎2018‎-‎06‎-‎11T13:43:06.286157800Z

Wake Source: Unknown"
Error,11/06/2018 15:43:08,Microsoft-Windows-DistributedCOM,10016,None,"The application-specific permission settings do not grant Local Activation permission for the COM Server application with CLSID 
{6B3B8D23-FA8D-40B9-8DBD-B950333E2C52}
 and APPID 
{4839DDB7-58C2-48F5-8283-E1D1807D0D7D}
 to the user NT AUTHORITY\LOCAL SERVICE SID (S-1-5-19) from address LocalHost (Using LRPC) running in the application container Unavailable SID (Unavailable). This security permission can be modified using the Component Services administrative tool."
Error,11/06/2018 15:43:08,Microsoft-Windows-DistributedCOM,10016,None,"The application-specific permission settings do not grant Local Activation permission for the COM Server application with CLSID 
{6B3B8D23-FA8D-40B9-8DBD-B950333E2C52}
 and APPID 
{4839DDB7-58C2-48F5-8283-E1D1807D0D7D}
 to the user NT AUTHORITY\LOCAL SERVICE SID (S-1-5-19) from address LocalHost (Using LRPC) running in the application container Unavailable SID (Unavailable). This security permission can be modified using the Component Services administrative tool."
Error,11/06/2018 15:43:07,Microsoft-Windows-DistributedCOM,10016,None,"The application-specific permission settings do not grant Local Activation permission for the COM Server application with CLSID 
{D63B10C5-BB46-4990-A94F-E40B9D520160}
 and APPID 
{9CA88EE3-ACB7-47C8-AFC4-AB702511C276}
 to the user NT AUTHORITY\LOCAL SERVICE SID (S-1-5-19) from address LocalHost (Using LRPC) running in the application container Unavailable SID (Unavailable). This security permission can be modified using the Component Services administrative tool."
Information,11/06/2018 15:43:07,Microsoft-Windows-Kernel-General,16,None,The access history in hive \??\C:\Users\Philipp Wise\ntuser.dat was cleared updating 7283 keys and creating 786 modified pages.
Information,11/06/2018 15:43:07,Microsoft-Windows-Winlogon,7001,(1101),User Log-on Notification for Customer Experience Improvement Program
Information,11/06/2018 15:43:06,Microsoft-Windows-Kernel-General,16,None,The access history in hive \Device\HarddiskVolume1\EFI\Microsoft\Boot\BCD was cleared updating 193 keys and creating 9 modified pages.
Information,11/06/2018 15:43:06,Microsoft-Windows-Kernel-Boot,27,(33),The boot type was 0x1.
Information,11/06/2018 15:43:06,Microsoft-Windows-Kernel-Boot,25,(32),The boot menu policy was 0x1.
Information,11/06/2018 15:43:06,Microsoft-Windows-Kernel-Boot,32,(58),The bootmgr spent 0 ms waiting for user input.
Information,11/06/2018 15:43:06,Microsoft-Windows-Kernel-Boot,18,(57),There are 0x1 boot options on this system.
Information,11/06/2018 15:43:06,Microsoft-Windows-Kernel-Boot,30,(21),The firmware reported boot metrics.
Warning,11/06/2018 15:43:06,BTHUSB,34,None,The local adapter does not support an important Low Energy controller state to support peripheral mode. The minimum required supported state mask is 0x491f7fffff; got 0x1fffffff. Low Energy peripheral role functionality will not be available.
Information,11/06/2018 15:43:06,BTHUSB,18,None,Windows cannot store Bluetooth authentication codes (link keys) on the local adapter. Bluetooth keyboards might not work in the system BIOS during start-up.
Error,11/06/2018 15:43:05,Microsoft-Windows-NDIS,10317,PnP,"Miniport Microsoft Wi-Fi Direct Virtual Adapter #2, {F9D56E57-600D-4A91-ACF6-D434836E61B9}, had event Fatal error: The miniport has failed a power transition to operational power"
Warning,11/06/2018 15:43:05,Win32k,701,None,Power Manager has not requested suppresion of all input (INPUT_SUPPRESS_REQUEST=0)
Warning,11/06/2018 15:43:05,Win32k,701,None,Power Manager has not requested suppresion of all input (INPUT_SUPPRESS_REQUEST=0)
Information,11/06/2018 15:43:03,Microsoft-Windows-Kernel-General,1,(5),"The system time has changed to ‎2018‎-‎06‎-‎11T13:43:03.500000000Z from ‎2018‎-‎06‎-‎11T11:40:18.966918600Z.

Change Reason: System time synchronized with the hardware clock."
Information,11/06/2018 13:40:18,Microsoft-Windows-Kernel-Power,107,(102),The system has resumed from sleep.
Information,11/06/2018 13:40:17,Microsoft-Windows-Kernel-Power,42,(64),"The system is entering sleep.

Sleep Reason: Application API"
Warning,11/06/2018 13:40:12,Win32k,700,None,Power Manager has requested suppresion of all input (INPUT_SUPPRESS_REQUEST=1)
Warning,11/06/2018 13:40:12,Win32k,700,None,Power Manager has requested suppresion of all input (INPUT_SUPPRESS_REQUEST=1)
Warning,11/06/2018 13:40:12,Win32k,700,None,Power Manager has requested suppresion of all input (INPUT_SUPPRESS_REQUEST=1)
Information,11/06/2018 13:40:07,Win32k,267,None,Touch/Touchpad Hardware Quality Assurance verification succeeded.
Information,11/06/2018 13:40:07,Win32k,267,None,Touch/Touchpad Hardware Quality Assurance verification succeeded.
Information,11/06/2018 13:40:06,Service Control Manager,7040,None,The start type of the Touch Keyboard and Handwriting Panel Service service was changed from auto start to demand start.
Information,11/06/2018 13:40:05,Microsoft-Windows-Winlogon,7002,(1102),User Log-off Notification for Customer Experience Improvement Program
Error,11/06/2018 13:40:05,Microsoft-Windows-DistributedCOM,10010,None,The server {995C996E-D918-4A8C-A302-45719A6F4EA7} did not register with DCOM within the required timeout.
Information,11/06/2018 13:38:40,Microsoft-Windows-Kernel-Power,507,(158),"The system is exiting connected standby 

Reason: Input Keyboard."
Error,11/06/2018 13:38:22,Microsoft-Windows-DistributedCOM,10016,None,"The application-specific permission settings do not grant Local Activation permission for the COM Server application with CLSID 
{D63B10C5-BB46-4990-A94F-E40B9D520160}
 and APPID 
{9CA88EE3-ACB7-47C8-AFC4-AB702511C276}
 to the user NT AUTHORITY\LOCAL SERVICE SID (S-1-5-19) from address LocalHost (Using LRPC) running in the application container Unavailable SID (Unavailable). This security permission can be modified using the Component Services administrative tool."
Information,11/06/2018 13:38:21,Microsoft-Windows-Kernel-Power,506,(157),"The system is entering connected standby 

Reason: Idle Timeout."
Information,11/06/2018 13:34:46,Microsoft-Windows-Kernel-Power,105,(100),Power source change.
Information,11/06/2018 13:30:49,Microsoft-Windows-Kernel-General,15,None,Hive \SystemRoot\System32\config\DRIVERS was reorganized with a starting size of 5042176 bytes and an ending size of 5115904 bytes.
Error,11/06/2018 13:30:39,Microsoft-Windows-DistributedCOM,10016,None,"The application-specific permission settings do not grant Local Activation permission for the COM Server application with CLSID 
{D63B10C5-BB46-4990-A94F-E40B9D520160}
 and APPID 
{9CA88EE3-ACB7-47C8-AFC4-AB702511C276}
 to the user NT AUTHORITY\LOCAL SERVICE SID (S-1-5-19) from address LocalHost (Using LRPC) running in the application container Unavailable SID (Unavailable). This security permission can be modified using the Component Services administrative tool."
Warning,11/06/2018 13:06:49,Microsoft-Windows-DNS-Client,1014,(1014),Name resolution for the name api-public.addthis.com timed out after none of the configured DNS servers responded.
Warning,11/06/2018 12:26:32,Microsoft-Windows-DNS-Client,1014,(1014),Name resolution for the name wpad timed out after none of the configured DNS servers responded.
Error,11/06/2018 12:22:49,Microsoft-Windows-DistributedCOM,10016,None,"The application-specific permission settings do not grant Local Activation permission for the COM Server application with CLSID 
{D63B10C5-BB46-4990-A94F-E40B9D520160}
 and APPID 
{9CA88EE3-ACB7-47C8-AFC4-AB702511C276}
 to the user DESKTOP-JRHB8O7\Philipp Wise SID (S-1-5-21-3472773844-1026657542-2222872734-1001) from address LocalHost (Using LRPC) running in the application container Unavailable SID (Unavailable). This security permission can be modified using the Component Services administrative tool."
Information,11/06/2018 12:21:57,Microsoft-Windows-Kernel-General,1,(5),"The system time has changed to ‎2018‎-‎06‎-‎11T10:21:57.557557000Z from ‎2018‎-‎06‎-‎11T10:21:57.557569800Z.

Change Reason: An application or system component changed the time."
Information,11/06/2018 12:21:57,Microsoft-Windows-Time-Service,35,None,"The time service is now synchronizing the system time with the time source time.windows.com,0x9 (ntp.m|0x9|0.0.0.0:123->52.166.120.77:123) with reference id 1299752500. Current local stratum number is 3."
Information,11/06/2018 12:21:47,Microsoft-Windows-Kernel-Power,507,(158),"The system is exiting connected standby 

Reason: Input Mouse."
Information,11/06/2018 12:21:43,Microsoft-Windows-Time-Service,37,None,"The time provider NtpClient is currently receiving valid time data from time.windows.com,0x9 (ntp.m|0x9|0.0.0.0:123->52.166.120.77:123)."
Information,11/06/2018 12:21:42,Microsoft-Windows-Kernel-Power,506,(157),"The system is entering connected standby 

Reason: AC/DC Display Burst."
Information,11/06/2018 12:21:41,Microsoft-Windows-Time-Service,158,None,The time provider 'VMICTimeProvider' has indicated that the current hardware and operating environment is not supported and has stopped. This behavior is expected for VMICTimeProvider on non-HyperV-guest environments. This may be the expected behavior for the current provider in the current operating environment as well.
Information,11/06/2018 12:21:37,Microsoft-Windows-Kernel-Power,507,(158),"The system is exiting connected standby 

Reason: AC/DC Display Burst."
Information,11/06/2018 12:21:36,Microsoft-Windows-Kernel-Power,105,(100),Power source change.
Error,11/06/2018 12:21:34,Microsoft-Windows-DistributedCOM,10016,None,"The application-specific permission settings do not grant Local Activation permission for the COM Server application with CLSID 
{D63B10C5-BB46-4990-A94F-E40B9D520160}
 and APPID 
{9CA88EE3-ACB7-47C8-AFC4-AB702511C276}
 to the user NT AUTHORITY\LOCAL SERVICE SID (S-1-5-19) from address LocalHost (Using LRPC) running in the application container Unavailable SID (Unavailable). This security permission can be modified using the Component Services administrative tool."
Information,11/06/2018 12:21:33,Microsoft-Windows-Kernel-Power,506,(157),"The system is entering connected standby 

Reason: Idle Timeout."
Warning,11/06/2018 12:18:30,Win32k,701,None,Power Manager has not requested suppresion of all input (INPUT_SUPPRESS_REQUEST=0)
Warning,11/06/2018 12:18:30,Win32k,701,None,Power Manager has not requested suppresion of all input (INPUT_SUPPRESS_REQUEST=0)
Information,11/06/2018 12:18:30,Microsoft-Windows-Kernel-Power,507,(158),"The system is exiting connected standby 

Reason: Input Touch."
Error,11/06/2018 12:18:22,Microsoft-Windows-DistributedCOM,10016,None,"The application-specific permission settings do not grant Local Activation permission for the COM Server application with CLSID 
{D63B10C5-BB46-4990-A94F-E40B9D520160}
 and APPID 
{9CA88EE3-ACB7-47C8-AFC4-AB702511C276}
 to the user NT AUTHORITY\LOCAL SERVICE SID (S-1-5-19) from address LocalHost (Using LRPC) running in the application container Unavailable SID (Unavailable). This security permission can be modified using the Component Services administrative tool."
Warning,11/06/2018 12:18:21,Win32k,700,None,Power Manager has requested suppresion of all input (INPUT_SUPPRESS_REQUEST=1)
Warning,11/06/2018 12:18:21,Win32k,700,None,Power Manager has requested suppresion of all input (INPUT_SUPPRESS_REQUEST=1)
Information,11/06/2018 12:18:21,Microsoft-Windows-Kernel-Power,506,(157),"The system is entering connected standby 

Reason: Idle Timeout."
Warning,11/06/2018 12:16:25,Microsoft-Windows-DNS-Client,1014,(1014),Name resolution for the name wpad timed out after none of the configured DNS servers responded.
Warning,11/06/2018 12:14:54,Microsoft-Windows-DNS-Client,1014,(1014),Name resolution for the name client.wns.windows.com timed out after none of the configured DNS servers responded.
Warning,11/06/2018 12:10:27,Microsoft-Windows-DNS-Client,1014,(1014),Name resolution for the name wpad timed out after none of the configured DNS servers responded.
Warning,11/06/2018 12:10:17,Microsoft-Windows-DNS-Client,1014,(1014),Name resolution for the name wpad timed out after none of the configured DNS servers responded.
Warning,11/06/2018 12:01:03,Win32k,701,None,Power Manager has not requested suppresion of all input (INPUT_SUPPRESS_REQUEST=0)
Warning,11/06/2018 12:01:03,Win32k,701,None,Power Manager has not requested suppresion of all input (INPUT_SUPPRESS_REQUEST=0)
Information,11/06/2018 12:01:03,Microsoft-Windows-Kernel-Power,507,(158),"The system is exiting connected standby 

Reason: Input Touch."
Error,11/06/2018 12:01:03,Microsoft-Windows-DistributedCOM,10016,None,"The application-specific permission settings do not grant Local Activation permission for the COM Server application with CLSID 
{D63B10C5-BB46-4990-A94F-E40B9D520160}
 and APPID 
{9CA88EE3-ACB7-47C8-AFC4-AB702511C276}
 to the user NT AUTHORITY\LOCAL SERVICE SID (S-1-5-19) from address LocalHost (Using LRPC) running in the application container Unavailable SID (Unavailable). This security permission can be modified using the Component Services administrative tool."
Information,11/06/2018 12:00:25,EventLog,6013,None,The system uptime is 437205 seconds.
Warning,11/06/2018 11:59:27,Win32k,700,None,Power Manager has requested suppresion of all input (INPUT_SUPPRESS_REQUEST=1)
Warning,11/06/2018 11:59:27,Win32k,700,None,Power Manager has requested suppresion of all input (INPUT_SUPPRESS_REQUEST=1)
Information,11/06/2018 11:59:27,Microsoft-Windows-Kernel-Power,506,(157),"The system is entering connected standby 

Reason: Idle Timeout."
Error,11/06/2018 11:58:56,Microsoft-Windows-DistributedCOM,10016,None,"The application-specific permission settings do not grant Local Activation permission for the COM Server application with CLSID 
{D63B10C5-BB46-4990-A94F-E40B9D520160}
 and APPID 
{9CA88EE3-ACB7-47C8-AFC4-AB702511C276}
 to the user NT AUTHORITY\LOCAL SERVICE SID (S-1-5-19) from address LocalHost (Using LRPC) running in the application container Unavailable SID (Unavailable). This security permission can be modified using the Component Services administrative tool."
Warning,11/06/2018 11:58:55,Win32k,701,None,Power Manager has not requested suppresion of all input (INPUT_SUPPRESS_REQUEST=0)
Warning,11/06/2018 11:58:55,Win32k,701,None,Power Manager has not requested suppresion of all input (INPUT_SUPPRESS_REQUEST=0)
Information,11/06/2018 11:58:55,Microsoft-Windows-Kernel-Power,507,(158),"The system is exiting connected standby 

Reason: Input Mouse."
Warning,11/06/2018 11:58:54,Win32k,700,None,Power Manager has requested suppresion of all input (INPUT_SUPPRESS_REQUEST=1)
