Information,26/07/2018 10:36:40,Microsoft-Windows-Kernel-General,16,None,The access history in hive \??\C:\Users\Philipp Wise\AppData\Local\Packages\Microsoft.GetHelp_8wekyb3d8bbwe\Settings\settings.dat was cleared updating 1 keys and creating 1 modified pages.
Information,26/07/2018 10:36:37,Microsoft-Windows-Kernel-General,16,None,The access history in hive \??\C:\ProgramData\Microsoft\Windows\AppRepository\Packages\Microsoft.OneConnect_5.1807.1991.0_x64__8wekyb3d8bbwe\ActivationStore.dat was cleared updating 0 keys and creating 0 modified pages.
Information,26/07/2018 10:36:37,Microsoft-Windows-Kernel-General,16,None,The access history in hive \??\C:\ProgramData\Microsoft\Windows\AppRepository\Packages\Microsoft.GetHelp_10.1706.11801.0_x64__8wekyb3d8bbwe\ActivationStore.dat was cleared updating 0 keys and creating 0 modified pages.
Information,26/07/2018 10:36:24,Microsoft-Windows-WindowsUpdateClient,44,Windows Update Agent,Windows Update started downloading an update.
Information,26/07/2018 10:36:24,Microsoft-Windows-WindowsUpdateClient,44,Windows Update Agent,Windows Update started downloading an update.
Information,26/07/2018 10:36:24,Microsoft-Windows-WindowsUpdateClient,44,Windows Update Agent,Windows Update started downloading an update.
Error,26/07/2018 10:35:55,Microsoft-Windows-DistributedCOM,10016,None,"The application-specific permission settings do not grant Local Activation permission for the COM Server application with CLSID 
{D63B10C5-BB46-4990-A94F-E40B9D520160}
 and APPID 
{9CA88EE3-ACB7-47C8-AFC4-AB702511C276}
 to the user NT AUTHORITY\LOCAL SERVICE SID (S-1-5-19) from address LocalHost (Using LRPC) running in the application container Unavailable SID (Unavailable). This security permission can be modified using the Component Services administrative tool."
Information,26/07/2018 10:35:53,Microsoft-Windows-Kernel-General,15,None,Hive \??\C:\WINDOWS\System32\config\COMPONENTS was reorganized with a starting size of 77856768 bytes and an ending size of 57643008 bytes.
Information,26/07/2018 10:34:25,Microsoft-Windows-WindowsUpdateClient,19,Windows Update Agent,Installation Successful: Windows successfully installed the following update: Definition Update for Windows Defender Antivirus - KB2267602 (Definition 1.273.371.0)
Information,26/07/2018 10:34:05,Microsoft-Windows-WindowsUpdateClient,43,Windows Update Agent,Installation Started: Windows has started installing the following update: Definition Update for Windows Defender Antivirus - KB2267602 (Definition 1.273.371.0)
Information,26/07/2018 10:33:45,Microsoft-Windows-WindowsUpdateClient,44,Windows Update Agent,Windows Update started downloading an update.
Information,26/07/2018 10:33:24,Microsoft-Windows-Kernel-General,16,None,The access history in hive \??\C:\Users\Philipp Wise\AppData\Local\Packages\Microsoft.WindowsFeedbackHub_8wekyb3d8bbwe\Settings\settings.dat was cleared updating 2 keys and creating 1 modified pages.
Information,26/07/2018 10:33:19,Microsoft-Windows-Kernel-General,16,None,The access history in hive \??\C:\Users\Philipp Wise\AppData\Local\Packages\Microsoft.WindowsStore_8wekyb3d8bbwe\Settings\settings.dat was cleared updating 14 keys and creating 3 modified pages.
Information,26/07/2018 10:33:19,Microsoft-Windows-Kernel-General,16,None,The access history in hive \??\C:\Users\Philipp Wise\AppData\Local\Packages\Microsoft.SurfaceHub_8wekyb3d8bbwe\Settings\settings.dat was cleared updating 4 keys and creating 1 modified pages.
Information,26/07/2018 10:33:12,Microsoft-Windows-Kernel-General,16,None,The access history in hive \??\C:\Users\Philipp Wise\AppData\Local\Packages\Microsoft.MicrosoftOfficeHub_8wekyb3d8bbwe\Settings\settings.dat was cleared updating 46 keys and creating 10 modified pages.
Error,26/07/2018 10:32:59,Microsoft-Windows-DistributedCOM,10016,None,"The application-specific permission settings do not grant Local Activation permission for the COM Server application with CLSID 
{D63B10C5-BB46-4990-A94F-E40B9D520160}
 and APPID 
{9CA88EE3-ACB7-47C8-AFC4-AB702511C276}
 to the user DESKTOP-JRHB8O7\Philipp Wise SID (S-1-5-21-3472773844-1026657542-2222872734-1001) from address LocalHost (Using LRPC) running in the application container Unavailable SID (Unavailable). This security permission can be modified using the Component Services administrative tool."
Information,26/07/2018 10:32:57,Microsoft-Windows-Kernel-General,16,None,The access history in hive \??\C:\Users\Philipp Wise\AppData\Local\Packages\Microsoft.ZuneVideo_8wekyb3d8bbwe\Settings\settings.dat was cleared updating 14 keys and creating 3 modified pages.
Information,26/07/2018 10:32:56,Microsoft-Windows-Kernel-General,16,None,The access history in hive \??\C:\Users\Philipp Wise\AppData\Local\Packages\microsoft.windowscommunicationsapps_8wekyb3d8bbwe\Settings\settings.dat was cleared updating 96 keys and creating 26 modified pages.
Information,26/07/2018 10:32:54,Microsoft-Windows-Kernel-General,16,None,The access history in hive \??\C:\Users\Philipp Wise\AppData\Local\Packages\Microsoft.SkypeApp_kzf8qxf38zg5c\Settings\settings.dat was cleared updating 11 keys and creating 3 modified pages.
Information,26/07/2018 10:32:50,Microsoft-Windows-Kernel-General,16,None,The access history in hive \??\C:\Users\Philipp Wise\AppData\Local\Packages\Microsoft.Windows.ContentDeliveryManager_cw5n1h2txyewy\Settings\settings.dat was cleared updating 766 keys and creating 81 modified pages.
Information,26/07/2018 10:32:44,Microsoft-Windows-Kernel-General,16,None,The access history in hive \??\C:\Users\Philipp Wise\AppData\Local\Packages\Microsoft.Windows.Cortana_cw5n1h2txyewy\Settings\settings.dat was cleared updating 35 keys and creating 9 modified pages.
Information,26/07/2018 10:32:43,Microsoft-Windows-Kernel-General,16,None,The access history in hive \??\C:\Users\Philipp Wise\AppData\Local\Packages\Microsoft.Windows.ShellExperienceHost_cw5n1h2txyewy\Settings\settings.dat was cleared updating 3 keys and creating 1 modified pages.
Error,26/07/2018 10:32:40,Microsoft-Windows-DistributedCOM,10016,None,"The application-specific permission settings do not grant Local Activation permission for the COM Server application with CLSID 
{6B3B8D23-FA8D-40B9-8DBD-B950333E2C52}
 and APPID 
{4839DDB7-58C2-48F5-8283-E1D1807D0D7D}
 to the user NT AUTHORITY\LOCAL SERVICE SID (S-1-5-19) from address LocalHost (Using LRPC) running in the application container Unavailable SID (Unavailable). This security permission can be modified using the Component Services administrative tool."
Error,26/07/2018 10:32:40,Microsoft-Windows-DistributedCOM,10016,None,"The application-specific permission settings do not grant Local Activation permission for the COM Server application with CLSID 
{6B3B8D23-FA8D-40B9-8DBD-B950333E2C52}
 and APPID 
{4839DDB7-58C2-48F5-8283-E1D1807D0D7D}
 to the user NT AUTHORITY\LOCAL SERVICE SID (S-1-5-19) from address LocalHost (Using LRPC) running in the application container Unavailable SID (Unavailable). This security permission can be modified using the Component Services administrative tool."
Information,26/07/2018 10:32:40,Microsoft-Windows-Power-Troubleshooter,1,None,"The system has returned from a low power state.

Sleep Time: ‎2018‎-‎07‎-‎21T12:07:32.985210900Z
Wake Time: ‎2018‎-‎07‎-‎26T08:32:38.288590600Z

Wake Source: Unknown"
Warning,26/07/2018 10:32:40,BTHUSB,34,None,The local adapter does not support an important Low Energy controller state to support peripheral mode. The minimum required supported state mask is 0x491f7fffff; got 0x1fffffff. Low Energy peripheral role functionality will not be available.
Information,26/07/2018 10:32:40,BTHUSB,18,None,Windows cannot store Bluetooth authentication codes (link keys) on the local adapter. Bluetooth keyboards might not work in the system BIOS during start-up.
Error,26/07/2018 10:32:39,Microsoft-Windows-DistributedCOM,10016,None,"The application-specific permission settings do not grant Local Activation permission for the COM Server application with CLSID 
{D63B10C5-BB46-4990-A94F-E40B9D520160}
 and APPID 
{9CA88EE3-ACB7-47C8-AFC4-AB702511C276}
 to the user NT AUTHORITY\LOCAL SERVICE SID (S-1-5-19) from address LocalHost (Using LRPC) running in the application container Unavailable SID (Unavailable). This security permission can be modified using the Component Services administrative tool."
Information,26/07/2018 10:32:38,Microsoft-Windows-Kernel-General,15,None,Hive \??\C:\Users\Philipp Wise\AppData\Local\Microsoft\Windows\UsrClass.dat was reorganized with a starting size of 6434816 bytes and an ending size of 6373376 bytes.
Information,26/07/2018 10:32:38,Microsoft-Windows-Kernel-General,16,None,The access history in hive \??\C:\Users\Philipp Wise\ntuser.dat was cleared updating 3483 keys and creating 623 modified pages.
Information,26/07/2018 10:32:38,Microsoft-Windows-Winlogon,7001,(1101),User Log-on Notification for Customer Experience Improvement Program
Error,26/07/2018 10:32:38,BTHUSB,17,None,The local Bluetooth adapter has failed in an undetermined manner and will not be used. The driver has been unloaded.
Information,26/07/2018 10:32:38,Microsoft-Windows-Kernel-General,16,None,The access history in hive \Device\HarddiskVolume1\EFI\Microsoft\Boot\BCD was cleared updating 83 keys and creating 6 modified pages.
Information,26/07/2018 10:32:38,Microsoft-Windows-Kernel-Boot,27,(33),The boot type was 0x1.
Information,26/07/2018 10:32:38,Microsoft-Windows-Kernel-Boot,25,(32),The boot menu policy was 0x1.
Information,26/07/2018 10:32:38,Microsoft-Windows-Kernel-Boot,32,(58),The bootmgr spent 0 ms waiting for user input.
Information,26/07/2018 10:32:38,Microsoft-Windows-Kernel-Boot,18,(57),There are 0x1 boot options on this system.
Information,26/07/2018 10:32:38,Microsoft-Windows-Kernel-Boot,30,(21),The firmware reported boot metrics.
Information,26/07/2018 10:32:37,Microsoft-Windows-Kernel-Power,105,(100),Power source change.
Information,26/07/2018 10:32:36,Microsoft-Windows-Kernel-General,1,(5),"The system time has changed to ‎2018‎-‎07‎-‎26T08:32:36.500000000Z from ‎2018‎-‎07‎-‎21T12:07:40.311600200Z.

Change Reason: System time synchronized with the hardware clock."
Information,21/07/2018 14:07:40,Microsoft-Windows-Kernel-Power,107,(102),The system has resumed from sleep.
Information,26/07/2018 10:32:37,EventLog,6013,None,The system uptime is 1213804 seconds.
Information,21/07/2018 14:07:38,Microsoft-Windows-Kernel-Power,42,(64),"The system is entering sleep.

Sleep Reason: Application API"
Information,21/07/2018 14:07:32,Win32k,267,None,Touch/Touchpad Hardware Quality Assurance verification succeeded.
Information,21/07/2018 14:07:32,Win32k,267,None,Touch/Touchpad Hardware Quality Assurance verification succeeded.
Information,21/07/2018 14:07:32,Microsoft-Windows-Winlogon,7002,(1102),User Log-off Notification for Customer Experience Improvement Program
Information,21/07/2018 12:58:29,Microsoft-Windows-Kernel-Power,507,(158),"The system is exiting connected standby 

Reason: Input Mouse."
Error,21/07/2018 12:58:28,Microsoft-Windows-DistributedCOM,10016,None,"The application-specific permission settings do not grant Local Activation permission for the COM Server application with CLSID 
{D63B10C5-BB46-4990-A94F-E40B9D520160}
 and APPID 
{9CA88EE3-ACB7-47C8-AFC4-AB702511C276}
 to the user NT AUTHORITY\LOCAL SERVICE SID (S-1-5-19) from address LocalHost (Using LRPC) running in the application container Unavailable SID (Unavailable). This security permission can be modified using the Component Services administrative tool."
Information,21/07/2018 12:58:28,Microsoft-Windows-Kernel-Power,506,(157),"The system is entering connected standby 

Reason: Idle Timeout."
Information,21/07/2018 12:24:31,Microsoft-Windows-Kernel-Power,507,(158),"The system is exiting connected standby 

Reason: Input Mouse."
Error,21/07/2018 12:24:30,Microsoft-Windows-DistributedCOM,10016,None,"The application-specific permission settings do not grant Local Activation permission for the COM Server application with CLSID 
{D63B10C5-BB46-4990-A94F-E40B9D520160}
 and APPID 
{9CA88EE3-ACB7-47C8-AFC4-AB702511C276}
 to the user NT AUTHORITY\LOCAL SERVICE SID (S-1-5-19) from address LocalHost (Using LRPC) running in the application container Unavailable SID (Unavailable). This security permission can be modified using the Component Services administrative tool."
Error,21/07/2018 12:02:38,Service Control Manager,7011,None,A timeout (30000 milliseconds) was reached while waiting for a transaction response from the WSearch service.
Error,21/07/2018 12:01:49,Microsoft-Windows-DistributedCOM,10016,None,"The application-specific permission settings do not grant Local Activation permission for the COM Server application with CLSID 
{D63B10C5-BB46-4990-A94F-E40B9D520160}
 and APPID 
{9CA88EE3-ACB7-47C8-AFC4-AB702511C276}
 to the user NT AUTHORITY\LOCAL SERVICE SID (S-1-5-19) from address LocalHost (Using LRPC) running in the application container Unavailable SID (Unavailable). This security permission can be modified using the Component Services administrative tool."
Information,21/07/2018 12:01:48,Microsoft-Windows-Kernel-Power,506,(157),"The system is entering connected standby 

Reason: Idle Timeout."
Information,21/07/2018 12:00:00,EventLog,6013,None,The system uptime is 787049 seconds.
Information,21/07/2018 11:37:41,Microsoft-Windows-Kernel-Power,507,(158),"The system is exiting connected standby 

Reason: Input Mouse."
Error,21/07/2018 11:37:41,Microsoft-Windows-DistributedCOM,10016,None,"The application-specific permission settings do not grant Local Activation permission for the COM Server application with CLSID 
{D63B10C5-BB46-4990-A94F-E40B9D520160}
 and APPID 
{9CA88EE3-ACB7-47C8-AFC4-AB702511C276}
 to the user NT AUTHORITY\LOCAL SERVICE SID (S-1-5-19) from address LocalHost (Using LRPC) running in the application container Unavailable SID (Unavailable). This security permission can be modified using the Component Services administrative tool."
Error,21/07/2018 11:33:54,Service Control Manager,7011,None,A timeout (30000 milliseconds) was reached while waiting for a transaction response from the WSearch service.
Error,21/07/2018 11:28:46,Microsoft-Windows-DistributedCOM,10016,None,"The application-specific permission settings do not grant Local Activation permission for the COM Server application with CLSID 
{D63B10C5-BB46-4990-A94F-E40B9D520160}
 and APPID 
{9CA88EE3-ACB7-47C8-AFC4-AB702511C276}
 to the user NT AUTHORITY\LOCAL SERVICE SID (S-1-5-19) from address LocalHost (Using LRPC) running in the application container Unavailable SID (Unavailable). This security permission can be modified using the Component Services administrative tool."
Information,21/07/2018 11:28:45,Microsoft-Windows-Kernel-Power,506,(157),"The system is entering connected standby 

Reason: Idle Timeout."
Information,21/07/2018 10:13:11,Microsoft-Windows-Kernel-Power,507,(158),"The system is exiting connected standby 

Reason: Input Mouse."
Error,21/07/2018 10:13:11,Microsoft-Windows-DistributedCOM,10016,None,"The application-specific permission settings do not grant Local Activation permission for the COM Server application with CLSID 
{D63B10C5-BB46-4990-A94F-E40B9D520160}
 and APPID 
{9CA88EE3-ACB7-47C8-AFC4-AB702511C276}
 to the user NT AUTHORITY\LOCAL SERVICE SID (S-1-5-19) from address LocalHost (Using LRPC) running in the application container Unavailable SID (Unavailable). This security permission can be modified using the Component Services administrative tool."
Error,21/07/2018 10:08:59,Microsoft-Windows-DistributedCOM,10016,None,"The application-specific permission settings do not grant Local Activation permission for the COM Server application with CLSID 
{D63B10C5-BB46-4990-A94F-E40B9D520160}
 and APPID 
{9CA88EE3-ACB7-47C8-AFC4-AB702511C276}
 to the user NT AUTHORITY\LOCAL SERVICE SID (S-1-5-19) from address LocalHost (Using LRPC) running in the application container Unavailable SID (Unavailable). This security permission can be modified using the Component Services administrative tool."
Information,21/07/2018 10:08:58,Microsoft-Windows-Kernel-Power,506,(157),"The system is entering connected standby 

Reason: Idle Timeout."
Information,21/07/2018 10:03:50,Microsoft-Windows-Kernel-General,16,None,The access history in hive \??\C:\ProgramData\Microsoft\Provisioning\Microsoft-Desktop-Provisioning-Sequence.dat was cleared updating 0 keys and creating 0 modified pages.
Error,21/07/2018 09:26:36,Microsoft-Windows-DistributedCOM,10016,None,"The application-specific permission settings do not grant Local Activation permission for the COM Server application with CLSID 
{D63B10C5-BB46-4990-A94F-E40B9D520160}
 and APPID 
{9CA88EE3-ACB7-47C8-AFC4-AB702511C276}
 to the user NT AUTHORITY\LOCAL SERVICE SID (S-1-5-19) from address LocalHost (Using LRPC) running in the application container Unavailable SID (Unavailable). This security permission can be modified using the Component Services administrative tool."
Error,21/07/2018 09:23:40,Microsoft-Windows-DistributedCOM,10016,None,"The application-specific permission settings do not grant Local Activation permission for the COM Server application with CLSID 
{6B3B8D23-FA8D-40B9-8DBD-B950333E2C52}
 and APPID 
{4839DDB7-58C2-48F5-8283-E1D1807D0D7D}
 to the user NT AUTHORITY\LOCAL SERVICE SID (S-1-5-19) from address LocalHost (Using LRPC) running in the application container Unavailable SID (Unavailable). This security permission can be modified using the Component Services administrative tool."
Error,21/07/2018 09:23:40,Microsoft-Windows-DistributedCOM,10016,None,"The application-specific permission settings do not grant Local Activation permission for the COM Server application with CLSID 
{6B3B8D23-FA8D-40B9-8DBD-B950333E2C52}
 and APPID 
{4839DDB7-58C2-48F5-8283-E1D1807D0D7D}
 to the user NT AUTHORITY\LOCAL SERVICE SID (S-1-5-19) from address LocalHost (Using LRPC) running in the application container Unavailable SID (Unavailable). This security permission can be modified using the Component Services administrative tool."
Error,21/07/2018 09:23:39,Microsoft-Windows-DistributedCOM,10016,None,"The application-specific permission settings do not grant Local Activation permission for the COM Server application with CLSID 
{D63B10C5-BB46-4990-A94F-E40B9D520160}
 and APPID 
{9CA88EE3-ACB7-47C8-AFC4-AB702511C276}
 to the user NT AUTHORITY\LOCAL SERVICE SID (S-1-5-19) from address LocalHost (Using LRPC) running in the application container Unavailable SID (Unavailable). This security permission can be modified using the Component Services administrative tool."
Information,21/07/2018 09:23:39,Microsoft-Windows-Power-Troubleshooter,1,None,"The system has returned from a low power state.

Sleep Time: ‎2018‎-‎07‎-‎20T13:04:32.087663700Z
Wake Time: ‎2018‎-‎07‎-‎21T07:23:37.495595500Z

Wake Source: Unknown"
Warning,21/07/2018 09:23:38,BTHUSB,34,None,The local adapter does not support an important Low Energy controller state to support peripheral mode. The minimum required supported state mask is 0x491f7fffff; got 0x1fffffff. Low Energy peripheral role functionality will not be available.
Information,21/07/2018 09:23:38,BTHUSB,18,None,Windows cannot store Bluetooth authentication codes (link keys) on the local adapter. Bluetooth keyboards might not work in the system BIOS during start-up.
Information,21/07/2018 09:23:38,Microsoft-Windows-Winlogon,7001,(1101),User Log-on Notification for Customer Experience Improvement Program
Error,21/07/2018 09:23:37,BTHUSB,17,None,The local Bluetooth adapter has failed in an undetermined manner and will not be used. The driver has been unloaded.
Information,21/07/2018 09:23:37,Microsoft-Windows-Kernel-Boot,27,(33),The boot type was 0x1.
Information,21/07/2018 09:23:37,Microsoft-Windows-Kernel-Boot,25,(32),The boot menu policy was 0x1.
Information,21/07/2018 09:23:37,Microsoft-Windows-Kernel-Boot,32,(58),The bootmgr spent 0 ms waiting for user input.
Information,21/07/2018 09:23:37,Microsoft-Windows-Kernel-Boot,18,(57),There are 0x1 boot options on this system.
Information,21/07/2018 09:23:37,Microsoft-Windows-Kernel-Boot,30,(21),The firmware reported boot metrics.
Information,21/07/2018 09:23:36,Microsoft-Windows-Kernel-Power,105,(100),Power source change.
Information,21/07/2018 09:23:35,Microsoft-Windows-Kernel-General,1,(5),"The system time has changed to ‎2018‎-‎07‎-‎21T07:23:35.500000000Z from ‎2018‎-‎07‎-‎20T13:04:39.483989100Z.

Change Reason: System time synchronized with the hardware clock."
Information,20/07/2018 15:04:39,Microsoft-Windows-Kernel-Power,107,(102),The system has resumed from sleep.
Information,20/07/2018 15:04:38,Microsoft-Windows-Kernel-Power,42,(64),"The system is entering sleep.

Sleep Reason: Application API"
Information,20/07/2018 15:04:31,Win32k,267,None,Touch/Touchpad Hardware Quality Assurance verification succeeded.
Information,20/07/2018 15:04:31,Win32k,267,None,Touch/Touchpad Hardware Quality Assurance verification succeeded.
Information,20/07/2018 15:04:30,Microsoft-Windows-Winlogon,7002,(1102),User Log-off Notification for Customer Experience Improvement Program
Information,20/07/2018 15:04:25,Service Control Manager,7040,None,The start type of the Background Intelligent Transfer Service service was changed from demand start to auto start.
Information,20/07/2018 13:37:48,Service Control Manager,7040,None,The start type of the Background Intelligent Transfer Service service was changed from auto start to demand start.
Error,20/07/2018 13:29:40,Microsoft-Windows-DistributedCOM,10016,None,"The application-specific permission settings do not grant Local Activation permission for the COM Server application with CLSID 
{D63B10C5-BB46-4990-A94F-E40B9D520160}
 and APPID 
{9CA88EE3-ACB7-47C8-AFC4-AB702511C276}
 to the user DESKTOP-JRHB8O7\Philipp Wise SID (S-1-5-21-3472773844-1026657542-2222872734-1001) from address LocalHost (Using LRPC) running in the application container Unavailable SID (Unavailable). This security permission can be modified using the Component Services administrative tool."
Information,20/07/2018 13:29:38,Service Control Manager,7040,None,The start type of the Touch Keyboard and Handwriting Panel Service service was changed from demand start to auto start.
Error,20/07/2018 13:27:32,Microsoft-Windows-DistributedCOM,10016,None,"The application-specific permission settings do not grant Local Activation permission for the COM Server application with CLSID 
{6B3B8D23-FA8D-40B9-8DBD-B950333E2C52}
 and APPID 
{4839DDB7-58C2-48F5-8283-E1D1807D0D7D}
 to the user NT AUTHORITY\LOCAL SERVICE SID (S-1-5-19) from address LocalHost (Using LRPC) running in the application container Unavailable SID (Unavailable). This security permission can be modified using the Component Services administrative tool."
Error,20/07/2018 13:27:32,Microsoft-Windows-DistributedCOM,10016,None,"The application-specific permission settings do not grant Local Activation permission for the COM Server application with CLSID 
{6B3B8D23-FA8D-40B9-8DBD-B950333E2C52}
 and APPID 
{4839DDB7-58C2-48F5-8283-E1D1807D0D7D}
 to the user NT AUTHORITY\LOCAL SERVICE SID (S-1-5-19) from address LocalHost (Using LRPC) running in the application container Unavailable SID (Unavailable). This security permission can be modified using the Component Services administrative tool."
Error,20/07/2018 13:27:32,Microsoft-Windows-DistributedCOM,10016,None,"The application-specific permission settings do not grant Local Activation permission for the COM Server application with CLSID 
{D63B10C5-BB46-4990-A94F-E40B9D520160}
 and APPID 
{9CA88EE3-ACB7-47C8-AFC4-AB702511C276}
 to the user NT AUTHORITY\LOCAL SERVICE SID (S-1-5-19) from address LocalHost (Using LRPC) running in the application container Unavailable SID (Unavailable). This security permission can be modified using the Component Services administrative tool."
Information,20/07/2018 13:27:31,Microsoft-Windows-Winlogon,7001,(1101),User Log-on Notification for Customer Experience Improvement Program
Information,20/07/2018 13:27:31,Microsoft-Windows-Power-Troubleshooter,1,None,"The system has returned from a low power state.

Sleep Time: ‎2018‎-‎07‎-‎20T10:57:15.026262700Z
Wake Time: ‎2018‎-‎07‎-‎20T11:27:29.260124000Z

Wake Source: Unknown"
Error,20/07/2018 13:27:29,Microsoft-Windows-NDIS,10317,PnP,"Miniport Microsoft Wi-Fi Direct Virtual Adapter #2, {F9D56E57-600D-4A91-ACF6-D434836E61B9}, had event Fatal error: The miniport has failed a power transition to operational power"
Warning,20/07/2018 13:27:29,BTHUSB,34,None,The local adapter does not support an important Low Energy controller state to support peripheral mode. The minimum required supported state mask is 0x491f7fffff; got 0x1fffffff. Low Energy peripheral role functionality will not be available.
Information,20/07/2018 13:27:29,BTHUSB,18,None,Windows cannot store Bluetooth authentication codes (link keys) on the local adapter. Bluetooth keyboards might not work in the system BIOS during start-up.
Information,20/07/2018 13:27:29,Microsoft-Windows-Kernel-Boot,27,(33),The boot type was 0x1.
Information,20/07/2018 13:27:29,Microsoft-Windows-Kernel-Boot,25,(32),The boot menu policy was 0x1.
Information,20/07/2018 13:27:29,Microsoft-Windows-Kernel-Boot,32,(58),The bootmgr spent 0 ms waiting for user input.
Information,20/07/2018 13:27:29,Microsoft-Windows-Kernel-Boot,18,(57),There are 0x1 boot options on this system.
Information,20/07/2018 13:27:29,Microsoft-Windows-Kernel-Boot,30,(21),The firmware reported boot metrics.
Information,20/07/2018 13:27:28,Microsoft-Windows-Kernel-Power,105,(100),Power source change.
Information,20/07/2018 13:27:27,Microsoft-Windows-Kernel-General,1,(5),"The system time has changed to ‎2018‎-‎07‎-‎20T11:27:27.500000000Z from ‎2018‎-‎07‎-‎20T10:57:23.677569900Z.

Change Reason: System time synchronized with the hardware clock."
Information,20/07/2018 12:57:23,Microsoft-Windows-Kernel-Power,107,(102),The system has resumed from sleep.
Information,20/07/2018 12:57:22,Microsoft-Windows-Kernel-Power,42,(64),"The system is entering sleep.

Sleep Reason: Application API"
Information,20/07/2018 12:57:14,Win32k,267,None,Touch/Touchpad Hardware Quality Assurance verification succeeded.
Information,20/07/2018 12:57:14,Win32k,267,None,Touch/Touchpad Hardware Quality Assurance verification succeeded.
Information,20/07/2018 12:57:14,Microsoft-Windows-Winlogon,7002,(1102),User Log-off Notification for Customer Experience Improvement Program
Error,20/07/2018 12:57:13,Microsoft-Windows-DistributedCOM,10010,None,The server {995C996E-D918-4A8C-A302-45719A6F4EA7} did not register with DCOM within the required timeout.
Error,20/07/2018 12:57:13,Microsoft-Windows-DistributedCOM,10010,None,The server {995C996E-D918-4A8C-A302-45719A6F4EA7} did not register with DCOM within the required timeout.
Error,20/07/2018 12:57:13,Microsoft-Windows-DistributedCOM,10010,None,The server {995C996E-D918-4A8C-A302-45719A6F4EA7} did not register with DCOM within the required timeout.
Error,20/07/2018 12:57:13,Microsoft-Windows-DistributedCOM,10010,None,The server {995C996E-D918-4A8C-A302-45719A6F4EA7} did not register with DCOM within the required timeout.
Error,20/07/2018 12:57:13,Microsoft-Windows-DistributedCOM,10010,None,The server {995C996E-D918-4A8C-A302-45719A6F4EA7} did not register with DCOM within the required timeout.
Error,20/07/2018 12:57:13,Microsoft-Windows-DistributedCOM,10010,None,The server {995C996E-D918-4A8C-A302-45719A6F4EA7} did not register with DCOM within the required timeout.
Information,20/07/2018 12:57:13,Service Control Manager,7040,None,The start type of the Touch Keyboard and Handwriting Panel Service service was changed from auto start to demand start.
Error,20/07/2018 12:57:13,Microsoft-Windows-DistributedCOM,10001,None,"Unable to start a DCOM Server: Microsoft.Windows.ContentDeliveryManager_10.0.17134.1_neutral_neutral_cw5n1h2txyewy!App.AppXwdz8g2fxr36xz0tdtagygnvemf85s7gg.mca as Unavailable/Unavailable. The error:
""0""
Happened while starting this command:
""C:\WINDOWS\system32\backgroundTaskHost.exe"" -ServerName:App.AppXmtcan0h2tfbfy7k9kn8hbxb6dmzz1zh0.mca"
Error,20/07/2018 12:57:13,Microsoft-Windows-DistributedCOM,10010,None,The server Microsoft.Windows.ContentDeliveryManager_10.0.17134.1_neutral_neutral_cw5n1h2txyewy!App.AppX447jn8wbjb1qsw3jxkndb19cwgsrtrkk.mca did not register with DCOM within the required timeout.
Information,20/07/2018 12:22:25,Microsoft-Windows-Kernel-Power,507,(158),"The system is exiting connected standby 

Reason: Lid."
Error,20/07/2018 12:22:24,Microsoft-Windows-DistributedCOM,10016,None,"The application-specific permission settings do not grant Local Activation permission for the COM Server application with CLSID 
{D63B10C5-BB46-4990-A94F-E40B9D520160}
 and APPID 
{9CA88EE3-ACB7-47C8-AFC4-AB702511C276}
 to the user NT AUTHORITY\LOCAL SERVICE SID (S-1-5-19) from address LocalHost (Using LRPC) running in the application container Unavailable SID (Unavailable). This security permission can be modified using the Component Services administrative tool."
Error,20/07/2018 12:10:44,Service Control Manager,7011,None,A timeout (30000 milliseconds) was reached while waiting for a transaction response from the WSearch service.
Error,20/07/2018 12:07:49,Microsoft-Windows-DistributedCOM,10016,None,"The application-specific permission settings do not grant Local Activation permission for the COM Server application with CLSID 
{D63B10C5-BB46-4990-A94F-E40B9D520160}
 and APPID 
{9CA88EE3-ACB7-47C8-AFC4-AB702511C276}
 to the user NT AUTHORITY\LOCAL SERVICE SID (S-1-5-19) from address LocalHost (Using LRPC) running in the application container Unavailable SID (Unavailable). This security permission can be modified using the Component Services administrative tool."
Information,20/07/2018 12:07:47,Microsoft-Windows-Kernel-Power,506,(157),"The system is entering connected standby 

Reason: Lid."
Information,20/07/2018 12:00:04,Microsoft-Windows-Kernel-Power,507,(158),"The system is exiting connected standby 

Reason: Input Keyboard."
Information,20/07/2018 12:00:00,EventLog,6013,None,The system uptime is 700649 seconds.
Information,20/07/2018 11:59:41,Microsoft-Windows-Kernel-Power,506,(157),"The system is entering connected standby 

Reason: Idle Timeout."
Information,20/07/2018 11:59:10,Microsoft-Windows-Kernel-Power,507,(158),"The system is exiting connected standby 

Reason: Input Mouse."
Error,20/07/2018 11:59:09,Microsoft-Windows-DistributedCOM,10016,None,"The application-specific permission settings do not grant Local Activation permission for the COM Server application with CLSID 
{D63B10C5-BB46-4990-A94F-E40B9D520160}
 and APPID 
{9CA88EE3-ACB7-47C8-AFC4-AB702511C276}
 to the user NT AUTHORITY\LOCAL SERVICE SID (S-1-5-19) from address LocalHost (Using LRPC) running in the application container Unavailable SID (Unavailable). This security permission can be modified using the Component Services administrative tool."
Error,20/07/2018 11:46:40,Microsoft-Windows-DistributedCOM,10016,None,"The application-specific permission settings do not grant Local Activation permission for the COM Server application with CLSID 
{D63B10C5-BB46-4990-A94F-E40B9D520160}
 and APPID 
{9CA88EE3-ACB7-47C8-AFC4-AB702511C276}
 to the user NT AUTHORITY\LOCAL SERVICE SID (S-1-5-19) from address LocalHost (Using LRPC) running in the application container Unavailable SID (Unavailable). This security permission can be modified using the Component Services administrative tool."
Information,20/07/2018 11:46:39,Microsoft-Windows-Kernel-Power,506,(157),"The system is entering connected standby 

Reason: Idle Timeout."
Information,20/07/2018 11:46:09,Microsoft-Windows-Kernel-General,16,None,The access history in hive \??\C:\ProgramData\Microsoft\Provisioning\Microsoft-Desktop-Provisioning-Sequence.dat was cleared updating 0 keys and creating 0 modified pages.
Information,20/07/2018 11:12:45,Microsoft-Windows-Kernel-General,16,None,The access history in hive \??\C:\Users\Philipp Wise\AppData\Local\Packages\Microsoft.AAD.BrokerPlugin_cw5n1h2txyewy\Settings\settings.dat was cleared updating 5 keys and creating 1 modified pages.
Information,20/07/2018 11:06:37,Microsoft-Windows-Kernel-Power,507,(158),"The system is exiting connected standby 

Reason: Input Touch."
Error,20/07/2018 11:06:36,Microsoft-Windows-DistributedCOM,10016,None,"The application-specific permission settings do not grant Local Activation permission for the COM Server application with CLSID 
{D63B10C5-BB46-4990-A94F-E40B9D520160}
 and APPID 
{9CA88EE3-ACB7-47C8-AFC4-AB702511C276}
 to the user NT AUTHORITY\LOCAL SERVICE SID (S-1-5-19) from address LocalHost (Using LRPC) running in the application container Unavailable SID (Unavailable). This security permission can be modified using the Component Services administrative tool."
Error,20/07/2018 11:04:46,Microsoft-Windows-DistributedCOM,10016,None,"The application-specific permission settings do not grant Local Activation permission for the COM Server application with CLSID 
{D63B10C5-BB46-4990-A94F-E40B9D520160}
 and APPID 
{9CA88EE3-ACB7-47C8-AFC4-AB702511C276}
 to the user NT AUTHORITY\LOCAL SERVICE SID (S-1-5-19) from address LocalHost (Using LRPC) running in the application container Unavailable SID (Unavailable). This security permission can be modified using the Component Services administrative tool."
Information,20/07/2018 11:04:44,Microsoft-Windows-Kernel-Power,506,(157),"The system is entering connected standby 

Reason: Idle Timeout."
Warning,20/07/2018 10:44:34,Microsoft-Windows-Kernel-Processor-Power,37,(7),The speed of processor 3 in group 0 is being limited by system firmware. The processor has been in this reduced performance state for 696050 seconds since the last report.
Information,20/07/2018 10:28:55,Microsoft-Windows-WindowsUpdateClient,19,Windows Update Agent,Installation Successful: Windows successfully installed the following update: Definition Update for Windows Defender Antivirus - KB2267602 (Definition 1.273.76.0)
Information,20/07/2018 10:28:41,Microsoft-Windows-WindowsUpdateClient,43,Windows Update Agent,Installation Started: Windows has started installing the following update: Definition Update for Windows Defender Antivirus - KB2267602 (Definition 1.273.76.0)
Information,20/07/2018 10:28:36,Microsoft-Windows-WindowsUpdateClient,44,Windows Update Agent,Windows Update started downloading an update.
Error,20/07/2018 10:26:47,Microsoft-Windows-DistributedCOM,10016,None,"The application-specific permission settings do not grant Local Activation permission for the COM Server application with CLSID 
{D63B10C5-BB46-4990-A94F-E40B9D520160}
 and APPID 
{9CA88EE3-ACB7-47C8-AFC4-AB702511C276}
 to the user DESKTOP-JRHB8O7\Philipp Wise SID (S-1-5-21-3472773844-1026657542-2222872734-1001) from address LocalHost (Using LRPC) running in the application container Unavailable SID (Unavailable). This security permission can be modified using the Component Services administrative tool."
Error,20/07/2018 10:21:28,Microsoft-Windows-DistributedCOM,10016,None,"The application-specific permission settings do not grant Local Activation permission for the COM Server application with CLSID 
{D63B10C5-BB46-4990-A94F-E40B9D520160}
 and APPID 
{9CA88EE3-ACB7-47C8-AFC4-AB702511C276}
 to the user NT AUTHORITY\LOCAL SERVICE SID (S-1-5-19) from address LocalHost (Using LRPC) running in the application container Unavailable SID (Unavailable). This security permission can be modified using the Component Services administrative tool."
Information,20/07/2018 10:18:30,Microsoft-Windows-Power-Troubleshooter,1,None,"The system has returned from a low power state.

Sleep Time: ‎2018‎-‎07‎-‎19T13:47:39.252067400Z
Wake Time: ‎2018‎-‎07‎-‎20T08:18:28.646112300Z

Wake Source: Unknown"
Error,20/07/2018 10:18:30,Microsoft-Windows-DistributedCOM,10016,None,"The application-specific permission settings do not grant Local Activation permission for the COM Server application with CLSID 
{6B3B8D23-FA8D-40B9-8DBD-B950333E2C52}
 and APPID 
{4839DDB7-58C2-48F5-8283-E1D1807D0D7D}
 to the user NT AUTHORITY\LOCAL SERVICE SID (S-1-5-19) from address LocalHost (Using LRPC) running in the application container Unavailable SID (Unavailable). This security permission can be modified using the Component Services administrative tool."
Error,20/07/2018 10:18:30,Microsoft-Windows-DistributedCOM,10016,None,"The application-specific permission settings do not grant Local Activation permission for the COM Server application with CLSID 
{6B3B8D23-FA8D-40B9-8DBD-B950333E2C52}
 and APPID 
{4839DDB7-58C2-48F5-8283-E1D1807D0D7D}
 to the user NT AUTHORITY\LOCAL SERVICE SID (S-1-5-19) from address LocalHost (Using LRPC) running in the application container Unavailable SID (Unavailable). This security permission can be modified using the Component Services administrative tool."
Warning,20/07/2018 10:18:30,BTHUSB,34,None,The local adapter does not support an important Low Energy controller state to support peripheral mode. The minimum required supported state mask is 0x491f7fffff; got 0x1fffffff. Low Energy peripheral role functionality will not be available.
Information,20/07/2018 10:18:30,BTHUSB,18,None,Windows cannot store Bluetooth authentication codes (link keys) on the local adapter. Bluetooth keyboards might not work in the system BIOS during start-up.
Error,20/07/2018 10:18:29,Microsoft-Windows-DistributedCOM,10016,None,"The application-specific permission settings do not grant Local Activation permission for the COM Server application with CLSID 
{D63B10C5-BB46-4990-A94F-E40B9D520160}
 and APPID 
{9CA88EE3-ACB7-47C8-AFC4-AB702511C276}
 to the user NT AUTHORITY\LOCAL SERVICE SID (S-1-5-19) from address LocalHost (Using LRPC) running in the application container Unavailable SID (Unavailable). This security permission can be modified using the Component Services administrative tool."
Information,20/07/2018 10:18:29,Microsoft-Windows-Winlogon,7001,(1101),User Log-on Notification for Customer Experience Improvement Program
Error,20/07/2018 10:18:29,BTHUSB,17,None,The local Bluetooth adapter has failed in an undetermined manner and will not be used. The driver has been unloaded.
Information,20/07/2018 10:18:28,Microsoft-Windows-Kernel-Boot,27,(33),The boot type was 0x1.
Information,20/07/2018 10:18:28,Microsoft-Windows-Kernel-Boot,25,(32),The boot menu policy was 0x1.
Information,20/07/2018 10:18:28,Microsoft-Windows-Kernel-Boot,32,(58),The bootmgr spent 0 ms waiting for user input.
Information,20/07/2018 10:18:28,Microsoft-Windows-Kernel-Boot,18,(57),There are 0x1 boot options on this system.
Information,20/07/2018 10:18:28,Microsoft-Windows-Kernel-Boot,30,(21),The firmware reported boot metrics.
Information,20/07/2018 10:18:26,Microsoft-Windows-Kernel-General,1,(5),"The system time has changed to ‎2018‎-‎07‎-‎20T08:18:26.500000000Z from ‎2018‎-‎07‎-‎19T13:47:48.660026900Z.

Change Reason: System time synchronized with the hardware clock."
Information,19/07/2018 15:47:48,Microsoft-Windows-Kernel-Power,107,(102),The system has resumed from sleep.
Information,19/07/2018 15:47:46,Microsoft-Windows-Kernel-Power,42,(64),"The system is entering sleep.

Sleep Reason: Application API"
Information,19/07/2018 15:47:44,Microsoft-Windows-Kernel-Power,105,(100),Power source change.
Information,19/07/2018 15:47:39,Win32k,267,None,Touch/Touchpad Hardware Quality Assurance verification succeeded.
Information,19/07/2018 15:47:39,Win32k,267,None,Touch/Touchpad Hardware Quality Assurance verification succeeded.
Information,19/07/2018 15:47:38,Microsoft-Windows-Winlogon,7002,(1102),User Log-off Notification for Customer Experience Improvement Program
Information,19/07/2018 15:44:12,Service Control Manager,7040,None,The start type of the Background Intelligent Transfer Service service was changed from demand start to auto start.
Information,19/07/2018 15:27:36,Microsoft-Windows-Kernel-General,15,None,Hive \??\Volume{491c9540-8001-4b71-b049-7c393bb1626e}\System Volume Information\SPP\SppCbsHiveStore\{cd42efe1-f6f1-427c-b004-033192c625a4}{1BE9944E-2313-49B5-B06D-F80219940045} was reorganized with a starting size of 113696768 bytes and an ending size of 110628864 bytes.
Information,19/07/2018 15:27:32,Microsoft-Windows-Kernel-General,16,None,The access history in hive \??\Volume{491c9540-8001-4b71-b049-7c393bb1626e}\System Volume Information\SPP\SppCbsHiveStore\{cd42efe1-f6f1-427c-b004-033192c625a4}{815A4C3F-B56F-41CD-BEDE-7B1A5A067DEE} was cleared updating 577 keys and creating 82 modified pages.
Information,19/07/2018 15:27:31,Microsoft-Windows-Kernel-General,16,None,The access history in hive \??\Volume{491c9540-8001-4b71-b049-7c393bb1626e}\System Volume Information\SPP\SppCbsHiveStore\{cd42efe1-f6f1-427c-b004-033192c625a4}{137E2CF4-74FD-48EF-8E71-3172127A563F} was cleared updating 77 keys and creating 4 modified pages.
Information,19/07/2018 15:27:31,Microsoft-Windows-Kernel-General,16,None,The access history in hive \??\Volume{491c9540-8001-4b71-b049-7c393bb1626e}\System Volume Information\SPP\SppCbsHiveStore\{cd42efe1-f6f1-427c-b004-033192c625a4}{25489B86-02CB-4009-A236-D41FB6C541D7} was cleared updating 72 keys and creating 7 modified pages.
Information,19/07/2018 15:27:30,Microsoft-Windows-Kernel-General,15,None,Hive \??\Volume{491c9540-8001-4b71-b049-7c393bb1626e}\System Volume Information\SPP\SppCbsHiveStore\{cd42efe1-f6f1-427c-b004-033192c625a4}{40CC8A6D-ABF5-4AC8-8730-74C167CA0986} was reorganized with a starting size of 23642112 bytes and an ending size of 23302144 bytes.
Information,19/07/2018 15:27:26,Microsoft-Windows-Kernel-General,11,None,"TxR init phase for hive \??\GLOBALROOT\Device\HarddiskVolumeShadowCopy4\WINDOWS\System32\config\DRIVERS (TM: {F9E15F2F-8B29-11E8-BD07-BC8385D1DE3C}, RM: {F9E15F2E-8B29-11E8-BD07-BC8385D1DE3C}) finished with result=0xC00000A2 (Internal code=7)."
Information,19/07/2018 15:27:25,Microsoft-Windows-Kernel-General,11,None,"TxR init phase for hive \??\GLOBALROOT\Device\HarddiskVolumeShadowCopy4\WINDOWS\System32\config\SYSTEM (TM: {F9E15F2C-8B29-11E8-BD07-BC8385D1DE3C}, RM: {F9E15F2B-8B29-11E8-BD07-BC8385D1DE3C}) finished with result=0xC00000A2 (Internal code=7)."
Information,19/07/2018 15:27:25,Microsoft-Windows-Kernel-General,15,None,Hive \??\GLOBALROOT\Device\HarddiskVolumeShadowCopy4\WINDOWS\System32\config\SYSTEM was reorganized with a starting size of 23642112 bytes and an ending size of 23302144 bytes.
Information,19/07/2018 15:27:22,Microsoft-Windows-Ntfs,98,None,Volume Local Disk (\Device\HarddiskVolumeShadowCopy4) is healthy.  No action is needed.
Information,19/07/2018 15:16:14,Service Control Manager,7040,None,The start type of the Background Intelligent Transfer Service service was changed from auto start to demand start.
Information,19/07/2018 15:14:00,Service Control Manager,7040,None,The start type of the Background Intelligent Transfer Service service was changed from demand start to auto start.
Error,19/07/2018 15:08:00,Microsoft-Windows-DistributedCOM,10016,None,"The application-specific permission settings do not grant Local Activation permission for the COM Server application with CLSID 
{D63B10C5-BB46-4990-A94F-E40B9D520160}
 and APPID 
{9CA88EE3-ACB7-47C8-AFC4-AB702511C276}
 to the user DESKTOP-JRHB8O7\Philipp Wise SID (S-1-5-21-3472773844-1026657542-2222872734-1001) from address LocalHost (Using LRPC) running in the application container Unavailable SID (Unavailable). This security permission can be modified using the Component Services administrative tool."
Information,19/07/2018 14:59:41,Service Control Manager,7040,None,The start type of the Background Intelligent Transfer Service service was changed from auto start to demand start.
Information,19/07/2018 14:57:39,Service Control Manager,7040,None,The start type of the Background Intelligent Transfer Service service was changed from demand start to auto start.
Information,19/07/2018 14:57:34,Service Control Manager,7040,None,The start type of the Background Intelligent Transfer Service service was changed from auto start to demand start.
Information,19/07/2018 14:55:18,Service Control Manager,7040,None,The start type of the Background Intelligent Transfer Service service was changed from demand start to auto start.
Information,19/07/2018 14:08:27,Microsoft-Windows-Kernel-Power,105,(100),Power source change.
Information,19/07/2018 13:30:43,Microsoft-Windows-Kernel-Power,507,(158),"The system is exiting connected standby 

Reason: Lid."
Error,19/07/2018 13:30:42,Microsoft-Windows-DistributedCOM,10016,None,"The application-specific permission settings do not grant Local Activation permission for the COM Server application with CLSID 
{D63B10C5-BB46-4990-A94F-E40B9D520160}
 and APPID 
{9CA88EE3-ACB7-47C8-AFC4-AB702511C276}
 to the user NT AUTHORITY\LOCAL SERVICE SID (S-1-5-19) from address LocalHost (Using LRPC) running in the application container Unavailable SID (Unavailable). This security permission can be modified using the Component Services administrative tool."
Error,19/07/2018 13:19:09,Microsoft-Windows-DistributedCOM,10016,None,"The application-specific permission settings do not grant Local Activation permission for the COM Server application with CLSID 
{D63B10C5-BB46-4990-A94F-E40B9D520160}
 and APPID 
{9CA88EE3-ACB7-47C8-AFC4-AB702511C276}
 to the user NT AUTHORITY\LOCAL SERVICE SID (S-1-5-19) from address LocalHost (Using LRPC) running in the application container Unavailable SID (Unavailable). This security permission can be modified using the Component Services administrative tool."
Information,19/07/2018 13:19:08,Microsoft-Windows-Kernel-Power,506,(157),"The system is entering connected standby 

Reason: Lid."
Information,19/07/2018 13:19:03,Microsoft-Windows-Kernel-Power,105,(100),Power source change.
Information,19/07/2018 12:40:24,Service Control Manager,7040,None,The start type of the Windows Modules Installer service was changed from auto start to demand start.
Information,19/07/2018 12:38:47,Microsoft-Windows-WindowsUpdateClient,19,Windows Update Agent,Installation Successful: Windows successfully installed the following update: 9WZDNCRFJBH4-Microsoft.Windows.Photos
Information,19/07/2018 12:38:47,Microsoft-Windows-WindowsUpdateClient,43,Windows Update Agent,Installation Started: Windows has started installing the following update: 9WZDNCRFJBH4-Microsoft.Windows.Photos
Information,19/07/2018 12:38:42,Microsoft-Windows-Kernel-General,16,None,The access history in hive \??\C:\ProgramData\Microsoft\Windows\AppRepository\Packages\Microsoft.Windows.Photos_2018.18051.17710.0_x64__8wekyb3d8bbwe\ActivationStore.dat was cleared updating 0 keys and creating 0 modified pages.
Information,19/07/2018 12:38:08,Volsnap,33,None,The oldest shadow copy of volume C: was deleted to keep disk space usage for shadow copies of volume C: below the user defined limit.
Information,19/07/2018 12:37:57,Microsoft-Windows-WindowsUpdateClient,19,Windows Update Agent,Installation Successful: Windows successfully installed the following update: 9WZDNCRDXBKC-XINGAG.XING
Information,19/07/2018 12:34:58,Microsoft-Windows-Kernel-General,16,None,The access history in hive \??\C:\Users\Philipp Wise\AppData\Local\Packages\XINGAG.XING_xpfg3f7e9an52\Settings\settings.dat was cleared updating 1 keys and creating 1 modified pages.
Information,19/07/2018 12:34:48,Microsoft-Windows-WindowsUpdateClient,43,Windows Update Agent,Installation Started: Windows has started installing the following update: 9WZDNCRDXBKC-XINGAG.XING
Information,19/07/2018 12:34:34,Microsoft-Windows-Kernel-General,16,None,The access history in hive \??\C:\ProgramData\Microsoft\Windows\AppRepository\Packages\XINGAG.XING_3.110.10.0_x86__xpfg3f7e9an52\ActivationStore.dat was cleared updating 0 keys and creating 0 modified pages.
Information,19/07/2018 12:33:22,Microsoft-Windows-WindowsUpdateClient,44,Windows Update Agent,Windows Update started downloading an update.
Information,19/07/2018 12:33:22,Microsoft-Windows-WindowsUpdateClient,44,Windows Update Agent,Windows Update started downloading an update.
Information,19/07/2018 12:33:22,Service Control Manager,7040,None,The start type of the Windows Modules Installer service was changed from demand start to auto start.
Information,19/07/2018 12:33:17,Service Control Manager,7040,None,The start type of the Windows Modules Installer service was changed from auto start to demand start.
Information,19/07/2018 12:33:11,Microsoft-Windows-Kernel-General,15,None,Hive \??\C:\WINDOWS\System32\SMI\Store\Machine\SCHEMA.DAT was reorganized with a starting size of 12337152 bytes and an ending size of 11702272 bytes.
Information,19/07/2018 12:33:11,Microsoft-Windows-Kernel-General,1,(5),"The system time has changed to ‎2018‎-‎07‎-‎19T10:33:11.037849300Z from ‎2018‎-‎07‎-‎19T10:33:11.037859500Z.

Change Reason: An application or system component changed the time."
Information,19/07/2018 12:33:11,Microsoft-Windows-Kernel-General,1,(5),"The system time has changed to ‎2018‎-‎07‎-‎19T10:33:11.036980300Z from ‎2018‎-‎07‎-‎19T10:33:11.036991900Z.

Change Reason: An application or system component changed the time."
Information,19/07/2018 12:33:11,Microsoft-Windows-Time-Service,35,None,"The time service is now synchronizing the system time with the time source time.windows.com,0x9 (ntp.m|0x9|0.0.0.0:123->51.140.65.84:123) with reference id 1413581875. Current local stratum number is 3."
Information,19/07/2018 12:33:11,Microsoft-Windows-Kernel-General,1,(5),"The system time has changed to ‎2018‎-‎07‎-‎19T10:33:11.036024900Z from ‎2018‎-‎07‎-‎19T10:33:08.803388700Z.

Change Reason: An application or system component changed the time."
Information,19/07/2018 12:33:04,Microsoft-Windows-Kernel-General,16,None,The access history in hive \??\C:\ProgramData\Microsoft\Provisioning\Microsoft-Desktop-Provisioning-Sequence.dat was cleared updating 0 keys and creating 0 modified pages.
