Warning,11/06/2018 11:58:54,Win32k,700,None,Power Manager has requested suppresion of all input (INPUT_SUPPRESS_REQUEST=1)
Information,11/06/2018 11:58:54,Microsoft-Windows-Kernel-Power,506,(157),"The system is entering connected standby 

Reason: Lid."
Information,11/06/2018 11:46:31,Microsoft-Windows-Kernel-General,16,None,The access history in hive \??\C:\Users\Philipp Wise\AppData\Local\Packages\microsoft.windowscommunicationsapps_8wekyb3d8bbwe\Settings\settings.dat was cleared updating 61 keys and creating 17 modified pages.
Information,11/06/2018 11:20:53,Microsoft-Windows-Kernel-General,16,None,The access history in hive \??\C:\Users\Philipp Wise\AppData\Local\Packages\Microsoft.WindowsFeedbackHub_8wekyb3d8bbwe\Settings\settings.dat was cleared updating 2 keys and creating 1 modified pages.
Information,11/06/2018 11:15:24,Microsoft-Windows-Kernel-General,16,None,The access history in hive \??\C:\Users\Philipp Wise\AppData\Local\Packages\Microsoft.AAD.BrokerPlugin_cw5n1h2txyewy\Settings\settings.dat was cleared updating 5 keys and creating 1 modified pages.
Information,11/06/2018 11:15:22,Microsoft-Windows-Kernel-General,16,None,The access history in hive \??\C:\Users\Philipp Wise\AppData\Local\Packages\Microsoft.MicrosoftOfficeHub_8wekyb3d8bbwe\Settings\settings.dat was cleared updating 45 keys and creating 10 modified pages.
Information,11/06/2018 11:09:52,Microsoft-Windows-Kernel-General,16,None,The access history in hive \??\C:\Users\Philipp Wise\AppData\Local\Packages\Microsoft.SurfaceHub_8wekyb3d8bbwe\Settings\settings.dat was cleared updating 4 keys and creating 1 modified pages.
Error,11/06/2018 10:38:51,Microsoft-Windows-DistributedCOM,10016,None,"The application-specific permission settings do not grant Local Activation permission for the COM Server application with CLSID 
{D63B10C5-BB46-4990-A94F-E40B9D520160}
 and APPID 
{9CA88EE3-ACB7-47C8-AFC4-AB702511C276}
 to the user NT AUTHORITY\LOCAL SERVICE SID (S-1-5-19) from address LocalHost (Using LRPC) running in the application container Unavailable SID (Unavailable). This security permission can be modified using the Component Services administrative tool."
Error,11/06/2018 10:38:36,Microsoft-Windows-DistributedCOM,10016,None,"The application-specific permission settings do not grant Local Activation permission for the COM Server application with CLSID 
{D63B10C5-BB46-4990-A94F-E40B9D520160}
 and APPID 
{9CA88EE3-ACB7-47C8-AFC4-AB702511C276}
 to the user DESKTOP-JRHB8O7\Philipp Wise SID (S-1-5-21-3472773844-1026657542-2222872734-1001) from address LocalHost (Using LRPC) running in the application container Unavailable SID (Unavailable). This security permission can be modified using the Component Services administrative tool."
Information,11/06/2018 10:36:15,Microsoft-Windows-Kernel-Power,507,(158),"The system is exiting connected standby 

Reason: Input Mouse."
Error,11/06/2018 10:36:14,Microsoft-Windows-DistributedCOM,10016,None,"The application-specific permission settings do not grant Local Activation permission for the COM Server application with CLSID 
{D63B10C5-BB46-4990-A94F-E40B9D520160}
 and APPID 
{9CA88EE3-ACB7-47C8-AFC4-AB702511C276}
 to the user NT AUTHORITY\LOCAL SERVICE SID (S-1-5-19) from address LocalHost (Using LRPC) running in the application container Unavailable SID (Unavailable). This security permission can be modified using the Component Services administrative tool."
Error,11/06/2018 10:36:14,Microsoft-Windows-DistributedCOM,10010,None,The server {995C996E-D918-4A8C-A302-45719A6F4EA7} did not register with DCOM within the required timeout.
Error,11/06/2018 10:31:56,Microsoft-Windows-DistributedCOM,10016,None,"The application-specific permission settings do not grant Local Activation permission for the COM Server application with CLSID 
{D63B10C5-BB46-4990-A94F-E40B9D520160}
 and APPID 
{9CA88EE3-ACB7-47C8-AFC4-AB702511C276}
 to the user NT AUTHORITY\LOCAL SERVICE SID (S-1-5-19) from address LocalHost (Using LRPC) running in the application container Unavailable SID (Unavailable). This security permission can be modified using the Component Services administrative tool."
Information,11/06/2018 10:31:54,Microsoft-Windows-Kernel-Power,506,(157),"The system is entering connected standby 

Reason: Idle Timeout."
Information,11/06/2018 10:31:24,Microsoft-Windows-Kernel-General,16,None,The access history in hive \??\C:\ProgramData\Microsoft\Provisioning\Microsoft-Desktop-Provisioning-Sequence.dat was cleared updating 0 keys and creating 0 modified pages.
Information,11/06/2018 10:23:35,Microsoft-Windows-WindowsUpdateClient,19,Windows Update Agent,Installation Successful: Windows successfully installed the following update: 9WZDNCRDXBKC-XINGAG.XING
Information,11/06/2018 10:23:35,Microsoft-Windows-WindowsUpdateClient,43,Windows Update Agent,Installation Started: Windows has started installing the following update: 9WZDNCRDXBKC-XINGAG.XING
Information,11/06/2018 10:23:32,Microsoft-Windows-Kernel-General,16,None,The access history in hive \??\C:\Users\Philipp Wise\AppData\Local\Packages\XINGAG.XING_xpfg3f7e9an52\Settings\settings.dat was cleared updating 1 keys and creating 1 modified pages.
Information,11/06/2018 10:23:29,Microsoft-Windows-Kernel-General,16,None,The access history in hive \??\C:\ProgramData\Microsoft\Windows\AppRepository\Packages\XINGAG.XING_3.109.12.0_x86__xpfg3f7e9an52\ActivationStore.dat was cleared updating 0 keys and creating 0 modified pages.
Information,11/06/2018 10:23:23,Microsoft-Windows-WindowsUpdateClient,19,Windows Update Agent,Installation Successful: Windows successfully installed the following update: 9WZDNCRDTBVB-MICROSOFT.WINDOWSMAPS
Information,11/06/2018 10:23:23,Microsoft-Windows-WindowsUpdateClient,43,Windows Update Agent,Installation Started: Windows has started installing the following update: 9WZDNCRDTBVB-MICROSOFT.WINDOWSMAPS
Information,11/06/2018 10:23:22,Microsoft-Windows-Kernel-General,16,None,The access history in hive \??\C:\Users\Philipp Wise\AppData\Local\Packages\Microsoft.WindowsMaps_8wekyb3d8bbwe\Settings\settings.dat was cleared updating 1 keys and creating 1 modified pages.
Information,11/06/2018 10:23:18,Microsoft-Windows-Kernel-General,16,None,The access history in hive \??\C:\ProgramData\Microsoft\Windows\AppRepository\Packages\Microsoft.WindowsMaps_5.1805.1431.0_x64__8wekyb3d8bbwe\ActivationStore.dat was cleared updating 0 keys and creating 0 modified pages.
Information,11/06/2018 10:23:16,Microsoft-Windows-WindowsUpdateClient,19,Windows Update Agent,Installation Successful: Windows successfully installed the following update: 9NBLGGH537C2-Microsoft.XboxGameOverlay
Information,11/06/2018 10:23:16,Microsoft-Windows-WindowsUpdateClient,43,Windows Update Agent,Installation Started: Windows has started installing the following update: 9NBLGGH537C2-Microsoft.XboxGameOverlay
Information,11/06/2018 10:23:10,Microsoft-Windows-Kernel-General,16,None,The access history in hive \??\C:\ProgramData\Microsoft\Windows\AppRepository\Packages\Microsoft.XboxGameOverlay_1.30.5001.0_x64__8wekyb3d8bbwe\ActivationStore.dat was cleared updating 0 keys and creating 0 modified pages.
Information,11/06/2018 10:23:06,Microsoft-Windows-WindowsUpdateClient,44,Windows Update Agent,Windows Update started downloading an update.
Information,11/06/2018 10:23:02,Microsoft-Windows-WindowsUpdateClient,19,Windows Update Agent,Installation Successful: Windows successfully installed the following update: 9WZDNCRFJBH4-Microsoft.Windows.Photos
Information,11/06/2018 10:23:02,Microsoft-Windows-WindowsUpdateClient,43,Windows Update Agent,Installation Started: Windows has started installing the following update: 9WZDNCRFJBH4-Microsoft.Windows.Photos
Information,11/06/2018 10:22:57,Microsoft-Windows-WindowsUpdateClient,44,Windows Update Agent,Windows Update started downloading an update.
Information,11/06/2018 10:22:57,Microsoft-Windows-WindowsUpdateClient,19,Windows Update Agent,Installation Successful: Windows successfully installed the following update: 9NBLGGH4S50Q-8338Giuapps.Inkodo
Information,11/06/2018 10:22:57,Microsoft-Windows-WindowsUpdateClient,43,Windows Update Agent,Installation Started: Windows has started installing the following update: 9NBLGGH4S50Q-8338Giuapps.Inkodo
Information,11/06/2018 10:22:57,Microsoft-Windows-WindowsUpdateClient,19,Windows Update Agent,Installation Successful: Windows successfully installed the following update: 9MZ8BK1XV75W-Microsoft.NET.Native.Runtime.2.1
Information,11/06/2018 10:22:54,Microsoft-Windows-Kernel-General,16,None,The access history in hive \??\C:\Users\Philipp Wise\AppData\Local\Packages\8338Giuapps.Inkodo_pzan5b7zgydq2\Settings\settings.dat was cleared updating 1 keys and creating 1 modified pages.
Information,11/06/2018 10:22:54,Microsoft-Windows-WindowsUpdateClient,43,Windows Update Agent,Installation Started: Windows has started installing the following update: 9MZ8BK1XV75W-Microsoft.NET.Native.Runtime.2.1
Information,11/06/2018 10:22:54,Microsoft-Windows-WindowsUpdateClient,19,Windows Update Agent,Installation Successful: Windows successfully installed the following update: 9PK21VDD7LD9-Microsoft.NET.Native.Framework.2.1
Information,11/06/2018 10:22:54,Microsoft-Windows-WindowsUpdateClient,43,Windows Update Agent,Installation Started: Windows has started installing the following update: 9PK21VDD7LD9-Microsoft.NET.Native.Framework.2.1
Information,11/06/2018 10:22:52,Microsoft-Windows-Kernel-General,16,None,The access history in hive \??\C:\ProgramData\Microsoft\Windows\AppRepository\Packages\Microsoft.Windows.Photos_2018.18041.15530.0_x64__8wekyb3d8bbwe\ActivationStore.dat was cleared updating 0 keys and creating 0 modified pages.
Information,11/06/2018 10:22:48,Microsoft-Windows-WindowsUpdateClient,44,Windows Update Agent,Windows Update started downloading an update.
Information,11/06/2018 10:22:48,Microsoft-Windows-WindowsUpdateClient,19,Windows Update Agent,Installation Successful: Windows successfully installed the following update: 9WZDNCRFHWD2-Microsoft.MicrosoftSolitaireCollection
Information,11/06/2018 10:22:46,Microsoft-Windows-Kernel-General,16,None,The access history in hive \??\C:\ProgramData\Microsoft\Windows\AppRepository\Packages\8338Giuapps.Inkodo_1.4.10.0_x64__pzan5b7zgydq2\ActivationStore.dat was cleared updating 0 keys and creating 0 modified pages.
Information,11/06/2018 10:22:43,Microsoft-Windows-WindowsUpdateClient,43,Windows Update Agent,Installation Started: Windows has started installing the following update: 9WZDNCRFHWD2-Microsoft.MicrosoftSolitaireCollection
Information,11/06/2018 10:22:41,Microsoft-Windows-Kernel-General,16,None,The access history in hive \??\C:\Users\Philipp Wise\AppData\Local\Packages\Microsoft.MicrosoftSolitaireCollection_8wekyb3d8bbwe\Settings\settings.dat was cleared updating 1 keys and creating 1 modified pages.
Information,11/06/2018 10:22:37,Microsoft-Windows-Kernel-General,16,None,The access history in hive \??\C:\ProgramData\Microsoft\Windows\AppRepository\Packages\Microsoft.MicrosoftSolitaireCollection_4.1.5252.0_x86__8wekyb3d8bbwe\ActivationStore.dat was cleared updating 0 keys and creating 0 modified pages.
Information,11/06/2018 10:22:30,Microsoft-Windows-WindowsUpdateClient,19,Windows Update Agent,Installation Successful: Windows successfully installed the following update: 2018-06 Security Update for Adobe Flash Player for Windows 10 Version 1803 for x64-based Systems (KB4287903)
Information,11/06/2018 10:22:25,Microsoft-Windows-WindowsUpdateClient,43,Windows Update Agent,Installation Started: Windows has started installing the following update: 2018-06 Security Update for Adobe Flash Player for Windows 10 Version 1803 for x64-based Systems (KB4287903)
Information,11/06/2018 10:22:25,Service Control Manager,7040,None,The start type of the Windows Modules Installer service was changed from auto start to demand start.
Information,11/06/2018 10:22:22,Microsoft-Windows-Ntfs,98,None,Volume Local Disk (\Device\HarddiskVolumeShadowCopy2) is healthy.  No action is needed.
Information,11/06/2018 10:22:21,Service Control Manager,7040,None,The start type of the Windows Modules Installer service was changed from demand start to auto start.
Information,11/06/2018 10:21:07,Microsoft-Windows-WindowsUpdateClient,44,Windows Update Agent,Windows Update started downloading an update.
Information,11/06/2018 10:21:07,Microsoft-Windows-WindowsUpdateClient,19,Windows Update Agent,Installation Successful: Windows successfully installed the following update: Definition Update for Windows Defender Antivirus - KB2267602 (Definition 1.269.1053.0)
Information,11/06/2018 10:20:53,Microsoft-Windows-WindowsUpdateClient,44,Windows Update Agent,Windows Update started downloading an update.
Information,11/06/2018 10:20:43,Microsoft-Windows-WindowsUpdateClient,43,Windows Update Agent,Installation Started: Windows has started installing the following update: Definition Update for Windows Defender Antivirus - KB2267602 (Definition 1.269.1053.0)
Information,11/06/2018 10:20:43,Microsoft-Windows-WindowsUpdateClient,44,Windows Update Agent,Windows Update started downloading an update.
Information,11/06/2018 10:20:23,Microsoft-Windows-WindowsUpdateClient,44,Windows Update Agent,Windows Update started downloading an update.
Information,11/06/2018 10:20:23,Microsoft-Windows-WindowsUpdateClient,44,Windows Update Agent,Windows Update started downloading an update.
Information,11/06/2018 10:20:23,Microsoft-Windows-WindowsUpdateClient,44,Windows Update Agent,Windows Update started downloading an update.
Information,11/06/2018 10:20:03,Microsoft-Windows-WindowsUpdateClient,44,Windows Update Agent,Windows Update started downloading an update.
Error,11/06/2018 10:19:43,Microsoft-Windows-DistributedCOM,10016,None,"The application-specific permission settings do not grant Local Activation permission for the COM Server application with CLSID 
{D63B10C5-BB46-4990-A94F-E40B9D520160}
 and APPID 
{9CA88EE3-ACB7-47C8-AFC4-AB702511C276}
 to the user NT AUTHORITY\LOCAL SERVICE SID (S-1-5-19) from address LocalHost (Using LRPC) running in the application container Unavailable SID (Unavailable). This security permission can be modified using the Component Services administrative tool."
Error,11/06/2018 10:17:22,Microsoft-Windows-DistributedCOM,10016,None,"The application-specific permission settings do not grant Local Activation permission for the COM Server application with CLSID 
{D63B10C5-BB46-4990-A94F-E40B9D520160}
 and APPID 
{9CA88EE3-ACB7-47C8-AFC4-AB702511C276}
 to the user DESKTOP-JRHB8O7\Philipp Wise SID (S-1-5-21-3472773844-1026657542-2222872734-1001) from address LocalHost (Using LRPC) running in the application container Unavailable SID (Unavailable). This security permission can be modified using the Component Services administrative tool."
Information,11/06/2018 10:16:46,Microsoft-Windows-Power-Troubleshooter,1,None,"The system has returned from a low power state.

Sleep Time: ‎2018‎-‎06‎-‎08T09:57:38.248160400Z
Wake Time: ‎2018‎-‎06‎-‎11T08:16:44.104156400Z

Wake Source: Unknown"
Error,11/06/2018 10:16:45,Microsoft-Windows-DistributedCOM,10016,None,"The application-specific permission settings do not grant Local Activation permission for the COM Server application with CLSID 
{6B3B8D23-FA8D-40B9-8DBD-B950333E2C52}
 and APPID 
{4839DDB7-58C2-48F5-8283-E1D1807D0D7D}
 to the user NT AUTHORITY\LOCAL SERVICE SID (S-1-5-19) from address LocalHost (Using LRPC) running in the application container Unavailable SID (Unavailable). This security permission can be modified using the Component Services administrative tool."
Error,11/06/2018 10:16:45,Microsoft-Windows-DistributedCOM,10016,None,"The application-specific permission settings do not grant Local Activation permission for the COM Server application with CLSID 
{6B3B8D23-FA8D-40B9-8DBD-B950333E2C52}
 and APPID 
{4839DDB7-58C2-48F5-8283-E1D1807D0D7D}
 to the user NT AUTHORITY\LOCAL SERVICE SID (S-1-5-19) from address LocalHost (Using LRPC) running in the application container Unavailable SID (Unavailable). This security permission can be modified using the Component Services administrative tool."
Error,11/06/2018 10:16:45,Microsoft-Windows-DistributedCOM,10016,None,"The application-specific permission settings do not grant Local Activation permission for the COM Server application with CLSID 
{D63B10C5-BB46-4990-A94F-E40B9D520160}
 and APPID 
{9CA88EE3-ACB7-47C8-AFC4-AB702511C276}
 to the user NT AUTHORITY\LOCAL SERVICE SID (S-1-5-19) from address LocalHost (Using LRPC) running in the application container Unavailable SID (Unavailable). This security permission can be modified using the Component Services administrative tool."
Information,11/06/2018 10:16:44,Microsoft-Windows-Winlogon,7001,(1101),User Log-on Notification for Customer Experience Improvement Program
Warning,11/06/2018 10:16:44,BTHUSB,34,None,The local adapter does not support an important Low Energy controller state to support peripheral mode. The minimum required supported state mask is 0x491f7fffff; got 0x1fffffff. Low Energy peripheral role functionality will not be available.
Information,11/06/2018 10:16:44,BTHUSB,18,None,Windows cannot store Bluetooth authentication codes (link keys) on the local adapter. Bluetooth keyboards might not work in the system BIOS during start-up.
Information,11/06/2018 10:16:44,Microsoft-Windows-Kernel-Boot,27,(33),The boot type was 0x1.
Information,11/06/2018 10:16:44,Microsoft-Windows-Kernel-Boot,25,(32),The boot menu policy was 0x1.
Information,11/06/2018 10:16:44,Microsoft-Windows-Kernel-Boot,32,(58),The bootmgr spent 0 ms waiting for user input.
Information,11/06/2018 10:16:44,Microsoft-Windows-Kernel-Boot,18,(57),There are 0x1 boot options on this system.
Information,11/06/2018 10:16:44,Microsoft-Windows-Kernel-Boot,30,(21),The firmware reported boot metrics.
Warning,11/06/2018 10:16:43,Win32k,701,None,Power Manager has not requested suppresion of all input (INPUT_SUPPRESS_REQUEST=0)
Warning,11/06/2018 10:16:43,Win32k,701,None,Power Manager has not requested suppresion of all input (INPUT_SUPPRESS_REQUEST=0)
Information,11/06/2018 10:16:42,Microsoft-Windows-Kernel-General,1,(5),"The system time has changed to ‎2018‎-‎06‎-‎11T08:16:42.500000000Z from ‎2018‎-‎06‎-‎08T09:57:46.965807400Z.

Change Reason: System time synchronized with the hardware clock."
Information,08/06/2018 11:57:46,Microsoft-Windows-Kernel-Power,107,(102),The system has resumed from sleep.
Information,11/06/2018 10:16:43,EventLog,6013,None,The system uptime is 430982 seconds.
Information,08/06/2018 11:57:45,Microsoft-Windows-Kernel-Power,42,(64),"The system is entering sleep.

Sleep Reason: Application API"
Warning,08/06/2018 11:57:37,Win32k,700,None,Power Manager has requested suppresion of all input (INPUT_SUPPRESS_REQUEST=1)
Warning,08/06/2018 11:57:37,Win32k,700,None,Power Manager has requested suppresion of all input (INPUT_SUPPRESS_REQUEST=1)
Information,08/06/2018 11:57:35,Win32k,267,None,Touch/Touchpad Hardware Quality Assurance verification succeeded.
Information,08/06/2018 11:57:35,Win32k,267,None,Touch/Touchpad Hardware Quality Assurance verification succeeded.
Information,08/06/2018 11:57:34,Microsoft-Windows-Winlogon,7002,(1102),User Log-off Notification for Customer Experience Improvement Program
Information,08/06/2018 11:57:29,Service Control Manager,7040,None,The start type of the Background Intelligent Transfer Service service was changed from demand start to auto start.
Information,08/06/2018 11:27:47,Microsoft-Windows-Kernel-Power,507,(158),"The system is exiting connected standby 

Reason: Input Touch."
Error,08/06/2018 11:27:47,Microsoft-Windows-DistributedCOM,10016,None,"The application-specific permission settings do not grant Local Activation permission for the COM Server application with CLSID 
{D63B10C5-BB46-4990-A94F-E40B9D520160}
 and APPID 
{9CA88EE3-ACB7-47C8-AFC4-AB702511C276}
 to the user NT AUTHORITY\LOCAL SERVICE SID (S-1-5-19) from address LocalHost (Using LRPC) running in the application container Unavailable SID (Unavailable). This security permission can be modified using the Component Services administrative tool."
Error,08/06/2018 11:24:07,Microsoft-Windows-DistributedCOM,10016,None,"The application-specific permission settings do not grant Local Activation permission for the COM Server application with CLSID 
{D63B10C5-BB46-4990-A94F-E40B9D520160}
 and APPID 
{9CA88EE3-ACB7-47C8-AFC4-AB702511C276}
 to the user NT AUTHORITY\LOCAL SERVICE SID (S-1-5-19) from address LocalHost (Using LRPC) running in the application container Unavailable SID (Unavailable). This security permission can be modified using the Component Services administrative tool."
Information,08/06/2018 11:24:06,Microsoft-Windows-Kernel-Power,506,(157),"The system is entering connected standby 

Reason: Idle Timeout."
Information,08/06/2018 11:02:00,Microsoft-Windows-Kernel-Power,507,(158),"The system is exiting connected standby 

Reason: Input Mouse."
Error,08/06/2018 11:01:59,Microsoft-Windows-DistributedCOM,10016,None,"The application-specific permission settings do not grant Local Activation permission for the COM Server application with CLSID 
{D63B10C5-BB46-4990-A94F-E40B9D520160}
 and APPID 
{9CA88EE3-ACB7-47C8-AFC4-AB702511C276}
 to the user NT AUTHORITY\LOCAL SERVICE SID (S-1-5-19) from address LocalHost (Using LRPC) running in the application container Unavailable SID (Unavailable). This security permission can be modified using the Component Services administrative tool."
Error,08/06/2018 10:59:20,Microsoft-Windows-DistributedCOM,10016,None,"The application-specific permission settings do not grant Local Activation permission for the COM Server application with CLSID 
{D63B10C5-BB46-4990-A94F-E40B9D520160}
 and APPID 
{9CA88EE3-ACB7-47C8-AFC4-AB702511C276}
 to the user NT AUTHORITY\LOCAL SERVICE SID (S-1-5-19) from address LocalHost (Using LRPC) running in the application container Unavailable SID (Unavailable). This security permission can be modified using the Component Services administrative tool."
Information,08/06/2018 10:59:18,Microsoft-Windows-Kernel-Power,506,(157),"The system is entering connected standby 

Reason: Idle Timeout."
Information,08/06/2018 10:46:46,Microsoft-Windows-Kernel-Power,507,(158),"The system is exiting connected standby 

Reason: Input Mouse."
Error,08/06/2018 10:46:46,Microsoft-Windows-DistributedCOM,10016,None,"The application-specific permission settings do not grant Local Activation permission for the COM Server application with CLSID 
{D63B10C5-BB46-4990-A94F-E40B9D520160}
 and APPID 
{9CA88EE3-ACB7-47C8-AFC4-AB702511C276}
 to the user NT AUTHORITY\LOCAL SERVICE SID (S-1-5-19) from address LocalHost (Using LRPC) running in the application container Unavailable SID (Unavailable). This security permission can be modified using the Component Services administrative tool."
Error,08/06/2018 10:43:55,Microsoft-Windows-DistributedCOM,10016,None,"The application-specific permission settings do not grant Local Activation permission for the COM Server application with CLSID 
{D63B10C5-BB46-4990-A94F-E40B9D520160}
 and APPID 
{9CA88EE3-ACB7-47C8-AFC4-AB702511C276}
 to the user NT AUTHORITY\LOCAL SERVICE SID (S-1-5-19) from address LocalHost (Using LRPC) running in the application container Unavailable SID (Unavailable). This security permission can be modified using the Component Services administrative tool."
Information,08/06/2018 10:43:53,Microsoft-Windows-Kernel-Power,506,(157),"The system is entering connected standby 

Reason: Idle Timeout."
Information,08/06/2018 10:17:08,Microsoft-Windows-Kernel-Power,507,(158),"The system is exiting connected standby 

Reason: Lid."
Error,08/06/2018 10:17:08,Microsoft-Windows-DistributedCOM,10016,None,"The application-specific permission settings do not grant Local Activation permission for the COM Server application with CLSID 
{D63B10C5-BB46-4990-A94F-E40B9D520160}
 and APPID 
{9CA88EE3-ACB7-47C8-AFC4-AB702511C276}
 to the user NT AUTHORITY\LOCAL SERVICE SID (S-1-5-19) from address LocalHost (Using LRPC) running in the application container Unavailable SID (Unavailable). This security permission can be modified using the Component Services administrative tool."
Warning,08/06/2018 10:17:07,Win32k,701,None,Power Manager has not requested suppresion of all input (INPUT_SUPPRESS_REQUEST=0)
Warning,08/06/2018 10:17:07,Win32k,701,None,Power Manager has not requested suppresion of all input (INPUT_SUPPRESS_REQUEST=0)
Error,08/06/2018 10:00:27,Microsoft-Windows-DistributedCOM,10016,None,"The application-specific permission settings do not grant Local Activation permission for the COM Server application with CLSID 
{D63B10C5-BB46-4990-A94F-E40B9D520160}
 and APPID 
{9CA88EE3-ACB7-47C8-AFC4-AB702511C276}
 to the user NT AUTHORITY\LOCAL SERVICE SID (S-1-5-19) from address LocalHost (Using LRPC) running in the application container Unavailable SID (Unavailable). This security permission can be modified using the Component Services administrative tool."
Warning,08/06/2018 10:00:25,Win32k,700,None,Power Manager has requested suppresion of all input (INPUT_SUPPRESS_REQUEST=1)
Warning,08/06/2018 10:00:25,Win32k,700,None,Power Manager has requested suppresion of all input (INPUT_SUPPRESS_REQUEST=1)
Information,08/06/2018 10:00:25,Microsoft-Windows-Kernel-Power,506,(157),"The system is entering connected standby 

Reason: Lid."
Information,08/06/2018 09:10:24,Microsoft-Windows-Kernel-General,16,None,The access history in hive \??\C:\ProgramData\Microsoft\Provisioning\Microsoft-Desktop-Provisioning-Sequence.dat was cleared updating 0 keys and creating 0 modified pages.
Information,08/06/2018 08:41:22,Service Control Manager,7040,None,The start type of the Background Intelligent Transfer Service service was changed from auto start to demand start.
Error,08/06/2018 08:31:50,Microsoft-Windows-DistributedCOM,10016,None,"The application-specific permission settings do not grant Local Activation permission for the COM Server application with CLSID 
{D63B10C5-BB46-4990-A94F-E40B9D520160}
 and APPID 
{9CA88EE3-ACB7-47C8-AFC4-AB702511C276}
 to the user DESKTOP-JRHB8O7\Philipp Wise SID (S-1-5-21-3472773844-1026657542-2222872734-1001) from address LocalHost (Using LRPC) running in the application container Unavailable SID (Unavailable). This security permission can be modified using the Component Services administrative tool."
Information,08/06/2018 08:31:23,Microsoft-Windows-Power-Troubleshooter,1,None,"The system has returned from a low power state.

Sleep Time: ‎2018‎-‎06‎-‎08T05:08:21.651679700Z
Wake Time: ‎2018‎-‎06‎-‎08T06:31:21.262083900Z

Wake Source: Unknown"
Error,08/06/2018 08:31:23,Microsoft-Windows-DistributedCOM,10016,None,"The application-specific permission settings do not grant Local Activation permission for the COM Server application with CLSID 
{6B3B8D23-FA8D-40B9-8DBD-B950333E2C52}
 and APPID 
{4839DDB7-58C2-48F5-8283-E1D1807D0D7D}
 to the user NT AUTHORITY\LOCAL SERVICE SID (S-1-5-19) from address LocalHost (Using LRPC) running in the application container Unavailable SID (Unavailable). This security permission can be modified using the Component Services administrative tool."
Error,08/06/2018 08:31:23,Microsoft-Windows-DistributedCOM,10016,None,"The application-specific permission settings do not grant Local Activation permission for the COM Server application with CLSID 
{6B3B8D23-FA8D-40B9-8DBD-B950333E2C52}
 and APPID 
{4839DDB7-58C2-48F5-8283-E1D1807D0D7D}
 to the user NT AUTHORITY\LOCAL SERVICE SID (S-1-5-19) from address LocalHost (Using LRPC) running in the application container Unavailable SID (Unavailable). This security permission can be modified using the Component Services administrative tool."
Error,08/06/2018 08:31:22,Microsoft-Windows-DistributedCOM,10016,None,"The application-specific permission settings do not grant Local Activation permission for the COM Server application with CLSID 
{D63B10C5-BB46-4990-A94F-E40B9D520160}
 and APPID 
{9CA88EE3-ACB7-47C8-AFC4-AB702511C276}
 to the user NT AUTHORITY\LOCAL SERVICE SID (S-1-5-19) from address LocalHost (Using LRPC) running in the application container Unavailable SID (Unavailable). This security permission can be modified using the Component Services administrative tool."
Information,08/06/2018 08:31:22,Microsoft-Windows-Winlogon,7001,(1101),User Log-on Notification for Customer Experience Improvement Program
Warning,08/06/2018 08:31:21,BTHUSB,34,None,The local adapter does not support an important Low Energy controller state to support peripheral mode. The minimum required supported state mask is 0x491f7fffff; got 0x1fffffff. Low Energy peripheral role functionality will not be available.
Information,08/06/2018 08:31:21,BTHUSB,18,None,Windows cannot store Bluetooth authentication codes (link keys) on the local adapter. Bluetooth keyboards might not work in the system BIOS during start-up.
Information,08/06/2018 08:31:21,Microsoft-Windows-Kernel-Boot,27,(33),The boot type was 0x1.
Information,08/06/2018 08:31:21,Microsoft-Windows-Kernel-Boot,25,(32),The boot menu policy was 0x1.
Information,08/06/2018 08:31:21,Microsoft-Windows-Kernel-Boot,32,(58),The bootmgr spent 0 ms waiting for user input.
Information,08/06/2018 08:31:21,Microsoft-Windows-Kernel-Boot,18,(57),There are 0x1 boot options on this system.
Information,08/06/2018 08:31:21,Microsoft-Windows-Kernel-Boot,30,(21),The firmware reported boot metrics.
Warning,08/06/2018 08:31:20,Win32k,701,None,Power Manager has not requested suppresion of all input (INPUT_SUPPRESS_REQUEST=0)
Warning,08/06/2018 08:31:20,Win32k,701,None,Power Manager has not requested suppresion of all input (INPUT_SUPPRESS_REQUEST=0)
Information,08/06/2018 08:31:19,Microsoft-Windows-Kernel-General,1,(5),"The system time has changed to ‎2018‎-‎06‎-‎08T06:31:19.500000000Z from ‎2018‎-‎06‎-‎08T05:08:29.109935600Z.

Change Reason: System time synchronized with the hardware clock."
Information,08/06/2018 07:08:29,Microsoft-Windows-Kernel-Power,107,(102),The system has resumed from sleep.
Information,08/06/2018 07:08:27,Microsoft-Windows-Kernel-Power,42,(64),"The system is entering sleep.

Sleep Reason: Application API"
Warning,08/06/2018 07:08:23,Win32k,700,None,Power Manager has requested suppresion of all input (INPUT_SUPPRESS_REQUEST=1)
Warning,08/06/2018 07:08:23,Win32k,700,None,Power Manager has requested suppresion of all input (INPUT_SUPPRESS_REQUEST=1)
Warning,08/06/2018 07:08:23,Win32k,700,None,Power Manager has requested suppresion of all input (INPUT_SUPPRESS_REQUEST=1)
Information,08/06/2018 07:08:21,Win32k,267,None,Touch/Touchpad Hardware Quality Assurance verification succeeded.
Information,08/06/2018 07:08:21,Win32k,267,None,Touch/Touchpad Hardware Quality Assurance verification succeeded.
Information,08/06/2018 07:08:19,Microsoft-Windows-Winlogon,7002,(1102),User Log-off Notification for Customer Experience Improvement Program
Error,08/06/2018 07:02:53,Microsoft-Windows-DistributedCOM,10016,None,"The application-specific permission settings do not grant Local Activation permission for the COM Server application with CLSID 
{D63B10C5-BB46-4990-A94F-E40B9D520160}
 and APPID 
{9CA88EE3-ACB7-47C8-AFC4-AB702511C276}
 to the user NT AUTHORITY\LOCAL SERVICE SID (S-1-5-19) from address LocalHost (Using LRPC) running in the application container Unavailable SID (Unavailable). This security permission can be modified using the Component Services administrative tool."
Information,08/06/2018 06:59:55,Microsoft-Windows-Power-Troubleshooter,1,None,"The system has returned from a low power state.

Sleep Time: ‎2018‎-‎06‎-‎07T23:09:38.134816100Z
Wake Time: ‎2018‎-‎06‎-‎08T04:59:54.611720300Z

Wake Source: Unknown"
Error,08/06/2018 06:59:55,Microsoft-Windows-DistributedCOM,10016,None,"The application-specific permission settings do not grant Local Activation permission for the COM Server application with CLSID 
{D63B10C5-BB46-4990-A94F-E40B9D520160}
 and APPID 
{9CA88EE3-ACB7-47C8-AFC4-AB702511C276}
 to the user NT AUTHORITY\LOCAL SERVICE SID (S-1-5-19) from address LocalHost (Using LRPC) running in the application container Unavailable SID (Unavailable). This security permission can be modified using the Component Services administrative tool."
Information,08/06/2018 06:59:54,Microsoft-Windows-Kernel-Boot,27,(33),The boot type was 0x2.
Information,08/06/2018 06:59:54,Microsoft-Windows-Kernel-Boot,25,(32),The boot menu policy was 0x8BE32000.
Information,08/06/2018 06:59:54,Microsoft-Windows-Kernel-Boot,32,(58),The bootmgr spent 0 ms waiting for user input.
Information,08/06/2018 06:59:54,Microsoft-Windows-Kernel-Boot,18,(57),There are 0x1 boot options on this system.
Information,08/06/2018 06:59:54,Microsoft-Windows-Kernel-Boot,30,(21),The firmware reported boot metrics.
Error,08/06/2018 06:59:54,Microsoft-Windows-NDIS,10317,PnP,"Miniport Microsoft Wi-Fi Direct Virtual Adapter #2, {F9D56E57-600D-4A91-ACF6-D434836E61B9}, had event Fatal error: The miniport has failed a power transition to operational power"
Warning,08/06/2018 06:59:54,BTHUSB,34,None,The local adapter does not support an important Low Energy controller state to support peripheral mode. The minimum required supported state mask is 0x491f7fffff; got 0x1fffffff. Low Energy peripheral role functionality will not be available.
Information,08/06/2018 06:59:54,BTHUSB,18,None,Windows cannot store Bluetooth authentication codes (link keys) on the local adapter. Bluetooth keyboards might not work in the system BIOS during start-up.
Warning,08/06/2018 06:59:52,Win32k,701,None,Power Manager has not requested suppresion of all input (INPUT_SUPPRESS_REQUEST=0)
Warning,08/06/2018 06:59:52,Win32k,701,None,Power Manager has not requested suppresion of all input (INPUT_SUPPRESS_REQUEST=0)
Information,08/06/2018 06:59:51,Microsoft-Windows-Kernel-General,1,(5),"The system time has changed to ‎2018‎-‎06‎-‎08T04:59:51.500000000Z from ‎2018‎-‎06‎-‎07T23:09:46.994396000Z.

Change Reason: System time synchronized with the hardware clock."
Information,08/06/2018 01:09:46,Microsoft-Windows-Kernel-Power,107,(102),The system has resumed from sleep.
Information,08/06/2018 01:09:45,Microsoft-Windows-Kernel-Power,507,(158),"The system is exiting connected standby 

Reason: Transition to System Sleep State S4/S5."
Information,08/06/2018 01:09:45,Microsoft-Windows-Kernel-Power,42,(64),"The system is entering sleep.

Sleep Reason: Hibernate from Sleep - Fixed Timeout"
Information,08/06/2018 01:09:39,Service Control Manager,7040,None,The start type of the Background Intelligent Transfer Service service was changed from demand start to auto start.
Error,07/06/2018 19:09:41,Microsoft-Windows-DistributedCOM,10016,None,"The application-specific permission settings do not grant Local Activation permission for the COM Server application with CLSID 
{D63B10C5-BB46-4990-A94F-E40B9D520160}
 and APPID 
{9CA88EE3-ACB7-47C8-AFC4-AB702511C276}
 to the user NT AUTHORITY\LOCAL SERVICE SID (S-1-5-19) from address LocalHost (Using LRPC) running in the application container Unavailable SID (Unavailable). This security permission can be modified using the Component Services administrative tool."
Warning,07/06/2018 19:09:38,Win32k,700,None,Power Manager has requested suppresion of all input (INPUT_SUPPRESS_REQUEST=1)
Warning,07/06/2018 19:09:38,Win32k,700,None,Power Manager has requested suppresion of all input (INPUT_SUPPRESS_REQUEST=1)
Information,07/06/2018 19:09:38,Microsoft-Windows-Kernel-Power,506,(157),"The system is entering connected standby 

Reason: Lid."
Information,07/06/2018 19:09:02,Microsoft-Windows-Kernel-Power,507,(158),"The system is exiting connected standby 

Reason: Lid."
Error,07/06/2018 19:09:02,Microsoft-Windows-DistributedCOM,10016,None,"The application-specific permission settings do not grant Local Activation permission for the COM Server application with CLSID 
{D63B10C5-BB46-4990-A94F-E40B9D520160}
 and APPID 
{9CA88EE3-ACB7-47C8-AFC4-AB702511C276}
 to the user NT AUTHORITY\LOCAL SERVICE SID (S-1-5-19) from address LocalHost (Using LRPC) running in the application container Unavailable SID (Unavailable). This security permission can be modified using the Component Services administrative tool."
Warning,07/06/2018 19:09:01,Win32k,701,None,Power Manager has not requested suppresion of all input (INPUT_SUPPRESS_REQUEST=0)
Warning,07/06/2018 19:09:01,Win32k,701,None,Power Manager has not requested suppresion of all input (INPUT_SUPPRESS_REQUEST=0)
Error,07/06/2018 19:07:50,Microsoft-Windows-DistributedCOM,10016,None,"The application-specific permission settings do not grant Local Activation permission for the COM Server application with CLSID 
{D63B10C5-BB46-4990-A94F-E40B9D520160}
 and APPID 
{9CA88EE3-ACB7-47C8-AFC4-AB702511C276}
 to the user NT AUTHORITY\LOCAL SERVICE SID (S-1-5-19) from address LocalHost (Using LRPC) running in the application container Unavailable SID (Unavailable). This security permission can be modified using the Component Services administrative tool."
Warning,07/06/2018 19:07:48,Win32k,700,None,Power Manager has requested suppresion of all input (INPUT_SUPPRESS_REQUEST=1)
Warning,07/06/2018 19:07:48,Win32k,700,None,Power Manager has requested suppresion of all input (INPUT_SUPPRESS_REQUEST=1)
Information,07/06/2018 19:07:48,Microsoft-Windows-Kernel-Power,506,(157),"The system is entering connected standby 

Reason: Lid."
Information,07/06/2018 19:04:28,Service Control Manager,7040,None,The start type of the Background Intelligent Transfer Service service was changed from auto start to demand start.
Information,07/06/2018 19:02:25,Service Control Manager,7040,None,The start type of the Background Intelligent Transfer Service service was changed from demand start to auto start.
Information,07/06/2018 18:47:19,Microsoft-Windows-Kernel-Power,507,(158),"The system is exiting connected standby 

Reason: Input Mouse."
Error,07/06/2018 18:47:18,Microsoft-Windows-DistributedCOM,10016,None,"The application-specific permission settings do not grant Local Activation permission for the COM Server application with CLSID 
{D63B10C5-BB46-4990-A94F-E40B9D520160}
 and APPID 
{9CA88EE3-ACB7-47C8-AFC4-AB702511C276}
 to the user NT AUTHORITY\LOCAL SERVICE SID (S-1-5-19) from address LocalHost (Using LRPC) running in the application container Unavailable SID (Unavailable). This security permission can be modified using the Component Services administrative tool."
Information,07/06/2018 18:47:17,Microsoft-Windows-Kernel-Power,506,(157),"The system is entering connected standby 

Reason: Idle Timeout."
Information,07/06/2018 18:34:43,Microsoft-Windows-Kernel-Power,507,(158),"The system is exiting connected standby 

Reason: Input Mouse."
Information,07/06/2018 18:34:35,Microsoft-Windows-Kernel-Power,506,(157),"The system is entering connected standby 

Reason: Idle Timeout."
Information,07/06/2018 18:34:04,Microsoft-Windows-Kernel-Power,507,(158),"The system is exiting connected standby 

Reason: Input Touch."
Error,07/06/2018 18:29:20,Microsoft-Windows-DistributedCOM,10016,None,"The application-specific permission settings do not grant Local Activation permission for the COM Server application with CLSID 
{D63B10C5-BB46-4990-A94F-E40B9D520160}
 and APPID 
{9CA88EE3-ACB7-47C8-AFC4-AB702511C276}
 to the user NT AUTHORITY\LOCAL SERVICE SID (S-1-5-19) from address LocalHost (Using LRPC) running in the application container Unavailable SID (Unavailable). This security permission can be modified using the Component Services administrative tool."
Information,07/06/2018 18:29:19,Microsoft-Windows-Kernel-Power,506,(157),"The system is entering connected standby 

Reason: Idle Timeout."
Information,07/06/2018 18:23:43,Microsoft-Windows-Kernel-Power,507,(158),"The system is exiting connected standby 

Reason: Input Mouse."
Error,07/06/2018 18:23:42,Microsoft-Windows-DistributedCOM,10016,None,"The application-specific permission settings do not grant Local Activation permission for the COM Server application with CLSID 
{D63B10C5-BB46-4990-A94F-E40B9D520160}
 and APPID 
{9CA88EE3-ACB7-47C8-AFC4-AB702511C276}
 to the user NT AUTHORITY\LOCAL SERVICE SID (S-1-5-19) from address LocalHost (Using LRPC) running in the application container Unavailable SID (Unavailable). This security permission can be modified using the Component Services administrative tool."
Error,07/06/2018 18:14:43,Microsoft-Windows-DistributedCOM,10016,None,"The application-specific permission settings do not grant Local Activation permission for the COM Server application with CLSID 
{D63B10C5-BB46-4990-A94F-E40B9D520160}
 and APPID 
{9CA88EE3-ACB7-47C8-AFC4-AB702511C276}
 to the user NT AUTHORITY\LOCAL SERVICE SID (S-1-5-19) from address LocalHost (Using LRPC) running in the application container Unavailable SID (Unavailable). This security permission can be modified using the Component Services administrative tool."
Information,07/06/2018 18:14:41,Microsoft-Windows-Kernel-Power,506,(157),"The system is entering connected standby 

Reason: Idle Timeout."
Information,07/06/2018 17:35:10,Service Control Manager,7040,None,The start type of the Background Intelligent Transfer Service service was changed from auto start to demand start.
Information,07/06/2018 17:32:35,Microsoft-Windows-Kernel-Power,507,(158),"The system is exiting connected standby 

Reason: Lid."
Error,07/06/2018 17:32:34,Microsoft-Windows-DistributedCOM,10016,None,"The application-specific permission settings do not grant Local Activation permission for the COM Server application with CLSID 
{D63B10C5-BB46-4990-A94F-E40B9D520160}
 and APPID 
{9CA88EE3-ACB7-47C8-AFC4-AB702511C276}
 to the user NT AUTHORITY\LOCAL SERVICE SID (S-1-5-19) from address LocalHost (Using LRPC) running in the application container Unavailable SID (Unavailable). This security permission can be modified using the Component Services administrative tool."
Warning,07/06/2018 17:32:34,Win32k,701,None,Power Manager has not requested suppresion of all input (INPUT_SUPPRESS_REQUEST=0)
Warning,07/06/2018 17:32:34,Win32k,701,None,Power Manager has not requested suppresion of all input (INPUT_SUPPRESS_REQUEST=0)
Information,07/06/2018 17:28:17,Service Control Manager,7040,None,The start type of the Background Intelligent Transfer Service service was changed from demand start to auto start.
Information,07/06/2018 17:28:15,Microsoft-Windows-Kernel-Power,506,(157),"The system is entering connected standby 

Reason: AC/DC Display Burst Suppressed."
Information,07/06/2018 17:28:15,Microsoft-Windows-Kernel-Power,507,(158),"The system is exiting connected standby 

Reason: AC/DC Display Burst Suppressed."
Warning,07/06/2018 17:28:15,Win32k,700,None,Power Manager has requested suppresion of all input (INPUT_SUPPRESS_REQUEST=1)
Warning,07/06/2018 17:28:15,Win32k,700,None,Power Manager has requested suppresion of all input (INPUT_SUPPRESS_REQUEST=1)
Information,07/06/2018 17:28:15,Microsoft-Windows-Kernel-Power,105,(100),Power source change.
Information,07/06/2018 14:18:40,Microsoft-Windows-Kernel-General,16,None,The access history in hive \??\C:\Users\Philipp Wise\AppData\Local\Packages\Microsoft.Wallet_8wekyb3d8bbwe\Settings\settings.dat was cleared updating 1 keys and creating 1 modified pages.
Information,07/06/2018 14:18:39,Microsoft-Windows-Kernel-General,16,None,The access history in hive \??\C:\ProgramData\Microsoft\Windows\AppRepository\Packages\Microsoft.Wallet_2.2.18065.0_x64__8wekyb3d8bbwe\ActivationStore.dat was cleared updating 0 keys and creating 0 modified pages.
Information,07/06/2018 14:09:22,Service Control Manager,7045,None,"A service was installed in the system.

Service Name:  MpKsl1770c560
Service File Name:  C:\ProgramData\Microsoft\Windows Defender\Definition Updates\{5B1D4D70-D691-4C63-BBF2-A35D411A9DEE}\MpKsl1770c560.sys
Service Type:  kernel mode driver
Service Start Type:  system start
Service Account:  "
Information,07/06/2018 13:50:35,Service Control Manager,7040,None,The start type of the Background Intelligent Transfer Service service was changed from auto start to demand start.
Information,07/06/2018 13:48:28,Microsoft-Windows-Kernel-General,1,(5),"The system time has changed to ‎2018‎-‎06‎-‎07T11:48:28.324750400Z from ‎2018‎-‎06‎-‎07T11:48:28.324763200Z.

Change Reason: An application or system component changed the time."
Information,07/06/2018 13:48:28,Microsoft-Windows-Time-Service,35,None,"The time service is now synchronizing the system time with the time source time.windows.com,0x9 (ntp.m|0x9|0.0.0.0:123->52.166.120.77:123) with reference id 1299752500. Current local stratum number is 3."
Information,07/06/2018 13:48:21,Service Control Manager,7040,None,The start type of the Background Intelligent Transfer Service service was changed from demand start to auto start.
Information,07/06/2018 13:48:13,Microsoft-Windows-Time-Service,37,None,"The time provider NtpClient is currently receiving valid time data from time.windows.com,0x9 (ntp.m|0x9|0.0.0.0:123->52.166.120.77:123)."
Information,07/06/2018 13:48:12,Microsoft-Windows-Time-Service,158,None,The time provider 'VMICTimeProvider' has indicated that the current hardware and operating environment is not supported and has stopped. This behavior is expected for VMICTimeProvider on non-HyperV-guest environments. This may be the expected behavior for the current provider in the current operating environment as well.
Information,07/06/2018 13:48:09,Microsoft-Windows-UserPnp,20001,(7005),Driver Management concluded the process to install driver surfacepenclickfilter.inf_amd64_4d9aeff4341aa22d for Device Instance ID HID\{00001812-0000-1000-8000-00805F9B34FB}_DEV_VID&02045E_PID&090E_REV&002F_EA65D4911D6F&COL01\9&189E644B&0&0000 with the following status: 0x0.
Information,07/06/2018 13:48:07,Service Control Manager,7045,None,"A service was installed in the system.

Service Name:  Surface Pen Click Filter Service
Service File Name:  \SystemRoot\System32\drivers\SurfacePenClickFilter.sys
Service Type:  kernel mode driver
Service Start Type:  demand start
Service Account:  "
Information,07/06/2018 13:48:07,Microsoft-Windows-UserPnp,20001,(7005),Driver Management concluded the process to install driver surfaceaccessoryfwupdate.inf_amd64_2d81add7b0b2dc4b for Device Instance ID {5E9A8CDC-14AB-4609-A017-68BCE594AB68}\SURFACEPENFWUPDATE\A&914A9CA&0&0 with the following status: 0x0.
Information,07/06/2018 13:48:07,Microsoft-Windows-UserPnp,20001,(7005),Driver Management concluded the process to install driver surfacepenintegration.inf_amd64_754657c1f704d248 for Device Instance ID HID\{00001812-0000-1000-8000-00805F9B34FB}_DEV_VID&02045E_PID&090E_REV&002F_EA65D4911D6F&COL02\9&189E644B&0&0001 with the following status: 0x0.
Information,07/06/2018 13:48:07,Service Control Manager,7045,None,"A service was installed in the system.

Service Name:  Surface Pen Integration Service
Service File Name:  \SystemRoot\System32\drivers\SurfacePenIntegration.sys
Service Type:  kernel mode driver
Service Start Type:  demand start
Service Account:  "
Information,07/06/2018 13:48:07,Microsoft-Windows-Kernel-Power,506,(157),"The system is entering connected standby 

Reason: AC/DC Display Burst Suppressed."
Information,07/06/2018 13:48:07,Microsoft-Windows-Kernel-Power,507,(158),"The system is exiting connected standby 

Reason: AC/DC Display Burst Suppressed."
Warning,07/06/2018 13:48:07,Win32k,701,None,Power Manager has not requested suppresion of all input (INPUT_SUPPRESS_REQUEST=0)
Warning,07/06/2018 13:48:07,Win32k,701,None,Power Manager has not requested suppresion of all input (INPUT_SUPPRESS_REQUEST=0)
Information,07/06/2018 13:48:07,Microsoft-Windows-Kernel-Power,105,(100),Power source change.
Error,07/06/2018 13:47:43,Microsoft-Windows-DistributedCOM,10016,None,"The application-specific permission settings do not grant Local Activation permission for the COM Server application with CLSID 
{D63B10C5-BB46-4990-A94F-E40B9D520160}
 and APPID 
{9CA88EE3-ACB7-47C8-AFC4-AB702511C276}
 to the user NT AUTHORITY\LOCAL SERVICE SID (S-1-5-19) from address LocalHost (Using LRPC) running in the application container Unavailable SID (Unavailable). This security permission can be modified using the Component Services administrative tool."
Warning,07/06/2018 13:47:41,Win32k,700,None,Power Manager has requested suppresion of all input (INPUT_SUPPRESS_REQUEST=1)
Warning,07/06/2018 13:47:41,Win32k,700,None,Power Manager has requested suppresion of all input (INPUT_SUPPRESS_REQUEST=1)
Information,07/06/2018 13:47:40,Microsoft-Windows-Kernel-Power,506,(157),"The system is entering connected standby 

Reason: Lid."
Error,07/06/2018 13:15:48,Microsoft-Windows-DistributedCOM,10016,None,"The application-specific permission settings do not grant Local Activation permission for the COM Server application with CLSID 
{D63B10C5-BB46-4990-A94F-E40B9D520160}
 and APPID 
{9CA88EE3-ACB7-47C8-AFC4-AB702511C276}
 to the user NT AUTHORITY\LOCAL SERVICE SID (S-1-5-19) from address LocalHost (Using LRPC) running in the application container Unavailable SID (Unavailable). This security permission can be modified using the Component Services administrative tool."
Information,07/06/2018 12:29:37,Microsoft-Windows-Kernel-Power,507,(158),"The system is exiting connected standby 

Reason: Lid."
Error,07/06/2018 12:29:36,Microsoft-Windows-DistributedCOM,10016,None,"The application-specific permission settings do not grant Local Activation permission for the COM Server application with CLSID 
{D63B10C5-BB46-4990-A94F-E40B9D520160}
 and APPID 
{9CA88EE3-ACB7-47C8-AFC4-AB702511C276}
 to the user NT AUTHORITY\LOCAL SERVICE SID (S-1-5-19) from address LocalHost (Using LRPC) running in the application container Unavailable SID (Unavailable). This security permission can be modified using the Component Services administrative tool."
Warning,07/06/2018 12:29:36,Win32k,701,None,Power Manager has not requested suppresion of all input (INPUT_SUPPRESS_REQUEST=0)
