Error,16/07/2018 10:29:48,Microsoft-Windows-DistributedCOM,10016,None,"The application-specific permission settings do not grant Local Activation permission for the COM Server application with CLSID 
{D63B10C5-BB46-4990-A94F-E40B9D520160}
 and APPID 
{9CA88EE3-ACB7-47C8-AFC4-AB702511C276}
 to the user NT AUTHORITY\LOCAL SERVICE SID (S-1-5-19) from address LocalHost (Using LRPC) running in the application container Unavailable SID (Unavailable). This security permission can be modified using the Component Services administrative tool."
Information,16/07/2018 10:29:48,Microsoft-Windows-Kernel-Power,105,(100),Power source change.
Error,16/07/2018 07:46:23,Microsoft-Windows-DistributedCOM,10016,None,"The application-specific permission settings do not grant Local Activation permission for the COM Server application with CLSID 
{D63B10C5-BB46-4990-A94F-E40B9D520160}
 and APPID 
{9CA88EE3-ACB7-47C8-AFC4-AB702511C276}
 to the user NT AUTHORITY\LOCAL SERVICE SID (S-1-5-19) from address LocalHost (Using LRPC) running in the application container Unavailable SID (Unavailable). This security permission can be modified using the Component Services administrative tool."
Information,16/07/2018 07:46:22,Microsoft-Windows-Kernel-Power,506,(157),"The system is entering connected standby 

Reason: Lid."
Information,16/07/2018 07:40:51,Microsoft-Windows-WindowsUpdateClient,44,Windows Update Agent,Windows Update started downloading an update.
Information,16/07/2018 07:40:46,Microsoft-Windows-Kernel-Power,507,(158),"The system is exiting connected standby 

Reason: Lid."
Error,16/07/2018 07:40:46,Microsoft-Windows-DistributedCOM,10016,None,"The application-specific permission settings do not grant Local Activation permission for the COM Server application with CLSID 
{D63B10C5-BB46-4990-A94F-E40B9D520160}
 and APPID 
{9CA88EE3-ACB7-47C8-AFC4-AB702511C276}
 to the user NT AUTHORITY\LOCAL SERVICE SID (S-1-5-19) from address LocalHost (Using LRPC) running in the application container Unavailable SID (Unavailable). This security permission can be modified using the Component Services administrative tool."
Error,16/07/2018 07:39:02,Microsoft-Windows-DistributedCOM,10010,None,The server {AA65DD7C-83AC-48C0-A6FD-9B61FEBF8800} did not register with DCOM within the required timeout.
Information,16/07/2018 07:36:00,Microsoft-Windows-Kernel-General,15,None,Hive \??\C:\WINDOWS\System32\config\COMPONENTS was reorganized with a starting size of 68202496 bytes and an ending size of 68530176 bytes.
Warning,16/07/2018 07:35:34,Microsoft-Windows-DNS-Client,1014,(1014),Name resolution for the name sls.update.microsoft.com timed out after none of the configured DNS servers responded.
Warning,16/07/2018 07:35:23,Microsoft-Windows-DNS-Client,1014,(1014),Name resolution for the name sls.update.microsoft.com timed out after none of the configured DNS servers responded.
Information,16/07/2018 07:32:41,Microsoft-Windows-Kernel-General,16,None,The access history in hive \??\C:\Users\Philipp Wise\AppData\Local\Packages\Microsoft.WindowsStore_8wekyb3d8bbwe\Settings\settings.dat was cleared updating 14 keys and creating 3 modified pages.
Information,16/07/2018 07:32:35,Microsoft-Windows-Kernel-General,16,None,The access history in hive \??\C:\Users\Philipp Wise\AppData\Local\Packages\Microsoft.LockApp_cw5n1h2txyewy\Settings\settings.dat was cleared updating 3 keys and creating 1 modified pages.
Error,16/07/2018 07:32:34,Microsoft-Windows-DistributedCOM,10016,None,"The application-specific permission settings do not grant Local Activation permission for the COM Server application with CLSID 
{D63B10C5-BB46-4990-A94F-E40B9D520160}
 and APPID 
{9CA88EE3-ACB7-47C8-AFC4-AB702511C276}
 to the user NT AUTHORITY\LOCAL SERVICE SID (S-1-5-19) from address LocalHost (Using LRPC) running in the application container Unavailable SID (Unavailable). This security permission can be modified using the Component Services administrative tool."
Information,16/07/2018 07:32:34,Microsoft-Windows-Kernel-Power,506,(157),"The system is entering connected standby 

Reason: Lid."
Information,16/07/2018 07:31:36,Microsoft-Windows-Kernel-General,16,None,The access history in hive \??\C:\Users\Philipp Wise\AppData\Local\Packages\Microsoft.Windows.ContentDeliveryManager_cw5n1h2txyewy\Settings\settings.dat was cleared updating 745 keys and creating 81 modified pages.
Information,16/07/2018 07:31:32,Microsoft-Windows-Kernel-General,16,None,The access history in hive \??\C:\Users\Philipp Wise\AppData\Local\Packages\Microsoft.Windows.Cortana_cw5n1h2txyewy\Settings\settings.dat was cleared updating 36 keys and creating 9 modified pages.
Information,16/07/2018 07:31:31,Microsoft-Windows-Kernel-General,16,None,The access history in hive \??\C:\Users\Philipp Wise\AppData\Local\Packages\Microsoft.Windows.ShellExperienceHost_cw5n1h2txyewy\Settings\settings.dat was cleared updating 3 keys and creating 1 modified pages.
Information,16/07/2018 07:31:28,Microsoft-Windows-Power-Troubleshooter,1,None,"The system has returned from a low power state.

Sleep Time: ‎2018‎-‎07‎-‎12T13:52:25.251715300Z
Wake Time: ‎2018‎-‎07‎-‎16T05:31:26.539086300Z

Wake Source: Unknown"
Error,16/07/2018 07:31:28,Microsoft-Windows-DistributedCOM,10016,None,"The application-specific permission settings do not grant Local Activation permission for the COM Server application with CLSID 
{6B3B8D23-FA8D-40B9-8DBD-B950333E2C52}
 and APPID 
{4839DDB7-58C2-48F5-8283-E1D1807D0D7D}
 to the user NT AUTHORITY\LOCAL SERVICE SID (S-1-5-19) from address LocalHost (Using LRPC) running in the application container Unavailable SID (Unavailable). This security permission can be modified using the Component Services administrative tool."
Error,16/07/2018 07:31:28,Microsoft-Windows-DistributedCOM,10016,None,"The application-specific permission settings do not grant Local Activation permission for the COM Server application with CLSID 
{6B3B8D23-FA8D-40B9-8DBD-B950333E2C52}
 and APPID 
{4839DDB7-58C2-48F5-8283-E1D1807D0D7D}
 to the user NT AUTHORITY\LOCAL SERVICE SID (S-1-5-19) from address LocalHost (Using LRPC) running in the application container Unavailable SID (Unavailable). This security permission can be modified using the Component Services administrative tool."
Error,16/07/2018 07:31:27,Microsoft-Windows-DistributedCOM,10016,None,"The application-specific permission settings do not grant Local Activation permission for the COM Server application with CLSID 
{D63B10C5-BB46-4990-A94F-E40B9D520160}
 and APPID 
{9CA88EE3-ACB7-47C8-AFC4-AB702511C276}
 to the user NT AUTHORITY\LOCAL SERVICE SID (S-1-5-19) from address LocalHost (Using LRPC) running in the application container Unavailable SID (Unavailable). This security permission can be modified using the Component Services administrative tool."
Error,16/07/2018 07:31:27,Microsoft-Windows-NDIS,10317,PnP,"Miniport Microsoft Wi-Fi Direct Virtual Adapter #2, {F9D56E57-600D-4A91-ACF6-D434836E61B9}, had event Fatal error: The miniport has failed a power transition to operational power"
Information,16/07/2018 07:31:27,Microsoft-Windows-Kernel-General,16,None,The access history in hive \??\C:\Users\Philipp Wise\AppData\Local\Microsoft\Windows\UsrClass.dat was cleared updating 15692 keys and creating 1442 modified pages.
Warning,16/07/2018 07:31:27,BTHUSB,34,None,The local adapter does not support an important Low Energy controller state to support peripheral mode. The minimum required supported state mask is 0x491f7fffff; got 0x1fffffff. Low Energy peripheral role functionality will not be available.
Information,16/07/2018 07:31:26,BTHUSB,18,None,Windows cannot store Bluetooth authentication codes (link keys) on the local adapter. Bluetooth keyboards might not work in the system BIOS during start-up.
Information,16/07/2018 07:31:26,Microsoft-Windows-Kernel-General,16,None,The access history in hive \??\C:\Users\Philipp Wise\ntuser.dat was cleared updating 3608 keys and creating 616 modified pages.
Information,16/07/2018 07:31:26,Microsoft-Windows-Winlogon,7001,(1101),User Log-on Notification for Customer Experience Improvement Program
Information,16/07/2018 07:31:26,Microsoft-Windows-Kernel-General,16,None,The access history in hive \Device\HarddiskVolume1\EFI\Microsoft\Boot\BCD was cleared updating 83 keys and creating 6 modified pages.
Information,16/07/2018 07:31:26,Microsoft-Windows-Kernel-Boot,27,(33),The boot type was 0x1.
Information,16/07/2018 07:31:26,Microsoft-Windows-Kernel-Boot,25,(32),The boot menu policy was 0x1.
Information,16/07/2018 07:31:26,Microsoft-Windows-Kernel-Boot,32,(58),The bootmgr spent 0 ms waiting for user input.
Information,16/07/2018 07:31:26,Microsoft-Windows-Kernel-Boot,18,(57),There are 0x1 boot options on this system.
Information,16/07/2018 07:31:26,Microsoft-Windows-Kernel-Boot,30,(21),The firmware reported boot metrics.
Information,16/07/2018 07:31:24,Microsoft-Windows-Kernel-General,1,(5),"The system time has changed to ‎2018‎-‎07‎-‎16T05:31:24.500000000Z from ‎2018‎-‎07‎-‎12T13:52:28.354822900Z.

Change Reason: System time synchronized with the hardware clock."
Information,12/07/2018 15:52:28,Microsoft-Windows-Kernel-Power,107,(102),The system has resumed from sleep.
Information,16/07/2018 07:31:25,EventLog,6013,None,The system uptime is 338935 seconds.
Information,12/07/2018 15:52:25,Microsoft-Windows-Kernel-Power,42,(64),"The system is entering sleep.

Sleep Reason: Application API"
Information,12/07/2018 15:52:25,Win32k,267,None,Touch/Touchpad Hardware Quality Assurance verification succeeded.
Information,12/07/2018 15:52:24,Win32k,267,None,Touch/Touchpad Hardware Quality Assurance verification succeeded.
Information,12/07/2018 15:52:24,Microsoft-Windows-Winlogon,7002,(1102),User Log-off Notification for Customer Experience Improvement Program
Information,12/07/2018 15:52:20,User32,1074,None,"The process C:\Windows\System32\RuntimeBroker.exe (DESKTOP-JRHB8O7) has initiated the power off of computer DESKTOP-JRHB8O7 on behalf of user DESKTOP-JRHB8O7\Philipp Wise for the following reason: Other (Unplanned)
 Reason Code: 0x0
 Shut-down Type: power off
 Comment: "
Warning,12/07/2018 15:27:18,Microsoft-Windows-DNS-Client,1014,(1014),Name resolution for the name ssl.gstatic.com timed out after none of the configured DNS servers responded.
Warning,12/07/2018 14:48:24,Microsoft-Windows-DNS-Client,1014,(1014),Name resolution for the name wpad timed out after none of the configured DNS servers responded.
Warning,12/07/2018 13:47:59,Microsoft-Windows-DNS-Client,1014,(1014),Name resolution for the name wpad timed out after none of the configured DNS servers responded.
Error,12/07/2018 13:20:03,Microsoft-Windows-DistributedCOM,10016,None,"The application-specific permission settings do not grant Local Activation permission for the COM Server application with CLSID 
{D63B10C5-BB46-4990-A94F-E40B9D520160}
 and APPID 
{9CA88EE3-ACB7-47C8-AFC4-AB702511C276}
 to the user NT AUTHORITY\LOCAL SERVICE SID (S-1-5-19) from address LocalHost (Using LRPC) running in the application container Unavailable SID (Unavailable). This security permission can be modified using the Component Services administrative tool."
Error,12/07/2018 13:18:19,Microsoft-Windows-DistributedCOM,10016,None,"The application-specific permission settings do not grant Local Activation permission for the COM Server application with CLSID 
{D63B10C5-BB46-4990-A94F-E40B9D520160}
 and APPID 
{9CA88EE3-ACB7-47C8-AFC4-AB702511C276}
 to the user DESKTOP-JRHB8O7\Philipp Wise SID (S-1-5-21-3472773844-1026657542-2222872734-1001) from address LocalHost (Using LRPC) running in the application container Unavailable SID (Unavailable). This security permission can be modified using the Component Services administrative tool."
Information,12/07/2018 13:18:07,Microsoft-Windows-Kernel-Power,507,(158),"The system is exiting connected standby 

Reason: Lid."
Error,12/07/2018 13:18:06,Microsoft-Windows-DistributedCOM,10016,None,"The application-specific permission settings do not grant Local Activation permission for the COM Server application with CLSID 
{D63B10C5-BB46-4990-A94F-E40B9D520160}
 and APPID 
{9CA88EE3-ACB7-47C8-AFC4-AB702511C276}
 to the user NT AUTHORITY\LOCAL SERVICE SID (S-1-5-19) from address LocalHost (Using LRPC) running in the application container Unavailable SID (Unavailable). This security permission can be modified using the Component Services administrative tool."
Warning,12/07/2018 13:18:06,Win32k,701,None,Power Manager has not requested suppresion of all input (INPUT_SUPPRESS_REQUEST=0)
Warning,12/07/2018 13:18:06,Win32k,701,None,Power Manager has not requested suppresion of all input (INPUT_SUPPRESS_REQUEST=0)
Error,12/07/2018 12:46:52,Microsoft-Windows-DistributedCOM,10016,None,"The application-specific permission settings do not grant Local Activation permission for the COM Server application with CLSID 
{D63B10C5-BB46-4990-A94F-E40B9D520160}
 and APPID 
{9CA88EE3-ACB7-47C8-AFC4-AB702511C276}
 to the user NT AUTHORITY\LOCAL SERVICE SID (S-1-5-19) from address LocalHost (Using LRPC) running in the application container Unavailable SID (Unavailable). This security permission can be modified using the Component Services administrative tool."
Warning,12/07/2018 12:46:51,Win32k,700,None,Power Manager has requested suppresion of all input (INPUT_SUPPRESS_REQUEST=1)
Warning,12/07/2018 12:46:51,Win32k,700,None,Power Manager has requested suppresion of all input (INPUT_SUPPRESS_REQUEST=1)
Information,12/07/2018 12:46:51,Microsoft-Windows-Kernel-Power,506,(157),"The system is entering connected standby 

Reason: Lid."
Information,12/07/2018 12:46:25,Service Control Manager,7040,None,The start type of the Background Intelligent Transfer Service service was changed from demand start to auto start.
Error,12/07/2018 12:06:44,Microsoft-Windows-DistributedCOM,10016,None,"The application-specific permission settings do not grant Local Activation permission for the COM Server application with CLSID 
{D63B10C5-BB46-4990-A94F-E40B9D520160}
 and APPID 
{9CA88EE3-ACB7-47C8-AFC4-AB702511C276}
 to the user NT AUTHORITY\LOCAL SERVICE SID (S-1-5-19) from address LocalHost (Using LRPC) running in the application container Unavailable SID (Unavailable). This security permission can be modified using the Component Services administrative tool."
Information,12/07/2018 12:00:00,EventLog,6013,None,The system uptime is 9450 seconds.
Information,12/07/2018 11:58:42,Microsoft-Windows-Kernel-Power,507,(158),"The system is exiting connected standby 

Reason: Input Mouse."
Error,12/07/2018 11:58:41,Microsoft-Windows-DistributedCOM,10016,None,"The application-specific permission settings do not grant Local Activation permission for the COM Server application with CLSID 
{D63B10C5-BB46-4990-A94F-E40B9D520160}
 and APPID 
{9CA88EE3-ACB7-47C8-AFC4-AB702511C276}
 to the user NT AUTHORITY\LOCAL SERVICE SID (S-1-5-19) from address LocalHost (Using LRPC) running in the application container Unavailable SID (Unavailable). This security permission can be modified using the Component Services administrative tool."
Error,12/07/2018 11:56:20,Microsoft-Windows-DistributedCOM,10016,None,"The application-specific permission settings do not grant Local Activation permission for the COM Server application with CLSID 
{D63B10C5-BB46-4990-A94F-E40B9D520160}
 and APPID 
{9CA88EE3-ACB7-47C8-AFC4-AB702511C276}
 to the user NT AUTHORITY\LOCAL SERVICE SID (S-1-5-19) from address LocalHost (Using LRPC) running in the application container Unavailable SID (Unavailable). This security permission can be modified using the Component Services administrative tool."
Information,12/07/2018 11:56:20,Microsoft-Windows-Kernel-Power,506,(157),"The system is entering connected standby 

Reason: Idle Timeout."
Information,12/07/2018 11:51:15,Microsoft-Windows-Kernel-Power,507,(158),"The system is exiting connected standby 

Reason: Input Touch."
Error,12/07/2018 11:51:15,Microsoft-Windows-DistributedCOM,10016,None,"The application-specific permission settings do not grant Local Activation permission for the COM Server application with CLSID 
{D63B10C5-BB46-4990-A94F-E40B9D520160}
 and APPID 
{9CA88EE3-ACB7-47C8-AFC4-AB702511C276}
 to the user NT AUTHORITY\LOCAL SERVICE SID (S-1-5-19) from address LocalHost (Using LRPC) running in the application container Unavailable SID (Unavailable). This security permission can be modified using the Component Services administrative tool."
Error,12/07/2018 11:42:18,Microsoft-Windows-DistributedCOM,10016,None,"The application-specific permission settings do not grant Local Activation permission for the COM Server application with CLSID 
{D63B10C5-BB46-4990-A94F-E40B9D520160}
 and APPID 
{9CA88EE3-ACB7-47C8-AFC4-AB702511C276}
 to the user NT AUTHORITY\LOCAL SERVICE SID (S-1-5-19) from address LocalHost (Using LRPC) running in the application container Unavailable SID (Unavailable). This security permission can be modified using the Component Services administrative tool."
Information,12/07/2018 11:42:17,Microsoft-Windows-Kernel-Power,506,(157),"The system is entering connected standby 

Reason: Idle Timeout."
Information,12/07/2018 10:28:57,Microsoft-Windows-WindowsUpdateClient,19,Windows Update Agent,Installation Successful: Windows successfully installed the following update: Definition Update for Windows Defender Antivirus - KB2267602 (Definition 1.271.864.0)
Information,12/07/2018 10:28:36,Microsoft-Windows-WindowsUpdateClient,43,Windows Update Agent,Installation Started: Windows has started installing the following update: Definition Update for Windows Defender Antivirus - KB2267602 (Definition 1.271.864.0)
Information,12/07/2018 10:28:29,Microsoft-Windows-WindowsUpdateClient,44,Windows Update Agent,Windows Update started downloading an update.
Information,12/07/2018 10:11:08,Microsoft-Windows-Kernel-Power,507,(158),"The system is exiting connected standby 

Reason: Input Mouse."
Error,12/07/2018 10:11:07,Microsoft-Windows-DistributedCOM,10016,None,"The application-specific permission settings do not grant Local Activation permission for the COM Server application with CLSID 
{D63B10C5-BB46-4990-A94F-E40B9D520160}
 and APPID 
{9CA88EE3-ACB7-47C8-AFC4-AB702511C276}
 to the user NT AUTHORITY\LOCAL SERVICE SID (S-1-5-19) from address LocalHost (Using LRPC) running in the application container Unavailable SID (Unavailable). This security permission can be modified using the Component Services administrative tool."
Error,12/07/2018 10:10:51,Microsoft-Windows-DistributedCOM,10010,None,The server {995C996E-D918-4A8C-A302-45719A6F4EA7} did not register with DCOM within the required timeout.
Information,12/07/2018 10:05:57,Microsoft-Windows-Kernel-Power,506,(157),"The system is entering connected standby 

Reason: Idle Timeout."
Information,12/07/2018 10:05:19,Microsoft-Windows-Kernel-Power,507,(158),"The system is exiting connected standby 

Reason: Input Touch."
Error,12/07/2018 10:05:18,Microsoft-Windows-DistributedCOM,10016,None,"The application-specific permission settings do not grant Local Activation permission for the COM Server application with CLSID 
{D63B10C5-BB46-4990-A94F-E40B9D520160}
 and APPID 
{9CA88EE3-ACB7-47C8-AFC4-AB702511C276}
 to the user NT AUTHORITY\LOCAL SERVICE SID (S-1-5-19) from address LocalHost (Using LRPC) running in the application container Unavailable SID (Unavailable). This security permission can be modified using the Component Services administrative tool."
Error,12/07/2018 10:02:57,Microsoft-Windows-DistributedCOM,10016,None,"The application-specific permission settings do not grant Local Activation permission for the COM Server application with CLSID 
{D63B10C5-BB46-4990-A94F-E40B9D520160}
 and APPID 
{9CA88EE3-ACB7-47C8-AFC4-AB702511C276}
 to the user NT AUTHORITY\LOCAL SERVICE SID (S-1-5-19) from address LocalHost (Using LRPC) running in the application container Unavailable SID (Unavailable). This security permission can be modified using the Component Services administrative tool."
Information,12/07/2018 10:02:56,Microsoft-Windows-Kernel-Power,506,(157),"The system is entering connected standby 

Reason: Idle Timeout."
Information,12/07/2018 09:55:59,Microsoft-Windows-Kernel-General,16,None,The access history in hive \??\C:\ProgramData\Microsoft\Provisioning\Microsoft-Desktop-Provisioning-Sequence.dat was cleared updating 0 keys and creating 0 modified pages.
Error,12/07/2018 09:55:59,Microsoft-Windows-DistributedCOM,10016,None,"The application-specific permission settings do not grant Local Activation permission for the COM Server application with CLSID 
{D63B10C5-BB46-4990-A94F-E40B9D520160}
 and APPID 
{9CA88EE3-ACB7-47C8-AFC4-AB702511C276}
 to the user NT AUTHORITY\LOCAL SERVICE SID (S-1-5-19) from address LocalHost (Using LRPC) running in the application container Unavailable SID (Unavailable). This security permission can be modified using the Component Services administrative tool."
Information,12/07/2018 09:55:58,Microsoft-Windows-Kernel-Power,507,(158),"The system is exiting connected standby 

Reason: Lid."
Warning,12/07/2018 09:55:58,Win32k,701,None,Power Manager has not requested suppresion of all input (INPUT_SUPPRESS_REQUEST=0)
Warning,12/07/2018 09:55:58,Win32k,701,None,Power Manager has not requested suppresion of all input (INPUT_SUPPRESS_REQUEST=0)
Information,12/07/2018 09:32:32,Service Control Manager,7040,None,The start type of the Background Intelligent Transfer Service service was changed from auto start to demand start.
Error,12/07/2018 09:31:48,Microsoft-Windows-DistributedCOM,10016,None,"The application-specific permission settings do not grant Local Activation permission for the COM Server application with CLSID 
{D63B10C5-BB46-4990-A94F-E40B9D520160}
 and APPID 
{9CA88EE3-ACB7-47C8-AFC4-AB702511C276}
 to the user NT AUTHORITY\LOCAL SERVICE SID (S-1-5-19) from address LocalHost (Using LRPC) running in the application container Unavailable SID (Unavailable). This security permission can be modified using the Component Services administrative tool."
Warning,12/07/2018 09:31:47,Win32k,700,None,Power Manager has requested suppresion of all input (INPUT_SUPPRESS_REQUEST=1)
Warning,12/07/2018 09:31:47,Win32k,700,None,Power Manager has requested suppresion of all input (INPUT_SUPPRESS_REQUEST=1)
Information,12/07/2018 09:31:47,Microsoft-Windows-Kernel-Power,506,(157),"The system is entering connected standby 

Reason: Lid."
Information,12/07/2018 09:29:36,Service Control Manager,7040,None,The start type of the Background Intelligent Transfer Service service was changed from demand start to auto start.
Information,12/07/2018 09:27:45,Service Control Manager,7040,None,The start type of the Background Intelligent Transfer Service service was changed from auto start to demand start.
Error,12/07/2018 09:25:44,Microsoft-Windows-DistributedCOM,10016,None,"The application-specific permission settings do not grant Local Activation permission for the COM Server application with CLSID 
{D63B10C5-BB46-4990-A94F-E40B9D520160}
 and APPID 
{9CA88EE3-ACB7-47C8-AFC4-AB702511C276}
 to the user NT AUTHORITY\LOCAL SERVICE SID (S-1-5-19) from address LocalHost (Using LRPC) running in the application container Unavailable SID (Unavailable). This security permission can be modified using the Component Services administrative tool."
Error,12/07/2018 09:24:50,Microsoft-Windows-DistributedCOM,10016,None,"The application-specific permission settings do not grant Local Launch permission for the COM Server application with CLSID 
Windows.SecurityCenter.WscDataProtection
 and APPID 
Unavailable
 to the user NT AUTHORITY\SYSTEM SID (S-1-5-18) from address LocalHost (Using LRPC) running in the application container Unavailable SID (Unavailable). This security permission can be modified using the Component Services administrative tool."
Error,12/07/2018 09:24:50,Microsoft-Windows-DistributedCOM,10016,None,"The application-specific permission settings do not grant Local Launch permission for the COM Server application with CLSID 
Windows.SecurityCenter.WscBrokerManager
 and APPID 
Unavailable
 to the user NT AUTHORITY\SYSTEM SID (S-1-5-18) from address LocalHost (Using LRPC) running in the application container Unavailable SID (Unavailable). This security permission can be modified using the Component Services administrative tool."
Warning,12/07/2018 09:23:43,Microsoft-Windows-Kernel-Processor-Power,37,(7),The speed of processor 3 in group 0 is being limited by system firmware. The processor has been in this reduced performance state for 71 seconds since the last report.
Error,12/07/2018 09:23:36,Microsoft-Windows-DistributedCOM,10016,None,"The application-specific permission settings do not grant Local Activation permission for the COM Server application with CLSID 
{D63B10C5-BB46-4990-A94F-E40B9D520160}
 and APPID 
{9CA88EE3-ACB7-47C8-AFC4-AB702511C276}
 to the user DESKTOP-JRHB8O7\Philipp Wise SID (S-1-5-21-3472773844-1026657542-2222872734-1001) from address LocalHost (Using LRPC) running in the application container Unavailable SID (Unavailable). This security permission can be modified using the Component Services administrative tool."
Information,12/07/2018 09:23:23,Microsoft-Windows-WindowsUpdateClient,19,Windows Update Agent,Installation Successful: Windows successfully installed the following update: 2018-07 Cumulative Update for Windows 10 Version 1803 for x64-based Systems (KB4338819)
Information,12/07/2018 09:23:23,Microsoft-Windows-WindowsUpdateClient,19,Windows Update Agent,Installation Successful: Windows successfully installed the following update: 2018-07 Security Update for Adobe Flash Player for Windows 10 Version 1803 for x64-based Systems (KB4338832)
Warning,12/07/2018 09:23:04,Microsoft-Windows-DNS-Client,1014,(1014),Name resolution for the name wpad timed out after none of the configured DNS servers responded.
Information,12/07/2018 09:22:58,Microsoft-Windows-TPM-WMI,1025,None,The TPM was successfully provisioned and is now ready for use.
Error,12/07/2018 09:22:56,Microsoft-Windows-DistributedCOM,10016,None,"The application-specific permission settings do not grant Local Activation permission for the COM Server application with CLSID 
{6B3B8D23-FA8D-40B9-8DBD-B950333E2C52}
 and APPID 
{4839DDB7-58C2-48F5-8283-E1D1807D0D7D}
 to the user NT AUTHORITY\LOCAL SERVICE SID (S-1-5-19) from address LocalHost (Using LRPC) running in the application container Unavailable SID (Unavailable). This security permission can be modified using the Component Services administrative tool."
Error,12/07/2018 09:22:56,Microsoft-Windows-DistributedCOM,10016,None,"The application-specific permission settings do not grant Local Activation permission for the COM Server application with CLSID 
{6B3B8D23-FA8D-40B9-8DBD-B950333E2C52}
 and APPID 
{4839DDB7-58C2-48F5-8283-E1D1807D0D7D}
 to the user NT AUTHORITY\LOCAL SERVICE SID (S-1-5-19) from address LocalHost (Using LRPC) running in the application container Unavailable SID (Unavailable). This security permission can be modified using the Component Services administrative tool."
Information,12/07/2018 09:22:55,Microsoft-Windows-Winlogon,7001,(1101),User Log-on Notification for Customer Experience Improvement Program
Information,12/07/2018 09:22:52,Microsoft-Windows-TPM-WMI,1025,None,The TPM was successfully provisioned and is now ready for use.
Information,12/07/2018 09:22:51,Microsoft-Windows-Kernel-General,16,None,The access history in hive \??\C:\Users\Default\NTUSER.DAT was cleared updating 1 keys and creating 1 modified pages.
Information,12/07/2018 09:22:51,Microsoft-Windows-UserModePowerService,12,(10),Process C:\Windows\System32\SurfaceUsbHubFwUpdateService.exe (process ID:4104) reset policy scheme from {381B4222-F694-41F0-9685-FF5BB260DF2E} to {381B4222-F694-41F0-9685-FF5BB260DF2E}
Information,12/07/2018 09:22:50,TPM,18,None,This event triggers the Trusted Platform Module (TPM) provisioning/status check to run.
Information,12/07/2018 09:22:46,Microsoft-Windows-UserModePowerService,12,(10),Process C:\Windows\System32\SurfaceUsbHubFwUpdateService.exe (process ID:4104) reset policy scheme from {381B4222-F694-41F0-9685-FF5BB260DF2E} to {381B4222-F694-41F0-9685-FF5BB260DF2E}
Information,12/07/2018 09:22:45,Win32k,267,None,Touch/Touchpad Hardware Quality Assurance verification succeeded.
Information,12/07/2018 09:22:45,Win32k,267,None,Touch/Touchpad Hardware Quality Assurance verification succeeded.
Information,12/07/2018 09:22:45,Microsoft-Windows-Kernel-Power,520,(218),The brightness on this system is managed by high-precision brightness aware service.
Information,12/07/2018 09:22:44,Microsoft-Windows-WLAN-AutoConfig,4000,None,"WLAN AutoConfig service has successfully started.
"
Information,12/07/2018 09:22:43,Microsoft-Windows-DHCPv6-Client,51046,Service State Event,DHCPv6 client service is started
Information,12/07/2018 09:22:43,Microsoft-Windows-FilterManager,6,None,"File System Filter 'storqosflt' (10.0, ‎2011‎-‎01‎-‎05T19:54:03.000000000Z) has successfully loaded and registered with Filter Manager."
Information,12/07/2018 09:22:43,Microsoft-Windows-FilterManager,6,None,"File System Filter 'CldFlt' (10.0, ‎2005‎-‎05‎-‎17T04:25:49.000000000Z) has successfully loaded and registered with Filter Manager."
Information,12/07/2018 09:22:43,Microsoft-Windows-FilterManager,1,None,"File System Filter 'CldFlt' (Version 10.0, ‎2005‎-‎05‎-‎17T04:25:49.000000000Z) unloaded successfully."
Information,12/07/2018 09:22:43,Microsoft-Windows-FilterManager,6,None,"File System Filter 'CldFlt' (10.0, ‎2005‎-‎05‎-‎17T04:25:49.000000000Z) has successfully loaded and registered with Filter Manager."
Information,12/07/2018 09:22:43,Microsoft-Windows-Dhcp-Client,50103,Service State Event,DHCPv4 client registered for shutdown notification
Information,12/07/2018 09:22:43,Microsoft-Windows-Dhcp-Client,50036,Service State Event,DHCPv4 client service is started
Information,12/07/2018 09:22:43,Microsoft-Windows-FilterManager,6,None,"File System Filter 'luafv' (10.0, ‎2043‎-‎06‎-‎20T21:30:28.000000000Z) has successfully loaded and registered with Filter Manager."
Information,12/07/2018 09:22:43,Microsoft-Windows-FilterManager,6,None,"File System Filter 'wcifs' (10.0, ‎2024‎-‎12‎-‎17T03:40:30.000000000Z) has successfully loaded and registered with Filter Manager."
Information,12/07/2018 09:22:42,Microsoft-Windows-Directory-Services-SAM,16962,None,"Remote calls to the SAM database are being restricted using the default security descriptor: O:SYG:SYD:(A;;RC;;;BA).
For more information please see http://go.microsoft.com/fwlink/?LinkId=787651."
Information,12/07/2018 09:22:42,Win32k,267,None,Touch/Touchpad Hardware Quality Assurance verification succeeded.
Information,12/07/2018 09:22:42,Win32k,267,None,Touch/Touchpad Hardware Quality Assurance verification succeeded.
Information,12/07/2018 09:22:42,Microsoft-Windows-Wininit,14,None,"Credential Guard (LsaIso.exe) configuration: 0x0, 0"
Warning,12/07/2018 09:22:41,Microsoft-Windows-Kernel-PnP,219,(212),The driver \Driver\WudfRd failed to load for the device {5E9A8CDC-14AB-4609-A017-68BCE594AB68}\SurfaceBaseFwUpdate\8&18c2e47d&0&1.
Information,12/07/2018 09:22:41,Microsoft-Windows-DriverFrameworks-UserMode,10118,Startup of the UMDF reflector,"UMDF reflector is unable to connect to service control manager (SCM). This is expected during boot, when SCM has not started yet. Will retry when it starts."
Warning,12/07/2018 09:22:41,Microsoft-Windows-Kernel-PnP,219,(212),The driver \Driver\WudfRd failed to load for the device {4E781CFC-87EE-459B-A319-9B0531EB7485}\SurfaceKeyboardAmbientBacklight\8&18c2e47d&0&0.
Information,12/07/2018 09:22:41,Microsoft-Windows-DriverFrameworks-UserMode,10118,Startup of the UMDF reflector,"UMDF reflector is unable to connect to service control manager (SCM). This is expected during boot, when SCM has not started yet. Will retry when it starts."
Warning,12/07/2018 09:22:39,BTHUSB,34,None,The local adapter does not support an important Low Energy controller state to support peripheral mode. The minimum required supported state mask is 0x491f7fffff; got 0x1fffffff. Low Energy peripheral role functionality will not be available.
Information,12/07/2018 09:22:39,BTHUSB,18,None,Windows cannot store Bluetooth authentication codes (link keys) on the local adapter. Bluetooth keyboards might not work in the system BIOS during start-up.
Warning,12/07/2018 09:22:37,Microsoft-Windows-Kernel-PnP,219,(212),The driver \Driver\WudfRd failed to load for the device {6c8abe47-dac0-4b99-affa-4fff050e3cdc}\SurfaceDigitizerPenPairing\5&141f7bd2&0&0.
Information,12/07/2018 09:22:37,Microsoft-Windows-DriverFrameworks-UserMode,10118,Startup of the UMDF reflector,"UMDF reflector is unable to connect to service control manager (SCM). This is expected during boot, when SCM has not started yet. Will retry when it starts."
Warning,12/07/2018 09:22:37,Microsoft-Windows-Kernel-PnP,219,(212),The driver \Driver\WudfRd failed to load for the device HID\MSHW0030&Col01\5&294f3b18&0&0000.
Information,12/07/2018 09:22:37,Microsoft-Windows-DriverFrameworks-UserMode,10118,Startup of the UMDF reflector,"UMDF reflector is unable to connect to service control manager (SCM). This is expected during boot, when SCM has not started yet. Will retry when it starts."
Information,12/07/2018 09:22:35,MEIx64,2,None,Intel(R) Management Engine Interface driver has started successfully.
Information,12/07/2018 09:22:34,Microsoft-Windows-Ntfs,98,None,Volume \\?\Volume{e6460861-32f5-4c57-b316-572b84be1b60} (\Device\HarddiskVolume4) is healthy.  No action is needed.
Information,12/07/2018 09:22:34,Microsoft-Windows-Kernel-Power,521,(220),Active battery count change.
Information,12/07/2018 09:22:34,Microsoft-Windows-Kernel-Power,521,(220),Active battery count change.
Information,12/07/2018 09:22:34,SurfaceStorageFwUpdate,4,None,Storage Firmware install failed.
Information,12/07/2018 09:22:32,Microsoft-Windows-Kernel-Power,105,(100),Power source change.
Information,12/07/2018 09:22:32,Microsoft-Windows-Kernel-Power,521,(220),Active battery count change.
Information,12/07/2018 09:22:32,Microsoft-Windows-Kernel-Processor-Power,55,(47),"Processor 3 in group 0 exposes the following power management capabilities:

Idle state type: Micro Power Engine Plugin (11 state(s))

Performance state type: ACPI Collaborative Processor Performance Control
Nominal Frequency (MHz): 2808
Maximum performance percentage: 121
Minimum performance percentage: 32
Minimum throttle percentage: 3"
Information,12/07/2018 09:22:32,Microsoft-Windows-Kernel-Processor-Power,55,(47),"Processor 1 in group 0 exposes the following power management capabilities:

Idle state type: Micro Power Engine Plugin (11 state(s))

Performance state type: ACPI Collaborative Processor Performance Control
Nominal Frequency (MHz): 2808
Maximum performance percentage: 121
Minimum performance percentage: 32
Minimum throttle percentage: 3"
Information,12/07/2018 09:22:32,Microsoft-Windows-Kernel-Processor-Power,55,(47),"Processor 2 in group 0 exposes the following power management capabilities:

Idle state type: Micro Power Engine Plugin (11 state(s))

Performance state type: ACPI Collaborative Processor Performance Control
Nominal Frequency (MHz): 2808
Maximum performance percentage: 121
Minimum performance percentage: 32
Minimum throttle percentage: 3"
Information,12/07/2018 09:22:32,Microsoft-Windows-Kernel-Processor-Power,55,(47),"Processor 0 in group 0 exposes the following power management capabilities:

Idle state type: Micro Power Engine Plugin (11 state(s))

Performance state type: ACPI Collaborative Processor Performance Control
Nominal Frequency (MHz): 2808
Maximum performance percentage: 121
Minimum performance percentage: 14
Minimum throttle percentage: 3"
Warning,12/07/2018 09:22:32,Microsoft-Windows-Kernel-PnP,219,(212),The driver \Driver\WudfRd failed to load for the device ACPI\MSHW0041\2&daba3ff&1.
Information,12/07/2018 09:22:32,Microsoft-Windows-DriverFrameworks-UserMode,10118,Startup of the UMDF reflector,"UMDF reflector is unable to connect to service control manager (SCM). This is expected during boot, when SCM has not started yet. Will retry when it starts."
Information,12/07/2018 09:22:32,Microsoft-Windows-FilterManager,6,None,"File System Filter 'npsvctrig' (10.0, ‎2094‎-‎02‎-‎20T12:14:30.000000000Z) has successfully loaded and registered with Filter Manager."
Information,12/07/2018 09:22:32,Microsoft-Windows-FilterManager,6,None,"File System Filter 'FileCrypt' (10.0, ‎2070‎-‎12‎-‎16T01:13:56.000000000Z) has successfully loaded and registered with Filter Manager."
Information,12/07/2018 09:22:31,Microsoft-Windows-Ntfs,98,None,Volume C: (\Device\HarddiskVolume3) is healthy.  No action is needed.
Information,12/07/2018 09:22:30,Microsoft-Windows-FilterManager,6,None,"File System Filter 'WdFilter' (10.0, ‎1972‎-‎06‎-‎04T07:04:34.000000000Z) has successfully loaded and registered with Filter Manager."
Information,12/07/2018 09:22:30,Microsoft-Windows-FilterManager,6,None,"File System Filter 'Wof' (10.0, ‎2036‎-‎09‎-‎29T15:47:10.000000000Z) has successfully loaded and registered with Filter Manager."
Information,12/07/2018 09:22:30,Microsoft-Windows-FilterManager,6,None,"File System Filter 'FileInfo' (10.0, ‎2083‎-‎04‎-‎08T17:57:41.000000000Z) has successfully loaded and registered with Filter Manager."
Information,12/07/2018 09:22:29,Microsoft-Windows-Kernel-Boot,30,(21),The firmware reported boot metrics.
Information,12/07/2018 09:22:29,Microsoft-Windows-Kernel-Boot,25,(32),The boot menu policy was 0x1.
Information,12/07/2018 09:22:29,Microsoft-Windows-Kernel-Boot,27,(33),The boot type was 0x0.
Information,12/07/2018 09:22:29,Microsoft-Windows-Kernel-Boot,20,(31),The last shutdown's success status was true. The last boot's success status was true.
Information,12/07/2018 09:22:29,Microsoft-Windows-Kernel-Boot,32,(58),The bootmgr spent 0 ms waiting for user input.
Information,12/07/2018 09:22:29,Microsoft-Windows-Kernel-Boot,18,(57),There are 0x1 boot options on this system.
Information,12/07/2018 09:22:29,Microsoft-Windows-Kernel-Boot,153,(62),Virtualization-based security (policies: 0) is disabled.
Information,12/07/2018 09:22:29,Microsoft-Windows-Kernel-General,12,(1),The operating system started at system time ‎2018‎-‎07‎-‎12T07:22:29.498165000Z.
Information,11/07/2018 16:23:51,Microsoft-Windows-Kernel-General,13,(2),The operating system is shutting down at system time ‎2018‎-‎07‎-‎11T14:23:51.801930800Z.
Information,11/07/2018 16:23:50,Microsoft-Windows-Kernel-Power,109,(103),"The kernel power manager has initiated a shutdown transition.

Shutdown Reason: Kernel API"
Information,11/07/2018 16:23:50,Microsoft-Windows-Kernel-Power,109,(103),"The kernel power manager has initiated a shutdown transition.

Shutdown Reason: Kernel API"
Information,12/07/2018 09:22:43,EventLog,6013,None,The system uptime is 13 seconds.
Information,12/07/2018 09:22:43,EventLog,6005,None,The Event log service was started.
Information,12/07/2018 09:22:43,EventLog,6009,None,Microsoft (R) Windows (R) 10.00. 17134  Multiprocessor Free.
Information,11/07/2018 16:23:44,Microsoft-Windows-Dhcp-Client,50037,Service State Event,DHCPv4 client service is stopped. ShutDown Flag value is 1
Information,11/07/2018 16:23:44,Microsoft-Windows-Dhcp-Client,50106,Service State Event,DHCPv4 is waiting on DHCPv6 service to stop
Information,11/07/2018 16:23:44,Microsoft-Windows-DHCPv6-Client,51047,Service State Event,DHCPv6 client service is stopped. ShutDown Flag value is 1
Information,11/07/2018 16:23:44,Microsoft-Windows-Dhcp-Client,50105,Service State Event,DHCPv4 client ProcessDHCPRequestForever received TERMINATE_EVENT
Information,11/07/2018 16:23:44,Microsoft-Windows-Dhcp-Client,50104,Service State Event,DHCPv4 client received shutdown notification
Error,11/07/2018 16:23:44,Service Control Manager,7043,None,The Delivery Optimization service did not shut down properly after receiving a pre-shutdown control.
Information,11/07/2018 16:23:44,EventLog,6006,None,The Event log service was stopped.
Information,11/07/2018 16:22:52,Microsoft-Windows-Winlogon,7002,(1102),User Log-off Notification for Customer Experience Improvement Program
Error,11/07/2018 16:22:51,Microsoft-Windows-DistributedCOM,10010,None,The server {995C996E-D918-4A8C-A302-45719A6F4EA7} did not register with DCOM within the required timeout.
Error,11/07/2018 16:22:51,Microsoft-Windows-DistributedCOM,10010,None,The server {995C996E-D918-4A8C-A302-45719A6F4EA7} did not register with DCOM within the required timeout.
Error,11/07/2018 16:22:51,Microsoft-Windows-DistributedCOM,10010,None,The server {995C996E-D918-4A8C-A302-45719A6F4EA7} did not register with DCOM within the required timeout.
Error,11/07/2018 16:22:51,Microsoft-Windows-DistributedCOM,10010,None,The server {995C996E-D918-4A8C-A302-45719A6F4EA7} did not register with DCOM within the required timeout.
Error,11/07/2018 16:22:51,Microsoft-Windows-DistributedCOM,10010,None,The server {995C996E-D918-4A8C-A302-45719A6F4EA7} did not register with DCOM within the required timeout.
Error,11/07/2018 16:22:51,Microsoft-Windows-DistributedCOM,10010,None,The server {995C996E-D918-4A8C-A302-45719A6F4EA7} did not register with DCOM within the required timeout.
Information,11/07/2018 16:10:06,Microsoft-Windows-Kernel-Power,105,(100),Power source change.
Warning,11/07/2018 15:42:20,Microsoft-Windows-DNS-Client,1014,(1014),Name resolution for the name wpad timed out after none of the configured DNS servers responded.
Warning,11/07/2018 15:42:11,Microsoft-Windows-DNS-Client,1014,(1014),Name resolution for the name wpad timed out after none of the configured DNS servers responded.
Error,11/07/2018 14:10:23,Microsoft-Windows-DistributedCOM,10016,None,"The application-specific permission settings do not grant Local Activation permission for the COM Server application with CLSID 
{D63B10C5-BB46-4990-A94F-E40B9D520160}
 and APPID 
{9CA88EE3-ACB7-47C8-AFC4-AB702511C276}
 to the user NT AUTHORITY\LOCAL SERVICE SID (S-1-5-19) from address LocalHost (Using LRPC) running in the application container Unavailable SID (Unavailable). This security permission can be modified using the Component Services administrative tool."
Error,11/07/2018 13:07:54,Microsoft-Windows-DistributedCOM,10016,None,"The application-specific permission settings do not grant Local Activation permission for the COM Server application with CLSID 
{D63B10C5-BB46-4990-A94F-E40B9D520160}
 and APPID 
{9CA88EE3-ACB7-47C8-AFC4-AB702511C276}
 to the user DESKTOP-JRHB8O7\Philipp Wise SID (S-1-5-21-3472773844-1026657542-2222872734-1001) from address LocalHost (Using LRPC) running in the application container Unavailable SID (Unavailable). This security permission can be modified using the Component Services administrative tool."
Information,11/07/2018 12:24:56,Microsoft-Windows-Kernel-General,16,None,The access history in hive \??\Volume{491c9540-8001-4b71-b049-7c393bb1626e}\System Volume Information\SPP\SppCbsHiveStore\{cd42efe1-f6f1-427c-b004-033192c625a4}{DB9B6089-05C7-4FBE-9D0C-FBE8F887226B} was cleared updating 15899 keys and creating 2700 modified pages.
Information,11/07/2018 12:24:51,Microsoft-Windows-Kernel-General,11,None,"TxR init phase for hive \??\GLOBALROOT\Device\HarddiskVolumeShadowCopy4\WINDOWS\System32\config\DRIVERS (TM: {32F3F284-805C-11E8-BD06-BC8385D1DE3C}, RM: {32F3F283-805C-11E8-BD06-BC8385D1DE3C}) finished with result=0xC00000A2 (Internal code=7)."
Information,11/07/2018 12:24:51,Microsoft-Windows-Kernel-General,11,None,"TxR init phase for hive \??\GLOBALROOT\Device\HarddiskVolumeShadowCopy4\WINDOWS\System32\config\SYSTEM (TM: {32F3F281-805C-11E8-BD06-BC8385D1DE3C}, RM: {32F3F280-805C-11E8-BD06-BC8385D1DE3C}) finished with result=0xC00000A2 (Internal code=7)."
Information,11/07/2018 12:23:03,Microsoft-Windows-Kernel-General,1,(5),"The system time has changed to ‎2018‎-‎07‎-‎11T10:23:03.264636700Z from ‎2018‎-‎07‎-‎11T10:23:03.264642500Z.

Change Reason: An application or system component changed the time."
Information,11/07/2018 12:23:03,Microsoft-Windows-Time-Service,35,None,"The time service is now synchronizing the system time with the time source time.windows.com,0x9 (ntp.m|0x9|0.0.0.0:123->52.166.120.77:123) with reference id 1299752500. Current local stratum number is 3."
Information,11/07/2018 12:22:49,Microsoft-Windows-Time-Service,37,None,"The time provider NtpClient is currently receiving valid time data from time.windows.com,0x9 (ntp.m|0x9|0.0.0.0:123->52.166.120.77:123)."
Information,11/07/2018 12:22:47,Microsoft-Windows-Time-Service,158,None,The time provider 'VMICTimeProvider' has indicated that the current hardware and operating environment is not supported and has stopped. This behavior is expected for VMICTimeProvider on non-HyperV-guest environments. This may be the expected behavior for the current provider in the current operating environment as well.
Information,11/07/2018 12:18:19,Microsoft-Windows-WindowsUpdateClient,43,Windows Update Agent,Installation Started: Windows has started installing the following update: 2018-07 Security Update for Adobe Flash Player for Windows 10 Version 1803 for x64-based Systems (KB4338832)
Information,11/07/2018 12:18:15,Microsoft-Windows-WindowsUpdateClient,19,Windows Update Agent,Installation Successful: Windows successfully installed the following update: Windows Malicious Software Removal Tool x64 - July 2018 (KB890830)
Information,11/07/2018 12:17:25,Microsoft-Windows-WindowsUpdateClient,43,Windows Update Agent,Installation Started: Windows has started installing the following update: Windows Malicious Software Removal Tool x64 - July 2018 (KB890830)
Information,11/07/2018 12:16:36,Service Control Manager,7040,None,The start type of the Windows Modules Installer service was changed from demand start to auto start.
Information,11/07/2018 12:16:22,Service Control Manager,7040,None,The start type of the Windows Modules Installer service was changed from auto start to demand start.
Information,11/07/2018 12:16:16,Microsoft-Windows-WindowsUpdateClient,19,Windows Update Agent,Installation Successful: Windows successfully installed the following update: 9NBLGGH1ZRPV-KING.COM.CANDYCRUSHSODASAGA
Information,11/07/2018 12:16:16,Microsoft-Windows-WindowsUpdateClient,43,Windows Update Agent,Installation Started: Windows has started installing the following update: 9NBLGGH1ZRPV-KING.COM.CANDYCRUSHSODASAGA
Information,11/07/2018 12:16:12,Microsoft-Windows-Kernel-General,16,None,The access history in hive \??\C:\Users\Philipp Wise\AppData\Local\Packages\king.com.CandyCrushSodaSaga_kgqvnymyfvs32\Settings\settings.dat was cleared updating 1 keys and creating 1 modified pages.
Information,11/07/2018 12:16:09,Microsoft-Windows-Kernel-General,16,None,The access history in hive \??\C:\ProgramData\Microsoft\Windows\AppRepository\Packages\king.com.CandyCrushSodaSaga_1.118.400.0_x86__kgqvnymyfvs32\ActivationStore.dat was cleared updating 0 keys and creating 0 modified pages.
Information,11/07/2018 12:15:45,Microsoft-Windows-Kernel-General,16,None,The access history in hive \??\C:\WINDOWS\System32\SMI\Store\Machine\SCHEMA.DAT was cleared updating 15899 keys and creating 2700 modified pages.
Information,11/07/2018 12:14:57,Service Control Manager,7040,None,The start type of the Windows Modules Installer service was changed from demand start to auto start.
Information,11/07/2018 12:14:23,Microsoft-Windows-WindowsUpdateClient,43,Windows Update Agent,Installation Started: Windows has started installing the following update: 2018-07 Cumulative Update for Windows 10 Version 1803 for x64-based Systems (KB4338819)
Information,11/07/2018 12:14:19,Microsoft-Windows-Ntfs,98,None,Volume Local Disk (\Device\HarddiskVolumeShadowCopy4) is healthy.  No action is needed.
Information,11/07/2018 12:06:20,Microsoft-Windows-WindowsUpdateClient,19,Windows Update Agent,Installation Successful: Windows successfully installed the following update: 9WZDNCRD29V9-MICROSOFT.MICROSOFTOFFICEHUB
Information,11/07/2018 12:06:15,Microsoft-Windows-WindowsUpdateClient,43,Windows Update Agent,Installation Started: Windows has started installing the following update: 9WZDNCRD29V9-MICROSOFT.MICROSOFTOFFICEHUB
Information,11/07/2018 12:06:15,Microsoft-Windows-WindowsUpdateClient,19,Windows Update Agent,Installation Successful: Windows successfully installed the following update: 9NBLGGH2JHXJ-MICROSOFT.MINECRAFTUWP
Information,11/07/2018 12:06:15,Microsoft-Windows-WindowsUpdateClient,43,Windows Update Agent,Installation Started: Windows has started installing the following update: 9NBLGGH2JHXJ-MICROSOFT.MINECRAFTUWP
Information,11/07/2018 12:06:14,Microsoft-Windows-Kernel-General,16,None,The access history in hive \??\C:\Users\Philipp Wise\AppData\Local\Packages\Microsoft.MinecraftUWP_8wekyb3d8bbwe\Settings\settings.dat was cleared updating 1 keys and creating 1 modified pages.
Information,11/07/2018 12:06:12,Microsoft-Windows-Kernel-General,16,None,The access history in hive \??\C:\ProgramData\Microsoft\Windows\AppRepository\Packages\Microsoft.MicrosoftOfficeHub_17.10314.31700.0_x64__8wekyb3d8bbwe\ActivationStore.dat was cleared updating 0 keys and creating 0 modified pages.
Information,11/07/2018 12:06:11,Microsoft-Windows-Kernel-General,16,None,The access history in hive \??\C:\ProgramData\Microsoft\Windows\AppRepository\Packages\Microsoft.MinecraftUWP_1.5.14.0_x64__8wekyb3d8bbwe\ActivationStore.dat was cleared updating 0 keys and creating 0 modified pages.
Information,11/07/2018 12:03:52,Microsoft-Windows-WindowsUpdateClient,44,Windows Update Agent,Windows Update started downloading an update.
Information,11/07/2018 12:03:52,Microsoft-Windows-WindowsUpdateClient,44,Windows Update Agent,Windows Update started downloading an update.
Information,11/07/2018 12:03:52,Microsoft-Windows-WindowsUpdateClient,44,Windows Update Agent,Windows Update started downloading an update.
